0:0:0:0:0:0:0:1 - - [30/Nov/2017:18:57:07 +0530] "GET /carbon HTTP/1.1" 302 - "-" "Mozilla/5.0 (Windows NT 10.0; Win64; x64; rv:57.0) Gecko/20100101 Firefox/57.0"
0:0:0:0:0:0:0:1 - - [30/Nov/2017:18:57:07 +0530] "GET /carbon/admin/index.jsp HTTP/1.1" 302 - "-" "Mozilla/5.0 (Windows NT 10.0; Win64; x64; rv:57.0) Gecko/20100101 Firefox/57.0"
0:0:0:0:0:0:0:1 - - [30/Nov/2017:18:57:14 +0530] "GET /carbon/admin/login.jsp HTTP/1.1" 200 3629 "-" "Mozilla/5.0 (Windows NT 10.0; Win64; x64; rv:57.0) Gecko/20100101 Firefox/57.0"
0:0:0:0:0:0:0:1 - - [30/Nov/2017:18:57:14 +0530] "GET /carbon/admin/css/global.css HTTP/1.1" 200 5311 "http://localhost:9763/carbon/admin/login.jsp" "Mozilla/5.0 (Windows NT 10.0; Win64; x64; rv:57.0) Gecko/20100101 Firefox/57.0"
0:0:0:0:0:0:0:1 - - [30/Nov/2017:18:57:14 +0530] "GET /carbon/styles/css/main.css HTTP/1.1" 200 1240 "http://localhost:9763/carbon/admin/login.jsp" "Mozilla/5.0 (Windows NT 10.0; Win64; x64; rv:57.0) Gecko/20100101 Firefox/57.0"
0:0:0:0:0:0:0:1 - - [30/Nov/2017:18:57:14 +0530] "GET /carbon/dialog/css/jqueryui/jqueryui-themeroller.css HTTP/1.1" 200 4020 "http://localhost:9763/carbon/admin/login.jsp" "Mozilla/5.0 (Windows NT 10.0; Win64; x64; rv:57.0) Gecko/20100101 Firefox/57.0"
0:0:0:0:0:0:0:1 - - [30/Nov/2017:18:57:14 +0530] "GET /carbon/admin/css/carbonFormStyles.css HTTP/1.1" 200 2050 "http://localhost:9763/carbon/admin/login.jsp" "Mozilla/5.0 (Windows NT 10.0; Win64; x64; rv:57.0) Gecko/20100101 Firefox/57.0"
0:0:0:0:0:0:0:1 - - [30/Nov/2017:18:57:14 +0530] "GET /carbon/dialog/css/dialog.css HTTP/1.1" 200 556 "http://localhost:9763/carbon/admin/login.jsp" "Mozilla/5.0 (Windows NT 10.0; Win64; x64; rv:57.0) Gecko/20100101 Firefox/57.0"
0:0:0:0:0:0:0:1 - - [30/Nov/2017:18:57:14 +0530] "GET /carbon/admin/js/csrfPrevention.js HTTP/1.1" 200 4410 "http://localhost:9763/carbon/admin/login.jsp" "Mozilla/5.0 (Windows NT 10.0; Win64; x64; rv:57.0) Gecko/20100101 Firefox/57.0"
0:0:0:0:0:0:0:1 - - [30/Nov/2017:18:57:15 +0530] "GET /carbon/admin/js/jquery.validate.js HTTP/1.1" 200 10290 "http://localhost:9763/carbon/admin/login.jsp" "Mozilla/5.0 (Windows NT 10.0; Win64; x64; rv:57.0) Gecko/20100101 Firefox/57.0"
0:0:0:0:0:0:0:1 - - [30/Nov/2017:18:57:15 +0530] "GET /carbon/admin/js/jquery-1.6.3.min.js HTTP/1.1" 200 32564 "http://localhost:9763/carbon/admin/login.jsp" "Mozilla/5.0 (Windows NT 10.0; Win64; x64; rv:57.0) Gecko/20100101 Firefox/57.0"
0:0:0:0:0:0:0:1 - - [30/Nov/2017:18:57:15 +0530] "GET /carbon/admin/js/jquery.form.js HTTP/1.1" 200 6750 "http://localhost:9763/carbon/admin/login.jsp" "Mozilla/5.0 (Windows NT 10.0; Win64; x64; rv:57.0) Gecko/20100101 Firefox/57.0"
0:0:0:0:0:0:0:1 - - [30/Nov/2017:18:57:15 +0530] "GET /carbon/dialog/js/jqueryui/jquery-ui.min.js HTTP/1.1" 200 25705 "http://localhost:9763/carbon/admin/login.jsp" "Mozilla/5.0 (Windows NT 10.0; Win64; x64; rv:57.0) Gecko/20100101 Firefox/57.0"
0:0:0:0:0:0:0:1 - - [30/Nov/2017:18:57:15 +0530] "GET /carbon/admin/js/jquery.ui.core.min.js HTTP/1.1" 200 1996 "http://localhost:9763/carbon/admin/login.jsp" "Mozilla/5.0 (Windows NT 10.0; Win64; x64; rv:57.0) Gecko/20100101 Firefox/57.0"
0:0:0:0:0:0:0:1 - - [30/Nov/2017:18:57:15 +0530] "GET /carbon/admin/js/jquery.cookie.js HTTP/1.1" 200 1529 "http://localhost:9763/carbon/admin/login.jsp" "Mozilla/5.0 (Windows NT 10.0; Win64; x64; rv:57.0) Gecko/20100101 Firefox/57.0"
0:0:0:0:0:0:0:1 - - [30/Nov/2017:18:57:15 +0530] "GET /carbon/admin/js/jquery.ui.widget.min.js HTTP/1.1" 200 1344 "http://localhost:9763/carbon/admin/login.jsp" "Mozilla/5.0 (Windows NT 10.0; Win64; x64; rv:57.0) Gecko/20100101 Firefox/57.0"
0:0:0:0:0:0:0:1 - - [30/Nov/2017:18:57:15 +0530] "GET /carbon/admin/js/jquery.ui.tabs.min.js HTTP/1.1" 200 3594 "http://localhost:9763/carbon/admin/login.jsp" "Mozilla/5.0 (Windows NT 10.0; Win64; x64; rv:57.0) Gecko/20100101 Firefox/57.0"
0:0:0:0:0:0:0:1 - - [30/Nov/2017:18:57:15 +0530] "GET /carbon/admin/js/WSRequest.js HTTP/1.1" 200 12981 "http://localhost:9763/carbon/admin/login.jsp" "Mozilla/5.0 (Windows NT 10.0; Win64; x64; rv:57.0) Gecko/20100101 Firefox/57.0"
0:0:0:0:0:0:0:1 - - [30/Nov/2017:18:57:15 +0530] "GET /carbon/dialog/js/dialog.js HTTP/1.1" 200 2206 "http://localhost:9763/carbon/admin/login.jsp" "Mozilla/5.0 (Windows NT 10.0; Win64; x64; rv:57.0) Gecko/20100101 Firefox/57.0"
0:0:0:0:0:0:0:1 - - [30/Nov/2017:18:57:15 +0530] "GET /carbon/admin/js/main.js HTTP/1.1" 200 15376 "http://localhost:9763/carbon/admin/login.jsp" "Mozilla/5.0 (Windows NT 10.0; Win64; x64; rv:57.0) Gecko/20100101 Firefox/57.0"
0:0:0:0:0:0:0:1 - - [30/Nov/2017:18:57:15 +0530] "GET /carbon/yui/build/animation/animation-min.js HTTP/1.1" 200 4768 "http://localhost:9763/carbon/admin/login.jsp" "Mozilla/5.0 (Windows NT 10.0; Win64; x64; rv:57.0) Gecko/20100101 Firefox/57.0"
0:0:0:0:0:0:0:1 - - [30/Nov/2017:18:57:15 +0530] "GET /carbon/admin/js/cookies.js HTTP/1.1" 200 1136 "http://localhost:9763/carbon/admin/login.jsp" "Mozilla/5.0 (Windows NT 10.0; Win64; x64; rv:57.0) Gecko/20100101 Firefox/57.0"
0:0:0:0:0:0:0:1 - - [30/Nov/2017:18:57:15 +0530] "GET /carbon/admin/js/customControls.js HTTP/1.1" 200 1193 "http://localhost:9763/carbon/admin/login.jsp" "Mozilla/5.0 (Windows NT 10.0; Win64; x64; rv:57.0) Gecko/20100101 Firefox/57.0"
0:0:0:0:0:0:0:1 - - [30/Nov/2017:18:57:15 +0530] "GET /carbon/yui/build/yahoo-dom-event/yahoo-dom-event.js HTTP/1.1" 200 10684 "http://localhost:9763/carbon/admin/login.jsp" "Mozilla/5.0 (Windows NT 10.0; Win64; x64; rv:57.0) Gecko/20100101 Firefox/57.0"
0:0:0:0:0:0:0:1 - - [30/Nov/2017:18:57:15 +0530] "GET /carbon/admin/images/1px.gif HTTP/1.1" 200 43 "http://localhost:9763/carbon/admin/login.jsp" "Mozilla/5.0 (Windows NT 10.0; Win64; x64; rv:57.0) Gecko/20100101 Firefox/57.0"
0:0:0:0:0:0:0:1 - - [30/Nov/2017:18:57:15 +0530] "GET /carbon/yui/build/yahoo/yahoo-min.js HTTP/1.1" 200 2523 "http://localhost:9763/carbon/admin/login.jsp" "Mozilla/5.0 (Windows NT 10.0; Win64; x64; rv:57.0) Gecko/20100101 Firefox/57.0"
0:0:0:0:0:0:0:1 - - [30/Nov/2017:18:57:15 +0530] "GET /carbon/admin/js/template.js HTTP/1.1" 200 3390 "http://localhost:9763/carbon/admin/login.jsp" "Mozilla/5.0 (Windows NT 10.0; Win64; x64; rv:57.0) Gecko/20100101 Firefox/57.0"
0:0:0:0:0:0:0:1 - - [30/Nov/2017:18:57:15 +0530] "GET /carbon/yui/build/selector/selector-min.js HTTP/1.1" 200 2895 "http://localhost:9763/carbon/admin/login.jsp" "Mozilla/5.0 (Windows NT 10.0; Win64; x64; rv:57.0) Gecko/20100101 Firefox/57.0"
0:0:0:0:0:0:0:1 - - [30/Nov/2017:18:57:15 +0530] "GET /carbon/admin/images/up-arrow.gif HTTP/1.1" 200 615 "http://localhost:9763/carbon/admin/login.jsp" "Mozilla/5.0 (Windows NT 10.0; Win64; x64; rv:57.0) Gecko/20100101 Firefox/57.0"
0:0:0:0:0:0:0:1 - - [30/Nov/2017:18:57:15 +0530] "GET /carbon/admin/images/user-guide.gif HTTP/1.1" 200 2228 "http://localhost:9763/carbon/admin/login.jsp" "Mozilla/5.0 (Windows NT 10.0; Win64; x64; rv:57.0) Gecko/20100101 Firefox/57.0"
0:0:0:0:0:0:0:1 - - [30/Nov/2017:18:57:15 +0530] "GET /carbon/admin/images/issue-tracker.gif HTTP/1.1" 200 1821 "http://localhost:9763/carbon/admin/login.jsp" "Mozilla/5.0 (Windows NT 10.0; Win64; x64; rv:57.0) Gecko/20100101 Firefox/57.0"
0:0:0:0:0:0:0:1 - - [30/Nov/2017:18:57:15 +0530] "GET /carbon/admin/images/mailing-list.gif HTTP/1.1" 200 2131 "http://localhost:9763/carbon/admin/login.jsp" "Mozilla/5.0 (Windows NT 10.0; Win64; x64; rv:57.0) Gecko/20100101 Firefox/57.0"
0:0:0:0:0:0:0:1 - - [30/Nov/2017:18:57:15 +0530] "GET /carbon/admin/images/forum.gif HTTP/1.1" 200 1977 "http://localhost:9763/carbon/admin/login.jsp" "Mozilla/5.0 (Windows NT 10.0; Win64; x64; rv:57.0) Gecko/20100101 Firefox/57.0"
0:0:0:0:0:0:0:1 - - [30/Nov/2017:18:57:15 +0530] "GET /carbon/admin/images/favicon.ico HTTP/1.1" 200 9889 "-" "Mozilla/5.0 (Windows NT 10.0; Win64; x64; rv:57.0) Gecko/20100101 Firefox/57.0"
0:0:0:0:0:0:0:1 - - [30/Nov/2017:18:57:16 +0530] "POST /carbon/admin/js/csrfPrevention.js HTTP/1.1" 200 63 "http://localhost:9763/carbon/admin/login.jsp" "Mozilla/5.0 (Windows NT 10.0; Win64; x64; rv:57.0) Gecko/20100101 Firefox/57.0"
0:0:0:0:0:0:0:1 - - [30/Nov/2017:18:57:17 +0530] "GET /carbon/styles/images/api-header-region-bg.png HTTP/1.1" 200 255 "http://localhost:9763/carbon/styles/css/main.css" "Mozilla/5.0 (Windows NT 10.0; Win64; x64; rv:57.0) Gecko/20100101 Firefox/57.0"
0:0:0:0:0:0:0:1 - - [30/Nov/2017:18:57:17 +0530] "GET /carbon/styles/images/api-logo.png HTTP/1.1" 200 4077 "http://localhost:9763/carbon/styles/css/main.css" "Mozilla/5.0 (Windows NT 10.0; Win64; x64; rv:57.0) Gecko/20100101 Firefox/57.0"
0:0:0:0:0:0:0:1 - - [30/Nov/2017:18:57:17 +0530] "GET /carbon/styles/images/api-server-menu-panel-bg.png HTTP/1.1" 200 218 "http://localhost:9763/carbon/styles/css/main.css" "Mozilla/5.0 (Windows NT 10.0; Win64; x64; rv:57.0) Gecko/20100101 Firefox/57.0"
0:0:0:0:0:0:0:1 - - [30/Nov/2017:18:57:17 +0530] "GET /carbon/styles/images/api-header-back.png HTTP/1.1" 200 22845 "http://localhost:9763/carbon/styles/css/main.css" "Mozilla/5.0 (Windows NT 10.0; Win64; x64; rv:57.0) Gecko/20100101 Firefox/57.0"
0:0:0:0:0:0:0:1 - - [30/Nov/2017:18:57:17 +0530] "GET /carbon/admin/images/help.gif HTTP/1.1" 200 411 "http://localhost:9763/carbon/admin/css/global.css" "Mozilla/5.0 (Windows NT 10.0; Win64; x64; rv:57.0) Gecko/20100101 Firefox/57.0"
0:0:0:0:0:0:0:1 - - [30/Nov/2017:18:57:17 +0530] "GET /carbon/styles/images/api-server-menu-header.gif HTTP/1.1" 200 176 "http://localhost:9763/carbon/styles/css/main.css" "Mozilla/5.0 (Windows NT 10.0; Win64; x64; rv:57.0) Gecko/20100101 Firefox/57.0"
0:0:0:0:0:0:0:1 - - [30/Nov/2017:18:57:17 +0530] "GET /carbon/admin/images/menu_header.gif HTTP/1.1" 404 823 "http://localhost:9763/carbon/styles/css/main.css" "Mozilla/5.0 (Windows NT 10.0; Win64; x64; rv:57.0) Gecko/20100101 Firefox/57.0"
0:0:0:0:0:0:0:1 - - [30/Nov/2017:18:57:23 +0530] "POST /carbon/admin/login_action.jsp HTTP/1.1" 403 823 "http://localhost:9763/carbon/admin/login.jsp" "Mozilla/5.0 (Windows NT 10.0; Win64; x64; rv:57.0) Gecko/20100101 Firefox/57.0"
0:0:0:0:0:0:0:1 - - [30/Nov/2017:18:57:23 +0530] "GET /favicon.ico HTTP/1.1" 405 832 "-" "Mozilla/5.0 (Windows NT 10.0; Win64; x64; rv:57.0) Gecko/20100101 Firefox/57.0"
0:0:0:0:0:0:0:1 - - [30/Nov/2017:19:45:09 +0530] "GET /carbon HTTP/1.1" 302 - "-" "Mozilla/5.0 (Windows NT 10.0; Win64; x64; rv:57.0) Gecko/20100101 Firefox/57.0"
0:0:0:0:0:0:0:1 - - [30/Nov/2017:19:45:09 +0530] "GET /carbon/admin/index.jsp HTTP/1.1" 302 - "-" "Mozilla/5.0 (Windows NT 10.0; Win64; x64; rv:57.0) Gecko/20100101 Firefox/57.0"
0:0:0:0:0:0:0:1 - - [30/Nov/2017:19:45:13 +0530] "GET /carbon/admin/login.jsp HTTP/1.1" 200 3628 "-" "Mozilla/5.0 (Windows NT 10.0; Win64; x64; rv:57.0) Gecko/20100101 Firefox/57.0"
0:0:0:0:0:0:0:1 - - [30/Nov/2017:19:45:14 +0530] "GET /carbon/admin/js/csrfPrevention.js HTTP/1.1" 200 4410 "http://localhost:9763/carbon/admin/login.jsp" "Mozilla/5.0 (Windows NT 10.0; Win64; x64; rv:57.0) Gecko/20100101 Firefox/57.0"
0:0:0:0:0:0:0:1 - - [30/Nov/2017:19:45:14 +0530] "POST /carbon/admin/js/csrfPrevention.js HTTP/1.1" 200 63 "http://localhost:9763/carbon/admin/login.jsp" "Mozilla/5.0 (Windows NT 10.0; Win64; x64; rv:57.0) Gecko/20100101 Firefox/57.0"
0:0:0:0:0:0:0:1 - - [30/Nov/2017:19:45:14 +0530] "GET /carbon/admin/images/menu_header.gif HTTP/1.1" 404 823 "http://localhost:9763/carbon/styles/css/main.css" "Mozilla/5.0 (Windows NT 10.0; Win64; x64; rv:57.0) Gecko/20100101 Firefox/57.0"
0:0:0:0:0:0:0:1 - - [30/Nov/2017:19:45:24 +0530] "POST /carbon/admin/login_action.jsp HTTP/1.1" 302 - "http://localhost:9763/carbon/admin/login.jsp" "Mozilla/5.0 (Windows NT 10.0; Win64; x64; rv:57.0) Gecko/20100101 Firefox/57.0"
0:0:0:0:0:0:0:1 - - [30/Nov/2017:19:45:24 +0530] "GET /carbon/admin/index.jsp?loginStatus=true HTTP/1.1" 302 - "http://localhost:9763/carbon/admin/login.jsp" "Mozilla/5.0 (Windows NT 10.0; Win64; x64; rv:57.0) Gecko/20100101 Firefox/57.0"
0:0:0:0:0:0:0:1 - - [30/Nov/2017:19:45:24 +0530] "GET /carbon/admin/login.jsp HTTP/1.1" 200 3628 "http://localhost:9763/carbon/admin/login.jsp" "Mozilla/5.0 (Windows NT 10.0; Win64; x64; rv:57.0) Gecko/20100101 Firefox/57.0"
0:0:0:0:0:0:0:1 - - [30/Nov/2017:19:45:24 +0530] "GET /carbon/admin/js/csrfPrevention.js HTTP/1.1" 200 4410 "http://localhost:9763/carbon/admin/login.jsp" "Mozilla/5.0 (Windows NT 10.0; Win64; x64; rv:57.0) Gecko/20100101 Firefox/57.0"
0:0:0:0:0:0:0:1 - - [30/Nov/2017:19:45:25 +0530] "POST /carbon/admin/js/csrfPrevention.js HTTP/1.1" 200 63 "http://localhost:9763/carbon/admin/login.jsp" "Mozilla/5.0 (Windows NT 10.0; Win64; x64; rv:57.0) Gecko/20100101 Firefox/57.0"
0:0:0:0:0:0:0:1 - - [30/Nov/2017:19:45:25 +0530] "GET /carbon/admin/images/menu_header.gif HTTP/1.1" 404 823 "http://localhost:9763/carbon/styles/css/main.css" "Mozilla/5.0 (Windows NT 10.0; Win64; x64; rv:57.0) Gecko/20100101 Firefox/57.0"
0:0:0:0:0:0:0:1 - - [30/Nov/2017:19:45:41 +0530] "GET /carbon/admin/login.jsp HTTP/1.1" 200 3629 "http://localhost:9763/carbon/admin/login.jsp" "Mozilla/5.0 (Windows NT 10.0; Win64; x64; rv:57.0) Gecko/20100101 Firefox/57.0"
0:0:0:0:0:0:0:1 - - [30/Nov/2017:19:45:41 +0530] "GET /carbon/styles/css/main.css HTTP/1.1" 304 - "http://localhost:9763/carbon/admin/login.jsp" "Mozilla/5.0 (Windows NT 10.0; Win64; x64; rv:57.0) Gecko/20100101 Firefox/57.0"
0:0:0:0:0:0:0:1 - - [30/Nov/2017:19:45:41 +0530] "GET /carbon/dialog/css/dialog.css HTTP/1.1" 304 - "http://localhost:9763/carbon/admin/login.jsp" "Mozilla/5.0 (Windows NT 10.0; Win64; x64; rv:57.0) Gecko/20100101 Firefox/57.0"
0:0:0:0:0:0:0:1 - - [30/Nov/2017:19:45:41 +0530] "GET /carbon/dialog/css/jqueryui/jqueryui-themeroller.css HTTP/1.1" 304 - "http://localhost:9763/carbon/admin/login.jsp" "Mozilla/5.0 (Windows NT 10.0; Win64; x64; rv:57.0) Gecko/20100101 Firefox/57.0"
0:0:0:0:0:0:0:1 - - [30/Nov/2017:19:45:41 +0530] "GET /carbon/admin/css/global.css HTTP/1.1" 304 - "http://localhost:9763/carbon/admin/login.jsp" "Mozilla/5.0 (Windows NT 10.0; Win64; x64; rv:57.0) Gecko/20100101 Firefox/57.0"
0:0:0:0:0:0:0:1 - - [30/Nov/2017:19:45:41 +0530] "GET /carbon/admin/css/carbonFormStyles.css HTTP/1.1" 304 - "http://localhost:9763/carbon/admin/login.jsp" "Mozilla/5.0 (Windows NT 10.0; Win64; x64; rv:57.0) Gecko/20100101 Firefox/57.0"
0:0:0:0:0:0:0:1 - - [30/Nov/2017:19:45:41 +0530] "GET /carbon/admin/js/csrfPrevention.js HTTP/1.1" 200 4410 "http://localhost:9763/carbon/admin/login.jsp" "Mozilla/5.0 (Windows NT 10.0; Win64; x64; rv:57.0) Gecko/20100101 Firefox/57.0"
0:0:0:0:0:0:0:1 - - [30/Nov/2017:19:45:41 +0530] "GET /carbon/admin/js/jquery.validate.js HTTP/1.1" 304 - "http://localhost:9763/carbon/admin/login.jsp" "Mozilla/5.0 (Windows NT 10.0; Win64; x64; rv:57.0) Gecko/20100101 Firefox/57.0"
0:0:0:0:0:0:0:1 - - [30/Nov/2017:19:45:41 +0530] "GET /carbon/admin/js/jquery-1.6.3.min.js HTTP/1.1" 304 - "http://localhost:9763/carbon/admin/login.jsp" "Mozilla/5.0 (Windows NT 10.0; Win64; x64; rv:57.0) Gecko/20100101 Firefox/57.0"
0:0:0:0:0:0:0:1 - - [30/Nov/2017:19:45:41 +0530] "GET /carbon/admin/js/jquery.cookie.js HTTP/1.1" 304 - "http://localhost:9763/carbon/admin/login.jsp" "Mozilla/5.0 (Windows NT 10.0; Win64; x64; rv:57.0) Gecko/20100101 Firefox/57.0"
0:0:0:0:0:0:0:1 - - [30/Nov/2017:19:45:41 +0530] "GET /carbon/dialog/js/jqueryui/jquery-ui.min.js HTTP/1.1" 304 - "http://localhost:9763/carbon/admin/login.jsp" "Mozilla/5.0 (Windows NT 10.0; Win64; x64; rv:57.0) Gecko/20100101 Firefox/57.0"
0:0:0:0:0:0:0:1 - - [30/Nov/2017:19:45:41 +0530] "GET /carbon/admin/js/jquery.form.js HTTP/1.1" 304 - "http://localhost:9763/carbon/admin/login.jsp" "Mozilla/5.0 (Windows NT 10.0; Win64; x64; rv:57.0) Gecko/20100101 Firefox/57.0"
0:0:0:0:0:0:0:1 - - [30/Nov/2017:19:45:41 +0530] "GET /carbon/admin/js/jquery.ui.widget.min.js HTTP/1.1" 304 - "http://localhost:9763/carbon/admin/login.jsp" "Mozilla/5.0 (Windows NT 10.0; Win64; x64; rv:57.0) Gecko/20100101 Firefox/57.0"
0:0:0:0:0:0:0:1 - - [30/Nov/2017:19:45:41 +0530] "GET /carbon/admin/js/jquery.ui.core.min.js HTTP/1.1" 304 - "http://localhost:9763/carbon/admin/login.jsp" "Mozilla/5.0 (Windows NT 10.0; Win64; x64; rv:57.0) Gecko/20100101 Firefox/57.0"
0:0:0:0:0:0:0:1 - - [30/Nov/2017:19:45:41 +0530] "GET /carbon/admin/js/cookies.js HTTP/1.1" 304 - "http://localhost:9763/carbon/admin/login.jsp" "Mozilla/5.0 (Windows NT 10.0; Win64; x64; rv:57.0) Gecko/20100101 Firefox/57.0"
0:0:0:0:0:0:0:1 - - [30/Nov/2017:19:45:41 +0530] "GET /carbon/admin/js/WSRequest.js HTTP/1.1" 304 - "http://localhost:9763/carbon/admin/login.jsp" "Mozilla/5.0 (Windows NT 10.0; Win64; x64; rv:57.0) Gecko/20100101 Firefox/57.0"
0:0:0:0:0:0:0:1 - - [30/Nov/2017:19:45:41 +0530] "GET /carbon/admin/js/customControls.js HTTP/1.1" 304 - "http://localhost:9763/carbon/admin/login.jsp" "Mozilla/5.0 (Windows NT 10.0; Win64; x64; rv:57.0) Gecko/20100101 Firefox/57.0"
0:0:0:0:0:0:0:1 - - [30/Nov/2017:19:45:41 +0530] "GET /carbon/dialog/js/dialog.js HTTP/1.1" 304 - "http://localhost:9763/carbon/admin/login.jsp" "Mozilla/5.0 (Windows NT 10.0; Win64; x64; rv:57.0) Gecko/20100101 Firefox/57.0"
0:0:0:0:0:0:0:1 - - [30/Nov/2017:19:45:41 +0530] "GET /carbon/admin/js/main.js HTTP/1.1" 304 - "http://localhost:9763/carbon/admin/login.jsp" "Mozilla/5.0 (Windows NT 10.0; Win64; x64; rv:57.0) Gecko/20100101 Firefox/57.0"
0:0:0:0:0:0:0:1 - - [30/Nov/2017:19:45:41 +0530] "GET /carbon/admin/js/jquery.ui.tabs.min.js HTTP/1.1" 304 - "http://localhost:9763/carbon/admin/login.jsp" "Mozilla/5.0 (Windows NT 10.0; Win64; x64; rv:57.0) Gecko/20100101 Firefox/57.0"
0:0:0:0:0:0:0:1 - - [30/Nov/2017:19:45:41 +0530] "GET /carbon/yui/build/yahoo-dom-event/yahoo-dom-event.js HTTP/1.1" 304 - "http://localhost:9763/carbon/admin/login.jsp" "Mozilla/5.0 (Windows NT 10.0; Win64; x64; rv:57.0) Gecko/20100101 Firefox/57.0"
0:0:0:0:0:0:0:1 - - [30/Nov/2017:19:45:41 +0530] "GET /carbon/admin/js/template.js HTTP/1.1" 304 - "http://localhost:9763/carbon/admin/login.jsp" "Mozilla/5.0 (Windows NT 10.0; Win64; x64; rv:57.0) Gecko/20100101 Firefox/57.0"
0:0:0:0:0:0:0:1 - - [30/Nov/2017:19:45:41 +0530] "GET /carbon/yui/build/yahoo/yahoo-min.js HTTP/1.1" 304 - "http://localhost:9763/carbon/admin/login.jsp" "Mozilla/5.0 (Windows NT 10.0; Win64; x64; rv:57.0) Gecko/20100101 Firefox/57.0"
0:0:0:0:0:0:0:1 - - [30/Nov/2017:19:45:41 +0530] "GET /carbon/yui/build/selector/selector-min.js HTTP/1.1" 304 - "http://localhost:9763/carbon/admin/login.jsp" "Mozilla/5.0 (Windows NT 10.0; Win64; x64; rv:57.0) Gecko/20100101 Firefox/57.0"
0:0:0:0:0:0:0:1 - - [30/Nov/2017:19:45:41 +0530] "GET /carbon/yui/build/animation/animation-min.js HTTP/1.1" 304 - "http://localhost:9763/carbon/admin/login.jsp" "Mozilla/5.0 (Windows NT 10.0; Win64; x64; rv:57.0) Gecko/20100101 Firefox/57.0"
0:0:0:0:0:0:0:1 - - [30/Nov/2017:19:45:42 +0530] "POST /carbon/admin/js/csrfPrevention.js HTTP/1.1" 200 63 "http://localhost:9763/carbon/admin/login.jsp" "Mozilla/5.0 (Windows NT 10.0; Win64; x64; rv:57.0) Gecko/20100101 Firefox/57.0"
0:0:0:0:0:0:0:1 - - [30/Nov/2017:19:45:42 +0530] "GET /carbon/admin/images/forum.gif HTTP/1.1" 304 - "http://localhost:9763/carbon/admin/login.jsp" "Mozilla/5.0 (Windows NT 10.0; Win64; x64; rv:57.0) Gecko/20100101 Firefox/57.0"
0:0:0:0:0:0:0:1 - - [30/Nov/2017:19:45:42 +0530] "GET /carbon/admin/images/user-guide.gif HTTP/1.1" 304 - "http://localhost:9763/carbon/admin/login.jsp" "Mozilla/5.0 (Windows NT 10.0; Win64; x64; rv:57.0) Gecko/20100101 Firefox/57.0"
0:0:0:0:0:0:0:1 - - [30/Nov/2017:19:45:42 +0530] "GET /carbon/admin/images/up-arrow.gif HTTP/1.1" 304 - "http://localhost:9763/carbon/admin/login.jsp" "Mozilla/5.0 (Windows NT 10.0; Win64; x64; rv:57.0) Gecko/20100101 Firefox/57.0"
0:0:0:0:0:0:0:1 - - [30/Nov/2017:19:45:42 +0530] "GET /carbon/admin/images/issue-tracker.gif HTTP/1.1" 304 - "http://localhost:9763/carbon/admin/login.jsp" "Mozilla/5.0 (Windows NT 10.0; Win64; x64; rv:57.0) Gecko/20100101 Firefox/57.0"
0:0:0:0:0:0:0:1 - - [30/Nov/2017:19:45:42 +0530] "GET /carbon/admin/images/1px.gif HTTP/1.1" 304 - "http://localhost:9763/carbon/admin/login.jsp" "Mozilla/5.0 (Windows NT 10.0; Win64; x64; rv:57.0) Gecko/20100101 Firefox/57.0"
0:0:0:0:0:0:0:1 - - [30/Nov/2017:19:45:42 +0530] "GET /carbon/admin/images/mailing-list.gif HTTP/1.1" 304 - "http://localhost:9763/carbon/admin/login.jsp" "Mozilla/5.0 (Windows NT 10.0; Win64; x64; rv:57.0) Gecko/20100101 Firefox/57.0"
0:0:0:0:0:0:0:1 - - [30/Nov/2017:19:45:42 +0530] "GET /carbon/styles/images/api-header-region-bg.png HTTP/1.1" 304 - "http://localhost:9763/carbon/styles/css/main.css" "Mozilla/5.0 (Windows NT 10.0; Win64; x64; rv:57.0) Gecko/20100101 Firefox/57.0"
0:0:0:0:0:0:0:1 - - [30/Nov/2017:19:45:42 +0530] "GET /carbon/styles/images/api-header-back.png HTTP/1.1" 304 - "http://localhost:9763/carbon/styles/css/main.css" "Mozilla/5.0 (Windows NT 10.0; Win64; x64; rv:57.0) Gecko/20100101 Firefox/57.0"
0:0:0:0:0:0:0:1 - - [30/Nov/2017:19:45:42 +0530] "GET /carbon/styles/images/api-server-menu-panel-bg.png HTTP/1.1" 304 - "http://localhost:9763/carbon/styles/css/main.css" "Mozilla/5.0 (Windows NT 10.0; Win64; x64; rv:57.0) Gecko/20100101 Firefox/57.0"
0:0:0:0:0:0:0:1 - - [30/Nov/2017:19:45:42 +0530] "GET /carbon/styles/images/api-logo.png HTTP/1.1" 304 - "http://localhost:9763/carbon/styles/css/main.css" "Mozilla/5.0 (Windows NT 10.0; Win64; x64; rv:57.0) Gecko/20100101 Firefox/57.0"
0:0:0:0:0:0:0:1 - - [30/Nov/2017:19:45:42 +0530] "GET /carbon/styles/images/api-server-menu-header.gif HTTP/1.1" 304 - "http://localhost:9763/carbon/styles/css/main.css" "Mozilla/5.0 (Windows NT 10.0; Win64; x64; rv:57.0) Gecko/20100101 Firefox/57.0"
0:0:0:0:0:0:0:1 - - [30/Nov/2017:19:45:42 +0530] "GET /carbon/admin/images/menu_header.gif HTTP/1.1" 404 823 "http://localhost:9763/carbon/styles/css/main.css" "Mozilla/5.0 (Windows NT 10.0; Win64; x64; rv:57.0) Gecko/20100101 Firefox/57.0"
0:0:0:0:0:0:0:1 - - [30/Nov/2017:19:45:42 +0530] "GET /carbon/admin/images/help.gif HTTP/1.1" 304 - "http://localhost:9763/carbon/admin/css/global.css" "Mozilla/5.0 (Windows NT 10.0; Win64; x64; rv:57.0) Gecko/20100101 Firefox/57.0"
0:0:0:0:0:0:0:1 - - [30/Nov/2017:19:45:53 +0530] "POST /carbon/admin/login_action.jsp HTTP/1.1" 302 - "http://localhost:9763/carbon/admin/login.jsp" "Mozilla/5.0 (Windows NT 10.0; Win64; x64; rv:57.0) Gecko/20100101 Firefox/57.0"
0:0:0:0:0:0:0:1 - - [30/Nov/2017:19:45:53 +0530] "GET /carbon/admin/index.jsp?loginStatus=true HTTP/1.1" 302 - "http://localhost:9763/carbon/admin/login.jsp" "Mozilla/5.0 (Windows NT 10.0; Win64; x64; rv:57.0) Gecko/20100101 Firefox/57.0"
0:0:0:0:0:0:0:1 - - [30/Nov/2017:19:45:53 +0530] "GET /carbon/admin/login.jsp HTTP/1.1" 200 3630 "http://localhost:9763/carbon/admin/login.jsp" "Mozilla/5.0 (Windows NT 10.0; Win64; x64; rv:57.0) Gecko/20100101 Firefox/57.0"
0:0:0:0:0:0:0:1 - - [30/Nov/2017:19:45:53 +0530] "GET /carbon/admin/js/csrfPrevention.js HTTP/1.1" 200 4410 "http://localhost:9763/carbon/admin/login.jsp" "Mozilla/5.0 (Windows NT 10.0; Win64; x64; rv:57.0) Gecko/20100101 Firefox/57.0"
0:0:0:0:0:0:0:1 - - [30/Nov/2017:19:45:53 +0530] "POST /carbon/admin/js/csrfPrevention.js HTTP/1.1" 200 63 "http://localhost:9763/carbon/admin/login.jsp" "Mozilla/5.0 (Windows NT 10.0; Win64; x64; rv:57.0) Gecko/20100101 Firefox/57.0"
0:0:0:0:0:0:0:1 - - [30/Nov/2017:19:45:54 +0530] "GET /carbon/admin/images/menu_header.gif HTTP/1.1" 404 823 "http://localhost:9763/carbon/styles/css/main.css" "Mozilla/5.0 (Windows NT 10.0; Win64; x64; rv:57.0) Gecko/20100101 Firefox/57.0"
0:0:0:0:0:0:0:1 - - [30/Nov/2017:19:46:31 +0530] "GET /store/ HTTP/1.1" 200 8751 "-" "Mozilla/5.0 (Windows NT 10.0; Win64; x64; rv:57.0) Gecko/20100101 Firefox/57.0"
0:0:0:0:0:0:0:1 - - [30/Nov/2017:19:46:34 +0530] "GET /carbon HTTP/1.1" 302 - "-" "Mozilla/5.0 (Windows NT 10.0; Win64; x64; rv:57.0) Gecko/20100101 Firefox/57.0"
0:0:0:0:0:0:0:1 - - [30/Nov/2017:19:46:34 +0530] "GET /carbon/admin/index.jsp HTTP/1.1" 302 - "-" "Mozilla/5.0 (Windows NT 10.0; Win64; x64; rv:57.0) Gecko/20100101 Firefox/57.0"
0:0:0:0:0:0:0:1 - - [30/Nov/2017:19:46:34 +0530] "GET /carbon/admin/login.jsp HTTP/1.1" 200 3631 "-" "Mozilla/5.0 (Windows NT 10.0; Win64; x64; rv:57.0) Gecko/20100101 Firefox/57.0"
0:0:0:0:0:0:0:1 - - [30/Nov/2017:19:46:34 +0530] "GET /carbon/admin/js/csrfPrevention.js HTTP/1.1" 200 4410 "http://localhost:9763/carbon/admin/login.jsp" "Mozilla/5.0 (Windows NT 10.0; Win64; x64; rv:57.0) Gecko/20100101 Firefox/57.0"
0:0:0:0:0:0:0:1 - - [30/Nov/2017:19:46:35 +0530] "POST /carbon/admin/js/csrfPrevention.js HTTP/1.1" 200 63 "http://localhost:9763/carbon/admin/login.jsp" "Mozilla/5.0 (Windows NT 10.0; Win64; x64; rv:57.0) Gecko/20100101 Firefox/57.0"
0:0:0:0:0:0:0:1 - - [30/Nov/2017:19:46:35 +0530] "GET /carbon/admin/images/menu_header.gif HTTP/1.1" 404 823 "http://localhost:9763/carbon/styles/css/main.css" "Mozilla/5.0 (Windows NT 10.0; Win64; x64; rv:57.0) Gecko/20100101 Firefox/57.0"
0:0:0:0:0:0:0:1 - - [30/Nov/2017:19:46:51 +0530] "POST /carbon/admin/login_action.jsp HTTP/1.1" 302 - "http://localhost:9763/carbon/admin/login.jsp" "Mozilla/5.0 (Windows NT 10.0; Win64; x64; rv:57.0) Gecko/20100101 Firefox/57.0"
0:0:0:0:0:0:0:1 - - [30/Nov/2017:19:46:51 +0530] "GET /carbon/admin/index.jsp?loginStatus=true HTTP/1.1" 302 - "http://localhost:9763/carbon/admin/login.jsp" "Mozilla/5.0 (Windows NT 10.0; Win64; x64; rv:57.0) Gecko/20100101 Firefox/57.0"
0:0:0:0:0:0:0:1 - - [30/Nov/2017:19:46:51 +0530] "GET /carbon/admin/login.jsp HTTP/1.1" 200 3626 "http://localhost:9763/carbon/admin/login.jsp" "Mozilla/5.0 (Windows NT 10.0; Win64; x64; rv:57.0) Gecko/20100101 Firefox/57.0"
0:0:0:0:0:0:0:1 - - [30/Nov/2017:19:46:51 +0530] "GET /carbon/admin/js/csrfPrevention.js HTTP/1.1" 200 4410 "http://localhost:9763/carbon/admin/login.jsp" "Mozilla/5.0 (Windows NT 10.0; Win64; x64; rv:57.0) Gecko/20100101 Firefox/57.0"
0:0:0:0:0:0:0:1 - - [30/Nov/2017:19:46:52 +0530] "POST /carbon/admin/js/csrfPrevention.js HTTP/1.1" 200 63 "http://localhost:9763/carbon/admin/login.jsp" "Mozilla/5.0 (Windows NT 10.0; Win64; x64; rv:57.0) Gecko/20100101 Firefox/57.0"
0:0:0:0:0:0:0:1 - - [30/Nov/2017:19:46:52 +0530] "GET /carbon/admin/images/menu_header.gif HTTP/1.1" 404 823 "http://localhost:9763/carbon/styles/css/main.css" "Mozilla/5.0 (Windows NT 10.0; Win64; x64; rv:57.0) Gecko/20100101 Firefox/57.0"
0:0:0:0:0:0:0:1 - - [30/Nov/2017:19:52:34 +0530] "GET /carbon/admin/login.jsp HTTP/1.1" 200 3632 "http://localhost:9763/carbon/admin/login.jsp" "Mozilla/5.0 (Windows NT 10.0; Win64; x64; rv:57.0) Gecko/20100101 Firefox/57.0"
0:0:0:0:0:0:0:1 - - [30/Nov/2017:19:52:34 +0530] "GET /carbon/styles/css/main.css HTTP/1.1" 304 - "http://localhost:9763/carbon/admin/login.jsp" "Mozilla/5.0 (Windows NT 10.0; Win64; x64; rv:57.0) Gecko/20100101 Firefox/57.0"
0:0:0:0:0:0:0:1 - - [30/Nov/2017:19:52:34 +0530] "GET /carbon/admin/css/global.css HTTP/1.1" 304 - "http://localhost:9763/carbon/admin/login.jsp" "Mozilla/5.0 (Windows NT 10.0; Win64; x64; rv:57.0) Gecko/20100101 Firefox/57.0"
0:0:0:0:0:0:0:1 - - [30/Nov/2017:19:52:34 +0530] "GET /carbon/dialog/css/jqueryui/jqueryui-themeroller.css HTTP/1.1" 304 - "http://localhost:9763/carbon/admin/login.jsp" "Mozilla/5.0 (Windows NT 10.0; Win64; x64; rv:57.0) Gecko/20100101 Firefox/57.0"
0:0:0:0:0:0:0:1 - - [30/Nov/2017:19:52:34 +0530] "GET /carbon/dialog/css/dialog.css HTTP/1.1" 304 - "http://localhost:9763/carbon/admin/login.jsp" "Mozilla/5.0 (Windows NT 10.0; Win64; x64; rv:57.0) Gecko/20100101 Firefox/57.0"
0:0:0:0:0:0:0:1 - - [30/Nov/2017:19:52:34 +0530] "GET /carbon/admin/css/carbonFormStyles.css HTTP/1.1" 304 - "http://localhost:9763/carbon/admin/login.jsp" "Mozilla/5.0 (Windows NT 10.0; Win64; x64; rv:57.0) Gecko/20100101 Firefox/57.0"
0:0:0:0:0:0:0:1 - - [30/Nov/2017:19:52:34 +0530] "GET /carbon/admin/js/csrfPrevention.js HTTP/1.1" 200 4410 "http://localhost:9763/carbon/admin/login.jsp" "Mozilla/5.0 (Windows NT 10.0; Win64; x64; rv:57.0) Gecko/20100101 Firefox/57.0"
0:0:0:0:0:0:0:1 - - [30/Nov/2017:19:52:34 +0530] "GET /carbon/admin/js/jquery-1.6.3.min.js HTTP/1.1" 304 - "http://localhost:9763/carbon/admin/login.jsp" "Mozilla/5.0 (Windows NT 10.0; Win64; x64; rv:57.0) Gecko/20100101 Firefox/57.0"
0:0:0:0:0:0:0:1 - - [30/Nov/2017:19:52:34 +0530] "GET /carbon/admin/js/jquery.form.js HTTP/1.1" 304 - "http://localhost:9763/carbon/admin/login.jsp" "Mozilla/5.0 (Windows NT 10.0; Win64; x64; rv:57.0) Gecko/20100101 Firefox/57.0"
0:0:0:0:0:0:0:1 - - [30/Nov/2017:19:52:34 +0530] "GET /carbon/dialog/js/jqueryui/jquery-ui.min.js HTTP/1.1" 304 - "http://localhost:9763/carbon/admin/login.jsp" "Mozilla/5.0 (Windows NT 10.0; Win64; x64; rv:57.0) Gecko/20100101 Firefox/57.0"
0:0:0:0:0:0:0:1 - - [30/Nov/2017:19:52:34 +0530] "GET /carbon/admin/js/jquery.validate.js HTTP/1.1" 304 - "http://localhost:9763/carbon/admin/login.jsp" "Mozilla/5.0 (Windows NT 10.0; Win64; x64; rv:57.0) Gecko/20100101 Firefox/57.0"
0:0:0:0:0:0:0:1 - - [30/Nov/2017:19:52:34 +0530] "GET /carbon/admin/js/jquery.cookie.js HTTP/1.1" 304 - "http://localhost:9763/carbon/admin/login.jsp" "Mozilla/5.0 (Windows NT 10.0; Win64; x64; rv:57.0) Gecko/20100101 Firefox/57.0"
0:0:0:0:0:0:0:1 - - [30/Nov/2017:19:52:34 +0530] "GET /carbon/admin/js/jquery.ui.core.min.js HTTP/1.1" 304 - "http://localhost:9763/carbon/admin/login.jsp" "Mozilla/5.0 (Windows NT 10.0; Win64; x64; rv:57.0) Gecko/20100101 Firefox/57.0"
0:0:0:0:0:0:0:1 - - [30/Nov/2017:19:52:34 +0530] "GET /carbon/admin/js/jquery.ui.widget.min.js HTTP/1.1" 304 - "http://localhost:9763/carbon/admin/login.jsp" "Mozilla/5.0 (Windows NT 10.0; Win64; x64; rv:57.0) Gecko/20100101 Firefox/57.0"
0:0:0:0:0:0:0:1 - - [30/Nov/2017:19:52:34 +0530] "GET /carbon/admin/js/jquery.ui.tabs.min.js HTTP/1.1" 304 - "http://localhost:9763/carbon/admin/login.jsp" "Mozilla/5.0 (Windows NT 10.0; Win64; x64; rv:57.0) Gecko/20100101 Firefox/57.0"
0:0:0:0:0:0:0:1 - - [30/Nov/2017:19:52:34 +0530] "GET /carbon/admin/js/main.js HTTP/1.1" 304 - "http://localhost:9763/carbon/admin/login.jsp" "Mozilla/5.0 (Windows NT 10.0; Win64; x64; rv:57.0) Gecko/20100101 Firefox/57.0"
0:0:0:0:0:0:0:1 - - [30/Nov/2017:19:52:34 +0530] "GET /carbon/admin/js/WSRequest.js HTTP/1.1" 304 - "http://localhost:9763/carbon/admin/login.jsp" "Mozilla/5.0 (Windows NT 10.0; Win64; x64; rv:57.0) Gecko/20100101 Firefox/57.0"
0:0:0:0:0:0:0:1 - - [30/Nov/2017:19:52:34 +0530] "GET /carbon/admin/js/cookies.js HTTP/1.1" 304 - "http://localhost:9763/carbon/admin/login.jsp" "Mozilla/5.0 (Windows NT 10.0; Win64; x64; rv:57.0) Gecko/20100101 Firefox/57.0"
0:0:0:0:0:0:0:1 - - [30/Nov/2017:19:52:34 +0530] "GET /carbon/admin/js/customControls.js HTTP/1.1" 304 - "http://localhost:9763/carbon/admin/login.jsp" "Mozilla/5.0 (Windows NT 10.0; Win64; x64; rv:57.0) Gecko/20100101 Firefox/57.0"
0:0:0:0:0:0:0:1 - - [30/Nov/2017:19:52:34 +0530] "GET /carbon/dialog/js/dialog.js HTTP/1.1" 304 - "http://localhost:9763/carbon/admin/login.jsp" "Mozilla/5.0 (Windows NT 10.0; Win64; x64; rv:57.0) Gecko/20100101 Firefox/57.0"
0:0:0:0:0:0:0:1 - - [30/Nov/2017:19:52:34 +0530] "GET /carbon/yui/build/yahoo-dom-event/yahoo-dom-event.js HTTP/1.1" 304 - "http://localhost:9763/carbon/admin/login.jsp" "Mozilla/5.0 (Windows NT 10.0; Win64; x64; rv:57.0) Gecko/20100101 Firefox/57.0"
0:0:0:0:0:0:0:1 - - [30/Nov/2017:19:52:34 +0530] "GET /carbon/admin/js/template.js HTTP/1.1" 304 - "http://localhost:9763/carbon/admin/login.jsp" "Mozilla/5.0 (Windows NT 10.0; Win64; x64; rv:57.0) Gecko/20100101 Firefox/57.0"
0:0:0:0:0:0:0:1 - - [30/Nov/2017:19:52:34 +0530] "GET /carbon/yui/build/animation/animation-min.js HTTP/1.1" 304 - "http://localhost:9763/carbon/admin/login.jsp" "Mozilla/5.0 (Windows NT 10.0; Win64; x64; rv:57.0) Gecko/20100101 Firefox/57.0"
0:0:0:0:0:0:0:1 - - [30/Nov/2017:19:52:34 +0530] "GET /carbon/yui/build/selector/selector-min.js HTTP/1.1" 304 - "http://localhost:9763/carbon/admin/login.jsp" "Mozilla/5.0 (Windows NT 10.0; Win64; x64; rv:57.0) Gecko/20100101 Firefox/57.0"
0:0:0:0:0:0:0:1 - - [30/Nov/2017:19:52:34 +0530] "GET /carbon/yui/build/yahoo/yahoo-min.js HTTP/1.1" 304 - "http://localhost:9763/carbon/admin/login.jsp" "Mozilla/5.0 (Windows NT 10.0; Win64; x64; rv:57.0) Gecko/20100101 Firefox/57.0"
0:0:0:0:0:0:0:1 - - [30/Nov/2017:19:52:34 +0530] "POST /carbon/admin/js/csrfPrevention.js HTTP/1.1" 200 63 "http://localhost:9763/carbon/admin/login.jsp" "Mozilla/5.0 (Windows NT 10.0; Win64; x64; rv:57.0) Gecko/20100101 Firefox/57.0"
0:0:0:0:0:0:0:1 - - [30/Nov/2017:19:52:35 +0530] "GET /carbon/admin/images/1px.gif HTTP/1.1" 304 - "http://localhost:9763/carbon/admin/login.jsp" "Mozilla/5.0 (Windows NT 10.0; Win64; x64; rv:57.0) Gecko/20100101 Firefox/57.0"
0:0:0:0:0:0:0:1 - - [30/Nov/2017:19:52:35 +0530] "GET /carbon/admin/images/up-arrow.gif HTTP/1.1" 304 - "http://localhost:9763/carbon/admin/login.jsp" "Mozilla/5.0 (Windows NT 10.0; Win64; x64; rv:57.0) Gecko/20100101 Firefox/57.0"
0:0:0:0:0:0:0:1 - - [30/Nov/2017:19:52:35 +0530] "GET /carbon/admin/images/user-guide.gif HTTP/1.1" 304 - "http://localhost:9763/carbon/admin/login.jsp" "Mozilla/5.0 (Windows NT 10.0; Win64; x64; rv:57.0) Gecko/20100101 Firefox/57.0"
0:0:0:0:0:0:0:1 - - [30/Nov/2017:19:52:35 +0530] "GET /carbon/admin/images/forum.gif HTTP/1.1" 304 - "http://localhost:9763/carbon/admin/login.jsp" "Mozilla/5.0 (Windows NT 10.0; Win64; x64; rv:57.0) Gecko/20100101 Firefox/57.0"
0:0:0:0:0:0:0:1 - - [30/Nov/2017:19:52:35 +0530] "GET /carbon/admin/images/issue-tracker.gif HTTP/1.1" 304 - "http://localhost:9763/carbon/admin/login.jsp" "Mozilla/5.0 (Windows NT 10.0; Win64; x64; rv:57.0) Gecko/20100101 Firefox/57.0"
0:0:0:0:0:0:0:1 - - [30/Nov/2017:19:52:35 +0530] "GET /carbon/admin/images/mailing-list.gif HTTP/1.1" 304 - "http://localhost:9763/carbon/admin/login.jsp" "Mozilla/5.0 (Windows NT 10.0; Win64; x64; rv:57.0) Gecko/20100101 Firefox/57.0"
0:0:0:0:0:0:0:1 - - [30/Nov/2017:19:52:35 +0530] "GET /carbon/styles/images/api-header-region-bg.png HTTP/1.1" 304 - "http://localhost:9763/carbon/styles/css/main.css" "Mozilla/5.0 (Windows NT 10.0; Win64; x64; rv:57.0) Gecko/20100101 Firefox/57.0"
0:0:0:0:0:0:0:1 - - [30/Nov/2017:19:52:35 +0530] "GET /carbon/styles/images/api-logo.png HTTP/1.1" 304 - "http://localhost:9763/carbon/styles/css/main.css" "Mozilla/5.0 (Windows NT 10.0; Win64; x64; rv:57.0) Gecko/20100101 Firefox/57.0"
0:0:0:0:0:0:0:1 - - [30/Nov/2017:19:52:35 +0530] "GET /carbon/styles/images/api-server-menu-panel-bg.png HTTP/1.1" 304 - "http://localhost:9763/carbon/styles/css/main.css" "Mozilla/5.0 (Windows NT 10.0; Win64; x64; rv:57.0) Gecko/20100101 Firefox/57.0"
0:0:0:0:0:0:0:1 - - [30/Nov/2017:19:52:35 +0530] "GET /carbon/admin/images/menu_header.gif HTTP/1.1" 404 823 "http://localhost:9763/carbon/styles/css/main.css" "Mozilla/5.0 (Windows NT 10.0; Win64; x64; rv:57.0) Gecko/20100101 Firefox/57.0"
0:0:0:0:0:0:0:1 - - [30/Nov/2017:19:52:35 +0530] "GET /carbon/styles/images/api-header-back.png HTTP/1.1" 304 - "http://localhost:9763/carbon/styles/css/main.css" "Mozilla/5.0 (Windows NT 10.0; Win64; x64; rv:57.0) Gecko/20100101 Firefox/57.0"
0:0:0:0:0:0:0:1 - - [30/Nov/2017:19:52:35 +0530] "GET /carbon/styles/images/api-server-menu-header.gif HTTP/1.1" 304 - "http://localhost:9763/carbon/styles/css/main.css" "Mozilla/5.0 (Windows NT 10.0; Win64; x64; rv:57.0) Gecko/20100101 Firefox/57.0"
0:0:0:0:0:0:0:1 - - [30/Nov/2017:19:52:35 +0530] "GET /carbon/admin/images/help.gif HTTP/1.1" 304 - "http://localhost:9763/carbon/admin/css/global.css" "Mozilla/5.0 (Windows NT 10.0; Win64; x64; rv:57.0) Gecko/20100101 Firefox/57.0"
0:0:0:0:0:0:0:1 - - [30/Nov/2017:19:52:48 +0530] "POST /carbon/admin/login_action.jsp HTTP/1.1" 302 - "http://localhost:9763/carbon/admin/login.jsp" "Mozilla/5.0 (Windows NT 10.0; Win64; x64; rv:57.0) Gecko/20100101 Firefox/57.0"
0:0:0:0:0:0:0:1 - - [30/Nov/2017:19:52:48 +0530] "GET /carbon/admin/index.jsp?loginStatus=true HTTP/1.1" 302 - "http://localhost:9763/carbon/admin/login.jsp" "Mozilla/5.0 (Windows NT 10.0; Win64; x64; rv:57.0) Gecko/20100101 Firefox/57.0"
0:0:0:0:0:0:0:1 - - [30/Nov/2017:19:52:48 +0530] "GET /carbon/admin/login.jsp HTTP/1.1" 200 3630 "http://localhost:9763/carbon/admin/login.jsp" "Mozilla/5.0 (Windows NT 10.0; Win64; x64; rv:57.0) Gecko/20100101 Firefox/57.0"
0:0:0:0:0:0:0:1 - - [30/Nov/2017:19:52:48 +0530] "GET /carbon/admin/js/csrfPrevention.js HTTP/1.1" 200 4410 "http://localhost:9763/carbon/admin/login.jsp" "Mozilla/5.0 (Windows NT 10.0; Win64; x64; rv:57.0) Gecko/20100101 Firefox/57.0"
0:0:0:0:0:0:0:1 - - [30/Nov/2017:19:52:48 +0530] "POST /carbon/admin/js/csrfPrevention.js HTTP/1.1" 200 63 "http://localhost:9763/carbon/admin/login.jsp" "Mozilla/5.0 (Windows NT 10.0; Win64; x64; rv:57.0) Gecko/20100101 Firefox/57.0"
0:0:0:0:0:0:0:1 - - [30/Nov/2017:19:52:48 +0530] "GET /carbon/admin/images/menu_header.gif HTTP/1.1" 404 823 "http://localhost:9763/carbon/styles/css/main.css" "Mozilla/5.0 (Windows NT 10.0; Win64; x64; rv:57.0) Gecko/20100101 Firefox/57.0"
0:0:0:0:0:0:0:1 - - [30/Nov/2017:19:53:19 +0530] "GET /carbon HTTP/1.1" 302 - "-" "Mozilla/5.0 (Windows NT 10.0; Win64; x64; rv:57.0) Gecko/20100101 Firefox/57.0"
0:0:0:0:0:0:0:1 - - [30/Nov/2017:19:53:19 +0530] "GET /carbon/admin/index.jsp HTTP/1.1" 302 - "-" "Mozilla/5.0 (Windows NT 10.0; Win64; x64; rv:57.0) Gecko/20100101 Firefox/57.0"
0:0:0:0:0:0:0:1 - - [30/Nov/2017:19:53:20 +0530] "GET /carbon/admin/login.jsp HTTP/1.1" 200 3627 "-" "Mozilla/5.0 (Windows NT 10.0; Win64; x64; rv:57.0) Gecko/20100101 Firefox/57.0"
0:0:0:0:0:0:0:1 - - [30/Nov/2017:19:53:20 +0530] "GET /carbon/admin/js/csrfPrevention.js HTTP/1.1" 200 4410 "http://localhost:9763/carbon/admin/login.jsp" "Mozilla/5.0 (Windows NT 10.0; Win64; x64; rv:57.0) Gecko/20100101 Firefox/57.0"
0:0:0:0:0:0:0:1 - - [30/Nov/2017:19:53:21 +0530] "POST /carbon/admin/js/csrfPrevention.js HTTP/1.1" 200 63 "http://localhost:9763/carbon/admin/login.jsp" "Mozilla/5.0 (Windows NT 10.0; Win64; x64; rv:57.0) Gecko/20100101 Firefox/57.0"
0:0:0:0:0:0:0:1 - - [30/Nov/2017:19:53:21 +0530] "GET /carbon/admin/images/menu_header.gif HTTP/1.1" 404 823 "http://localhost:9763/carbon/styles/css/main.css" "Mozilla/5.0 (Windows NT 10.0; Win64; x64; rv:57.0) Gecko/20100101 Firefox/57.0"
0:0:0:0:0:0:0:1 - - [30/Nov/2017:19:53:35 +0530] "POST /carbon/admin/login_action.jsp HTTP/1.1" 302 - "http://localhost:9763/carbon/admin/login.jsp" "Mozilla/5.0 (Windows NT 10.0; Win64; x64; rv:57.0) Gecko/20100101 Firefox/57.0"
0:0:0:0:0:0:0:1 - - [30/Nov/2017:19:53:35 +0530] "GET /carbon/admin/index.jsp?loginStatus=true HTTP/1.1" 302 - "http://localhost:9763/carbon/admin/login.jsp" "Mozilla/5.0 (Windows NT 10.0; Win64; x64; rv:57.0) Gecko/20100101 Firefox/57.0"
0:0:0:0:0:0:0:1 - - [30/Nov/2017:19:53:35 +0530] "GET /carbon/admin/login.jsp HTTP/1.1" 200 3628 "http://localhost:9763/carbon/admin/login.jsp" "Mozilla/5.0 (Windows NT 10.0; Win64; x64; rv:57.0) Gecko/20100101 Firefox/57.0"
0:0:0:0:0:0:0:1 - - [30/Nov/2017:19:53:35 +0530] "GET /carbon/admin/js/csrfPrevention.js HTTP/1.1" 200 4410 "http://localhost:9763/carbon/admin/login.jsp" "Mozilla/5.0 (Windows NT 10.0; Win64; x64; rv:57.0) Gecko/20100101 Firefox/57.0"
0:0:0:0:0:0:0:1 - - [30/Nov/2017:19:53:35 +0530] "POST /carbon/admin/js/csrfPrevention.js HTTP/1.1" 200 63 "http://localhost:9763/carbon/admin/login.jsp" "Mozilla/5.0 (Windows NT 10.0; Win64; x64; rv:57.0) Gecko/20100101 Firefox/57.0"
0:0:0:0:0:0:0:1 - - [30/Nov/2017:19:53:35 +0530] "GET /carbon/admin/images/menu_header.gif HTTP/1.1" 404 823 "http://localhost:9763/carbon/styles/css/main.css" "Mozilla/5.0 (Windows NT 10.0; Win64; x64; rv:57.0) Gecko/20100101 Firefox/57.0"
0:0:0:0:0:0:0:1 - - [30/Nov/2017:19:54:04 +0530] "GET /carbon HTTP/1.1" 302 - "-" "Mozilla/5.0 (Windows NT 10.0; Win64; x64) AppleWebKit/537.36 (KHTML, like Gecko) Chrome/62.0.3202.94 Safari/537.36"
0:0:0:0:0:0:0:1 - - [30/Nov/2017:19:54:04 +0530] "GET /carbon/admin/index.jsp HTTP/1.1" 302 - "-" "Mozilla/5.0 (Windows NT 10.0; Win64; x64) AppleWebKit/537.36 (KHTML, like Gecko) Chrome/62.0.3202.94 Safari/537.36"
0:0:0:0:0:0:0:1 - - [30/Nov/2017:19:54:04 +0530] "GET /carbon/admin/login.jsp HTTP/1.1" 200 3629 "-" "Mozilla/5.0 (Windows NT 10.0; Win64; x64) AppleWebKit/537.36 (KHTML, like Gecko) Chrome/62.0.3202.94 Safari/537.36"
0:0:0:0:0:0:0:1 - - [30/Nov/2017:19:54:05 +0530] "GET /carbon/admin/css/global.css HTTP/1.1" 200 5311 "https://localhost:9443/carbon/admin/login.jsp" "Mozilla/5.0 (Windows NT 10.0; Win64; x64) AppleWebKit/537.36 (KHTML, like Gecko) Chrome/62.0.3202.94 Safari/537.36"
0:0:0:0:0:0:0:1 - - [30/Nov/2017:19:54:06 +0530] "GET /carbon/styles/css/main.css HTTP/1.1" 200 1240 "https://localhost:9443/carbon/admin/login.jsp" "Mozilla/5.0 (Windows NT 10.0; Win64; x64) AppleWebKit/537.36 (KHTML, like Gecko) Chrome/62.0.3202.94 Safari/537.36"
0:0:0:0:0:0:0:1 - - [30/Nov/2017:19:54:06 +0530] "GET /carbon/dialog/css/dialog.css HTTP/1.1" 200 556 "https://localhost:9443/carbon/admin/login.jsp" "Mozilla/5.0 (Windows NT 10.0; Win64; x64) AppleWebKit/537.36 (KHTML, like Gecko) Chrome/62.0.3202.94 Safari/537.36"
0:0:0:0:0:0:0:1 - - [30/Nov/2017:19:54:06 +0530] "GET /carbon/admin/css/carbonFormStyles.css HTTP/1.1" 200 2050 "https://localhost:9443/carbon/admin/login.jsp" "Mozilla/5.0 (Windows NT 10.0; Win64; x64) AppleWebKit/537.36 (KHTML, like Gecko) Chrome/62.0.3202.94 Safari/537.36"
0:0:0:0:0:0:0:1 - - [30/Nov/2017:19:54:06 +0530] "GET /carbon/dialog/css/jqueryui/jqueryui-themeroller.css HTTP/1.1" 200 4020 "https://localhost:9443/carbon/admin/login.jsp" "Mozilla/5.0 (Windows NT 10.0; Win64; x64) AppleWebKit/537.36 (KHTML, like Gecko) Chrome/62.0.3202.94 Safari/537.36"
0:0:0:0:0:0:0:1 - - [30/Nov/2017:19:54:06 +0530] "GET /carbon/admin/js/template.js HTTP/1.1" 200 3390 "https://localhost:9443/carbon/admin/login.jsp" "Mozilla/5.0 (Windows NT 10.0; Win64; x64) AppleWebKit/537.36 (KHTML, like Gecko) Chrome/62.0.3202.94 Safari/537.36"
0:0:0:0:0:0:0:1 - - [30/Nov/2017:19:54:06 +0530] "GET /carbon/admin/js/jquery.form.js HTTP/1.1" 200 6750 "https://localhost:9443/carbon/admin/login.jsp" "Mozilla/5.0 (Windows NT 10.0; Win64; x64) AppleWebKit/537.36 (KHTML, like Gecko) Chrome/62.0.3202.94 Safari/537.36"
0:0:0:0:0:0:0:1 - - [30/Nov/2017:19:54:06 +0530] "GET /carbon/admin/js/jquery.ui.core.min.js HTTP/1.1" 200 1996 "https://localhost:9443/carbon/admin/login.jsp" "Mozilla/5.0 (Windows NT 10.0; Win64; x64) AppleWebKit/537.36 (KHTML, like Gecko) Chrome/62.0.3202.94 Safari/537.36"
0:0:0:0:0:0:0:1 - - [30/Nov/2017:19:54:06 +0530] "GET /carbon/dialog/js/jqueryui/jquery-ui.min.js HTTP/1.1" 200 25705 "https://localhost:9443/carbon/admin/login.jsp" "Mozilla/5.0 (Windows NT 10.0; Win64; x64) AppleWebKit/537.36 (KHTML, like Gecko) Chrome/62.0.3202.94 Safari/537.36"
0:0:0:0:0:0:0:1 - - [30/Nov/2017:19:54:06 +0530] "GET /carbon/admin/js/jquery.validate.js HTTP/1.1" 200 10290 "https://localhost:9443/carbon/admin/login.jsp" "Mozilla/5.0 (Windows NT 10.0; Win64; x64) AppleWebKit/537.36 (KHTML, like Gecko) Chrome/62.0.3202.94 Safari/537.36"
0:0:0:0:0:0:0:1 - - [30/Nov/2017:19:54:06 +0530] "GET /carbon/admin/js/jquery.cookie.js HTTP/1.1" 200 1529 "https://localhost:9443/carbon/admin/login.jsp" "Mozilla/5.0 (Windows NT 10.0; Win64; x64) AppleWebKit/537.36 (KHTML, like Gecko) Chrome/62.0.3202.94 Safari/537.36"
0:0:0:0:0:0:0:1 - - [30/Nov/2017:19:54:06 +0530] "GET /carbon/admin/js/jquery.ui.widget.min.js HTTP/1.1" 200 1344 "https://localhost:9443/carbon/admin/login.jsp" "Mozilla/5.0 (Windows NT 10.0; Win64; x64) AppleWebKit/537.36 (KHTML, like Gecko) Chrome/62.0.3202.94 Safari/537.36"
0:0:0:0:0:0:0:1 - - [30/Nov/2017:19:54:06 +0530] "GET /carbon/admin/js/main.js HTTP/1.1" 200 15376 "https://localhost:9443/carbon/admin/login.jsp" "Mozilla/5.0 (Windows NT 10.0; Win64; x64) AppleWebKit/537.36 (KHTML, like Gecko) Chrome/62.0.3202.94 Safari/537.36"
0:0:0:0:0:0:0:1 - - [30/Nov/2017:19:54:06 +0530] "GET /carbon/admin/js/jquery.ui.tabs.min.js HTTP/1.1" 200 3594 "https://localhost:9443/carbon/admin/login.jsp" "Mozilla/5.0 (Windows NT 10.0; Win64; x64) AppleWebKit/537.36 (KHTML, like Gecko) Chrome/62.0.3202.94 Safari/537.36"
0:0:0:0:0:0:0:1 - - [30/Nov/2017:19:54:06 +0530] "GET /carbon/admin/js/jquery-1.6.3.min.js HTTP/1.1" 200 32564 "https://localhost:9443/carbon/admin/login.jsp" "Mozilla/5.0 (Windows NT 10.0; Win64; x64) AppleWebKit/537.36 (KHTML, like Gecko) Chrome/62.0.3202.94 Safari/537.36"
0:0:0:0:0:0:0:1 - - [30/Nov/2017:19:54:06 +0530] "GET /carbon/admin/js/cookies.js HTTP/1.1" 200 1136 "https://localhost:9443/carbon/admin/login.jsp" "Mozilla/5.0 (Windows NT 10.0; Win64; x64) AppleWebKit/537.36 (KHTML, like Gecko) Chrome/62.0.3202.94 Safari/537.36"
0:0:0:0:0:0:0:1 - - [30/Nov/2017:19:54:06 +0530] "GET /carbon/dialog/js/dialog.js HTTP/1.1" 200 2206 "https://localhost:9443/carbon/admin/login.jsp" "Mozilla/5.0 (Windows NT 10.0; Win64; x64) AppleWebKit/537.36 (KHTML, like Gecko) Chrome/62.0.3202.94 Safari/537.36"
0:0:0:0:0:0:0:1 - - [30/Nov/2017:19:54:06 +0530] "GET /carbon/admin/js/WSRequest.js HTTP/1.1" 200 12981 "https://localhost:9443/carbon/admin/login.jsp" "Mozilla/5.0 (Windows NT 10.0; Win64; x64) AppleWebKit/537.36 (KHTML, like Gecko) Chrome/62.0.3202.94 Safari/537.36"
0:0:0:0:0:0:0:1 - - [30/Nov/2017:19:54:06 +0530] "GET /carbon/admin/js/csrfPrevention.js HTTP/1.1" 200 4410 "https://localhost:9443/carbon/admin/login.jsp" "Mozilla/5.0 (Windows NT 10.0; Win64; x64) AppleWebKit/537.36 (KHTML, like Gecko) Chrome/62.0.3202.94 Safari/537.36"
0:0:0:0:0:0:0:1 - - [30/Nov/2017:19:54:06 +0530] "POST /carbon/admin/js/csrfPrevention.js HTTP/1.1" 200 63 "https://localhost:9443/carbon/admin/login.jsp" "Mozilla/5.0 (Windows NT 10.0; Win64; x64) AppleWebKit/537.36 (KHTML, like Gecko) Chrome/62.0.3202.94 Safari/537.36"
0:0:0:0:0:0:0:1 - - [30/Nov/2017:19:54:06 +0530] "GET /carbon/admin/js/customControls.js HTTP/1.1" 200 1193 "https://localhost:9443/carbon/admin/login.jsp" "Mozilla/5.0 (Windows NT 10.0; Win64; x64) AppleWebKit/537.36 (KHTML, like Gecko) Chrome/62.0.3202.94 Safari/537.36"
0:0:0:0:0:0:0:1 - - [30/Nov/2017:19:54:06 +0530] "GET /carbon/yui/build/yahoo/yahoo-min.js HTTP/1.1" 200 2523 "https://localhost:9443/carbon/admin/login.jsp" "Mozilla/5.0 (Windows NT 10.0; Win64; x64) AppleWebKit/537.36 (KHTML, like Gecko) Chrome/62.0.3202.94 Safari/537.36"
0:0:0:0:0:0:0:1 - - [30/Nov/2017:19:54:06 +0530] "GET /carbon/yui/build/yahoo-dom-event/yahoo-dom-event.js HTTP/1.1" 200 10684 "https://localhost:9443/carbon/admin/login.jsp" "Mozilla/5.0 (Windows NT 10.0; Win64; x64) AppleWebKit/537.36 (KHTML, like Gecko) Chrome/62.0.3202.94 Safari/537.36"
0:0:0:0:0:0:0:1 - - [30/Nov/2017:19:54:06 +0530] "GET /carbon/yui/build/selector/selector-min.js HTTP/1.1" 200 2895 "https://localhost:9443/carbon/admin/login.jsp" "Mozilla/5.0 (Windows NT 10.0; Win64; x64) AppleWebKit/537.36 (KHTML, like Gecko) Chrome/62.0.3202.94 Safari/537.36"
0:0:0:0:0:0:0:1 - - [30/Nov/2017:19:54:06 +0530] "GET /carbon/yui/build/animation/animation-min.js HTTP/1.1" 200 4768 "https://localhost:9443/carbon/admin/login.jsp" "Mozilla/5.0 (Windows NT 10.0; Win64; x64) AppleWebKit/537.36 (KHTML, like Gecko) Chrome/62.0.3202.94 Safari/537.36"
0:0:0:0:0:0:0:1 - - [30/Nov/2017:19:54:06 +0530] "GET /carbon/admin/images/1px.gif HTTP/1.1" 200 43 "https://localhost:9443/carbon/admin/login.jsp" "Mozilla/5.0 (Windows NT 10.0; Win64; x64) AppleWebKit/537.36 (KHTML, like Gecko) Chrome/62.0.3202.94 Safari/537.36"
0:0:0:0:0:0:0:1 - - [30/Nov/2017:19:54:06 +0530] "GET /carbon/admin/images/up-arrow.gif HTTP/1.1" 200 615 "https://localhost:9443/carbon/admin/login.jsp" "Mozilla/5.0 (Windows NT 10.0; Win64; x64) AppleWebKit/537.36 (KHTML, like Gecko) Chrome/62.0.3202.94 Safari/537.36"
0:0:0:0:0:0:0:1 - - [30/Nov/2017:19:54:06 +0530] "GET /carbon/admin/images/user-guide.gif HTTP/1.1" 200 2228 "https://localhost:9443/carbon/admin/login.jsp" "Mozilla/5.0 (Windows NT 10.0; Win64; x64) AppleWebKit/537.36 (KHTML, like Gecko) Chrome/62.0.3202.94 Safari/537.36"
0:0:0:0:0:0:0:1 - - [30/Nov/2017:19:54:06 +0530] "GET /carbon/admin/images/forum.gif HTTP/1.1" 200 1977 "https://localhost:9443/carbon/admin/login.jsp" "Mozilla/5.0 (Windows NT 10.0; Win64; x64) AppleWebKit/537.36 (KHTML, like Gecko) Chrome/62.0.3202.94 Safari/537.36"
0:0:0:0:0:0:0:1 - - [30/Nov/2017:19:54:06 +0530] "GET /carbon/admin/images/issue-tracker.gif HTTP/1.1" 200 1821 "https://localhost:9443/carbon/admin/login.jsp" "Mozilla/5.0 (Windows NT 10.0; Win64; x64) AppleWebKit/537.36 (KHTML, like Gecko) Chrome/62.0.3202.94 Safari/537.36"
0:0:0:0:0:0:0:1 - - [30/Nov/2017:19:54:06 +0530] "GET /carbon/admin/images/mailing-list.gif HTTP/1.1" 200 2131 "https://localhost:9443/carbon/admin/login.jsp" "Mozilla/5.0 (Windows NT 10.0; Win64; x64) AppleWebKit/537.36 (KHTML, like Gecko) Chrome/62.0.3202.94 Safari/537.36"
0:0:0:0:0:0:0:1 - - [30/Nov/2017:19:54:06 +0530] "GET /carbon/styles/images/api-header-region-bg.png HTTP/1.1" 200 255 "https://localhost:9443/carbon/styles/css/main.css" "Mozilla/5.0 (Windows NT 10.0; Win64; x64) AppleWebKit/537.36 (KHTML, like Gecko) Chrome/62.0.3202.94 Safari/537.36"
0:0:0:0:0:0:0:1 - - [30/Nov/2017:19:54:06 +0530] "GET /carbon/styles/images/api-logo.png HTTP/1.1" 200 4077 "https://localhost:9443/carbon/styles/css/main.css" "Mozilla/5.0 (Windows NT 10.0; Win64; x64) AppleWebKit/537.36 (KHTML, like Gecko) Chrome/62.0.3202.94 Safari/537.36"
0:0:0:0:0:0:0:1 - - [30/Nov/2017:19:54:06 +0530] "GET /carbon/styles/images/api-header-back.png HTTP/1.1" 200 22845 "https://localhost:9443/carbon/styles/css/main.css" "Mozilla/5.0 (Windows NT 10.0; Win64; x64) AppleWebKit/537.36 (KHTML, like Gecko) Chrome/62.0.3202.94 Safari/537.36"
0:0:0:0:0:0:0:1 - - [30/Nov/2017:19:54:06 +0530] "GET /carbon/admin/images/menu_header.gif HTTP/1.1" 404 823 "https://localhost:9443/carbon/styles/css/main.css" "Mozilla/5.0 (Windows NT 10.0; Win64; x64) AppleWebKit/537.36 (KHTML, like Gecko) Chrome/62.0.3202.94 Safari/537.36"
0:0:0:0:0:0:0:1 - - [30/Nov/2017:19:54:06 +0530] "GET /carbon/admin/images/help.gif HTTP/1.1" 200 411 "https://localhost:9443/carbon/admin/css/global.css" "Mozilla/5.0 (Windows NT 10.0; Win64; x64) AppleWebKit/537.36 (KHTML, like Gecko) Chrome/62.0.3202.94 Safari/537.36"
0:0:0:0:0:0:0:1 - - [30/Nov/2017:19:54:06 +0530] "GET /carbon/styles/images/api-server-menu-panel-bg.png HTTP/1.1" 200 218 "https://localhost:9443/carbon/styles/css/main.css" "Mozilla/5.0 (Windows NT 10.0; Win64; x64) AppleWebKit/537.36 (KHTML, like Gecko) Chrome/62.0.3202.94 Safari/537.36"
0:0:0:0:0:0:0:1 - - [30/Nov/2017:19:54:06 +0530] "GET /carbon/styles/images/api-server-menu-header.gif HTTP/1.1" 200 176 "https://localhost:9443/carbon/styles/css/main.css" "Mozilla/5.0 (Windows NT 10.0; Win64; x64) AppleWebKit/537.36 (KHTML, like Gecko) Chrome/62.0.3202.94 Safari/537.36"
0:0:0:0:0:0:0:1 - - [30/Nov/2017:19:54:07 +0530] "GET /carbon/admin/images/favicon.ico HTTP/1.1" 200 9889 "https://localhost:9443/carbon/admin/login.jsp" "Mozilla/5.0 (Windows NT 10.0; Win64; x64) AppleWebKit/537.36 (KHTML, like Gecko) Chrome/62.0.3202.94 Safari/537.36"
0:0:0:0:0:0:0:1 - - [30/Nov/2017:19:54:10 +0530] "POST /carbon/admin/login_action.jsp HTTP/1.1" 302 - "https://localhost:9443/carbon/admin/login.jsp" "Mozilla/5.0 (Windows NT 10.0; Win64; x64) AppleWebKit/537.36 (KHTML, like Gecko) Chrome/62.0.3202.94 Safari/537.36"
0:0:0:0:0:0:0:1 - - [30/Nov/2017:19:54:11 +0530] "GET /carbon/admin/index.jsp?loginStatus=true HTTP/1.1" 200 5233 "https://localhost:9443/carbon/admin/login.jsp" "Mozilla/5.0 (Windows NT 10.0; Win64; x64) AppleWebKit/537.36 (KHTML, like Gecko) Chrome/62.0.3202.94 Safari/537.36"
0:0:0:0:0:0:0:1 - - [30/Nov/2017:19:54:11 +0530] "GET /carbon/admin/css/global.css HTTP/1.1" 200 5311 "https://localhost:9443/carbon/admin/index.jsp?loginStatus=true" "Mozilla/5.0 (Windows NT 10.0; Win64; x64) AppleWebKit/537.36 (KHTML, like Gecko) Chrome/62.0.3202.94 Safari/537.36"
0:0:0:0:0:0:0:1 - - [30/Nov/2017:19:54:11 +0530] "GET /carbon/styles/css/main.css HTTP/1.1" 200 1240 "https://localhost:9443/carbon/admin/index.jsp?loginStatus=true" "Mozilla/5.0 (Windows NT 10.0; Win64; x64) AppleWebKit/537.36 (KHTML, like Gecko) Chrome/62.0.3202.94 Safari/537.36"
0:0:0:0:0:0:0:1 - - [30/Nov/2017:19:54:11 +0530] "GET /carbon/dialog/css/jqueryui/jqueryui-themeroller.css HTTP/1.1" 200 4020 "https://localhost:9443/carbon/admin/index.jsp?loginStatus=true" "Mozilla/5.0 (Windows NT 10.0; Win64; x64) AppleWebKit/537.36 (KHTML, like Gecko) Chrome/62.0.3202.94 Safari/537.36"
0:0:0:0:0:0:0:1 - - [30/Nov/2017:19:54:11 +0530] "GET /carbon/dialog/css/dialog.css HTTP/1.1" 200 556 "https://localhost:9443/carbon/admin/index.jsp?loginStatus=true" "Mozilla/5.0 (Windows NT 10.0; Win64; x64) AppleWebKit/537.36 (KHTML, like Gecko) Chrome/62.0.3202.94 Safari/537.36"
0:0:0:0:0:0:0:1 - - [30/Nov/2017:19:54:11 +0530] "GET /carbon/admin/css/carbonFormStyles.css HTTP/1.1" 200 2050 "https://localhost:9443/carbon/admin/index.jsp?loginStatus=true" "Mozilla/5.0 (Windows NT 10.0; Win64; x64) AppleWebKit/537.36 (KHTML, like Gecko) Chrome/62.0.3202.94 Safari/537.36"
0:0:0:0:0:0:0:1 - - [30/Nov/2017:19:54:11 +0530] "GET /carbon/admin/js/csrfPrevention.js HTTP/1.1" 200 4410 "https://localhost:9443/carbon/admin/index.jsp?loginStatus=true" "Mozilla/5.0 (Windows NT 10.0; Win64; x64) AppleWebKit/537.36 (KHTML, like Gecko) Chrome/62.0.3202.94 Safari/537.36"
0:0:0:0:0:0:0:1 - - [30/Nov/2017:19:54:11 +0530] "GET /carbon/admin/jsp/registry_styles_ajaxprocessor.jsp HTTP/1.1" 200 123 "https://localhost:9443/carbon/admin/index.jsp?loginStatus=true" "Mozilla/5.0 (Windows NT 10.0; Win64; x64) AppleWebKit/537.36 (KHTML, like Gecko) Chrome/62.0.3202.94 Safari/537.36"
0:0:0:0:0:0:0:1 - - [30/Nov/2017:19:54:11 +0530] "POST /carbon/admin/js/csrfPrevention.js HTTP/1.1" 200 63 "https://localhost:9443/carbon/admin/index.jsp?loginStatus=true" "Mozilla/5.0 (Windows NT 10.0; Win64; x64) AppleWebKit/537.36 (KHTML, like Gecko) Chrome/62.0.3202.94 Safari/537.36"
0:0:0:0:0:0:0:1 - - [30/Nov/2017:19:54:11 +0530] "GET /carbon/admin/images/menu_header.gif HTTP/1.1" 404 823 "https://localhost:9443/carbon/styles/css/main.css" "Mozilla/5.0 (Windows NT 10.0; Win64; x64) AppleWebKit/537.36 (KHTML, like Gecko) Chrome/62.0.3202.94 Safari/537.36"
0:0:0:0:0:0:0:1 - - [30/Nov/2017:19:54:11 +0530] "GET /carbon/userstore/images/user-store.gif HTTP/1.1" 200 617 "https://localhost:9443/carbon/admin/index.jsp?loginStatus=true" "Mozilla/5.0 (Windows NT 10.0; Win64; x64) AppleWebKit/537.36 (KHTML, like Gecko) Chrome/62.0.3202.94 Safari/537.36"
0:0:0:0:0:0:0:1 - - [30/Nov/2017:19:54:11 +0530] "GET /carbon/userstore/images/add.gif HTTP/1.1" 200 407 "https://localhost:9443/carbon/admin/index.jsp?loginStatus=true" "Mozilla/5.0 (Windows NT 10.0; Win64; x64) AppleWebKit/537.36 (KHTML, like Gecko) Chrome/62.0.3202.94 Safari/537.36"
0:0:0:0:0:0:0:1 - - [30/Nov/2017:19:54:11 +0530] "GET /carbon/userstore_config/images/add.gif HTTP/1.1" 200 407 "https://localhost:9443/carbon/admin/index.jsp?loginStatus=true" "Mozilla/5.0 (Windows NT 10.0; Win64; x64) AppleWebKit/537.36 (KHTML, like Gecko) Chrome/62.0.3202.94 Safari/537.36"
0:0:0:0:0:0:0:1 - - [30/Nov/2017:19:54:11 +0530] "GET /carbon/userstore/images/list.gif HTTP/1.1" 200 216 "https://localhost:9443/carbon/admin/index.jsp?loginStatus=true" "Mozilla/5.0 (Windows NT 10.0; Win64; x64) AppleWebKit/537.36 (KHTML, like Gecko) Chrome/62.0.3202.94 Safari/537.36"
0:0:0:0:0:0:0:1 - - [30/Nov/2017:19:54:11 +0530] "GET /carbon/identity-claim-mgt/images/claims.gif HTTP/1.1" 200 1046 "https://localhost:9443/carbon/admin/index.jsp?loginStatus=true" "Mozilla/5.0 (Windows NT 10.0; Win64; x64) AppleWebKit/537.36 (KHTML, like Gecko) Chrome/62.0.3202.94 Safari/537.36"
0:0:0:0:0:0:0:1 - - [30/Nov/2017:19:54:11 +0530] "GET /carbon/identity-claim-mgt/images/add.gif HTTP/1.1" 200 407 "https://localhost:9443/carbon/admin/index.jsp?loginStatus=true" "Mozilla/5.0 (Windows NT 10.0; Win64; x64) AppleWebKit/537.36 (KHTML, like Gecko) Chrome/62.0.3202.94 Safari/537.36"
0:0:0:0:0:0:0:1 - - [30/Nov/2017:19:54:11 +0530] "GET /carbon/identity-claim-mgt/images/list.gif HTTP/1.1" 200 216 "https://localhost:9443/carbon/admin/index.jsp?loginStatus=true" "Mozilla/5.0 (Windows NT 10.0; Win64; x64) AppleWebKit/537.36 (KHTML, like Gecko) Chrome/62.0.3202.94 Safari/537.36"
0:0:0:0:0:0:0:1 - - [30/Nov/2017:19:54:11 +0530] "GET /carbon/userstore_config/images/list.gif HTTP/1.1" 200 216 "https://localhost:9443/carbon/admin/index.jsp?loginStatus=true" "Mozilla/5.0 (Windows NT 10.0; Win64; x64) AppleWebKit/537.36 (KHTML, like Gecko) Chrome/62.0.3202.94 Safari/537.36"
0:0:0:0:0:0:0:1 - - [30/Nov/2017:19:54:11 +0530] "GET /carbon/userstore_config/images/multiple-user-stores.png HTTP/1.1" 200 783 "https://localhost:9443/carbon/admin/index.jsp?loginStatus=true" "Mozilla/5.0 (Windows NT 10.0; Win64; x64) AppleWebKit/537.36 (KHTML, like Gecko) Chrome/62.0.3202.94 Safari/537.36"
0:0:0:0:0:0:0:1 - - [30/Nov/2017:19:54:11 +0530] "GET /carbon/application/images/service-provider.png HTTP/1.1" 200 670 "https://localhost:9443/carbon/admin/index.jsp?loginStatus=true" "Mozilla/5.0 (Windows NT 10.0; Win64; x64) AppleWebKit/537.36 (KHTML, like Gecko) Chrome/62.0.3202.94 Safari/537.36"
0:0:0:0:0:0:0:1 - - [30/Nov/2017:19:54:11 +0530] "GET /carbon/idpmgt/images/list.gif HTTP/1.1" 200 216 "https://localhost:9443/carbon/admin/index.jsp?loginStatus=true" "Mozilla/5.0 (Windows NT 10.0; Win64; x64) AppleWebKit/537.36 (KHTML, like Gecko) Chrome/62.0.3202.94 Safari/537.36"
0:0:0:0:0:0:0:1 - - [30/Nov/2017:19:54:11 +0530] "GET /carbon/template-manager/images/icon.png HTTP/1.1" 200 778 "https://localhost:9443/carbon/admin/index.jsp?loginStatus=true" "Mozilla/5.0 (Windows NT 10.0; Win64; x64) AppleWebKit/537.36 (KHTML, like Gecko) Chrome/62.0.3202.94 Safari/537.36"
0:0:0:0:0:0:0:1 - - [30/Nov/2017:19:54:11 +0530] "GET /carbon/idpmgt/images/trust.png HTTP/1.1" 200 775 "https://localhost:9443/carbon/admin/index.jsp?loginStatus=true" "Mozilla/5.0 (Windows NT 10.0; Win64; x64) AppleWebKit/537.36 (KHTML, like Gecko) Chrome/62.0.3202.94 Safari/537.36"
0:0:0:0:0:0:0:1 - - [30/Nov/2017:19:54:11 +0530] "GET /carbon/application/images/list.png HTTP/1.1" 200 216 "https://localhost:9443/carbon/admin/index.jsp?loginStatus=true" "Mozilla/5.0 (Windows NT 10.0; Win64; x64) AppleWebKit/537.36 (KHTML, like Gecko) Chrome/62.0.3202.94 Safari/537.36"
0:0:0:0:0:0:0:1 - - [30/Nov/2017:19:54:11 +0530] "GET /carbon/application/images/local-sp.png HTTP/1.1" 200 576 "https://localhost:9443/carbon/admin/index.jsp?loginStatus=true" "Mozilla/5.0 (Windows NT 10.0; Win64; x64) AppleWebKit/537.36 (KHTML, like Gecko) Chrome/62.0.3202.94 Safari/537.36"
0:0:0:0:0:0:0:1 - - [30/Nov/2017:19:54:11 +0530] "GET /carbon/application/images/add.png HTTP/1.1" 200 639 "https://localhost:9443/carbon/admin/index.jsp?loginStatus=true" "Mozilla/5.0 (Windows NT 10.0; Win64; x64) AppleWebKit/537.36 (KHTML, like Gecko) Chrome/62.0.3202.94 Safari/537.36"
0:0:0:0:0:0:0:1 - - [30/Nov/2017:19:54:12 +0530] "GET /carbon/idpmgt/images/resident-idp.png HTTP/1.1" 200 576 "https://localhost:9443/carbon/admin/index.jsp?loginStatus=true" "Mozilla/5.0 (Windows NT 10.0; Win64; x64) AppleWebKit/537.36 (KHTML, like Gecko) Chrome/62.0.3202.94 Safari/537.36"
0:0:0:0:0:0:0:1 - - [30/Nov/2017:19:54:12 +0530] "GET /carbon/idpmgt/images/add.gif HTTP/1.1" 200 407 "https://localhost:9443/carbon/admin/index.jsp?loginStatus=true" "Mozilla/5.0 (Windows NT 10.0; Win64; x64) AppleWebKit/537.36 (KHTML, like Gecko) Chrome/62.0.3202.94 Safari/537.36"
0:0:0:0:0:0:0:1 - - [30/Nov/2017:19:54:12 +0530] "GET /carbon/log-admin/images/log.gif HTTP/1.1" 200 596 "https://localhost:9443/carbon/admin/index.jsp?loginStatus=true" "Mozilla/5.0 (Windows NT 10.0; Win64; x64) AppleWebKit/537.36 (KHTML, like Gecko) Chrome/62.0.3202.94 Safari/537.36"
0:0:0:0:0:0:0:1 - - [30/Nov/2017:19:54:12 +0530] "GET /carbon/bampubsvcstat/images/chart_bar.gif HTTP/1.1" 200 1040 "https://localhost:9443/carbon/admin/index.jsp?loginStatus=true" "Mozilla/5.0 (Windows NT 10.0; Win64; x64) AppleWebKit/537.36 (KHTML, like Gecko) Chrome/62.0.3202.94 Safari/537.36"
0:0:0:0:0:0:0:1 - - [30/Nov/2017:19:54:12 +0530] "GET /carbon/feature-mgt/images/comp-manager.gif HTTP/1.1" 200 580 "https://localhost:9443/carbon/admin/index.jsp?loginStatus=true" "Mozilla/5.0 (Windows NT 10.0; Win64; x64) AppleWebKit/537.36 (KHTML, like Gecko) Chrome/62.0.3202.94 Safari/537.36"
0:0:0:0:0:0:0:1 - - [30/Nov/2017:19:54:12 +0530] "GET /carbon/roles-mgt/images/server-role.gif HTTP/1.1" 200 1073 "https://localhost:9443/carbon/admin/index.jsp?loginStatus=true" "Mozilla/5.0 (Windows NT 10.0; Win64; x64) AppleWebKit/537.36 (KHTML, like Gecko) Chrome/62.0.3202.94 Safari/537.36"
0:0:0:0:0:0:0:1 - - [30/Nov/2017:19:54:12 +0530] "GET /carbon/ndatasource/images/data-sources-icon.gif HTTP/1.1" 200 1021 "https://localhost:9443/carbon/admin/index.jsp?loginStatus=true" "Mozilla/5.0 (Windows NT 10.0; Win64; x64) AppleWebKit/537.36 (KHTML, like Gecko) Chrome/62.0.3202.94 Safari/537.36"
0:0:0:0:0:0:0:1 - - [30/Nov/2017:19:54:12 +0530] "GET /carbon/tenant-mgt/images/multi_tenancy.png HTTP/1.1" 200 768 "https://localhost:9443/carbon/admin/index.jsp?loginStatus=true" "Mozilla/5.0 (Windows NT 10.0; Win64; x64) AppleWebKit/537.36 (KHTML, like Gecko) Chrome/62.0.3202.94 Safari/537.36"
0:0:0:0:0:0:0:1 - - [30/Nov/2017:19:54:12 +0530] "GET /carbon/tenant-mgt/images/services1.gif HTTP/1.1" 200 608 "https://localhost:9443/carbon/admin/index.jsp?loginStatus=true" "Mozilla/5.0 (Windows NT 10.0; Win64; x64) AppleWebKit/537.36 (KHTML, like Gecko) Chrome/62.0.3202.94 Safari/537.36"
0:0:0:0:0:0:0:1 - - [30/Nov/2017:19:54:12 +0530] "GET /carbon/tenant-mgt/images/services.gif HTTP/1.1" 200 604 "https://localhost:9443/carbon/admin/index.jsp?loginStatus=true" "Mozilla/5.0 (Windows NT 10.0; Win64; x64) AppleWebKit/537.36 (KHTML, like Gecko) Chrome/62.0.3202.94 Safari/537.36"
0:0:0:0:0:0:0:1 - - [30/Nov/2017:19:54:12 +0530] "GET /carbon/webapp-list/images/application.png HTTP/1.1" 200 691 "https://localhost:9443/carbon/admin/index.jsp?loginStatus=true" "Mozilla/5.0 (Windows NT 10.0; Win64; x64) AppleWebKit/537.36 (KHTML, like Gecko) Chrome/62.0.3202.94 Safari/537.36"
0:0:0:0:0:0:0:1 - - [30/Nov/2017:19:54:12 +0530] "GET /carbon/webapp-list/images/add.gif HTTP/1.1" 200 407 "https://localhost:9443/carbon/admin/index.jsp?loginStatus=true" "Mozilla/5.0 (Windows NT 10.0; Win64; x64) AppleWebKit/537.36 (KHTML, like Gecko) Chrome/62.0.3202.94 Safari/537.36"
0:0:0:0:0:0:0:1 - - [30/Nov/2017:19:54:12 +0530] "GET /carbon/webapp-list/images/list.gif HTTP/1.1" 200 216 "https://localhost:9443/carbon/admin/index.jsp?loginStatus=true" "Mozilla/5.0 (Windows NT 10.0; Win64; x64) AppleWebKit/537.36 (KHTML, like Gecko) Chrome/62.0.3202.94 Safari/537.36"
0:0:0:0:0:0:0:1 - - [30/Nov/2017:19:54:12 +0530] "GET /carbon/keystoremgt/images/keystore.gif HTTP/1.1" 200 604 "https://localhost:9443/carbon/admin/index.jsp?loginStatus=true" "Mozilla/5.0 (Windows NT 10.0; Win64; x64) AppleWebKit/537.36 (KHTML, like Gecko) Chrome/62.0.3202.94 Safari/537.36"
0:0:0:0:0:0:0:1 - - [30/Nov/2017:19:54:12 +0530] "GET /carbon/keystoremgt/images/add.gif HTTP/1.1" 200 407 "https://localhost:9443/carbon/admin/index.jsp?loginStatus=true" "Mozilla/5.0 (Windows NT 10.0; Win64; x64) AppleWebKit/537.36 (KHTML, like Gecko) Chrome/62.0.3202.94 Safari/537.36"
0:0:0:0:0:0:0:1 - - [30/Nov/2017:19:54:12 +0530] "GET /carbon/keystoremgt/images/list.gif HTTP/1.1" 200 216 "https://localhost:9443/carbon/admin/index.jsp?loginStatus=true" "Mozilla/5.0 (Windows NT 10.0; Win64; x64) AppleWebKit/537.36 (KHTML, like Gecko) Chrome/62.0.3202.94 Safari/537.36"
0:0:0:0:0:0:0:1 - - [30/Nov/2017:19:54:12 +0530] "GET /carbon/webapp-mgt/images/webapps.gif HTTP/1.1" 200 1054 "https://localhost:9443/carbon/admin/index.jsp?loginStatus=true" "Mozilla/5.0 (Windows NT 10.0; Win64; x64) AppleWebKit/537.36 (KHTML, like Gecko) Chrome/62.0.3202.94 Safari/537.36"
0:0:0:0:0:0:0:1 - - [30/Nov/2017:19:54:12 +0530] "GET /carbon/jaggeryapp-mgt/images/webapps.gif HTTP/1.1" 200 809 "https://localhost:9443/carbon/admin/index.jsp?loginStatus=true" "Mozilla/5.0 (Windows NT 10.0; Win64; x64) AppleWebKit/537.36 (KHTML, like Gecko) Chrome/62.0.3202.94 Safari/537.36"
0:0:0:0:0:0:0:1 - - [30/Nov/2017:19:54:12 +0530] "GET /carbon/eventpublisher/images/events.png HTTP/1.1" 200 625 "https://localhost:9443/carbon/admin/index.jsp?loginStatus=true" "Mozilla/5.0 (Windows NT 10.0; Win64; x64) AppleWebKit/537.36 (KHTML, like Gecko) Chrome/62.0.3202.94 Safari/537.36"
0:0:0:0:0:0:0:1 - - [30/Nov/2017:19:54:12 +0530] "GET /carbon/eventstream/images/event-stream.png HTTP/1.1" 200 688 "https://localhost:9443/carbon/admin/index.jsp?loginStatus=true" "Mozilla/5.0 (Windows NT 10.0; Win64; x64) AppleWebKit/537.36 (KHTML, like Gecko) Chrome/62.0.3202.94 Safari/537.36"
0:0:0:0:0:0:0:1 - - [30/Nov/2017:19:54:12 +0530] "GET /carbon/eventpublisher/images/event-publisher.png HTTP/1.1" 200 863 "https://localhost:9443/carbon/admin/index.jsp?loginStatus=true" "Mozilla/5.0 (Windows NT 10.0; Win64; x64) AppleWebKit/537.36 (KHTML, like Gecko) Chrome/62.0.3202.94 Safari/537.36"
0:0:0:0:0:0:0:1 - - [30/Nov/2017:19:54:12 +0530] "GET /carbon/mediation/images/mediation-icon.gif HTTP/1.1" 200 573 "https://localhost:9443/carbon/admin/index.jsp?loginStatus=true" "Mozilla/5.0 (Windows NT 10.0; Win64; x64) AppleWebKit/537.36 (KHTML, like Gecko) Chrome/62.0.3202.94 Safari/537.36"
0:0:0:0:0:0:0:1 - - [30/Nov/2017:19:54:12 +0530] "GET /carbon/eventprocessor/images/streamingAnalytics.png HTTP/1.1" 200 792 "https://localhost:9443/carbon/admin/index.jsp?loginStatus=true" "Mozilla/5.0 (Windows NT 10.0; Win64; x64) AppleWebKit/537.36 (KHTML, like Gecko) Chrome/62.0.3202.94 Safari/537.36"
0:0:0:0:0:0:0:1 - - [30/Nov/2017:19:54:12 +0530] "GET /carbon/event-flow/images/event-flow.png HTTP/1.1" 200 865 "https://localhost:9443/carbon/admin/index.jsp?loginStatus=true" "Mozilla/5.0 (Windows NT 10.0; Win64; x64) AppleWebKit/537.36 (KHTML, like Gecko) Chrome/62.0.3202.94 Safari/537.36"
0:0:0:0:0:0:0:1 - - [30/Nov/2017:19:54:12 +0530] "GET /carbon/eventreceiver/images/event-receiver.png HTTP/1.1" 200 799 "https://localhost:9443/carbon/admin/index.jsp?loginStatus=true" "Mozilla/5.0 (Windows NT 10.0; Win64; x64) AppleWebKit/537.36 (KHTML, like Gecko) Chrome/62.0.3202.94 Safari/537.36"
0:0:0:0:0:0:0:1 - - [30/Nov/2017:19:54:12 +0530] "GET /carbon/eventprocessor/images/executionPlan.png HTTP/1.1" 200 829 "https://localhost:9443/carbon/admin/index.jsp?loginStatus=true" "Mozilla/5.0 (Windows NT 10.0; Win64; x64) AppleWebKit/537.36 (KHTML, like Gecko) Chrome/62.0.3202.94 Safari/537.36"
0:0:0:0:0:0:0:1 - - [30/Nov/2017:19:54:12 +0530] "GET /carbon/carbonapps/images/applications.gif HTTP/1.1" 200 1043 "https://localhost:9443/carbon/admin/index.jsp?loginStatus=true" "Mozilla/5.0 (Windows NT 10.0; Win64; x64) AppleWebKit/537.36 (KHTML, like Gecko) Chrome/62.0.3202.94 Safari/537.36"
0:0:0:0:0:0:0:1 - - [30/Nov/2017:19:54:12 +0530] "GET /carbon/carbonapps/images/list.gif HTTP/1.1" 200 216 "https://localhost:9443/carbon/admin/index.jsp?loginStatus=true" "Mozilla/5.0 (Windows NT 10.0; Win64; x64) AppleWebKit/537.36 (KHTML, like Gecko) Chrome/62.0.3202.94 Safari/537.36"
0:0:0:0:0:0:0:1 - - [30/Nov/2017:19:54:12 +0530] "GET /carbon/carbonapps/images/add.gif HTTP/1.1" 200 407 "https://localhost:9443/carbon/admin/index.jsp?loginStatus=true" "Mozilla/5.0 (Windows NT 10.0; Win64; x64) AppleWebKit/537.36 (KHTML, like Gecko) Chrome/62.0.3202.94 Safari/537.36"
0:0:0:0:0:0:0:1 - - [30/Nov/2017:19:54:12 +0530] "GET /carbon/configadmin/images/synapse-icon.gif HTTP/1.1" 200 574 "https://localhost:9443/carbon/admin/index.jsp?loginStatus=true" "Mozilla/5.0 (Windows NT 10.0; Win64; x64) AppleWebKit/537.36 (KHTML, like Gecko) Chrome/62.0.3202.94 Safari/537.36"
0:0:0:0:0:0:0:1 - - [30/Nov/2017:19:54:12 +0530] "GET /carbon/images/list.gif HTTP/1.1" 200 216 "https://localhost:9443/carbon/admin/index.jsp?loginStatus=true" "Mozilla/5.0 (Windows NT 10.0; Win64; x64) AppleWebKit/537.36 (KHTML, like Gecko) Chrome/62.0.3202.94 Safari/537.36"
0:0:0:0:0:0:0:1 - - [30/Nov/2017:19:54:12 +0530] "GET /carbon/server-admin/images/restart.gif HTTP/1.1" 200 631 "https://localhost:9443/carbon/admin/index.jsp?loginStatus=true" "Mozilla/5.0 (Windows NT 10.0; Win64; x64) AppleWebKit/537.36 (KHTML, like Gecko) Chrome/62.0.3202.94 Safari/537.36"
0:0:0:0:0:0:0:1 - - [30/Nov/2017:19:54:12 +0530] "GET /carbon/images/add.gif HTTP/1.1" 200 622 "https://localhost:9443/carbon/admin/index.jsp?loginStatus=true" "Mozilla/5.0 (Windows NT 10.0; Win64; x64) AppleWebKit/537.36 (KHTML, like Gecko) Chrome/62.0.3202.94 Safari/537.36"
0:0:0:0:0:0:0:1 - - [30/Nov/2017:19:54:12 +0530] "GET /carbon/admin/images/leftRightSlider-dark.png HTTP/1.1" 200 1421 "https://localhost:9443/carbon/admin/css/global.css" "Mozilla/5.0 (Windows NT 10.0; Win64; x64) AppleWebKit/537.36 (KHTML, like Gecko) Chrome/62.0.3202.94 Safari/537.36"
0:0:0:0:0:0:0:1 - - [30/Nov/2017:19:54:12 +0530] "GET /carbon/lcm/images/lcm.gif HTTP/1.1" 200 600 "https://localhost:9443/carbon/admin/index.jsp?loginStatus=true" "Mozilla/5.0 (Windows NT 10.0; Win64; x64) AppleWebKit/537.36 (KHTML, like Gecko) Chrome/62.0.3202.94 Safari/537.36"
0:0:0:0:0:0:0:1 - - [30/Nov/2017:19:54:12 +0530] "GET /carbon/resources/images/config.gif HTTP/1.1" 200 1006 "https://localhost:9443/carbon/admin/index.jsp?loginStatus=true" "Mozilla/5.0 (Windows NT 10.0; Win64; x64) AppleWebKit/537.36 (KHTML, like Gecko) Chrome/62.0.3202.94 Safari/537.36"
0:0:0:0:0:0:0:1 - - [30/Nov/2017:19:54:12 +0530] "GET /carbon/resources/images/resources.gif HTTP/1.1" 200 1028 "https://localhost:9443/carbon/admin/index.jsp?loginStatus=true" "Mozilla/5.0 (Windows NT 10.0; Win64; x64) AppleWebKit/537.36 (KHTML, like Gecko) Chrome/62.0.3202.94 Safari/537.36"
0:0:0:0:0:0:0:1 - - [30/Nov/2017:19:54:12 +0530] "GET /carbon/generic/images/rxt.png HTTP/1.1" 200 889 "https://localhost:9443/carbon/admin/index.jsp?loginStatus=true" "Mozilla/5.0 (Windows NT 10.0; Win64; x64) AppleWebKit/537.36 (KHTML, like Gecko) Chrome/62.0.3202.94 Safari/537.36"
0:0:0:0:0:0:0:1 - - [30/Nov/2017:19:54:12 +0530] "GET /carbon/generic/images/list7.png HTTP/1.1" 200 938 "https://localhost:9443/carbon/admin/index.jsp?loginStatus=true" "Mozilla/5.0 (Windows NT 10.0; Win64; x64) AppleWebKit/537.36 (KHTML, like Gecko) Chrome/62.0.3202.94 Safari/537.36"
0:0:0:0:0:0:0:1 - - [30/Nov/2017:19:54:12 +0530] "GET /carbon/generic/images/add7.png HTTP/1.1" 200 934 "https://localhost:9443/carbon/admin/index.jsp?loginStatus=true" "Mozilla/5.0 (Windows NT 10.0; Win64; x64) AppleWebKit/537.36 (KHTML, like Gecko) Chrome/62.0.3202.94 Safari/537.36"
0:0:0:0:0:0:0:1 - - [30/Nov/2017:19:54:12 +0530] "GET /carbon/search/images/search-top.png HTTP/1.1" 200 785 "https://localhost:9443/carbon/admin/index.jsp?loginStatus=true" "Mozilla/5.0 (Windows NT 10.0; Win64; x64) AppleWebKit/537.36 (KHTML, like Gecko) Chrome/62.0.3202.94 Safari/537.36"
0:0:0:0:0:0:0:1 - - [30/Nov/2017:19:54:12 +0530] "GET /carbon/generic/images/list3.png HTTP/1.1" 200 662 "https://localhost:9443/carbon/admin/index.jsp?loginStatus=true" "Mozilla/5.0 (Windows NT 10.0; Win64; x64) AppleWebKit/537.36 (KHTML, like Gecko) Chrome/62.0.3202.94 Safari/537.36"
0:0:0:0:0:0:0:1 - - [30/Nov/2017:19:54:12 +0530] "GET /carbon/generic/images/add3.png HTTP/1.1" 200 824 "https://localhost:9443/carbon/admin/index.jsp?loginStatus=true" "Mozilla/5.0 (Windows NT 10.0; Win64; x64) AppleWebKit/537.36 (KHTML, like Gecko) Chrome/62.0.3202.94 Safari/537.36"
0:0:0:0:0:0:0:1 - - [30/Nov/2017:19:54:12 +0530] "GET /carbon/event-statistics/images/event-statistics.png HTTP/1.1" 200 655 "https://localhost:9443/carbon/admin/index.jsp?loginStatus=true" "Mozilla/5.0 (Windows NT 10.0; Win64; x64) AppleWebKit/537.36 (KHTML, like Gecko) Chrome/62.0.3202.94 Safari/537.36"
0:0:0:0:0:0:0:1 - - [30/Nov/2017:19:54:12 +0530] "GET /carbon/log-view/images/script_gear.gif HTTP/1.1" 200 1082 "https://localhost:9443/carbon/admin/index.jsp?loginStatus=true" "Mozilla/5.0 (Windows NT 10.0; Win64; x64) AppleWebKit/537.36 (KHTML, like Gecko) Chrome/62.0.3202.94 Safari/537.36"
0:0:0:0:0:0:0:1 - - [30/Nov/2017:19:54:12 +0530] "GET /carbon/metrics-view/images/icon_monitor_pc.gif HTTP/1.1" 200 274 "https://localhost:9443/carbon/admin/index.jsp?loginStatus=true" "Mozilla/5.0 (Windows NT 10.0; Win64; x64) AppleWebKit/537.36 (KHTML, like Gecko) Chrome/62.0.3202.94 Safari/537.36"
0:0:0:0:0:0:0:1 - - [30/Nov/2017:19:54:12 +0530] "GET /carbon/metrics-view/images/icon_hierarchy.png HTTP/1.1" 200 601 "https://localhost:9443/carbon/admin/index.jsp?loginStatus=true" "Mozilla/5.0 (Windows NT 10.0; Win64; x64) AppleWebKit/537.36 (KHTML, like Gecko) Chrome/62.0.3202.94 Safari/537.36"
0:0:0:0:0:0:0:1 - - [30/Nov/2017:19:54:12 +0530] "GET /carbon/tracer/images/tracer.gif HTTP/1.1" 200 1058 "https://localhost:9443/carbon/admin/index.jsp?loginStatus=true" "Mozilla/5.0 (Windows NT 10.0; Win64; x64) AppleWebKit/537.36 (KHTML, like Gecko) Chrome/62.0.3202.94 Safari/537.36"
0:0:0:0:0:0:0:1 - - [30/Nov/2017:19:54:12 +0530] "GET /carbon/event-tracer/images/event-tracer.png HTTP/1.1" 200 799 "https://localhost:9443/carbon/admin/index.jsp?loginStatus=true" "Mozilla/5.0 (Windows NT 10.0; Win64; x64) AppleWebKit/537.36 (KHTML, like Gecko) Chrome/62.0.3202.94 Safari/537.36"
0:0:0:0:0:0:0:1 - - [30/Nov/2017:19:54:12 +0530] "GET /carbon/siddhitryit/images/siddhi-tryit.png HTTP/1.1" 200 644 "https://localhost:9443/carbon/admin/index.jsp?loginStatus=true" "Mozilla/5.0 (Windows NT 10.0; Win64; x64) AppleWebKit/537.36 (KHTML, like Gecko) Chrome/62.0.3202.94 Safari/537.36"
0:0:0:0:0:0:0:1 - - [30/Nov/2017:19:54:12 +0530] "GET /carbon/viewflows/extensions/core/images/handler_flow.gif HTTP/1.1" 200 1309 "https://localhost:9443/carbon/admin/index.jsp?loginStatus=true" "Mozilla/5.0 (Windows NT 10.0; Win64; x64) AppleWebKit/537.36 (KHTML, like Gecko) Chrome/62.0.3202.94 Safari/537.36"
0:0:0:0:0:0:0:1 - - [30/Nov/2017:19:54:12 +0530] "GET /carbon/eventsimulator/images/event-simulator.png HTTP/1.1" 200 805 "https://localhost:9443/carbon/admin/index.jsp?loginStatus=true" "Mozilla/5.0 (Windows NT 10.0; Win64; x64) AppleWebKit/537.36 (KHTML, like Gecko) Chrome/62.0.3202.94 Safari/537.36"
0:0:0:0:0:0:0:1 - - [30/Nov/2017:19:54:12 +0530] "GET /carbon/admin/images/down-arrow.gif HTTP/1.1" 200 610 "https://localhost:9443/carbon/admin/index.jsp?loginStatus=true" "Mozilla/5.0 (Windows NT 10.0; Win64; x64) AppleWebKit/537.36 (KHTML, like Gecko) Chrome/62.0.3202.94 Safari/537.36"
0:0:0:0:0:0:0:1 - - [30/Nov/2017:19:54:12 +0530] "GET /carbon/statistics/images/chart_bar.gif HTTP/1.1" 200 1040 "https://localhost:9443/carbon/admin/index.jsp?loginStatus=true" "Mozilla/5.0 (Windows NT 10.0; Win64; x64) AppleWebKit/537.36 (KHTML, like Gecko) Chrome/62.0.3202.94 Safari/537.36"
0:0:0:0:0:0:0:1 - - [30/Nov/2017:19:54:12 +0530] "GET /carbon/admin/jsp/session-validate.jsp HTTP/1.1" 200 4633 "https://localhost:9443/carbon/admin/index.jsp?loginStatus=true" "Mozilla/5.0 (Windows NT 10.0; Win64; x64) AppleWebKit/537.36 (KHTML, like Gecko) Chrome/62.0.3202.94 Safari/537.36"
0:0:0:0:0:0:0:1 - - [30/Nov/2017:19:54:12 +0530] "GET /carbon/server-admin/system_status_ajaxprocessor.jsp HTTP/1.1" 200 1254 "https://localhost:9443/carbon/admin/index.jsp?loginStatus=true" "Mozilla/5.0 (Windows NT 10.0; Win64; x64) AppleWebKit/537.36 (KHTML, like Gecko) Chrome/62.0.3202.94 Safari/537.36"
0:0:0:0:0:0:0:1 - - [30/Nov/2017:19:54:12 +0530] "GET /carbon/admin/images/table-header.gif HTTP/1.1" 200 873 "https://localhost:9443/carbon/admin/css/global.css" "Mozilla/5.0 (Windows NT 10.0; Win64; x64) AppleWebKit/537.36 (KHTML, like Gecko) Chrome/62.0.3202.94 Safari/537.36"
0:0:0:0:0:0:0:1 - - [30/Nov/2017:19:54:16 +0530] "GET /carbon/admin/logout_action.jsp HTTP/1.1" 302 - "https://localhost:9443/carbon/admin/index.jsp?loginStatus=true" "Mozilla/5.0 (Windows NT 10.0; Win64; x64) AppleWebKit/537.36 (KHTML, like Gecko) Chrome/62.0.3202.94 Safari/537.36"
0:0:0:0:0:0:0:1 - - [30/Nov/2017:19:54:16 +0530] "GET /carbon/admin/index.jsp HTTP/1.1" 302 - "https://localhost:9443/carbon/admin/index.jsp?loginStatus=true" "Mozilla/5.0 (Windows NT 10.0; Win64; x64) AppleWebKit/537.36 (KHTML, like Gecko) Chrome/62.0.3202.94 Safari/537.36"
0:0:0:0:0:0:0:1 - - [30/Nov/2017:19:54:16 +0530] "GET /carbon/admin/login.jsp HTTP/1.1" 200 3630 "https://localhost:9443/carbon/admin/index.jsp?loginStatus=true" "Mozilla/5.0 (Windows NT 10.0; Win64; x64) AppleWebKit/537.36 (KHTML, like Gecko) Chrome/62.0.3202.94 Safari/537.36"
0:0:0:0:0:0:0:1 - - [30/Nov/2017:19:54:16 +0530] "GET /carbon/admin/css/global.css HTTP/1.1" 200 5311 "https://localhost:9443/carbon/admin/login.jsp" "Mozilla/5.0 (Windows NT 10.0; Win64; x64) AppleWebKit/537.36 (KHTML, like Gecko) Chrome/62.0.3202.94 Safari/537.36"
0:0:0:0:0:0:0:1 - - [30/Nov/2017:19:54:16 +0530] "GET /carbon/styles/css/main.css HTTP/1.1" 200 1240 "https://localhost:9443/carbon/admin/login.jsp" "Mozilla/5.0 (Windows NT 10.0; Win64; x64) AppleWebKit/537.36 (KHTML, like Gecko) Chrome/62.0.3202.94 Safari/537.36"
0:0:0:0:0:0:0:1 - - [30/Nov/2017:19:54:16 +0530] "GET /carbon/dialog/css/dialog.css HTTP/1.1" 200 556 "https://localhost:9443/carbon/admin/login.jsp" "Mozilla/5.0 (Windows NT 10.0; Win64; x64) AppleWebKit/537.36 (KHTML, like Gecko) Chrome/62.0.3202.94 Safari/537.36"
0:0:0:0:0:0:0:1 - - [30/Nov/2017:19:54:16 +0530] "GET /carbon/admin/css/carbonFormStyles.css HTTP/1.1" 200 2050 "https://localhost:9443/carbon/admin/login.jsp" "Mozilla/5.0 (Windows NT 10.0; Win64; x64) AppleWebKit/537.36 (KHTML, like Gecko) Chrome/62.0.3202.94 Safari/537.36"
0:0:0:0:0:0:0:1 - - [30/Nov/2017:19:54:16 +0530] "GET /carbon/dialog/css/jqueryui/jqueryui-themeroller.css HTTP/1.1" 200 4020 "https://localhost:9443/carbon/admin/login.jsp" "Mozilla/5.0 (Windows NT 10.0; Win64; x64) AppleWebKit/537.36 (KHTML, like Gecko) Chrome/62.0.3202.94 Safari/537.36"
0:0:0:0:0:0:0:1 - - [30/Nov/2017:19:54:16 +0530] "GET /carbon/admin/js/csrfPrevention.js HTTP/1.1" 200 4410 "https://localhost:9443/carbon/admin/login.jsp" "Mozilla/5.0 (Windows NT 10.0; Win64; x64) AppleWebKit/537.36 (KHTML, like Gecko) Chrome/62.0.3202.94 Safari/537.36"
0:0:0:0:0:0:0:1 - - [30/Nov/2017:19:54:16 +0530] "POST /carbon/admin/js/csrfPrevention.js HTTP/1.1" 200 63 "https://localhost:9443/carbon/admin/login.jsp" "Mozilla/5.0 (Windows NT 10.0; Win64; x64) AppleWebKit/537.36 (KHTML, like Gecko) Chrome/62.0.3202.94 Safari/537.36"
0:0:0:0:0:0:0:1 - - [30/Nov/2017:19:54:16 +0530] "GET /carbon/admin/images/menu_header.gif HTTP/1.1" 404 823 "https://localhost:9443/carbon/styles/css/main.css" "Mozilla/5.0 (Windows NT 10.0; Win64; x64) AppleWebKit/537.36 (KHTML, like Gecko) Chrome/62.0.3202.94 Safari/537.36"
0:0:0:0:0:0:0:1 - - [30/Nov/2017:19:54:27 +0530] "-" 400 - "-" "-"
0:0:0:0:0:0:0:1 - - [30/Nov/2017:19:54:27 +0530] "-" 400 - "-" "-"
0:0:0:0:0:0:0:1 - - [30/Nov/2017:19:54:34 +0530] "GET /carbon HTTP/1.1" 302 - "-" "Mozilla/5.0 (Windows NT 10.0; Win64; x64) AppleWebKit/537.36 (KHTML, like Gecko) Chrome/62.0.3202.94 Safari/537.36"
0:0:0:0:0:0:0:1 - - [30/Nov/2017:19:54:34 +0530] "GET /carbon/admin/index.jsp HTTP/1.1" 302 - "-" "Mozilla/5.0 (Windows NT 10.0; Win64; x64) AppleWebKit/537.36 (KHTML, like Gecko) Chrome/62.0.3202.94 Safari/537.36"
0:0:0:0:0:0:0:1 - - [30/Nov/2017:19:54:34 +0530] "GET /carbon/admin/login.jsp HTTP/1.1" 200 3627 "-" "Mozilla/5.0 (Windows NT 10.0; Win64; x64) AppleWebKit/537.36 (KHTML, like Gecko) Chrome/62.0.3202.94 Safari/537.36"
0:0:0:0:0:0:0:1 - - [30/Nov/2017:19:54:34 +0530] "GET /carbon/styles/css/main.css HTTP/1.1" 200 1240 "http://localhost:9763/carbon/admin/login.jsp" "Mozilla/5.0 (Windows NT 10.0; Win64; x64) AppleWebKit/537.36 (KHTML, like Gecko) Chrome/62.0.3202.94 Safari/537.36"
0:0:0:0:0:0:0:1 - - [30/Nov/2017:19:54:34 +0530] "GET /carbon/dialog/css/jqueryui/jqueryui-themeroller.css HTTP/1.1" 200 4020 "http://localhost:9763/carbon/admin/login.jsp" "Mozilla/5.0 (Windows NT 10.0; Win64; x64) AppleWebKit/537.36 (KHTML, like Gecko) Chrome/62.0.3202.94 Safari/537.36"
0:0:0:0:0:0:0:1 - - [30/Nov/2017:19:54:34 +0530] "GET /carbon/admin/css/global.css HTTP/1.1" 200 5311 "http://localhost:9763/carbon/admin/login.jsp" "Mozilla/5.0 (Windows NT 10.0; Win64; x64) AppleWebKit/537.36 (KHTML, like Gecko) Chrome/62.0.3202.94 Safari/537.36"
0:0:0:0:0:0:0:1 - - [30/Nov/2017:19:54:34 +0530] "GET /carbon/dialog/css/dialog.css HTTP/1.1" 200 556 "http://localhost:9763/carbon/admin/login.jsp" "Mozilla/5.0 (Windows NT 10.0; Win64; x64) AppleWebKit/537.36 (KHTML, like Gecko) Chrome/62.0.3202.94 Safari/537.36"
0:0:0:0:0:0:0:1 - - [30/Nov/2017:19:54:34 +0530] "GET /carbon/admin/css/carbonFormStyles.css HTTP/1.1" 200 2050 "http://localhost:9763/carbon/admin/login.jsp" "Mozilla/5.0 (Windows NT 10.0; Win64; x64) AppleWebKit/537.36 (KHTML, like Gecko) Chrome/62.0.3202.94 Safari/537.36"
0:0:0:0:0:0:0:1 - - [30/Nov/2017:19:54:34 +0530] "GET /carbon/admin/js/csrfPrevention.js HTTP/1.1" 200 4410 "http://localhost:9763/carbon/admin/login.jsp" "Mozilla/5.0 (Windows NT 10.0; Win64; x64) AppleWebKit/537.36 (KHTML, like Gecko) Chrome/62.0.3202.94 Safari/537.36"
0:0:0:0:0:0:0:1 - - [30/Nov/2017:19:54:34 +0530] "GET /carbon/admin/js/jquery-1.6.3.min.js HTTP/1.1" 200 32564 "http://localhost:9763/carbon/admin/login.jsp" "Mozilla/5.0 (Windows NT 10.0; Win64; x64) AppleWebKit/537.36 (KHTML, like Gecko) Chrome/62.0.3202.94 Safari/537.36"
0:0:0:0:0:0:0:1 - - [30/Nov/2017:19:54:35 +0530] "GET /carbon/admin/js/jquery.form.js HTTP/1.1" 200 6750 "http://localhost:9763/carbon/admin/login.jsp" "Mozilla/5.0 (Windows NT 10.0; Win64; x64) AppleWebKit/537.36 (KHTML, like Gecko) Chrome/62.0.3202.94 Safari/537.36"
0:0:0:0:0:0:0:1 - - [30/Nov/2017:19:54:35 +0530] "GET /carbon/dialog/js/jqueryui/jquery-ui.min.js HTTP/1.1" 200 25705 "http://localhost:9763/carbon/admin/login.jsp" "Mozilla/5.0 (Windows NT 10.0; Win64; x64) AppleWebKit/537.36 (KHTML, like Gecko) Chrome/62.0.3202.94 Safari/537.36"
0:0:0:0:0:0:0:1 - - [30/Nov/2017:19:54:35 +0530] "GET /carbon/admin/js/jquery.cookie.js HTTP/1.1" 200 1529 "http://localhost:9763/carbon/admin/login.jsp" "Mozilla/5.0 (Windows NT 10.0; Win64; x64) AppleWebKit/537.36 (KHTML, like Gecko) Chrome/62.0.3202.94 Safari/537.36"
0:0:0:0:0:0:0:1 - - [30/Nov/2017:19:54:35 +0530] "GET /carbon/admin/js/jquery.validate.js HTTP/1.1" 200 10290 "http://localhost:9763/carbon/admin/login.jsp" "Mozilla/5.0 (Windows NT 10.0; Win64; x64) AppleWebKit/537.36 (KHTML, like Gecko) Chrome/62.0.3202.94 Safari/537.36"
0:0:0:0:0:0:0:1 - - [30/Nov/2017:19:54:35 +0530] "GET /carbon/admin/js/jquery.ui.core.min.js HTTP/1.1" 200 1996 "http://localhost:9763/carbon/admin/login.jsp" "Mozilla/5.0 (Windows NT 10.0; Win64; x64) AppleWebKit/537.36 (KHTML, like Gecko) Chrome/62.0.3202.94 Safari/537.36"
0:0:0:0:0:0:0:1 - - [30/Nov/2017:19:54:35 +0530] "GET /carbon/admin/js/jquery.ui.tabs.min.js HTTP/1.1" 200 3594 "http://localhost:9763/carbon/admin/login.jsp" "Mozilla/5.0 (Windows NT 10.0; Win64; x64) AppleWebKit/537.36 (KHTML, like Gecko) Chrome/62.0.3202.94 Safari/537.36"
0:0:0:0:0:0:0:1 - - [30/Nov/2017:19:54:35 +0530] "GET /carbon/admin/js/main.js HTTP/1.1" 200 15376 "http://localhost:9763/carbon/admin/login.jsp" "Mozilla/5.0 (Windows NT 10.0; Win64; x64) AppleWebKit/537.36 (KHTML, like Gecko) Chrome/62.0.3202.94 Safari/537.36"
0:0:0:0:0:0:0:1 - - [30/Nov/2017:19:54:35 +0530] "GET /carbon/admin/js/jquery.ui.widget.min.js HTTP/1.1" 200 1344 "http://localhost:9763/carbon/admin/login.jsp" "Mozilla/5.0 (Windows NT 10.0; Win64; x64) AppleWebKit/537.36 (KHTML, like Gecko) Chrome/62.0.3202.94 Safari/537.36"
0:0:0:0:0:0:0:1 - - [30/Nov/2017:19:54:35 +0530] "POST /carbon/admin/js/csrfPrevention.js HTTP/1.1" 200 63 "http://localhost:9763/carbon/admin/login.jsp" "Mozilla/5.0 (Windows NT 10.0; Win64; x64) AppleWebKit/537.36 (KHTML, like Gecko) Chrome/62.0.3202.94 Safari/537.36"
0:0:0:0:0:0:0:1 - - [30/Nov/2017:19:54:35 +0530] "GET /carbon/admin/js/WSRequest.js HTTP/1.1" 200 12981 "http://localhost:9763/carbon/admin/login.jsp" "Mozilla/5.0 (Windows NT 10.0; Win64; x64) AppleWebKit/537.36 (KHTML, like Gecko) Chrome/62.0.3202.94 Safari/537.36"
0:0:0:0:0:0:0:1 - - [30/Nov/2017:19:54:35 +0530] "GET /carbon/admin/js/cookies.js HTTP/1.1" 200 1136 "http://localhost:9763/carbon/admin/login.jsp" "Mozilla/5.0 (Windows NT 10.0; Win64; x64) AppleWebKit/537.36 (KHTML, like Gecko) Chrome/62.0.3202.94 Safari/537.36"
0:0:0:0:0:0:0:1 - - [30/Nov/2017:19:54:35 +0530] "GET /carbon/admin/js/customControls.js HTTP/1.1" 200 1193 "http://localhost:9763/carbon/admin/login.jsp" "Mozilla/5.0 (Windows NT 10.0; Win64; x64) AppleWebKit/537.36 (KHTML, like Gecko) Chrome/62.0.3202.94 Safari/537.36"
0:0:0:0:0:0:0:1 - - [30/Nov/2017:19:54:35 +0530] "GET /carbon/dialog/js/dialog.js HTTP/1.1" 200 2206 "http://localhost:9763/carbon/admin/login.jsp" "Mozilla/5.0 (Windows NT 10.0; Win64; x64) AppleWebKit/537.36 (KHTML, like Gecko) Chrome/62.0.3202.94 Safari/537.36"
0:0:0:0:0:0:0:1 - - [30/Nov/2017:19:54:35 +0530] "GET /carbon/yui/build/animation/animation-min.js HTTP/1.1" 200 4768 "http://localhost:9763/carbon/admin/login.jsp" "Mozilla/5.0 (Windows NT 10.0; Win64; x64) AppleWebKit/537.36 (KHTML, like Gecko) Chrome/62.0.3202.94 Safari/537.36"
0:0:0:0:0:0:0:1 - - [30/Nov/2017:19:54:35 +0530] "GET /carbon/yui/build/yahoo-dom-event/yahoo-dom-event.js HTTP/1.1" 200 10684 "http://localhost:9763/carbon/admin/login.jsp" "Mozilla/5.0 (Windows NT 10.0; Win64; x64) AppleWebKit/537.36 (KHTML, like Gecko) Chrome/62.0.3202.94 Safari/537.36"
0:0:0:0:0:0:0:1 - - [30/Nov/2017:19:54:35 +0530] "GET /carbon/yui/build/yahoo/yahoo-min.js HTTP/1.1" 200 2523 "http://localhost:9763/carbon/admin/login.jsp" "Mozilla/5.0 (Windows NT 10.0; Win64; x64) AppleWebKit/537.36 (KHTML, like Gecko) Chrome/62.0.3202.94 Safari/537.36"
0:0:0:0:0:0:0:1 - - [30/Nov/2017:19:54:35 +0530] "GET /carbon/admin/js/template.js HTTP/1.1" 200 3390 "http://localhost:9763/carbon/admin/login.jsp" "Mozilla/5.0 (Windows NT 10.0; Win64; x64) AppleWebKit/537.36 (KHTML, like Gecko) Chrome/62.0.3202.94 Safari/537.36"
0:0:0:0:0:0:0:1 - - [30/Nov/2017:19:54:35 +0530] "GET /carbon/yui/build/selector/selector-min.js HTTP/1.1" 200 2895 "http://localhost:9763/carbon/admin/login.jsp" "Mozilla/5.0 (Windows NT 10.0; Win64; x64) AppleWebKit/537.36 (KHTML, like Gecko) Chrome/62.0.3202.94 Safari/537.36"
0:0:0:0:0:0:0:1 - - [30/Nov/2017:19:54:35 +0530] "GET /carbon/admin/images/1px.gif HTTP/1.1" 200 43 "http://localhost:9763/carbon/admin/login.jsp" "Mozilla/5.0 (Windows NT 10.0; Win64; x64) AppleWebKit/537.36 (KHTML, like Gecko) Chrome/62.0.3202.94 Safari/537.36"
0:0:0:0:0:0:0:1 - - [30/Nov/2017:19:54:35 +0530] "GET /carbon/admin/images/up-arrow.gif HTTP/1.1" 200 615 "http://localhost:9763/carbon/admin/login.jsp" "Mozilla/5.0 (Windows NT 10.0; Win64; x64) AppleWebKit/537.36 (KHTML, like Gecko) Chrome/62.0.3202.94 Safari/537.36"
0:0:0:0:0:0:0:1 - - [30/Nov/2017:19:54:35 +0530] "GET /carbon/admin/images/issue-tracker.gif HTTP/1.1" 200 1821 "http://localhost:9763/carbon/admin/login.jsp" "Mozilla/5.0 (Windows NT 10.0; Win64; x64) AppleWebKit/537.36 (KHTML, like Gecko) Chrome/62.0.3202.94 Safari/537.36"
0:0:0:0:0:0:0:1 - - [30/Nov/2017:19:54:35 +0530] "GET /carbon/admin/images/user-guide.gif HTTP/1.1" 200 2228 "http://localhost:9763/carbon/admin/login.jsp" "Mozilla/5.0 (Windows NT 10.0; Win64; x64) AppleWebKit/537.36 (KHTML, like Gecko) Chrome/62.0.3202.94 Safari/537.36"
0:0:0:0:0:0:0:1 - - [30/Nov/2017:19:54:35 +0530] "GET /carbon/admin/images/forum.gif HTTP/1.1" 200 1977 "http://localhost:9763/carbon/admin/login.jsp" "Mozilla/5.0 (Windows NT 10.0; Win64; x64) AppleWebKit/537.36 (KHTML, like Gecko) Chrome/62.0.3202.94 Safari/537.36"
0:0:0:0:0:0:0:1 - - [30/Nov/2017:19:54:35 +0530] "GET /carbon/admin/images/mailing-list.gif HTTP/1.1" 200 2131 "http://localhost:9763/carbon/admin/login.jsp" "Mozilla/5.0 (Windows NT 10.0; Win64; x64) AppleWebKit/537.36 (KHTML, like Gecko) Chrome/62.0.3202.94 Safari/537.36"
0:0:0:0:0:0:0:1 - - [30/Nov/2017:19:54:35 +0530] "GET /carbon/styles/images/api-header-region-bg.png HTTP/1.1" 200 255 "http://localhost:9763/carbon/styles/css/main.css" "Mozilla/5.0 (Windows NT 10.0; Win64; x64) AppleWebKit/537.36 (KHTML, like Gecko) Chrome/62.0.3202.94 Safari/537.36"
0:0:0:0:0:0:0:1 - - [30/Nov/2017:19:54:35 +0530] "GET /carbon/styles/images/api-header-back.png HTTP/1.1" 200 22845 "http://localhost:9763/carbon/styles/css/main.css" "Mozilla/5.0 (Windows NT 10.0; Win64; x64) AppleWebKit/537.36 (KHTML, like Gecko) Chrome/62.0.3202.94 Safari/537.36"
0:0:0:0:0:0:0:1 - - [30/Nov/2017:19:54:35 +0530] "GET /carbon/styles/images/api-logo.png HTTP/1.1" 200 4077 "http://localhost:9763/carbon/styles/css/main.css" "Mozilla/5.0 (Windows NT 10.0; Win64; x64) AppleWebKit/537.36 (KHTML, like Gecko) Chrome/62.0.3202.94 Safari/537.36"
0:0:0:0:0:0:0:1 - - [30/Nov/2017:19:54:35 +0530] "GET /carbon/styles/images/api-server-menu-panel-bg.png HTTP/1.1" 200 218 "http://localhost:9763/carbon/styles/css/main.css" "Mozilla/5.0 (Windows NT 10.0; Win64; x64) AppleWebKit/537.36 (KHTML, like Gecko) Chrome/62.0.3202.94 Safari/537.36"
0:0:0:0:0:0:0:1 - - [30/Nov/2017:19:54:35 +0530] "GET /carbon/admin/images/leftRightSlider-dark.png HTTP/1.1" 200 1421 "http://localhost:9763/carbon/admin/css/global.css" "Mozilla/5.0 (Windows NT 10.0; Win64; x64) AppleWebKit/537.36 (KHTML, like Gecko) Chrome/62.0.3202.94 Safari/537.36"
0:0:0:0:0:0:0:1 - - [30/Nov/2017:19:54:35 +0530] "GET /carbon/admin/images/menu_header.gif HTTP/1.1" 404 823 "http://localhost:9763/carbon/styles/css/main.css" "Mozilla/5.0 (Windows NT 10.0; Win64; x64) AppleWebKit/537.36 (KHTML, like Gecko) Chrome/62.0.3202.94 Safari/537.36"
0:0:0:0:0:0:0:1 - - [30/Nov/2017:19:54:35 +0530] "GET /carbon/styles/images/api-server-menu-header.gif HTTP/1.1" 200 176 "http://localhost:9763/carbon/styles/css/main.css" "Mozilla/5.0 (Windows NT 10.0; Win64; x64) AppleWebKit/537.36 (KHTML, like Gecko) Chrome/62.0.3202.94 Safari/537.36"
0:0:0:0:0:0:0:1 - - [30/Nov/2017:19:54:35 +0530] "GET /carbon/admin/images/help.gif HTTP/1.1" 200 411 "http://localhost:9763/carbon/admin/css/global.css" "Mozilla/5.0 (Windows NT 10.0; Win64; x64) AppleWebKit/537.36 (KHTML, like Gecko) Chrome/62.0.3202.94 Safari/537.36"
0:0:0:0:0:0:0:1 - - [30/Nov/2017:19:54:35 +0530] "GET /carbon/admin/images/favicon.ico HTTP/1.1" 200 9889 "http://localhost:9763/carbon/admin/login.jsp" "Mozilla/5.0 (Windows NT 10.0; Win64; x64) AppleWebKit/537.36 (KHTML, like Gecko) Chrome/62.0.3202.94 Safari/537.36"
0:0:0:0:0:0:0:1 - - [30/Nov/2017:19:54:40 +0530] "POST /carbon/admin/login_action.jsp HTTP/1.1" 302 - "http://localhost:9763/carbon/admin/login.jsp" "Mozilla/5.0 (Windows NT 10.0; Win64; x64) AppleWebKit/537.36 (KHTML, like Gecko) Chrome/62.0.3202.94 Safari/537.36"
0:0:0:0:0:0:0:1 - - [30/Nov/2017:19:54:40 +0530] "GET /carbon/admin/index.jsp?loginStatus=true HTTP/1.1" 302 - "http://localhost:9763/carbon/admin/login.jsp" "Mozilla/5.0 (Windows NT 10.0; Win64; x64) AppleWebKit/537.36 (KHTML, like Gecko) Chrome/62.0.3202.94 Safari/537.36"
0:0:0:0:0:0:0:1 - - [30/Nov/2017:19:54:40 +0530] "GET /carbon/admin/login.jsp HTTP/1.1" 200 3630 "http://localhost:9763/carbon/admin/login.jsp" "Mozilla/5.0 (Windows NT 10.0; Win64; x64) AppleWebKit/537.36 (KHTML, like Gecko) Chrome/62.0.3202.94 Safari/537.36"
0:0:0:0:0:0:0:1 - - [30/Nov/2017:19:54:40 +0530] "GET /carbon/admin/js/csrfPrevention.js HTTP/1.1" 200 4410 "http://localhost:9763/carbon/admin/login.jsp" "Mozilla/5.0 (Windows NT 10.0; Win64; x64) AppleWebKit/537.36 (KHTML, like Gecko) Chrome/62.0.3202.94 Safari/537.36"
0:0:0:0:0:0:0:1 - - [30/Nov/2017:19:54:40 +0530] "POST /carbon/admin/js/csrfPrevention.js HTTP/1.1" 200 63 "http://localhost:9763/carbon/admin/login.jsp" "Mozilla/5.0 (Windows NT 10.0; Win64; x64) AppleWebKit/537.36 (KHTML, like Gecko) Chrome/62.0.3202.94 Safari/537.36"
0:0:0:0:0:0:0:1 - - [30/Nov/2017:19:54:40 +0530] "GET /carbon/admin/images/menu_header.gif HTTP/1.1" 404 823 "http://localhost:9763/carbon/styles/css/main.css" "Mozilla/5.0 (Windows NT 10.0; Win64; x64) AppleWebKit/537.36 (KHTML, like Gecko) Chrome/62.0.3202.94 Safari/537.36"
0:0:0:0:0:0:0:1 - - [30/Nov/2017:21:05:57 +0530] "GET /store/ HTTP/1.1" 200 8746 "-" "Mozilla/5.0 (Windows NT 10.0; Win64; x64; rv:57.0) Gecko/20100101 Firefox/57.0"
0:0:0:0:0:0:0:1 - - [30/Nov/2017:21:05:59 +0530] "POST /store/jagg/jaggery_acs.jag HTTP/1.1" 302 - "https://localhost:9444/samlsso" "Mozilla/5.0 (Windows NT 10.0; Win64; x64; rv:57.0) Gecko/20100101 Firefox/57.0"
0:0:0:0:0:0:0:1 - - [30/Nov/2017:21:05:59 +0530] "GET /store/ HTTP/1.1" 200 8742 "https://localhost:9444/samlsso" "Mozilla/5.0 (Windows NT 10.0; Win64; x64; rv:57.0) Gecko/20100101 Firefox/57.0"
0:0:0:0:0:0:0:1 - - [30/Nov/2017:21:06:00 +0530] "POST /store/jagg/jaggery_acs.jag HTTP/1.1" 302 - "https://localhost:9444/samlsso" "Mozilla/5.0 (Windows NT 10.0; Win64; x64; rv:57.0) Gecko/20100101 Firefox/57.0"
0:0:0:0:0:0:0:1 - - [30/Nov/2017:21:06:00 +0530] "GET /store/ HTTP/1.1" 200 8742 "https://localhost:9444/samlsso" "Mozilla/5.0 (Windows NT 10.0; Win64; x64; rv:57.0) Gecko/20100101 Firefox/57.0"
0:0:0:0:0:0:0:1 - - [30/Nov/2017:21:06:00 +0530] "POST /store/jagg/jaggery_acs.jag HTTP/1.1" 302 - "https://localhost:9444/samlsso" "Mozilla/5.0 (Windows NT 10.0; Win64; x64; rv:57.0) Gecko/20100101 Firefox/57.0"
0:0:0:0:0:0:0:1 - - [30/Nov/2017:21:06:01 +0530] "GET /store/ HTTP/1.1" 200 8748 "https://localhost:9444/samlsso" "Mozilla/5.0 (Windows NT 10.0; Win64; x64; rv:57.0) Gecko/20100101 Firefox/57.0"
0:0:0:0:0:0:0:1 - - [30/Nov/2017:21:06:01 +0530] "POST /store/jagg/jaggery_acs.jag HTTP/1.1" 302 - "https://localhost:9444/samlsso" "Mozilla/5.0 (Windows NT 10.0; Win64; x64; rv:57.0) Gecko/20100101 Firefox/57.0"
0:0:0:0:0:0:0:1 - - [30/Nov/2017:21:06:02 +0530] "GET /store/ HTTP/1.1" 200 8753 "https://localhost:9444/samlsso" "Mozilla/5.0 (Windows NT 10.0; Win64; x64; rv:57.0) Gecko/20100101 Firefox/57.0"
0:0:0:0:0:0:0:1 - - [30/Nov/2017:21:06:02 +0530] "POST /store/jagg/jaggery_acs.jag HTTP/1.1" 302 - "https://localhost:9444/samlsso" "Mozilla/5.0 (Windows NT 10.0; Win64; x64; rv:57.0) Gecko/20100101 Firefox/57.0"
0:0:0:0:0:0:0:1 - - [30/Nov/2017:21:06:02 +0530] "GET /store/ HTTP/1.1" 200 8744 "https://localhost:9444/samlsso" "Mozilla/5.0 (Windows NT 10.0; Win64; x64; rv:57.0) Gecko/20100101 Firefox/57.0"
0:0:0:0:0:0:0:1 - - [30/Nov/2017:21:06:03 +0530] "POST /store/jagg/jaggery_acs.jag HTTP/1.1" 302 - "https://localhost:9444/samlsso" "Mozilla/5.0 (Windows NT 10.0; Win64; x64; rv:57.0) Gecko/20100101 Firefox/57.0"
0:0:0:0:0:0:0:1 - - [30/Nov/2017:21:06:03 +0530] "GET /carbon HTTP/1.1" 302 - "-" "Mozilla/5.0 (Windows NT 10.0; Win64; x64; rv:57.0) Gecko/20100101 Firefox/57.0"
0:0:0:0:0:0:0:1 - - [30/Nov/2017:21:06:03 +0530] "GET /carbon/admin/index.jsp HTTP/1.1" 302 - "-" "Mozilla/5.0 (Windows NT 10.0; Win64; x64; rv:57.0) Gecko/20100101 Firefox/57.0"
0:0:0:0:0:0:0:1 - - [30/Nov/2017:21:06:03 +0530] "GET /store/ HTTP/1.1" 200 8744 "https://localhost:9444/samlsso" "Mozilla/5.0 (Windows NT 10.0; Win64; x64; rv:57.0) Gecko/20100101 Firefox/57.0"
0:0:0:0:0:0:0:1 - - [30/Nov/2017:21:06:04 +0530] "POST /store/jagg/jaggery_acs.jag HTTP/1.1" 302 - "https://localhost:9444/samlsso" "Mozilla/5.0 (Windows NT 10.0; Win64; x64; rv:57.0) Gecko/20100101 Firefox/57.0"
0:0:0:0:0:0:0:1 - - [30/Nov/2017:21:06:04 +0530] "GET /store/ HTTP/1.1" 200 8750 "https://localhost:9444/samlsso" "Mozilla/5.0 (Windows NT 10.0; Win64; x64; rv:57.0) Gecko/20100101 Firefox/57.0"
0:0:0:0:0:0:0:1 - - [30/Nov/2017:21:06:10 +0530] "GET /carbon/admin/login.jsp HTTP/1.1" 200 4311 "-" "Mozilla/5.0 (Windows NT 10.0; Win64; x64; rv:57.0) Gecko/20100101 Firefox/57.0"
0:0:0:0:0:0:0:1 - - [30/Nov/2017:21:06:10 +0530] "GET /carbon/admin/js/csrfPrevention.js HTTP/1.1" 200 4400 "http://localhost:9763/carbon/admin/login.jsp" "Mozilla/5.0 (Windows NT 10.0; Win64; x64; rv:57.0) Gecko/20100101 Firefox/57.0"
0:0:0:0:0:0:0:1 - - [30/Nov/2017:21:06:10 +0530] "POST /carbon/admin/js/csrfPrevention.js HTTP/1.1" 200 52 "http://localhost:9763/carbon/admin/login.jsp" "Mozilla/5.0 (Windows NT 10.0; Win64; x64; rv:57.0) Gecko/20100101 Firefox/57.0"
0:0:0:0:0:0:0:1 - - [30/Nov/2017:21:06:10 +0530] "GET /carbon/admin/images/menu_header.gif HTTP/1.1" 404 823 "http://localhost:9763/carbon/styles/css/main.css" "Mozilla/5.0 (Windows NT 10.0; Win64; x64; rv:57.0) Gecko/20100101 Firefox/57.0"
0:0:0:0:0:0:0:1 - - [30/Nov/2017:21:06:21 +0530] "POST /carbon/admin/login_action.jsp HTTP/1.1" 302 - "http://localhost:9763/carbon/admin/login.jsp" "Mozilla/5.0 (Windows NT 10.0; Win64; x64; rv:57.0) Gecko/20100101 Firefox/57.0"
0:0:0:0:0:0:0:1 - - [30/Nov/2017:21:06:21 +0530] "GET /carbon/admin/index.jsp?loginStatus=true HTTP/1.1" 302 - "http://localhost:9763/carbon/admin/login.jsp" "Mozilla/5.0 (Windows NT 10.0; Win64; x64; rv:57.0) Gecko/20100101 Firefox/57.0"
0:0:0:0:0:0:0:1 - - [30/Nov/2017:21:06:22 +0530] "GET /carbon/admin/login.jsp HTTP/1.1" 200 4310 "http://localhost:9763/carbon/admin/login.jsp" "Mozilla/5.0 (Windows NT 10.0; Win64; x64; rv:57.0) Gecko/20100101 Firefox/57.0"
0:0:0:0:0:0:0:1 - - [30/Nov/2017:21:06:22 +0530] "GET /carbon/admin/js/csrfPrevention.js HTTP/1.1" 200 4400 "http://localhost:9763/carbon/admin/login.jsp" "Mozilla/5.0 (Windows NT 10.0; Win64; x64; rv:57.0) Gecko/20100101 Firefox/57.0"
0:0:0:0:0:0:0:1 - - [30/Nov/2017:21:06:22 +0530] "POST /carbon/admin/js/csrfPrevention.js HTTP/1.1" 200 52 "http://localhost:9763/carbon/admin/login.jsp" "Mozilla/5.0 (Windows NT 10.0; Win64; x64; rv:57.0) Gecko/20100101 Firefox/57.0"
0:0:0:0:0:0:0:1 - - [30/Nov/2017:21:06:22 +0530] "GET /carbon/admin/images/menu_header.gif HTTP/1.1" 404 823 "http://localhost:9763/carbon/styles/css/main.css" "Mozilla/5.0 (Windows NT 10.0; Win64; x64; rv:57.0) Gecko/20100101 Firefox/57.0"
0:0:0:0:0:0:0:1 - - [30/Nov/2017:21:18:40 +0530] "POST /carbon/admin/login_action.jsp HTTP/1.1" 302 - "http://localhost:9763/carbon/admin/login.jsp" "Mozilla/5.0 (Windows NT 10.0; Win64; x64; rv:57.0) Gecko/20100101 Firefox/57.0"
0:0:0:0:0:0:0:1 - - [30/Nov/2017:21:18:40 +0530] "GET /carbon/admin/index.jsp?loginStatus=true HTTP/1.1" 302 - "http://localhost:9763/carbon/admin/login.jsp" "Mozilla/5.0 (Windows NT 10.0; Win64; x64; rv:57.0) Gecko/20100101 Firefox/57.0"
0:0:0:0:0:0:0:1 - - [30/Nov/2017:21:18:40 +0530] "GET /carbon/admin/login.jsp HTTP/1.1" 200 4313 "http://localhost:9763/carbon/admin/login.jsp" "Mozilla/5.0 (Windows NT 10.0; Win64; x64; rv:57.0) Gecko/20100101 Firefox/57.0"
0:0:0:0:0:0:0:1 - - [30/Nov/2017:21:18:40 +0530] "GET /carbon/admin/js/csrfPrevention.js HTTP/1.1" 200 4400 "http://localhost:9763/carbon/admin/login.jsp" "Mozilla/5.0 (Windows NT 10.0; Win64; x64; rv:57.0) Gecko/20100101 Firefox/57.0"
0:0:0:0:0:0:0:1 - - [30/Nov/2017:21:18:40 +0530] "POST /carbon/admin/js/csrfPrevention.js HTTP/1.1" 200 52 "http://localhost:9763/carbon/admin/login.jsp" "Mozilla/5.0 (Windows NT 10.0; Win64; x64; rv:57.0) Gecko/20100101 Firefox/57.0"
0:0:0:0:0:0:0:1 - - [30/Nov/2017:21:18:40 +0530] "GET /carbon/admin/images/menu_header.gif HTTP/1.1" 404 823 "http://localhost:9763/carbon/styles/css/main.css" "Mozilla/5.0 (Windows NT 10.0; Win64; x64; rv:57.0) Gecko/20100101 Firefox/57.0"
