18:53:36,187 [-] [PassThroughMessageProcessor-1]  INFO TRACE_LOGGER Start : Sequence <S.COM/admin-AT-carbon.super--SecurityService:vv1--In>
18:53:36,247 [-] [PassThroughMessageProcessor-1]  WARN TRACE_LOGGER onError handler : custom_fault_handler_test for sequence : S.COM/admin-AT-carbon.super--SecurityService:vv1--In cannot be found
18:53:36,269 [-] [PassThroughMessageProcessor-1]  INFO TRACE_LOGGER Sequence <SequenceMediator> :: mediate()
18:53:36,270 [-] [PassThroughMessageProcessor-1]  INFO TRACE_LOGGER Mediation started from mediator position : 0
18:53:36,271 [-] [PassThroughMessageProcessor-1]  INFO TRACE_LOGGER Building message. Sequence <SequenceMediator> is content aware
18:53:36,453 [-] [PassThroughMessageProcessor-1]  INFO TRACE_LOGGER Building message. Sequence <SequenceMediator> is content aware
18:53:36,481 [-] [PassThroughMessageProcessor-1]  INFO TRACE_LOGGER End : Sequence <S.COM/admin-AT-carbon.super--SecurityService:vv1--In>
18:54:28,918 [-] [PassThroughMessageProcessor-3]  INFO TRACE_LOGGER Start : Sequence <S.COM/admin-AT-carbon.super--SecurityService:vv1--In>
18:54:29,008 [-] [PassThroughMessageProcessor-3]  WARN TRACE_LOGGER onError handler : custom_fault_handler_test for sequence : S.COM/admin-AT-carbon.super--SecurityService:vv1--In cannot be found
18:54:29,009 [-] [PassThroughMessageProcessor-3]  INFO TRACE_LOGGER Sequence <SequenceMediator> :: mediate()
18:54:29,009 [-] [PassThroughMessageProcessor-3]  INFO TRACE_LOGGER Mediation started from mediator position : 0
18:54:29,009 [-] [PassThroughMessageProcessor-3]  INFO TRACE_LOGGER Building message. Sequence <SequenceMediator> is content aware
18:54:29,019 [-] [PassThroughMessageProcessor-3]  INFO TRACE_LOGGER Building message. Sequence <SequenceMediator> is content aware
18:54:29,022 [-] [PassThroughMessageProcessor-3]  INFO TRACE_LOGGER End : Sequence <S.COM/admin-AT-carbon.super--SecurityService:vv1--In>
18:54:56,918 [-] [PassThroughMessageProcessor-5]  INFO TRACE_LOGGER Start : Sequence <S.COM/admin-AT-carbon.super--SecurityService:vv1--In>
18:54:59,669 [-] [PassThroughMessageProcessor-5]  WARN TRACE_LOGGER onError handler : custom_fault_handler_test for sequence : S.COM/admin-AT-carbon.super--SecurityService:vv1--In cannot be found
18:54:59,804 [-] [PassThroughMessageProcessor-5]  INFO TRACE_LOGGER Sequence <SequenceMediator> :: mediate()
18:54:59,805 [-] [PassThroughMessageProcessor-5]  INFO TRACE_LOGGER Mediation started from mediator position : 0
18:54:59,805 [-] [PassThroughMessageProcessor-5]  INFO TRACE_LOGGER Building message. Sequence <SequenceMediator> is content aware
18:54:59,816 [-] [PassThroughMessageProcessor-5]  INFO TRACE_LOGGER Building message. Sequence <SequenceMediator> is content aware
18:54:59,816 [-] [PassThroughMessageProcessor-5]  INFO TRACE_LOGGER End : Sequence <S.COM/admin-AT-carbon.super--SecurityService:vv1--In>
18:55:02,077 [-] [PassThroughMessageProcessor-7]  INFO TRACE_LOGGER Start : Sequence <S.COM/admin-AT-carbon.super--SecurityService:vv1--In>
18:55:02,097 [-] [PassThroughMessageProcessor-7]  WARN TRACE_LOGGER onError handler : custom_fault_handler_test for sequence : S.COM/admin-AT-carbon.super--SecurityService:vv1--In cannot be found
18:55:02,098 [-] [PassThroughMessageProcessor-7]  INFO TRACE_LOGGER Sequence <SequenceMediator> :: mediate()
18:55:02,098 [-] [PassThroughMessageProcessor-7]  INFO TRACE_LOGGER Mediation started from mediator position : 0
18:55:02,099 [-] [PassThroughMessageProcessor-7]  INFO TRACE_LOGGER Building message. Sequence <SequenceMediator> is content aware
18:55:02,102 [-] [PassThroughMessageProcessor-7]  INFO TRACE_LOGGER Building message. Sequence <SequenceMediator> is content aware
18:55:02,103 [-] [PassThroughMessageProcessor-7]  INFO TRACE_LOGGER End : Sequence <S.COM/admin-AT-carbon.super--SecurityService:vv1--In>
18:55:03,832 [-] [PassThroughMessageProcessor-9]  INFO TRACE_LOGGER Start : Sequence <S.COM/admin-AT-carbon.super--SecurityService:vv1--In>
18:55:03,855 [-] [PassThroughMessageProcessor-9]  WARN TRACE_LOGGER onError handler : custom_fault_handler_test for sequence : S.COM/admin-AT-carbon.super--SecurityService:vv1--In cannot be found
18:55:03,856 [-] [PassThroughMessageProcessor-9]  INFO TRACE_LOGGER Sequence <SequenceMediator> :: mediate()
18:55:03,857 [-] [PassThroughMessageProcessor-9]  INFO TRACE_LOGGER Mediation started from mediator position : 0
18:55:03,857 [-] [PassThroughMessageProcessor-9]  INFO TRACE_LOGGER Building message. Sequence <SequenceMediator> is content aware
18:55:03,859 [-] [PassThroughMessageProcessor-9]  INFO TRACE_LOGGER Building message. Sequence <SequenceMediator> is content aware
18:55:03,860 [-] [PassThroughMessageProcessor-9]  INFO TRACE_LOGGER End : Sequence <S.COM/admin-AT-carbon.super--SecurityService:vv1--In>
18:55:05,550 [-] [PassThroughMessageProcessor-11]  INFO TRACE_LOGGER Start : Sequence <S.COM/admin-AT-carbon.super--SecurityService:vv1--In>
18:55:05,553 [-] [PassThroughMessageProcessor-11]  WARN TRACE_LOGGER onError handler : custom_fault_handler_test for sequence : S.COM/admin-AT-carbon.super--SecurityService:vv1--In cannot be found
18:55:05,553 [-] [PassThroughMessageProcessor-11]  INFO TRACE_LOGGER Sequence <SequenceMediator> :: mediate()
18:55:05,553 [-] [PassThroughMessageProcessor-11]  INFO TRACE_LOGGER Mediation started from mediator position : 0
18:55:05,554 [-] [PassThroughMessageProcessor-11]  INFO TRACE_LOGGER Building message. Sequence <SequenceMediator> is content aware
18:55:05,555 [-] [PassThroughMessageProcessor-11]  INFO TRACE_LOGGER Building message. Sequence <SequenceMediator> is content aware
18:55:05,556 [-] [PassThroughMessageProcessor-11]  INFO TRACE_LOGGER End : Sequence <S.COM/admin-AT-carbon.super--SecurityService:vv1--In>
18:57:48,595 [-] [PassThroughMessageProcessor-13]  INFO TRACE_LOGGER Start : Sequence <S.COM/admin-AT-carbon.super--SecurityService:vv1--In>
18:57:48,600 [-] [PassThroughMessageProcessor-13]  WARN TRACE_LOGGER onError handler : custom_fault_handler_test for sequence : S.COM/admin-AT-carbon.super--SecurityService:vv1--In cannot be found
18:57:48,601 [-] [PassThroughMessageProcessor-13]  INFO TRACE_LOGGER Sequence <SequenceMediator> :: mediate()
18:57:48,601 [-] [PassThroughMessageProcessor-13]  INFO TRACE_LOGGER Mediation started from mediator position : 0
18:57:48,601 [-] [PassThroughMessageProcessor-13]  INFO TRACE_LOGGER Building message. Sequence <SequenceMediator> is content aware
18:57:48,604 [-] [PassThroughMessageProcessor-13]  INFO TRACE_LOGGER Building message. Sequence <SequenceMediator> is content aware
18:57:48,644 [-] [PassThroughMessageProcessor-13]  INFO TRACE_LOGGER End : Sequence <S.COM/admin-AT-carbon.super--SecurityService:vv1--In>
18:57:49,529 [-] [PassThroughMessageProcessor-14]  INFO TRACE_LOGGER Start : Sequence <S.COM/admin-AT-carbon.super--SecurityService:vv1--In>
18:57:49,533 [-] [PassThroughMessageProcessor-14]  WARN TRACE_LOGGER onError handler : custom_fault_handler_test for sequence : S.COM/admin-AT-carbon.super--SecurityService:vv1--In cannot be found
18:57:49,534 [-] [PassThroughMessageProcessor-14]  INFO TRACE_LOGGER Sequence <SequenceMediator> :: mediate()
18:57:49,535 [-] [PassThroughMessageProcessor-14]  INFO TRACE_LOGGER Mediation started from mediator position : 0
18:57:49,535 [-] [PassThroughMessageProcessor-14]  INFO TRACE_LOGGER Building message. Sequence <SequenceMediator> is content aware
18:57:49,541 [-] [PassThroughMessageProcessor-14]  INFO TRACE_LOGGER Building message. Sequence <SequenceMediator> is content aware
18:57:49,543 [-] [PassThroughMessageProcessor-14]  INFO TRACE_LOGGER End : Sequence <S.COM/admin-AT-carbon.super--SecurityService:vv1--In>
18:57:50,699 [-] [PassThroughMessageProcessor-15]  INFO TRACE_LOGGER Start : Sequence <S.COM/admin-AT-carbon.super--SecurityService:vv1--In>
18:57:50,703 [-] [PassThroughMessageProcessor-15]  WARN TRACE_LOGGER onError handler : custom_fault_handler_test for sequence : S.COM/admin-AT-carbon.super--SecurityService:vv1--In cannot be found
18:57:50,703 [-] [PassThroughMessageProcessor-15]  INFO TRACE_LOGGER Sequence <SequenceMediator> :: mediate()
18:57:50,703 [-] [PassThroughMessageProcessor-15]  INFO TRACE_LOGGER Mediation started from mediator position : 0
18:57:50,704 [-] [PassThroughMessageProcessor-15]  INFO TRACE_LOGGER Building message. Sequence <SequenceMediator> is content aware
18:57:50,709 [-] [PassThroughMessageProcessor-15]  INFO TRACE_LOGGER Building message. Sequence <SequenceMediator> is content aware
18:57:50,710 [-] [PassThroughMessageProcessor-15]  INFO TRACE_LOGGER End : Sequence <S.COM/admin-AT-carbon.super--SecurityService:vv1--In>
18:57:51,399 [-] [PassThroughMessageProcessor-16]  INFO TRACE_LOGGER Start : Sequence <S.COM/admin-AT-carbon.super--SecurityService:vv1--In>
18:57:51,407 [-] [PassThroughMessageProcessor-16]  WARN TRACE_LOGGER onError handler : custom_fault_handler_test for sequence : S.COM/admin-AT-carbon.super--SecurityService:vv1--In cannot be found
18:57:51,407 [-] [PassThroughMessageProcessor-16]  INFO TRACE_LOGGER Sequence <SequenceMediator> :: mediate()
18:57:51,407 [-] [PassThroughMessageProcessor-16]  INFO TRACE_LOGGER Mediation started from mediator position : 0
18:57:51,407 [-] [PassThroughMessageProcessor-16]  INFO TRACE_LOGGER Building message. Sequence <SequenceMediator> is content aware
18:57:51,415 [-] [PassThroughMessageProcessor-16]  INFO TRACE_LOGGER Building message. Sequence <SequenceMediator> is content aware
18:57:51,417 [-] [PassThroughMessageProcessor-16]  INFO TRACE_LOGGER End : Sequence <S.COM/admin-AT-carbon.super--SecurityService:vv1--In>
18:57:51,983 [-] [PassThroughMessageProcessor-17]  INFO TRACE_LOGGER Start : Sequence <S.COM/admin-AT-carbon.super--SecurityService:vv1--In>
18:57:52,010 [-] [PassThroughMessageProcessor-17]  WARN TRACE_LOGGER onError handler : custom_fault_handler_test for sequence : S.COM/admin-AT-carbon.super--SecurityService:vv1--In cannot be found
18:57:52,010 [-] [PassThroughMessageProcessor-17]  INFO TRACE_LOGGER Sequence <SequenceMediator> :: mediate()
18:57:52,011 [-] [PassThroughMessageProcessor-17]  INFO TRACE_LOGGER Mediation started from mediator position : 0
18:57:52,011 [-] [PassThroughMessageProcessor-17]  INFO TRACE_LOGGER Building message. Sequence <SequenceMediator> is content aware
18:57:52,013 [-] [PassThroughMessageProcessor-17]  INFO TRACE_LOGGER Building message. Sequence <SequenceMediator> is content aware
18:57:52,016 [-] [PassThroughMessageProcessor-17]  INFO TRACE_LOGGER End : Sequence <S.COM/admin-AT-carbon.super--SecurityService:vv1--In>
18:59:04,802 [-] [PassThroughMessageProcessor-18]  INFO TRACE_LOGGER Start : Sequence <S.COM/admin-AT-carbon.super--SecurityService:vv1--In>
18:59:04,823 [-] [PassThroughMessageProcessor-18]  WARN TRACE_LOGGER onError handler : custom_fault_handler_test for sequence : S.COM/admin-AT-carbon.super--SecurityService:vv1--In cannot be found
18:59:04,823 [-] [PassThroughMessageProcessor-18]  INFO TRACE_LOGGER Sequence <SequenceMediator> :: mediate()
18:59:04,824 [-] [PassThroughMessageProcessor-18]  INFO TRACE_LOGGER Mediation started from mediator position : 0
18:59:04,824 [-] [PassThroughMessageProcessor-18]  INFO TRACE_LOGGER Building message. Sequence <SequenceMediator> is content aware
18:59:04,826 [-] [PassThroughMessageProcessor-18]  INFO TRACE_LOGGER Building message. Sequence <SequenceMediator> is content aware
18:59:04,835 [-] [PassThroughMessageProcessor-18]  INFO TRACE_LOGGER End : Sequence <S.COM/admin-AT-carbon.super--SecurityService:vv1--In>
18:59:05,455 [-] [PassThroughMessageProcessor-19]  INFO TRACE_LOGGER Start : Sequence <S.COM/admin-AT-carbon.super--SecurityService:vv1--In>
18:59:05,463 [-] [PassThroughMessageProcessor-19]  WARN TRACE_LOGGER onError handler : custom_fault_handler_test for sequence : S.COM/admin-AT-carbon.super--SecurityService:vv1--In cannot be found
18:59:05,464 [-] [PassThroughMessageProcessor-19]  INFO TRACE_LOGGER Sequence <SequenceMediator> :: mediate()
18:59:05,464 [-] [PassThroughMessageProcessor-19]  INFO TRACE_LOGGER Mediation started from mediator position : 0
18:59:05,464 [-] [PassThroughMessageProcessor-19]  INFO TRACE_LOGGER Building message. Sequence <SequenceMediator> is content aware
18:59:05,467 [-] [PassThroughMessageProcessor-19]  INFO TRACE_LOGGER Building message. Sequence <SequenceMediator> is content aware
18:59:05,468 [-] [PassThroughMessageProcessor-19]  INFO TRACE_LOGGER End : Sequence <S.COM/admin-AT-carbon.super--SecurityService:vv1--In>
18:59:06,496 [-] [PassThroughMessageProcessor-20]  INFO TRACE_LOGGER Start : Sequence <S.COM/admin-AT-carbon.super--SecurityService:vv1--In>
18:59:06,516 [-] [PassThroughMessageProcessor-20]  WARN TRACE_LOGGER onError handler : custom_fault_handler_test for sequence : S.COM/admin-AT-carbon.super--SecurityService:vv1--In cannot be found
18:59:06,516 [-] [PassThroughMessageProcessor-20]  INFO TRACE_LOGGER Sequence <SequenceMediator> :: mediate()
18:59:06,516 [-] [PassThroughMessageProcessor-20]  INFO TRACE_LOGGER Mediation started from mediator position : 0
18:59:06,517 [-] [PassThroughMessageProcessor-20]  INFO TRACE_LOGGER Building message. Sequence <SequenceMediator> is content aware
18:59:06,519 [-] [PassThroughMessageProcessor-20]  INFO TRACE_LOGGER Building message. Sequence <SequenceMediator> is content aware
18:59:06,521 [-] [PassThroughMessageProcessor-20]  INFO TRACE_LOGGER End : Sequence <S.COM/admin-AT-carbon.super--SecurityService:vv1--In>
18:59:07,291 [-] [PassThroughMessageProcessor-21]  INFO TRACE_LOGGER Start : Sequence <S.COM/admin-AT-carbon.super--SecurityService:vv1--In>
18:59:07,312 [-] [PassThroughMessageProcessor-21]  WARN TRACE_LOGGER onError handler : custom_fault_handler_test for sequence : S.COM/admin-AT-carbon.super--SecurityService:vv1--In cannot be found
18:59:07,312 [-] [PassThroughMessageProcessor-21]  INFO TRACE_LOGGER Sequence <SequenceMediator> :: mediate()
18:59:07,312 [-] [PassThroughMessageProcessor-21]  INFO TRACE_LOGGER Mediation started from mediator position : 0
18:59:07,313 [-] [PassThroughMessageProcessor-21]  INFO TRACE_LOGGER Building message. Sequence <SequenceMediator> is content aware
18:59:07,315 [-] [PassThroughMessageProcessor-21]  INFO TRACE_LOGGER Building message. Sequence <SequenceMediator> is content aware
18:59:07,317 [-] [PassThroughMessageProcessor-21]  INFO TRACE_LOGGER End : Sequence <S.COM/admin-AT-carbon.super--SecurityService:vv1--In>
18:59:07,785 [-] [PassThroughMessageProcessor-22]  INFO TRACE_LOGGER Start : Sequence <S.COM/admin-AT-carbon.super--SecurityService:vv1--In>
18:59:07,789 [-] [PassThroughMessageProcessor-22]  WARN TRACE_LOGGER onError handler : custom_fault_handler_test for sequence : S.COM/admin-AT-carbon.super--SecurityService:vv1--In cannot be found
18:59:07,789 [-] [PassThroughMessageProcessor-22]  INFO TRACE_LOGGER Sequence <SequenceMediator> :: mediate()
18:59:07,790 [-] [PassThroughMessageProcessor-22]  INFO TRACE_LOGGER Mediation started from mediator position : 0
18:59:07,790 [-] [PassThroughMessageProcessor-22]  INFO TRACE_LOGGER Building message. Sequence <SequenceMediator> is content aware
18:59:07,792 [-] [PassThroughMessageProcessor-22]  INFO TRACE_LOGGER Building message. Sequence <SequenceMediator> is content aware
18:59:07,796 [-] [PassThroughMessageProcessor-22]  INFO TRACE_LOGGER End : Sequence <S.COM/admin-AT-carbon.super--SecurityService:vv1--In>
18:59:08,091 [-] [PassThroughMessageProcessor-23]  INFO TRACE_LOGGER Start : Sequence <S.COM/admin-AT-carbon.super--SecurityService:vv1--In>
18:59:08,102 [-] [PassThroughMessageProcessor-23]  WARN TRACE_LOGGER onError handler : custom_fault_handler_test for sequence : S.COM/admin-AT-carbon.super--SecurityService:vv1--In cannot be found
18:59:08,102 [-] [PassThroughMessageProcessor-23]  INFO TRACE_LOGGER Sequence <SequenceMediator> :: mediate()
18:59:08,102 [-] [PassThroughMessageProcessor-23]  INFO TRACE_LOGGER Mediation started from mediator position : 0
18:59:08,103 [-] [PassThroughMessageProcessor-23]  INFO TRACE_LOGGER Building message. Sequence <SequenceMediator> is content aware
18:59:08,104 [-] [PassThroughMessageProcessor-23]  INFO TRACE_LOGGER Building message. Sequence <SequenceMediator> is content aware
18:59:08,106 [-] [PassThroughMessageProcessor-23]  INFO TRACE_LOGGER End : Sequence <S.COM/admin-AT-carbon.super--SecurityService:vv1--In>
19:00:20,160 [-] [PassThroughMessageProcessor-24]  INFO TRACE_LOGGER Start : Sequence <S.COM/admin-AT-carbon.super--SecurityService:vv1--In>
19:00:20,165 [-] [PassThroughMessageProcessor-24]  WARN TRACE_LOGGER onError handler : custom_fault_handler_test for sequence : S.COM/admin-AT-carbon.super--SecurityService:vv1--In cannot be found
19:00:20,165 [-] [PassThroughMessageProcessor-24]  INFO TRACE_LOGGER Sequence <SequenceMediator> :: mediate()
19:00:20,165 [-] [PassThroughMessageProcessor-24]  INFO TRACE_LOGGER Mediation started from mediator position : 0
19:00:20,166 [-] [PassThroughMessageProcessor-24]  INFO TRACE_LOGGER Building message. Sequence <SequenceMediator> is content aware
19:00:20,167 [-] [PassThroughMessageProcessor-24]  INFO TRACE_LOGGER Building message. Sequence <SequenceMediator> is content aware
19:00:20,170 [-] [PassThroughMessageProcessor-24]  INFO TRACE_LOGGER End : Sequence <S.COM/admin-AT-carbon.super--SecurityService:vv1--In>
19:00:20,746 [-] [PassThroughMessageProcessor-25]  INFO TRACE_LOGGER Start : Sequence <S.COM/admin-AT-carbon.super--SecurityService:vv1--In>
19:00:20,771 [-] [PassThroughMessageProcessor-25]  WARN TRACE_LOGGER onError handler : custom_fault_handler_test for sequence : S.COM/admin-AT-carbon.super--SecurityService:vv1--In cannot be found
19:00:20,772 [-] [PassThroughMessageProcessor-25]  INFO TRACE_LOGGER Sequence <SequenceMediator> :: mediate()
19:00:20,772 [-] [PassThroughMessageProcessor-25]  INFO TRACE_LOGGER Mediation started from mediator position : 0
19:00:20,773 [-] [PassThroughMessageProcessor-25]  INFO TRACE_LOGGER Building message. Sequence <SequenceMediator> is content aware
19:00:20,775 [-] [PassThroughMessageProcessor-25]  INFO TRACE_LOGGER Building message. Sequence <SequenceMediator> is content aware
19:00:20,777 [-] [PassThroughMessageProcessor-25]  INFO TRACE_LOGGER End : Sequence <S.COM/admin-AT-carbon.super--SecurityService:vv1--In>
19:00:21,652 [-] [PassThroughMessageProcessor-26]  INFO TRACE_LOGGER Start : Sequence <S.COM/admin-AT-carbon.super--SecurityService:vv1--In>
19:00:21,695 [-] [PassThroughMessageProcessor-26]  WARN TRACE_LOGGER onError handler : custom_fault_handler_test for sequence : S.COM/admin-AT-carbon.super--SecurityService:vv1--In cannot be found
19:00:21,695 [-] [PassThroughMessageProcessor-26]  INFO TRACE_LOGGER Sequence <SequenceMediator> :: mediate()
19:00:21,696 [-] [PassThroughMessageProcessor-26]  INFO TRACE_LOGGER Mediation started from mediator position : 0
19:00:21,697 [-] [PassThroughMessageProcessor-26]  INFO TRACE_LOGGER Building message. Sequence <SequenceMediator> is content aware
19:00:21,708 [-] [PassThroughMessageProcessor-26]  INFO TRACE_LOGGER Building message. Sequence <SequenceMediator> is content aware
19:00:21,710 [-] [PassThroughMessageProcessor-26]  INFO TRACE_LOGGER End : Sequence <S.COM/admin-AT-carbon.super--SecurityService:vv1--In>
19:00:22,387 [-] [PassThroughMessageProcessor-27]  INFO TRACE_LOGGER Start : Sequence <S.COM/admin-AT-carbon.super--SecurityService:vv1--In>
19:00:22,391 [-] [PassThroughMessageProcessor-27]  WARN TRACE_LOGGER onError handler : custom_fault_handler_test for sequence : S.COM/admin-AT-carbon.super--SecurityService:vv1--In cannot be found
19:00:22,391 [-] [PassThroughMessageProcessor-27]  INFO TRACE_LOGGER Sequence <SequenceMediator> :: mediate()
19:00:22,392 [-] [PassThroughMessageProcessor-27]  INFO TRACE_LOGGER Mediation started from mediator position : 0
19:00:22,392 [-] [PassThroughMessageProcessor-27]  INFO TRACE_LOGGER Building message. Sequence <SequenceMediator> is content aware
19:00:22,394 [-] [PassThroughMessageProcessor-27]  INFO TRACE_LOGGER Building message. Sequence <SequenceMediator> is content aware
19:00:22,395 [-] [PassThroughMessageProcessor-27]  INFO TRACE_LOGGER End : Sequence <S.COM/admin-AT-carbon.super--SecurityService:vv1--In>
19:00:22,981 [-] [PassThroughMessageProcessor-28]  INFO TRACE_LOGGER Start : Sequence <S.COM/admin-AT-carbon.super--SecurityService:vv1--In>
19:00:22,986 [-] [PassThroughMessageProcessor-28]  WARN TRACE_LOGGER onError handler : custom_fault_handler_test for sequence : S.COM/admin-AT-carbon.super--SecurityService:vv1--In cannot be found
19:00:22,986 [-] [PassThroughMessageProcessor-28]  INFO TRACE_LOGGER Sequence <SequenceMediator> :: mediate()
19:00:22,986 [-] [PassThroughMessageProcessor-28]  INFO TRACE_LOGGER Mediation started from mediator position : 0
19:00:22,987 [-] [PassThroughMessageProcessor-28]  INFO TRACE_LOGGER Building message. Sequence <SequenceMediator> is content aware
19:00:22,988 [-] [PassThroughMessageProcessor-28]  INFO TRACE_LOGGER Building message. Sequence <SequenceMediator> is content aware
19:00:22,990 [-] [PassThroughMessageProcessor-28]  INFO TRACE_LOGGER End : Sequence <S.COM/admin-AT-carbon.super--SecurityService:vv1--In>
