TID: [-1] [] [2017-12-06 19:45:52,526]  INFO {org.wso2.andes.wso2.internal.QpidBundleActivator} -  Setting BundleContext in PluginManager {org.wso2.andes.wso2.internal.QpidBundleActivator}
TID: [-1234] [] [2017-12-06 19:45:59,350]  INFO {org.wso2.carbon.core.internal.CarbonCoreActivator} -  Starting WSO2 Carbon... {org.wso2.carbon.core.internal.CarbonCoreActivator}
TID: [-1234] [] [2017-12-06 19:45:59,351]  INFO {org.wso2.carbon.core.internal.CarbonCoreActivator} -  Operating System : Windows 10 10.0, amd64 {org.wso2.carbon.core.internal.CarbonCoreActivator}
TID: [-1234] [] [2017-12-06 19:45:59,351]  INFO {org.wso2.carbon.core.internal.CarbonCoreActivator} -  Java Home        : C:\Program Files\Java\jdk1.8.0_131\jre {org.wso2.carbon.core.internal.CarbonCoreActivator}
TID: [-1234] [] [2017-12-06 19:45:59,352]  INFO {org.wso2.carbon.core.internal.CarbonCoreActivator} -  Java Version     : 1.8.0_131 {org.wso2.carbon.core.internal.CarbonCoreActivator}
TID: [-1234] [] [2017-12-06 19:45:59,353]  INFO {org.wso2.carbon.core.internal.CarbonCoreActivator} -  Java VM          : Java HotSpot(TM) 64-Bit Server VM 25.131-b11,Oracle Corporation {org.wso2.carbon.core.internal.CarbonCoreActivator}
TID: [-1234] [] [2017-12-06 19:45:59,353]  INFO {org.wso2.carbon.core.internal.CarbonCoreActivator} -  Carbon Home      : C:\softwares\bitbucket-clones\wso2_VL\wso2_stuff\wso2am-2.1.0\bin\.. {org.wso2.carbon.core.internal.CarbonCoreActivator}
TID: [-1234] [] [2017-12-06 19:45:59,354]  INFO {org.wso2.carbon.core.internal.CarbonCoreActivator} -  Java Temp Dir    : C:\softwares\bitbucket-clones\wso2_VL\wso2_stuff\wso2am-2.1.0\bin\..\tmp {org.wso2.carbon.core.internal.CarbonCoreActivator}
TID: [-1234] [] [2017-12-06 19:45:59,354]  INFO {org.wso2.carbon.core.internal.CarbonCoreActivator} -  User             : VI375893, en-IN, Asia/Calcutta {org.wso2.carbon.core.internal.CarbonCoreActivator}
TID: [-1234] [] [2017-12-06 19:46:01,008]  WARN {org.wso2.carbon.core.bootup.validator.util.ValidationResultPrinter} -  The running OS : Windows 10 is not a tested Operating System for running WSO2 Carbon {org.wso2.carbon.core.bootup.validator.util.ValidationResultPrinter}
TID: [-1234] [] [2017-12-06 19:46:01,035]  WARN {org.wso2.carbon.core.bootup.validator.util.ValidationResultPrinter} -  Carbon is configured to use the default keystore (wso2carbon.jks). To maximize security when deploying to a production environment, configure a new keystore with a unique password in the production server profile. {org.wso2.carbon.core.bootup.validator.util.ValidationResultPrinter}
TID: [-1] [] [2017-12-06 19:46:04,259]  INFO {org.wso2.carbon.event.output.adapter.kafka.internal.ds.KafkaEventAdapterServiceDS} -  Successfully deployed the Kafka output event adaptor service {org.wso2.carbon.event.output.adapter.kafka.internal.ds.KafkaEventAdapterServiceDS}
TID: [-1] [] [2017-12-06 19:46:04,738]  INFO {org.wso2.carbon.event.processor.manager.core.internal.util.ManagementModeConfigurationLoader} -  CEP started in Single node mode {org.wso2.carbon.event.processor.manager.core.internal.util.ManagementModeConfigurationLoader}
TID: [-1] [] [2017-12-06 19:46:04,978]  INFO {org.wso2.carbon.event.template.manager.core.internal.ds.TemplateDeployerServiceTrackerDS} -  Successfully deployed the execution manager tracker service {org.wso2.carbon.event.template.manager.core.internal.ds.TemplateDeployerServiceTrackerDS}
TID: [-1234] [] [2017-12-06 19:46:37,802]  INFO {org.wso2.carbon.databridge.receiver.binary.internal.BinaryDataReceiver} -  Started Binary SSL Transport on port : 9711 {org.wso2.carbon.databridge.receiver.binary.internal.BinaryDataReceiver}
TID: [-1234] [] [2017-12-06 19:46:44,582]  INFO {org.wso2.carbon.databridge.receiver.binary.internal.BinaryDataReceiver} -  Started Binary TCP Transport on port : 9611 {org.wso2.carbon.databridge.receiver.binary.internal.BinaryDataReceiver}
TID: [-1234] [] [2017-12-06 19:46:44,768]  INFO {org.wso2.carbon.databridge.core.internal.DataBridgeDS} -  Successfully deployed Agent Server  {org.wso2.carbon.databridge.core.internal.DataBridgeDS}
TID: [-1234] [] [2017-12-06 19:46:48,499]  INFO {org.wso2.carbon.registry.core.jdbc.EmbeddedRegistryService} -  Configured Registry in 274ms {org.wso2.carbon.registry.core.jdbc.EmbeddedRegistryService}
TID: [-1234] [] [2017-12-06 19:46:48,681]  INFO {org.wso2.carbon.registry.core.internal.RegistryCoreServiceComponent} -  Registry Mode    : READ-WRITE {org.wso2.carbon.registry.core.internal.RegistryCoreServiceComponent}
TID: [-1234] [] [2017-12-06 19:46:48,784]  INFO {org.wso2.andes.configuration.AndesConfigurationManager} -  Main andes configuration located at : C:\softwares\bitbucket-clones\wso2_VL\wso2_stuff\wso2am-2.1.0\bin\../repository/conf/broker.xml {org.wso2.andes.configuration.AndesConfigurationManager}
TID: [-1234] [] [2017-12-06 19:46:49,331]  INFO {org.wso2.andes.configuration.AndesConfigurationManager} -  Main andes configuration located at : C:\softwares\bitbucket-clones\wso2_VL\wso2_stuff\wso2am-2.1.0\bin\../repository/conf/broker.xml {org.wso2.andes.configuration.AndesConfigurationManager}
TID: [-1234] [] [2017-12-06 19:49:50,696]  INFO {org.wso2.carbon.metrics.impl.util.JmxReporterBuilder} -  Creating JMX reporter for Metrics with domain 'org.wso2.carbon.metrics' {org.wso2.carbon.metrics.impl.util.JmxReporterBuilder}
TID: [-1234] [] [2017-12-06 19:49:50,705]  INFO {org.wso2.carbon.metrics.impl.util.JDBCReporterBuilder} -  Creating JDBC reporter for Metrics with source 'L-156113697', data source 'jdbc/WSO2MetricsDB' and 60 seconds polling period {org.wso2.carbon.metrics.impl.util.JDBCReporterBuilder}
TID: [-1234] [] [2017-12-06 19:49:50,709]  INFO {org.wso2.carbon.metrics.impl.reporter.AbstractReporter} -  Started JMX reporter for Metrics {org.wso2.carbon.metrics.impl.reporter.AbstractReporter}
TID: [-1234] [] [2017-12-06 19:49:50,927]  INFO {org.wso2.carbon.metrics.impl.reporter.AbstractReporter} -  Started JDBC reporter for Metrics {org.wso2.carbon.metrics.impl.reporter.AbstractReporter}
TID: [-1234] [] [2017-12-06 19:51:13,570]  INFO {org.wso2.carbon.registry.indexing.solr.SolrClient} -  Default Embedded Solr Server Initialized {org.wso2.carbon.registry.indexing.solr.SolrClient}
TID: [-1234] [] [2017-12-06 19:51:15,308]  INFO {org.wso2.carbon.user.core.internal.UserStoreMgtDSComponent} -  Carbon UserStoreMgtDSComponent activated successfully. {org.wso2.carbon.user.core.internal.UserStoreMgtDSComponent}
TID: [-1] [] [2017-12-06 19:51:16,172]  INFO {org.apache.catalina.startup.TaglibUriRule} -  TLD skipped. URI: http://tiles.apache.org/tags-tiles is already defined {org.apache.catalina.startup.TaglibUriRule}
TID: [-1234] [] [2017-12-06 19:51:20,579]  INFO {org.apache.axis2.deployment.ClusterBuilder} -  Clustering has been disabled {org.apache.axis2.deployment.ClusterBuilder}
TID: [-1234] [] [2017-12-06 19:51:22,516]  INFO {org.wso2.carbon.identity.user.store.configuration.deployer.UserStoreConfigurationDeployer} -  User Store Configuration Deployer initiated. {org.wso2.carbon.identity.user.store.configuration.deployer.UserStoreConfigurationDeployer}
TID: [-1234] [] [2017-12-06 19:51:22,525]  INFO {org.wso2.carbon.identity.user.store.configuration.deployer.UserStoreConfigurationDeployer} -  User Store Configuration Deployer initiated. {org.wso2.carbon.identity.user.store.configuration.deployer.UserStoreConfigurationDeployer}
TID: [-1234] [] [2017-12-06 19:51:24,531]  INFO {org.apache.axis2.transport.jms.JMSSender} -  JMS Sender started {org.apache.axis2.transport.jms.JMSSender}
TID: [-1234] [] [2017-12-06 19:51:24,551]  INFO {org.apache.axis2.transport.jms.JMSSender} -  JMS Transport Sender initialized... {org.apache.axis2.transport.jms.JMSSender}
TID: [-1234] [] [2017-12-06 19:51:24,552]  INFO {org.apache.synapse.transport.passthru.PassThroughHttpSender} -  Initializing Pass-through HTTP/S Sender... {org.apache.synapse.transport.passthru.PassThroughHttpSender}
TID: [-1234] [] [2017-12-06 19:51:24,566]  INFO {org.apache.synapse.transport.passthru.PassThroughHttpSender} -  No proxy configuration found {org.apache.synapse.transport.passthru.PassThroughHttpSender}
TID: [-1234] [] [2017-12-06 19:51:24,951]  INFO {org.apache.synapse.transport.passthru.PassThroughHttpSender} -  Pass-through HTTP Sender started... {org.apache.synapse.transport.passthru.PassThroughHttpSender}
TID: [-1234] [] [2017-12-06 19:51:24,952]  INFO {org.apache.synapse.transport.passthru.PassThroughHttpSSLSender} -  Initializing Pass-through HTTP/S Sender... {org.apache.synapse.transport.passthru.PassThroughHttpSSLSender}
TID: [-1234] [] [2017-12-06 19:51:24,956]  INFO {org.apache.synapse.transport.passthru.PassThroughHttpSSLSender} -  No proxy configuration found {org.apache.synapse.transport.passthru.PassThroughHttpSSLSender}
TID: [-1234] [] [2017-12-06 19:51:24,980]  INFO {org.apache.synapse.transport.nhttp.config.ClientConnFactoryBuilder} -  HTTPS Loading Identity Keystore from : repository/resources/security/wso2carbon.jks {org.apache.synapse.transport.nhttp.config.ClientConnFactoryBuilder}
TID: [-1234] [] [2017-12-06 19:51:25,001]  INFO {org.apache.synapse.transport.nhttp.config.ClientConnFactoryBuilder} -  HTTPS Loading Trust Keystore from : repository/resources/security/client-truststore.jks {org.apache.synapse.transport.nhttp.config.ClientConnFactoryBuilder}
TID: [-1234] [] [2017-12-06 19:51:25,021]  INFO {org.apache.synapse.transport.passthru.PassThroughHttpSSLSender} -  Pass-through HTTPS Sender started... {org.apache.synapse.transport.passthru.PassThroughHttpSSLSender}
TID: [-1234] [] [2017-12-06 19:51:25,027]  INFO {org.wso2.carbon.websocket.transport.WebsocketTransportSender} -  WS Sender started {org.wso2.carbon.websocket.transport.WebsocketTransportSender}
TID: [-1234] [] [2017-12-06 19:51:26,323]  INFO {org.apache.axis2.transport.jms.JMSConnectionFactory} -  JMS ConnectionFactory : myTopicConnectionFactory initialized {org.apache.axis2.transport.jms.JMSConnectionFactory}
TID: [-1234] [] [2017-12-06 19:51:26,324]  INFO {org.apache.axis2.transport.jms.JMSConnectionFactory} -  JMS ConnectionFactory : default initialized {org.apache.axis2.transport.jms.JMSConnectionFactory}
TID: [-1234] [] [2017-12-06 19:51:26,325]  INFO {org.apache.axis2.transport.jms.JMSConnectionFactory} -  JMS ConnectionFactory : myQueueConnectionFactory initialized {org.apache.axis2.transport.jms.JMSConnectionFactory}
TID: [-1234] [] [2017-12-06 19:51:26,327]  INFO {org.apache.axis2.transport.jms.JMSListener} -  JMS Transport Receiver/Listener initialized... {org.apache.axis2.transport.jms.JMSListener}
TID: [-1234] [] [2017-12-06 19:51:26,329]  INFO {org.apache.synapse.transport.passthru.PassThroughHttpListener} -  Initializing Pass-through HTTP/S Listener... {org.apache.synapse.transport.passthru.PassThroughHttpListener}
TID: [-1234] [] [2017-12-06 19:51:26,755]  INFO {org.apache.synapse.transport.passthru.PassThroughHttpSSLListener} -  Initializing Pass-through HTTP/S Listener... {org.apache.synapse.transport.passthru.PassThroughHttpSSLListener}
TID: [-1234] [] [2017-12-06 19:51:29,324]  INFO {org.apache.axis2.deployment.ModuleDeployer} -  Deploying module: addressing-1.6.1-wso2v20 - file:/C:/softwares/bitbucket-clones/wso2_VL/wso2_stuff/wso2am-2.1.0/bin/../repository/deployment/client/modules/addressing-1.6.1-wso2v20.mar {org.apache.axis2.deployment.ModuleDeployer}
TID: [-1234] [] [2017-12-06 19:51:30,727]  INFO {org.apache.axis2.deployment.DeploymentEngine} -  Deploying Web service: org.wso2.carbon.andes.admin-3.1.6 -  {org.apache.axis2.deployment.DeploymentEngine}
TID: [-1234] [] [2017-12-06 19:51:30,847]  INFO {org.apache.axis2.deployment.DeploymentEngine} -  Deploying Web service: org.wso2.carbon.andes.event.admin-3.1.6 -  {org.apache.axis2.deployment.DeploymentEngine}
TID: [-1234] [] [2017-12-06 19:51:34,145]  INFO {org.apache.axis2.deployment.DeploymentEngine} -  Deploying Web service: org.wso2.carbon.identity.application.authentication.framework-5.7.5 -  {org.apache.axis2.deployment.DeploymentEngine}
TID: [-1234] [] [2017-12-06 19:51:34,772]  INFO {org.apache.axis2.deployment.DeploymentEngine} -  Deploying Web service: org.wso2.carbon.identity.discovery-5.3.4 -  {org.apache.axis2.deployment.DeploymentEngine}
TID: [-1234] [] [2017-12-06 19:51:35,297]  INFO {org.apache.axis2.deployment.DeploymentEngine} -  Deploying Web service: org.wso2.carbon.identity.webfinger-5.3.4 -  {org.apache.axis2.deployment.DeploymentEngine}
TID: [-1234] [] [2017-12-06 19:51:35,808]  INFO {org.apache.axis2.deployment.DeploymentEngine} -  Deploying Web service: org.wso2.carbon.message.processor-4.6.10 -  {org.apache.axis2.deployment.DeploymentEngine}
TID: [-1234] [] [2017-12-06 19:51:35,842]  INFO {org.apache.axis2.deployment.DeploymentEngine} -  Deploying Web service: org.wso2.carbon.message.store-4.6.10 -  {org.apache.axis2.deployment.DeploymentEngine}
TID: [-1234] [] [2017-12-06 19:51:37,253]  INFO {org.apache.axis2.deployment.DeploymentEngine} -  Deploying Web service: org.wso2.carbon.registry.ws.api-4.6.0 -  {org.apache.axis2.deployment.DeploymentEngine}
TID: [-1234] [] [2017-12-06 19:51:40,391]  INFO {org.wso2.carbon.core.init.CarbonServerManager} -  Repository       : C:\softwares\bitbucket-clones\wso2_VL\wso2_stuff\wso2am-2.1.0\bin\../repository/deployment/server/ {org.wso2.carbon.core.init.CarbonServerManager}
TID: [-1] [] [2017-12-06 19:51:40,429]  INFO {org.wso2.carbon.event.input.adapter.kafka.internal.ds.KafkaEventAdapterServiceHolder} -  Kafka input event adaptor waiting for dependent configurations to load {org.wso2.carbon.event.input.adapter.kafka.internal.ds.KafkaEventAdapterServiceHolder}
TID: [-1234] [] [2017-12-06 19:51:40,773]  INFO {org.wso2.carbon.event.stream.core.internal.util.helper.EventStreamConfigurationFileSystemInvoker} -  Stream definition configuration for DAS_MESSAGE_TRACE:1.0.0 saved in the filesystem {org.wso2.carbon.event.stream.core.internal.util.helper.EventStreamConfigurationFileSystemInvoker}
TID: [-1234] [] [2017-12-06 19:51:40,853]  INFO {org.wso2.carbon.event.stream.core.EventStreamDeployer} -  Stream definition is deployed successfully  : DAS_MESSAGE_TRACE:1.0.0 {org.wso2.carbon.event.stream.core.EventStreamDeployer}
TID: [-1234] [] [2017-12-06 19:51:40,886]  INFO {org.wso2.carbon.andes.core.internal.ds.QueueManagerServiceDS} -  Successfully created the queue manager service {org.wso2.carbon.andes.core.internal.ds.QueueManagerServiceDS}
TID: [-1234] [] [2017-12-06 19:51:40,893]  INFO {org.wso2.carbon.andes.core.internal.ds.SubscriptionManagerServiceDS} -  Successfully created the subscription manager service {org.wso2.carbon.andes.core.internal.ds.SubscriptionManagerServiceDS}
TID: [-1234] [] [2017-12-06 19:51:44,095]  INFO {org.wso2.carbon.core.multitenancy.eager.TenantLoadingConfig} -  Using tenant lazy loading policy... {org.wso2.carbon.core.multitenancy.eager.TenantLoadingConfig}
TID: [-1234] [] [2017-12-06 19:51:44,114]  INFO {org.wso2.carbon.core.internal.permission.update.PermissionUpdater} -  Permission cache updated for tenant -1234 {org.wso2.carbon.core.internal.permission.update.PermissionUpdater}
TID: [-1234] [] [2017-12-06 19:51:46,267]  INFO {org.wso2.carbon.user.core.internal.UserStoreMgtDSComponent} -  Claim manager set for class org.wso2.carbon.user.core.common.DefaultRealm {org.wso2.carbon.user.core.internal.UserStoreMgtDSComponent}
TID: [-1234] [] [2017-12-06 19:51:46,286]  INFO {org.wso2.carbon.user.core.internal.UserStoreMgtDSComponent} -  Claim manager set for class org.wso2.carbon.user.core.jdbc.JDBCUserStoreManager {org.wso2.carbon.user.core.internal.UserStoreMgtDSComponent}
TID: [-1234] [] [2017-12-06 19:51:46,742]  INFO {org.wso2.carbon.identity.oauth2.internal.OAuth2ServiceComponent} -  PKCE Support enabled. {org.wso2.carbon.identity.oauth2.internal.OAuth2ServiceComponent}
TID: [-1] [] [2017-12-06 19:51:48,114]  INFO {org.wso2.carbon.identity.entitlement.internal.SchemaBuilder} -  XACML policy schema loaded successfully. {org.wso2.carbon.identity.entitlement.internal.SchemaBuilder}
TID: [-1234] [] [2017-12-06 19:51:48,769]  INFO {org.wso2.carbon.mediation.initializer.ServiceBusInitializer} -  Starting ESB... {org.wso2.carbon.mediation.initializer.ServiceBusInitializer}
TID: [-1234] [] [2017-12-06 19:51:48,781]  INFO {org.wso2.carbon.mediation.initializer.ServiceBusInitializer} -  Initializing Apache Synapse... {org.wso2.carbon.mediation.initializer.ServiceBusInitializer}
TID: [-1234] [] [2017-12-06 19:51:48,805]  INFO {org.apache.synapse.SynapseControllerFactory} -  Using Synapse home : C:\softwares\bitbucket-clones\wso2_VL\wso2_stuff\wso2am-2.1.0\. {org.apache.synapse.SynapseControllerFactory}
TID: [-1234] [] [2017-12-06 19:51:48,832]  INFO {org.apache.synapse.SynapseControllerFactory} -  Using synapse.xml location : C:\softwares\bitbucket-clones\wso2_VL\wso2_stuff\wso2am-2.1.0\.\.\repository\deployment\server\synapse-configs\default {org.apache.synapse.SynapseControllerFactory}
TID: [-1234] [] [2017-12-06 19:51:48,832]  INFO {org.apache.synapse.SynapseControllerFactory} -  Using server name : localhost {org.apache.synapse.SynapseControllerFactory}
TID: [-1234] [] [2017-12-06 19:51:48,882]  INFO {org.apache.synapse.SynapseControllerFactory} -  The timeout handler will run every : 15s {org.apache.synapse.SynapseControllerFactory}
TID: [-1234] [] [2017-12-06 19:51:48,908]  INFO {org.apache.synapse.Axis2SynapseController} -  Initializing Synapse at : Wed Dec 06 19:51:48 IST 2017 {org.apache.synapse.Axis2SynapseController}
TID: [-1234] [] [2017-12-06 19:51:48,949]  INFO {org.wso2.carbon.mediation.initializer.CarbonSynapseController} -  Loading the mediation configuration from the file system {org.wso2.carbon.mediation.initializer.CarbonSynapseController}
TID: [-1234] [] [2017-12-06 19:51:48,954]  INFO {org.apache.synapse.config.xml.MultiXMLConfigurationBuilder} -  Building synapse configuration from the synapse artifact repository at : .\.\repository/deployment/server/synapse-configs\default {org.apache.synapse.config.xml.MultiXMLConfigurationBuilder}
TID: [-1234] [] [2017-12-06 19:51:48,992]  INFO {org.apache.synapse.config.xml.XMLConfigurationBuilder} -  Generating the Synapse configuration model by parsing the XML configuration {org.apache.synapse.config.xml.XMLConfigurationBuilder}
TID: [-1234] [] [2017-12-06 19:51:50,078]  INFO {org.wso2.carbon.mediation.dependency.mgt.DependencyTracker} -  Sequence : dispatchSeq was added to the Synapse configuration successfully {org.wso2.carbon.mediation.dependency.mgt.DependencyTracker}
TID: [-1234] [] [2017-12-06 19:51:50,338]  INFO {org.wso2.carbon.mediation.dependency.mgt.DependencyTracker} -  Sequence : fault was added to the Synapse configuration successfully {org.wso2.carbon.mediation.dependency.mgt.DependencyTracker}
TID: [-1234] [] [2017-12-06 19:51:50,360]  INFO {org.wso2.carbon.mediation.dependency.mgt.DependencyTracker} -  Sequence : main was added to the Synapse configuration successfully {org.wso2.carbon.mediation.dependency.mgt.DependencyTracker}
TID: [-1234] [] [2017-12-06 19:51:50,370]  INFO {org.wso2.carbon.mediation.dependency.mgt.DependencyTracker} -  Sequence : outDispatchSeq was added to the Synapse configuration successfully {org.wso2.carbon.mediation.dependency.mgt.DependencyTracker}
TID: [-1234] [] [2017-12-06 19:51:50,377]  INFO {org.wso2.carbon.mediation.dependency.mgt.DependencyTracker} -  Sequence : S.COM/admin-AT-carbon.super--Bulkservice:vv1--In was added to the Synapse configuration successfully {org.wso2.carbon.mediation.dependency.mgt.DependencyTracker}
TID: [-1234] [] [2017-12-06 19:51:50,388]  INFO {org.wso2.carbon.mediation.dependency.mgt.DependencyTracker} -  Sequence : S.COM/admin-AT-carbon.super--SCPservice:vv1--In was added to the Synapse configuration successfully {org.wso2.carbon.mediation.dependency.mgt.DependencyTracker}
TID: [-1234] [] [2017-12-06 19:51:50,412]  INFO {org.wso2.carbon.mediation.dependency.mgt.DependencyTracker} -  Sequence : S.COM/admin-AT-carbon.super--SecurityService:vv1--In was added to the Synapse configuration successfully {org.wso2.carbon.mediation.dependency.mgt.DependencyTracker}
TID: [-1234] [] [2017-12-06 19:51:50,422]  INFO {org.wso2.carbon.mediation.dependency.mgt.DependencyTracker} -  Sequence : _auth_failure_handler_ was added to the Synapse configuration successfully {org.wso2.carbon.mediation.dependency.mgt.DependencyTracker}
TID: [-1234] [] [2017-12-06 19:51:50,453]  INFO {org.wso2.carbon.mediation.dependency.mgt.DependencyTracker} -  Sequence : _build_ was added to the Synapse configuration successfully {org.wso2.carbon.mediation.dependency.mgt.DependencyTracker}
TID: [-1234] [] [2017-12-06 19:51:50,467]  INFO {org.wso2.carbon.mediation.dependency.mgt.DependencyTracker} -  Sequence : _cors_request_handler_ was added to the Synapse configuration successfully {org.wso2.carbon.mediation.dependency.mgt.DependencyTracker}
TID: [-1234] [] [2017-12-06 19:51:50,475]  INFO {org.wso2.carbon.mediation.dependency.mgt.DependencyTracker} -  Sequence : _production_key_error_ was added to the Synapse configuration successfully {org.wso2.carbon.mediation.dependency.mgt.DependencyTracker}
TID: [-1234] [] [2017-12-06 19:51:50,488]  INFO {org.wso2.carbon.mediation.dependency.mgt.DependencyTracker} -  Sequence : _resource_mismatch_handler_ was added to the Synapse configuration successfully {org.wso2.carbon.mediation.dependency.mgt.DependencyTracker}
TID: [-1234] [] [2017-12-06 19:51:50,499]  INFO {org.wso2.carbon.mediation.dependency.mgt.DependencyTracker} -  Sequence : _sandbox_key_error_ was added to the Synapse configuration successfully {org.wso2.carbon.mediation.dependency.mgt.DependencyTracker}
TID: [-1234] [] [2017-12-06 19:51:50,512]  INFO {org.wso2.carbon.mediation.dependency.mgt.DependencyTracker} -  Sequence : _throttle_out_handler_ was added to the Synapse configuration successfully {org.wso2.carbon.mediation.dependency.mgt.DependencyTracker}
TID: [-1234] [] [2017-12-06 19:51:50,543]  INFO {org.wso2.carbon.mediation.dependency.mgt.DependencyTracker} -  Sequence : _token_fault_ was added to the Synapse configuration successfully {org.wso2.carbon.mediation.dependency.mgt.DependencyTracker}
TID: [-1234] [] [2017-12-06 19:51:50,561]  INFO {org.wso2.carbon.mediation.dependency.mgt.DependencyTracker} -  Proxy service : WorkflowCallbackService was added to the Synapse configuration successfully {org.wso2.carbon.mediation.dependency.mgt.DependencyTracker}
TID: [-1234] [] [2017-12-06 19:51:51,134]  INFO {org.wso2.carbon.mediation.dependency.mgt.DependencyTracker} -  API : admin--testAPI:vv1 was added to the Synapse configuration successfully {org.wso2.carbon.mediation.dependency.mgt.DependencyTracker}
TID: [-1234] [] [2017-12-06 19:51:51,187]  INFO {org.wso2.carbon.mediation.dependency.mgt.DependencyTracker} -  API : S.COM/admin-AT-carbon.super--Bulkservice:vv1 was added to the Synapse configuration successfully {org.wso2.carbon.mediation.dependency.mgt.DependencyTracker}
TID: [-1234] [] [2017-12-06 19:51:51,259]  INFO {org.wso2.carbon.mediation.dependency.mgt.DependencyTracker} -  API : S.COM/admin-AT-carbon.super--SCPservice:vv1 was added to the Synapse configuration successfully {org.wso2.carbon.mediation.dependency.mgt.DependencyTracker}
TID: [-1234] [] [2017-12-06 19:51:51,334]  INFO {org.wso2.carbon.mediation.dependency.mgt.DependencyTracker} -  API : S.COM/admin-AT-carbon.super--SecurityService:vv1 was added to the Synapse configuration successfully {org.wso2.carbon.mediation.dependency.mgt.DependencyTracker}
TID: [-1] [] [2017-12-06 19:51:51,341]  INFO {org.wso2.carbon.databridge.core.DataBridge} -  user S.COM/admin connected {org.wso2.carbon.databridge.core.DataBridge}
TID: [-1234] [] [2017-12-06 19:51:51,365]  INFO {org.wso2.carbon.mediation.dependency.mgt.DependencyTracker} -  API : S.COM/admin-AT-carbon.super--testService:vv1 was added to the Synapse configuration successfully {org.wso2.carbon.mediation.dependency.mgt.DependencyTracker}
TID: [-1234] [] [2017-12-06 19:51:51,392]  INFO {org.wso2.carbon.mediation.dependency.mgt.DependencyTracker} -  API : _WSO2AMAuthorizeAPI_ was added to the Synapse configuration successfully {org.wso2.carbon.mediation.dependency.mgt.DependencyTracker}
TID: [-1234] [] [2017-12-06 19:51:51,408]  INFO {org.wso2.carbon.mediation.dependency.mgt.DependencyTracker} -  API : _WSO2AMRevokeAPI_ was added to the Synapse configuration successfully {org.wso2.carbon.mediation.dependency.mgt.DependencyTracker}
TID: [-1234] [] [2017-12-06 19:51:51,453]  INFO {org.wso2.carbon.mediation.dependency.mgt.DependencyTracker} -  API : _WSO2AMTokenAPI_ was added to the Synapse configuration successfully {org.wso2.carbon.mediation.dependency.mgt.DependencyTracker}
TID: [-1234] [] [2017-12-06 19:51:51,510]  INFO {org.wso2.carbon.mediation.dependency.mgt.DependencyTracker} -  API : _WSO2AMUserInfoAPI_ was added to the Synapse configuration successfully {org.wso2.carbon.mediation.dependency.mgt.DependencyTracker}
TID: [-1234] [] [2017-12-06 19:51:51,584]  INFO {org.wso2.carbon.mediation.dependency.mgt.DependencyTracker} -  Inbound Endpoint : WebSocketInboundEndpoint was added to the Synapse configuration successfully {org.wso2.carbon.mediation.dependency.mgt.DependencyTracker}
TID: [-1234] [] [2017-12-06 19:51:51,591]  INFO {org.apache.synapse.config.SynapseConfigurationBuilder} -  Loaded Synapse configuration from the artifact repository at : .\.\repository/deployment/server/synapse-configs\default {org.apache.synapse.config.SynapseConfigurationBuilder}
TID: [-1234] [] [2017-12-06 19:51:51,601]  INFO {org.wso2.carbon.mediation.dependency.mgt.DependencyTracker} -  Local entry : SERVER_HOST was added to the Synapse configuration successfully {org.wso2.carbon.mediation.dependency.mgt.DependencyTracker}
TID: [-1234] [] [2017-12-06 19:51:51,602]  INFO {org.wso2.carbon.mediation.dependency.mgt.DependencyTracker} -  Local entry : SERVER_IP was added to the Synapse configuration successfully {org.wso2.carbon.mediation.dependency.mgt.DependencyTracker}
TID: [-1234] [] [2017-12-06 19:51:51,609]  INFO {org.apache.synapse.Axis2SynapseController} -  Loading mediator extensions... {org.apache.synapse.Axis2SynapseController}
TID: [-1234] [] [2017-12-06 19:52:09,019]  INFO {org.wso2.carbon.core.deployment.DeploymentInterceptor} -  Deploying Axis2 service: echo {super-tenant} {org.wso2.carbon.core.deployment.DeploymentInterceptor}
TID: [-1234] [] [2017-12-06 19:52:09,020]  INFO {org.apache.axis2.deployment.DeploymentEngine} -  Deploying Web service: Echo.aar - file:/C:/softwares/bitbucket-clones/wso2_VL/wso2_stuff/wso2am-2.1.0/bin/../repository/deployment/server/axis2services/Echo.aar {org.apache.axis2.deployment.DeploymentEngine}
TID: [-1234] [] [2017-12-06 19:52:09,140]  INFO {org.wso2.carbon.core.deployment.DeploymentInterceptor} -  Deploying Axis2 service: Version {super-tenant} {org.wso2.carbon.core.deployment.DeploymentInterceptor}
TID: [-1234] [] [2017-12-06 19:52:09,141]  INFO {org.apache.axis2.deployment.DeploymentEngine} -  Deploying Web service: Version.aar - file:/C:/softwares/bitbucket-clones/wso2_VL/wso2_stuff/wso2am-2.1.0/bin/../repository/deployment/server/axis2services/Version.aar {org.apache.axis2.deployment.DeploymentEngine}
TID: [-1234] [] [2017-12-06 19:52:09,151]  INFO {org.wso2.carbon.event.stream.core.EventStreamDeployer} -  Stream definition is deployed successfully  : org.wso2.throttle.globalThrottle.stream:1.0.0 {org.wso2.carbon.event.stream.core.EventStreamDeployer}
TID: [-1234] [] [2017-12-06 19:52:09,291]  INFO {org.wso2.carbon.event.stream.core.EventStreamDeployer} -  Stream definition is deployed successfully  : org.wso2.throttle.processed.request.stream:1.0.0 {org.wso2.carbon.event.stream.core.EventStreamDeployer}
TID: [-1234] [] [2017-12-06 19:52:09,333]  INFO {org.wso2.carbon.event.stream.core.EventStreamDeployer} -  Stream definition is deployed successfully  : org.wso2.throttle.request.stream:1.0.0 {org.wso2.carbon.event.stream.core.EventStreamDeployer}
TID: [-1234] [] [2017-12-06 19:52:09,362]  INFO {org.wso2.carbon.event.stream.core.internal.EventJunction} -  WSO2EventConsumer added to the junction. Stream:org.wso2.throttle.globalThrottle.stream:1.0.0 {org.wso2.carbon.event.stream.core.internal.EventJunction}
TID: [-1234] [] [2017-12-06 19:52:09,365]  INFO {org.wso2.carbon.event.publisher.core.EventPublisherDeployer} -  Event Publisher configuration successfully deployed and in active state : jmsEventPublisher {org.wso2.carbon.event.publisher.core.EventPublisherDeployer}
TID: [-1234] [] [2017-12-06 19:52:09,437]  INFO {org.wso2.carbon.event.input.adapter.core.internal.InputAdapterRuntime} -  Connecting receiver throttleWSO2EventReceiver {org.wso2.carbon.event.input.adapter.core.internal.InputAdapterRuntime}
TID: [-1234] [] [2017-12-06 19:52:09,439]  INFO {org.wso2.carbon.event.stream.core.internal.EventJunction} -  Producer added to the junction. Stream:org.wso2.throttle.request.stream:1.0.0 {org.wso2.carbon.event.stream.core.internal.EventJunction}
TID: [-1234] [] [2017-12-06 19:52:09,442]  INFO {org.wso2.carbon.event.receiver.core.EventReceiverDeployer} -  Event Receiver configuration successfully deployed and in active state: throttleWSO2EventReceiver {org.wso2.carbon.event.receiver.core.EventReceiverDeployer}
TID: [-1234] [] [2017-12-06 19:52:09,911]  INFO {org.wso2.carbon.event.stream.core.internal.EventJunction} -  Producer added to the junction. Stream:org.wso2.throttle.processed.request.stream:1.0.0 {org.wso2.carbon.event.stream.core.internal.EventJunction}
TID: [-1234] [] [2017-12-06 19:52:09,914]  INFO {org.wso2.carbon.event.stream.core.internal.EventJunction} -  Consumer added to the junction. Stream:org.wso2.throttle.request.stream:1.0.0 {org.wso2.carbon.event.stream.core.internal.EventJunction}
TID: [-1234] [] [2017-12-06 19:52:09,916]  INFO {org.wso2.carbon.event.processor.core.EventProcessorDeployer} -  Execution plan is deployed successfully and in active state  : requestPreProcessorExecutionPlan {org.wso2.carbon.event.processor.core.EventProcessorDeployer}
TID: [-1234] [] [2017-12-06 19:52:10,109]  INFO {org.wso2.carbon.event.stream.core.internal.EventJunction} -  Producer added to the junction. Stream:org.wso2.throttle.globalThrottle.stream:1.0.0 {org.wso2.carbon.event.stream.core.internal.EventJunction}
TID: [-1234] [] [2017-12-06 19:52:10,111]  INFO {org.wso2.carbon.event.stream.core.internal.EventJunction} -  Consumer added to the junction. Stream:org.wso2.throttle.processed.request.stream:1.0.0 {org.wso2.carbon.event.stream.core.internal.EventJunction}
TID: [-1234] [] [2017-12-06 19:52:10,118]  INFO {org.wso2.carbon.event.processor.core.EventProcessorDeployer} -  Execution plan is deployed successfully and in active state  : carbon.super_app_10PerMin {org.wso2.carbon.event.processor.core.EventProcessorDeployer}
TID: [-1234] [] [2017-12-06 19:52:10,335]  INFO {org.wso2.carbon.event.stream.core.internal.EventJunction} -  Producer added to the junction. Stream:org.wso2.throttle.globalThrottle.stream:1.0.0 {org.wso2.carbon.event.stream.core.internal.EventJunction}
TID: [-1234] [] [2017-12-06 19:52:10,340]  INFO {org.wso2.carbon.event.stream.core.internal.EventJunction} -  Consumer added to the junction. Stream:org.wso2.throttle.processed.request.stream:1.0.0 {org.wso2.carbon.event.stream.core.internal.EventJunction}
TID: [-1234] [] [2017-12-06 19:52:10,341]  INFO {org.wso2.carbon.event.processor.core.EventProcessorDeployer} -  Execution plan is deployed successfully and in active state  : carbon.super_app_20PerMin {org.wso2.carbon.event.processor.core.EventProcessorDeployer}
TID: [-1234] [] [2017-12-06 19:52:10,480]  INFO {org.wso2.carbon.event.stream.core.internal.EventJunction} -  Producer added to the junction. Stream:org.wso2.throttle.globalThrottle.stream:1.0.0 {org.wso2.carbon.event.stream.core.internal.EventJunction}
TID: [-1234] [] [2017-12-06 19:52:10,484]  INFO {org.wso2.carbon.event.stream.core.internal.EventJunction} -  Consumer added to the junction. Stream:org.wso2.throttle.processed.request.stream:1.0.0 {org.wso2.carbon.event.stream.core.internal.EventJunction}
TID: [-1234] [] [2017-12-06 19:52:10,486]  INFO {org.wso2.carbon.event.processor.core.EventProcessorDeployer} -  Execution plan is deployed successfully and in active state  : carbon.super_app_50PerMin {org.wso2.carbon.event.processor.core.EventProcessorDeployer}
TID: [-1234] [] [2017-12-06 19:52:10,610]  INFO {org.wso2.carbon.event.stream.core.internal.EventJunction} -  Producer added to the junction. Stream:org.wso2.throttle.globalThrottle.stream:1.0.0 {org.wso2.carbon.event.stream.core.internal.EventJunction}
TID: [-1234] [] [2017-12-06 19:52:10,615]  INFO {org.wso2.carbon.event.stream.core.internal.EventJunction} -  Consumer added to the junction. Stream:org.wso2.throttle.processed.request.stream:1.0.0 {org.wso2.carbon.event.stream.core.internal.EventJunction}
TID: [-1234] [] [2017-12-06 19:52:10,619]  INFO {org.wso2.carbon.event.processor.core.EventProcessorDeployer} -  Execution plan is deployed successfully and in active state  : carbon.super_resource_10KPerMin_default {org.wso2.carbon.event.processor.core.EventProcessorDeployer}
TID: [-1234] [] [2017-12-06 19:52:10,695]  INFO {org.wso2.carbon.event.stream.core.internal.EventJunction} -  Producer added to the junction. Stream:org.wso2.throttle.globalThrottle.stream:1.0.0 {org.wso2.carbon.event.stream.core.internal.EventJunction}
TID: [-1234] [] [2017-12-06 19:52:10,703]  INFO {org.wso2.carbon.event.stream.core.internal.EventJunction} -  Consumer added to the junction. Stream:org.wso2.throttle.processed.request.stream:1.0.0 {org.wso2.carbon.event.stream.core.internal.EventJunction}
TID: [-1234] [] [2017-12-06 19:52:10,707]  INFO {org.wso2.carbon.event.processor.core.EventProcessorDeployer} -  Execution plan is deployed successfully and in active state  : carbon.super_resource_20KPerMin_default {org.wso2.carbon.event.processor.core.EventProcessorDeployer}
TID: [-1234] [] [2017-12-06 19:52:10,761]  INFO {org.wso2.carbon.event.stream.core.internal.EventJunction} -  Producer added to the junction. Stream:org.wso2.throttle.globalThrottle.stream:1.0.0 {org.wso2.carbon.event.stream.core.internal.EventJunction}
TID: [-1234] [] [2017-12-06 19:52:10,762]  INFO {org.wso2.carbon.event.stream.core.internal.EventJunction} -  Consumer added to the junction. Stream:org.wso2.throttle.processed.request.stream:1.0.0 {org.wso2.carbon.event.stream.core.internal.EventJunction}
TID: [-1234] [] [2017-12-06 19:52:10,767]  INFO {org.wso2.carbon.event.processor.core.EventProcessorDeployer} -  Execution plan is deployed successfully and in active state  : carbon.super_resource_50KPerMin_default {org.wso2.carbon.event.processor.core.EventProcessorDeployer}
TID: [-1234] [] [2017-12-06 19:52:10,827]  INFO {org.wso2.carbon.event.stream.core.internal.EventJunction} -  Producer added to the junction. Stream:org.wso2.throttle.globalThrottle.stream:1.0.0 {org.wso2.carbon.event.stream.core.internal.EventJunction}
TID: [-1234] [] [2017-12-06 19:52:10,831]  INFO {org.wso2.carbon.event.stream.core.internal.EventJunction} -  Consumer added to the junction. Stream:org.wso2.throttle.processed.request.stream:1.0.0 {org.wso2.carbon.event.stream.core.internal.EventJunction}
TID: [-1234] [] [2017-12-06 19:52:10,833]  INFO {org.wso2.carbon.event.processor.core.EventProcessorDeployer} -  Execution plan is deployed successfully and in active state  : carbon.super_sub_Bronze {org.wso2.carbon.event.processor.core.EventProcessorDeployer}
TID: [-1234] [] [2017-12-06 19:52:10,893]  INFO {org.wso2.carbon.event.stream.core.internal.EventJunction} -  Producer added to the junction. Stream:org.wso2.throttle.globalThrottle.stream:1.0.0 {org.wso2.carbon.event.stream.core.internal.EventJunction}
TID: [-1234] [] [2017-12-06 19:52:10,894]  INFO {org.wso2.carbon.event.stream.core.internal.EventJunction} -  Consumer added to the junction. Stream:org.wso2.throttle.processed.request.stream:1.0.0 {org.wso2.carbon.event.stream.core.internal.EventJunction}
TID: [-1234] [] [2017-12-06 19:52:10,899]  INFO {org.wso2.carbon.event.processor.core.EventProcessorDeployer} -  Execution plan is deployed successfully and in active state  : carbon.super_sub_Gold {org.wso2.carbon.event.processor.core.EventProcessorDeployer}
TID: [-1234] [] [2017-12-06 19:52:10,939]  INFO {org.wso2.carbon.event.stream.core.internal.EventJunction} -  Producer added to the junction. Stream:org.wso2.throttle.globalThrottle.stream:1.0.0 {org.wso2.carbon.event.stream.core.internal.EventJunction}
TID: [-1234] [] [2017-12-06 19:52:10,940]  INFO {org.wso2.carbon.event.stream.core.internal.EventJunction} -  Consumer added to the junction. Stream:org.wso2.throttle.processed.request.stream:1.0.0 {org.wso2.carbon.event.stream.core.internal.EventJunction}
TID: [-1234] [] [2017-12-06 19:52:10,944]  INFO {org.wso2.carbon.event.processor.core.EventProcessorDeployer} -  Execution plan is deployed successfully and in active state  : carbon.super_sub_Silver {org.wso2.carbon.event.processor.core.EventProcessorDeployer}
TID: [-1234] [] [2017-12-06 19:52:10,982]  INFO {org.wso2.carbon.event.stream.core.internal.EventJunction} -  Producer added to the junction. Stream:org.wso2.throttle.globalThrottle.stream:1.0.0 {org.wso2.carbon.event.stream.core.internal.EventJunction}
TID: [-1234] [] [2017-12-06 19:52:10,983]  INFO {org.wso2.carbon.event.stream.core.internal.EventJunction} -  Consumer added to the junction. Stream:org.wso2.throttle.processed.request.stream:1.0.0 {org.wso2.carbon.event.stream.core.internal.EventJunction}
TID: [-1234] [] [2017-12-06 19:52:10,988]  INFO {org.wso2.carbon.event.processor.core.EventProcessorDeployer} -  Execution plan is deployed successfully and in active state  : carbon.super_sub_Unauthenticated {org.wso2.carbon.event.processor.core.EventProcessorDeployer}
TID: [-1234] [] [2017-12-06 19:52:16,018]  INFO {org.wso2.carbon.webapp.mgt.TomcatGenericWebappsDeployer} -  Deployed webapp: StandardEngine[Catalina].StandardHost[localhost].StandardContext[/am/sample/calculator/v1].File[C:\softwares\bitbucket-clones\wso2_VL\wso2_stuff\wso2am-2.1.0\bin\..\repository\deployment\server\webapps\am#sample#calculator#v1.war] {org.wso2.carbon.webapp.mgt.TomcatGenericWebappsDeployer}
TID: [-1] [] [2017-12-06 19:52:20,433]  INFO {org.wso2.carbon.event.processor.manager.core.internal.CarbonEventManagementService} -  Starting polling event receivers {org.wso2.carbon.event.processor.manager.core.internal.CarbonEventManagementService}
TID: [-1234] [] [2017-12-06 19:52:23,609]  INFO {org.wso2.carbon.webapp.mgt.TomcatGenericWebappsDeployer} -  Deployed webapp: StandardEngine[Catalina].StandardHost[localhost].StandardContext[/am/sample/pizzashack/v1].File[C:\softwares\bitbucket-clones\wso2_VL\wso2_stuff\wso2am-2.1.0\bin\..\repository\deployment\server\webapps\am#sample#pizzashack#v1.war] {org.wso2.carbon.webapp.mgt.TomcatGenericWebappsDeployer}
TID: [-1234] [] [2017-12-06 19:52:36,375]  INFO {org.apache.cxf.endpoint.ServerImpl} -  Setting the server's publish address to be / {org.apache.cxf.endpoint.ServerImpl}
TID: [-1234] [] [2017-12-06 19:52:36,578]  INFO {org.wso2.carbon.webapp.mgt.TomcatGenericWebappsDeployer} -  Deployed webapp: StandardEngine[Catalina].StandardHost[localhost].StandardContext[/api/am/admin/v0.11].File[C:\softwares\bitbucket-clones\wso2_VL\wso2_stuff\wso2am-2.1.0\bin\..\repository\deployment\server\webapps\api#am#admin#v0.11.war] {org.wso2.carbon.webapp.mgt.TomcatGenericWebappsDeployer}
TID: [-1] [] [2017-12-06 19:52:43,995]  WARN {org.wso2.carbon.application.deployer.internal.AppDeployerServiceComponent} -  Waiting for required OSGi services: org.wso2.carbon.application.deployer.synapse.service.SynapseAppDeployerService,org.wso2.carbon.mediation.initializer.services.SynapseEnvironmentService, {org.wso2.carbon.application.deployer.internal.AppDeployerServiceComponent}
TID: [-1] [] [2017-12-06 19:52:44,099]  WARN {org.wso2.carbon.core.internal.StartupFinalizerServiceComponent} -  Waiting for required OSGi services: org.wso2.carbon.application.deployer.service.CappDeploymentService,org.wso2.carbon.server.admin.common.IServerAdmin,org.wso2.carbon.throttling.agent.ThrottlingAgent, {org.wso2.carbon.core.internal.StartupFinalizerServiceComponent}
TID: [-1234] [] [2017-12-06 19:52:58,704]  INFO {org.apache.cxf.endpoint.ServerImpl} -  Setting the server's publish address to be / {org.apache.cxf.endpoint.ServerImpl}
TID: [-1234] [] [2017-12-06 19:52:59,184]  INFO {org.wso2.carbon.webapp.mgt.TomcatGenericWebappsDeployer} -  Deployed webapp: StandardEngine[Catalina].StandardHost[localhost].StandardContext[/api/am/publisher/v0.11].File[C:\softwares\bitbucket-clones\wso2_VL\wso2_stuff\wso2am-2.1.0\bin\..\repository\deployment\server\webapps\api#am#publisher#v0.11.war] {org.wso2.carbon.webapp.mgt.TomcatGenericWebappsDeployer}
TID: [-1234] [] [2017-12-06 19:53:18,938]  INFO {org.apache.cxf.endpoint.ServerImpl} -  Setting the server's publish address to be / {org.apache.cxf.endpoint.ServerImpl}
TID: [-1234] [] [2017-12-06 19:53:19,096]  INFO {org.wso2.carbon.webapp.mgt.TomcatGenericWebappsDeployer} -  Deployed webapp: StandardEngine[Catalina].StandardHost[localhost].StandardContext[/api/am/store/v0.11].File[C:\softwares\bitbucket-clones\wso2_VL\wso2_stuff\wso2am-2.1.0\bin\..\repository\deployment\server\webapps\api#am#store#v0.11.war] {org.wso2.carbon.webapp.mgt.TomcatGenericWebappsDeployer}
TID: [-1234] [] [2017-12-06 19:53:39,087]  INFO {org.wso2.carbon.identity.application.authentication.endpoint.util.TenantDataManager} -  EndpointConfig.properties file loaded from ./repository/conf/identity/EndpointConfig.properties {org.wso2.carbon.identity.application.authentication.endpoint.util.TenantDataManager}
TID: [-1234] [] [2017-12-06 19:53:42,279]  INFO {org.apache.jasper.compiler.TldLocationsCache} -  At least one JAR was scanned for TLDs yet contained no TLDs. Enable debug logging for this logger for a complete list of JARs that were scanned but no TLDs were found in them. Skipping unneeded JARs during scanning can improve startup time and JSP compilation time. {org.apache.jasper.compiler.TldLocationsCache}
TID: [-1] [] [2017-12-06 19:53:44,006]  WARN {org.wso2.carbon.application.deployer.internal.AppDeployerServiceComponent} -  Waiting for required OSGi services: org.wso2.carbon.application.deployer.synapse.service.SynapseAppDeployerService,org.wso2.carbon.mediation.initializer.services.SynapseEnvironmentService, {org.wso2.carbon.application.deployer.internal.AppDeployerServiceComponent}
TID: [-1] [] [2017-12-06 19:53:44,103]  WARN {org.wso2.carbon.core.internal.StartupFinalizerServiceComponent} -  Waiting for required OSGi services: org.wso2.carbon.application.deployer.service.CappDeploymentService,org.wso2.carbon.server.admin.common.IServerAdmin,org.wso2.carbon.throttling.agent.ThrottlingAgent, {org.wso2.carbon.core.internal.StartupFinalizerServiceComponent}
TID: [-1234] [] [2017-12-06 19:53:49,154]  INFO {org.wso2.carbon.webapp.mgt.TomcatGenericWebappsDeployer} -  Deployed webapp: StandardEngine[Catalina].StandardHost[localhost].StandardContext[/authenticationendpoint].File[C:\softwares\bitbucket-clones\wso2_VL\wso2_stuff\wso2am-2.1.0\bin\..\repository\deployment\server\webapps\authenticationendpoint.war] {org.wso2.carbon.webapp.mgt.TomcatGenericWebappsDeployer}
TID: [-1234] [] [2017-12-06 19:54:04,868]  INFO {org.apache.cxf.endpoint.ServerImpl} -  Setting the server's publish address to be /register {org.apache.cxf.endpoint.ServerImpl}
TID: [-1234] [] [2017-12-06 19:54:05,017]  INFO {org.wso2.carbon.webapp.mgt.TomcatGenericWebappsDeployer} -  Deployed webapp: StandardEngine[Catalina].StandardHost[localhost].StandardContext[/client-registration/v0.11].File[C:\softwares\bitbucket-clones\wso2_VL\wso2_stuff\wso2am-2.1.0\bin\..\repository\deployment\server\webapps\client-registration#v0.11.war] {org.wso2.carbon.webapp.mgt.TomcatGenericWebappsDeployer}
TID: [-1234] [] [2017-12-06 19:54:12,314]  INFO {org.wso2.carbon.webapp.mgt.TomcatGenericWebappsDeployer} -  Deployed webapp: StandardEngine[Catalina].StandardHost[localhost].StandardContext[/oauth2].File[C:\softwares\bitbucket-clones\wso2_VL\wso2_stuff\wso2am-2.1.0\bin\..\repository\deployment\server\webapps\oauth2.war] {org.wso2.carbon.webapp.mgt.TomcatGenericWebappsDeployer}
TID: [-1234] [] [2017-12-06 19:54:28,761]  INFO {org.apache.shindig.gadgets.features.FeatureRegistry} -  Resources from res:features/features.txt are loading. {org.apache.shindig.gadgets.features.FeatureRegistry}
TID: [-1234] [] [2017-12-06 19:54:28,811]  INFO {org.apache.shindig.common.xml.XmlUtil} -  The XML processor being used does not support secure parsing. {org.apache.shindig.common.xml.XmlUtil}
TID: [-1234] [] [2017-12-06 19:54:28,813]  INFO {org.apache.shindig.common.xml.XmlUtil} -  Document builders are being reused. {org.apache.shindig.common.xml.XmlUtil}
TID: [-1234] [] [2017-12-06 19:54:30,200]  INFO {org.apache.shindig.gadgets.features.FeatureRegistry} -  Resources from res:features-extras/features.txt are loading. {org.apache.shindig.gadgets.features.FeatureRegistry}
TID: [-1234] [] [2017-12-06 19:54:30,314]  INFO {org.apache.shindig.gadgets.features.FeatureRegistry} -  Resources from res:wso2features/features.txt are loading. {org.apache.shindig.gadgets.features.FeatureRegistry}
TID: [-1234] [] [2017-12-06 19:54:30,535]  INFO {org.apache.shindig.config.JsonContainerConfigLoader} -  Resources from containers/default/container.js are loading. {org.apache.shindig.config.JsonContainerConfigLoader}
TID: [-1234] [] [2017-12-06 19:54:30,539]  INFO {org.apache.shindig.config.JsonContainerConfigLoader} -  Container configuration containers/default/container.js is being read. {org.apache.shindig.config.JsonContainerConfigLoader}
TID: [-1234] [] [2017-12-06 19:54:31,386]  INFO {org.apache.shindig.gadgets.oauth2.logger.FilteredLogger} -  Using random key for OAuth2 client-side state encryption {org.apache.shindig.gadgets.oauth2.logger.FilteredLogger}
TID: [-1234] [] [2017-12-06 19:54:31,390]  INFO {org.apache.shindig.gadgets.oauth2.logger.FilteredLogger} -  OAuth2CrypterProvider constructor {org.apache.shindig.gadgets.oauth2.logger.FilteredLogger}
TID: [-1234] [] [2017-12-06 19:54:31,410]  INFO {org.apache.shindig.gadgets.oauth.OAuthModule} -  The OAuth signing key from res://wso2carbon.pem is loading. {org.apache.shindig.gadgets.oauth.OAuthModule}
TID: [-1234] [] [2017-12-06 19:54:31,467]  INFO {org.apache.shindig.gadgets.oauth.OAuthModule$OAuthCrypterProvider} -  Using random key for OAuth client-side state encryption {org.apache.shindig.gadgets.oauth.OAuthModule$OAuthCrypterProvider}
TID: [-1234] [] [2017-12-06 19:54:31,470]  INFO {org.apache.shindig.gadgets.oauth.OAuthModule} -  A random key for OAuth client-side state encryption is being used. {org.apache.shindig.gadgets.oauth.OAuthModule}
TID: [-1234] [] [2017-12-06 19:54:31,843]  INFO {org.wso2.carbon.webapp.mgt.TomcatGenericWebappsDeployer} -  Deployed webapp: StandardEngine[Catalina].StandardHost[localhost].StandardContext[/shindig].File[C:\softwares\bitbucket-clones\wso2_VL\wso2_stuff\wso2am-2.1.0\bin\..\repository\deployment\server\webapps\shindig.war] {org.wso2.carbon.webapp.mgt.TomcatGenericWebappsDeployer}
TID: [-1] [] [2017-12-06 19:54:43,994]  WARN {org.wso2.carbon.application.deployer.internal.AppDeployerServiceComponent} -  Waiting for required OSGi services: org.wso2.carbon.application.deployer.synapse.service.SynapseAppDeployerService,org.wso2.carbon.mediation.initializer.services.SynapseEnvironmentService, {org.wso2.carbon.application.deployer.internal.AppDeployerServiceComponent}
TID: [-1] [] [2017-12-06 19:54:44,098]  WARN {org.wso2.carbon.core.internal.StartupFinalizerServiceComponent} -  Waiting for required OSGi services: org.wso2.carbon.application.deployer.service.CappDeploymentService,org.wso2.carbon.server.admin.common.IServerAdmin,org.wso2.carbon.throttling.agent.ThrottlingAgent, {org.wso2.carbon.core.internal.StartupFinalizerServiceComponent}
TID: [-1234] [] [2017-12-06 19:54:46,829]  INFO {org.apache.cxf.endpoint.ServerImpl} -  Setting the server's publish address to be / {org.apache.cxf.endpoint.ServerImpl}
TID: [-1234] [] [2017-12-06 19:54:46,959]  INFO {org.wso2.carbon.webapp.mgt.TomcatGenericWebappsDeployer} -  Deployed webapp: StandardEngine[Catalina].StandardHost[localhost].StandardContext[/throttle/data/v1].File[C:\softwares\bitbucket-clones\wso2_VL\wso2_stuff\wso2am-2.1.0\bin\..\repository\deployment\server\webapps\throttle#data#v1.war] {org.wso2.carbon.webapp.mgt.TomcatGenericWebappsDeployer}
TID: [-1234] [] [2017-12-06 19:54:53,022]  INFO {org.apache.synapse.Axis2SynapseController} -  Deploying the Synapse service... {org.apache.synapse.Axis2SynapseController}
TID: [-1234] [] [2017-12-06 19:54:53,026]  INFO {org.apache.synapse.Axis2SynapseController} -  Deploying Proxy services... {org.apache.synapse.Axis2SynapseController}
TID: [-1234] [] [2017-12-06 19:54:53,028]  INFO {org.apache.synapse.core.axis2.ProxyService} -  Building Axis service for Proxy service : WorkflowCallbackService {org.apache.synapse.core.axis2.ProxyService}
TID: [-1234] [] [2017-12-06 19:54:53,105]  INFO {org.apache.synapse.core.axis2.ProxyService} -  Adding service WorkflowCallbackService to the Axis2 configuration {org.apache.synapse.core.axis2.ProxyService}
TID: [-1234] [] [2017-12-06 19:54:53,108]  INFO {org.wso2.carbon.core.deployment.DeploymentInterceptor} -  Deploying Axis2 service: WorkflowCallbackService {super-tenant} {org.wso2.carbon.core.deployment.DeploymentInterceptor}
TID: [-1234] [] [2017-12-06 19:54:53,109]  INFO {org.apache.synapse.core.axis2.ProxyService} -  Successfully created the Axis2 service for Proxy service : WorkflowCallbackService {org.apache.synapse.core.axis2.ProxyService}
TID: [-1234] [] [2017-12-06 19:54:53,110]  INFO {org.apache.synapse.Axis2SynapseController} -  Deployed Proxy service : WorkflowCallbackService {org.apache.synapse.Axis2SynapseController}
TID: [-1234] [] [2017-12-06 19:54:53,111]  INFO {org.apache.synapse.Axis2SynapseController} -  Deploying EventSources... {org.apache.synapse.Axis2SynapseController}
TID: [-1234] [] [2017-12-06 19:54:53,319]  INFO {org.apache.synapse.inbound.InboundEndpoint} -  Initializing Inbound Endpoint: WebSocketInboundEndpoint {org.apache.synapse.inbound.InboundEndpoint}
TID: [-1234] [] [2017-12-06 19:54:53,380]  INFO {org.wso2.carbon.inbound.endpoint.protocol.websocket.management.WebsocketEndpointManager} -  WebSocketInboundEndpoint Endpoint is already started in port : 9099 {org.wso2.carbon.inbound.endpoint.protocol.websocket.management.WebsocketEndpointManager}
TID: [-1234] [] [2017-12-06 19:54:53,593]  INFO {org.apache.synapse.rest.API} -  Initializing API: _WSO2AMRevokeAPI_ {org.apache.synapse.rest.API}
TID: [-1234] [] [2017-12-06 19:54:53,594]  INFO {org.apache.synapse.rest.API} -  Initializing API: S.COM/admin-AT-carbon.super--SCPservice:vv1 {org.apache.synapse.rest.API}
TID: [-1234] [] [2017-12-06 19:54:53,638]  INFO {org.apache.synapse.rest.API} -  Initializing API: admin--testAPI:vv1 {org.apache.synapse.rest.API}
TID: [-1234] [] [2017-12-06 19:54:53,639]  INFO {org.apache.synapse.rest.API} -  Initializing API: _WSO2AMAuthorizeAPI_ {org.apache.synapse.rest.API}
TID: [-1234] [] [2017-12-06 19:54:53,641]  INFO {org.apache.synapse.rest.API} -  Initializing API: S.COM/admin-AT-carbon.super--Bulkservice:vv1 {org.apache.synapse.rest.API}
TID: [-1234] [] [2017-12-06 19:54:53,642]  INFO {org.apache.synapse.rest.API} -  Initializing API: S.COM/admin-AT-carbon.super--SecurityService:vv1 {org.apache.synapse.rest.API}
TID: [-1234] [] [2017-12-06 19:54:53,643]  INFO {org.apache.synapse.rest.API} -  Initializing API: _WSO2AMTokenAPI_ {org.apache.synapse.rest.API}
TID: [-1234] [] [2017-12-06 19:54:53,644]  INFO {org.apache.synapse.rest.API} -  Initializing API: _WSO2AMUserInfoAPI_ {org.apache.synapse.rest.API}
TID: [-1234] [] [2017-12-06 19:54:53,644]  INFO {org.apache.synapse.rest.API} -  Initializing API: S.COM/admin-AT-carbon.super--testService:vv1 {org.apache.synapse.rest.API}
TID: [-1234] [] [2017-12-06 19:54:53,646]  INFO {org.apache.synapse.ServerManager} -  Server ready for processing... {org.apache.synapse.ServerManager}
TID: [-1] [] [2017-12-06 19:54:54,780]  INFO {org.wso2.carbon.databridge.core.DataBridge} -  user S.COM/admin connected {org.wso2.carbon.databridge.core.DataBridge}
TID: [-1234] [] [2017-12-06 19:54:55,673]  INFO {org.wso2.carbon.inbound.endpoint.protocol.websocket.management.WebsocketEndpointManager} -  Netty Listener starting on port 9099 {org.wso2.carbon.inbound.endpoint.protocol.websocket.management.WebsocketEndpointManager}
TID: [-1234] [] [2017-12-06 19:54:56,023]  INFO {org.wso2.andes.configuration.AndesConfigurationManager} -  Main andes configuration located at : C:\softwares\bitbucket-clones\wso2_VL\wso2_stuff\wso2am-2.1.0\bin\../repository/conf/broker.xml {org.wso2.andes.configuration.AndesConfigurationManager}
TID: [-1234] [] [2017-12-06 19:54:56,089]  INFO {org.wso2.carbon.andes.internal.QpidServiceComponent} -  Activating Andes Message Broker Engine... {org.wso2.carbon.andes.internal.QpidServiceComponent}
TID: [-1234] [] [2017-12-06 19:54:56,371]  INFO {org.wso2.andes.server.Broker} -  Starting Qpid using configuration : C:\softwares\bitbucket-clones\wso2_VL\wso2_stuff\wso2am-2.1.0\bin\..\repository\conf\advanced\qpid-config.xml {org.wso2.andes.server.Broker}
TID: [-1234] [] [2017-12-06 19:54:56,556]  INFO {org.wso2.andes.configuration.qpid.ServerConfiguration} -  Signal HUP not supported for OS: Windows 10 {org.wso2.andes.configuration.qpid.ServerConfiguration}
TID: [-1234] [] [2017-12-06 19:54:56,559]  INFO {org.wso2.andes.server.registry.ApplicationRegistry} -  Initialising Application Registry(org.wso2.andes.server.registry.ConfigurationFileApplicationRegistry@1bde907f) {org.wso2.andes.server.registry.ApplicationRegistry}
TID: [-1234] [] [2017-12-06 19:54:56,632]  INFO {org.wso2.andes.server.plugins.PluginManager} -  Opened service trackers {org.wso2.andes.server.plugins.PluginManager}
TID: [-1234] [] [2017-12-06 19:54:56,880]  INFO {org.wso2.andes.server.management.JMXManagedObjectRegistry} -  Initialising managed object registry using jplatform MBean server {org.wso2.andes.server.management.JMXManagedObjectRegistry}
TID: [-1234] [] [2017-12-06 19:54:56,891]  INFO {org.wso2.andes.server.security.auth.manager.PrincipalDatabaseAuthenticationManager} -  PrincipalDatabase concrete implementation : org.wso2.carbon.andes.authentication.andes.CarbonBasedPrincipalDatabase {org.wso2.andes.server.security.auth.manager.PrincipalDatabaseAuthenticationManager}
TID: [-1234] [] [2017-12-06 19:54:57,089]  INFO {org.wso2.andes.server.security.auth.manager.PrincipalDatabaseAuthenticationManager} -  Initialised PLAIN SASL provider successfully {org.wso2.andes.server.security.auth.manager.PrincipalDatabaseAuthenticationManager}
TID: [-1234] [] [2017-12-06 19:54:57,090]  INFO {org.wso2.andes.server.security.auth.manager.PrincipalDatabaseAuthenticationManager} -  Additional SASL providers successfully registered. {org.wso2.andes.server.security.auth.manager.PrincipalDatabaseAuthenticationManager}
TID: [-1234] [] [2017-12-06 19:54:57,091]  INFO {org.wso2.andes.server.security.auth.manager.PrincipalDatabaseAuthenticationManager} -  Registering UserManagementMBean {org.wso2.andes.server.security.auth.manager.PrincipalDatabaseAuthenticationManager}
TID: [-1234] [] [2017-12-06 19:54:57,998]  INFO {org.wso2.andes.store.rdbms.RDBMSConnection} -  JDBC connection established with jndi config WSO2MBStoreDB {org.wso2.andes.store.rdbms.RDBMSConnection}
TID: [-1234] [] [2017-12-06 19:54:58,140]  INFO {org.wso2.andes.store.rdbms.RDBMSAndesContextStoreImpl} -  Andes Context Store initialised {org.wso2.andes.store.rdbms.RDBMSAndesContextStoreImpl}
TID: [-1234] [] [2017-12-06 19:54:58,141]  INFO {org.wso2.andes.kernel.AndesKernelBoot} -  AndesContextStore initialised with org.wso2.andes.store.rdbms.RDBMSAndesContextStoreImpl {org.wso2.andes.kernel.AndesKernelBoot}
TID: [-1234] [] [2017-12-06 19:54:59,024]  INFO {org.wso2.andes.store.rdbms.RDBMSConnection} -  JDBC connection established with jndi config WSO2MBStoreDB {org.wso2.andes.store.rdbms.RDBMSConnection}
TID: [-1234] [] [2017-12-06 19:54:59,090]  INFO {org.wso2.andes.store.rdbms.RDBMSMessageStoreImpl} -  Message Store initialised {org.wso2.andes.store.rdbms.RDBMSMessageStoreImpl}
TID: [-1234] [] [2017-12-06 19:54:59,090]  INFO {org.wso2.andes.kernel.AndesKernelBoot} -  Andes MessageStore initialised with org.wso2.andes.store.rdbms.RDBMSMessageStoreImpl {org.wso2.andes.kernel.AndesKernelBoot}
TID: [-1234] [] [2017-12-06 19:54:59,184]  WARN {org.wso2.andes.configuration.AndesConfigurationManager} -  Error when trying to read property : transaction/maxWaitTimeout. Switching to default value : 30 {org.wso2.andes.configuration.AndesConfigurationManager}
TID: [-1234] [] [2017-12-06 19:54:59,415]  INFO {org.wso2.andes.kernel.Andes} -  Andes API initialised. {org.wso2.andes.kernel.Andes}
TID: [-1] [] [2017-12-06 19:55:00,126]  INFO {org.wso2.andes.kernel.slot.SlotCreator} -  Slot restoring started for SMSReceiveNotificationStore {org.wso2.andes.kernel.slot.SlotCreator}
TID: [-1] [] [2017-12-06 19:55:00,128]  INFO {org.wso2.andes.kernel.slot.SlotCreator} -  Slot restoring started for SMSStore {org.wso2.andes.kernel.slot.SlotCreator}
TID: [-1] [] [2017-12-06 19:55:00,744]  INFO {org.wso2.andes.kernel.slot.SlotCreator} -  Recovered 0 messages for queue "SMSReceiveNotificationStore" using 1 database calls {org.wso2.andes.kernel.slot.SlotCreator}
TID: [-1] [] [2017-12-06 19:55:00,744]  INFO {org.wso2.andes.kernel.slot.SlotCreator} -  Slot restoring ended for SMSReceiveNotificationStore {org.wso2.andes.kernel.slot.SlotCreator}
TID: [-1] [] [2017-12-06 19:55:00,821]  INFO {org.wso2.andes.kernel.slot.SlotCreator} -  Recovered 8 messages for queue "SMSStore" using 2 database calls {org.wso2.andes.kernel.slot.SlotCreator}
TID: [-1] [] [2017-12-06 19:55:00,822]  INFO {org.wso2.andes.kernel.slot.SlotCreator} -  Slot restoring ended for SMSStore {org.wso2.andes.kernel.slot.SlotCreator}
TID: [-1234] [] [2017-12-06 19:55:01,010]  INFO {org.wso2.andes.kernel.AndesChannel} -  Channel created (ID: Internel_channel) {org.wso2.andes.kernel.AndesChannel}
TID: [-1234] [] [2017-12-06 19:55:01,143]  INFO {org.wso2.andes.server.cluster.ClusterManager} -  Clearing the Persisted State of Node with ID NODEL-156113697/10.0.75.1 {org.wso2.andes.server.cluster.ClusterManager}
TID: [-1234] [] [2017-12-06 19:55:01,228]  INFO {org.wso2.andes.server.cluster.ClusterManager} -  Initializing Standalone Mode. Current Node ID:NODEL-156113697/10.0.75.1 10.0.75.1 {org.wso2.andes.server.cluster.ClusterManager}
TID: [-1234] [] [2017-12-06 19:55:01,455]  INFO {org.wso2.andes.kernel.AndesSubscriptionManager} -  Deactivated all active durable subscriptions {org.wso2.andes.kernel.AndesSubscriptionManager}
TID: [-1234] [] [2017-12-06 19:55:01,455]  INFO {org.wso2.andes.kernel.AndesKernelBoot} -  Syncing exchanges, queues, bindings and subscriptions {org.wso2.andes.kernel.AndesKernelBoot}
TID: [-1234] [] [2017-12-06 19:55:01,466]  WARN {org.wso2.andes.kernel.AndesRecoveryTask} -  Recovering node. Adding queue [DeadLetterChannel] OW=S.COM/admin/X=false/Dtrue/LPT0 {org.wso2.andes.kernel.AndesRecoveryTask}
TID: [-1234] [] [2017-12-06 19:55:01,566]  INFO {org.wso2.andes.server.virtualhost.VirtualHostConfigSynchronizer} -  Queue sync - Added Queue: DeadLetterChannel, Owner: S.COM/admin, IsExclusive: false, Arguments: null {org.wso2.andes.server.virtualhost.VirtualHostConfigSynchronizer}
TID: [-1234] [] [2017-12-06 19:55:01,567]  WARN {org.wso2.andes.kernel.AndesRecoveryTask} -  Recovering node. Adding queue [SMSReceiveNotificationStore] OW=null/X=false/Dtrue/LPT0 {org.wso2.andes.kernel.AndesRecoveryTask}
TID: [-1234] [] [2017-12-06 19:55:01,576]  INFO {org.wso2.andes.server.virtualhost.VirtualHostConfigSynchronizer} -  Queue sync - Added Queue: SMSReceiveNotificationStore, Owner: null, IsExclusive: false, Arguments: null {org.wso2.andes.server.virtualhost.VirtualHostConfigSynchronizer}
TID: [-1234] [] [2017-12-06 19:55:01,576]  WARN {org.wso2.andes.kernel.AndesRecoveryTask} -  Recovering node. Adding queue [SMSStore] OW=null/X=false/Dtrue/LPT0 {org.wso2.andes.kernel.AndesRecoveryTask}
TID: [-1234] [] [2017-12-06 19:55:01,590]  INFO {org.wso2.andes.server.virtualhost.VirtualHostConfigSynchronizer} -  Queue sync - Added Queue: SMSStore, Owner: null, IsExclusive: false, Arguments: null {org.wso2.andes.server.virtualhost.VirtualHostConfigSynchronizer}
TID: [-1234] [] [2017-12-06 19:55:01,643]  WARN {org.wso2.andes.kernel.AndesRecoveryTask} -  Recovering node. Adding binding [Binding]E=amq.direct/Q=SMSStore/RK=SMSStore/D=true/EX=false {org.wso2.andes.kernel.AndesRecoveryTask}
TID: [-1234] [] [2017-12-06 19:55:01,646]  INFO {org.wso2.andes.server.virtualhost.VirtualHostConfigSynchronizer} -  Binding Sync - Added  Binding: (Exchange: amq.direct, Queue: SMSStore, Routing Key: SMSStore, Arguments: null) {org.wso2.andes.server.virtualhost.VirtualHostConfigSynchronizer}
TID: [-1234] [] [2017-12-06 19:55:01,708]  WARN {org.wso2.andes.kernel.AndesRecoveryTask} -  Recovering node. Adding binding [Binding]E=amq.direct/Q=SMSReceiveNotificationStore/RK=SMSReceiveNotificationStore/D=true/EX=false {org.wso2.andes.kernel.AndesRecoveryTask}
TID: [-1234] [] [2017-12-06 19:55:01,709]  INFO {org.wso2.andes.server.virtualhost.VirtualHostConfigSynchronizer} -  Binding Sync - Added  Binding: (Exchange: amq.direct, Queue: SMSReceiveNotificationStore, Routing Key: SMSReceiveNotificationStore, Arguments: null) {org.wso2.andes.server.virtualhost.VirtualHostConfigSynchronizer}
TID: [-1234] [] [2017-12-06 19:55:01,738]  INFO {org.wso2.andes.kernel.Andes} -  Starting Safe Zone Calculator for slots. {org.wso2.andes.kernel.Andes}
TID: [-1234] [] [2017-12-06 19:55:01,988]  INFO {qpid.message.broker.listening} -  [Broker] BRK-1002 : Starting : Listening on TCP port 5672 {qpid.message.broker.listening}
TID: [-1234] [] [2017-12-06 19:55:02,013]  INFO {qpid.message.broker.listening} -  [Broker] BRK-1002 : Starting : Listening on TCP/SSL port 8672 {qpid.message.broker.listening}
TID: [-1] [] [2017-12-06 19:55:02,019]  INFO {org.wso2.andes.kernel.MessagingEngine} -  Starting SlotDelivery Workers. {org.wso2.andes.kernel.MessagingEngine}
TID: [-1] [] [2017-12-06 19:55:02,026]  INFO {org.wso2.andes.kernel.MessagingEngine} -  Start Disruptor writing messages to store. {org.wso2.andes.kernel.MessagingEngine}
TID: [-1234] [] [2017-12-06 19:55:02,039]  INFO {org.wso2.carbon.andes.internal.QpidServiceComponent} -  AMQP Host Address : 0.0.0.0 Port : 5672 {org.wso2.carbon.andes.internal.QpidServiceComponent}
TID: [-1234] [] [2017-12-06 19:55:02,040]  INFO {org.wso2.carbon.andes.internal.QpidServiceComponent} -  Successfully connected to AMQP server on port 5672 {org.wso2.carbon.andes.internal.QpidServiceComponent}
TID: [-1234] [] [2017-12-06 19:55:02,043]  WARN {org.wso2.carbon.andes.internal.QpidServiceComponent} -  MQTT Transport is disabled as per configuration. {org.wso2.carbon.andes.internal.QpidServiceComponent}
TID: [-1234] [] [2017-12-06 19:55:02,043]  INFO {org.wso2.carbon.andes.internal.QpidServiceComponent} -  WSO2 Message Broker is started. {org.wso2.carbon.andes.internal.QpidServiceComponent}
TID: [-1234] [] [2017-12-06 19:55:02,162]  WARN {org.wso2.andes.jndi.PropertiesFileInitialContextFactory} -  Unable to create factory:User information not found on url between indicies 7 and 1 
amqp://S.COM/admin:admin@clientid/carbon?brokerlist='tcp://172.16.128.202:5672'
       ^ {org.wso2.andes.jndi.PropertiesFileInitialContextFactory}
TID: [-1234] [] [2017-12-06 19:55:03,155]  INFO {org.apache.axis2.transport.jms.JMSListener} -  JMS listener started {org.apache.axis2.transport.jms.JMSListener}
TID: [-1234] [] [2017-12-06 19:55:03,158]  INFO {org.apache.synapse.transport.passthru.PassThroughHttpListener} -  Starting Pass-through HTTP Listener... {org.apache.synapse.transport.passthru.PassThroughHttpListener}
TID: [-1234] [] [2017-12-06 19:55:03,233]  INFO {org.apache.synapse.transport.passthru.core.PassThroughListeningIOReactorManager} -  Pass-through HTTP Listener started on 0:0:0:0:0:0:0:0:8280 {org.apache.synapse.transport.passthru.core.PassThroughListeningIOReactorManager}
TID: [-1234] [] [2017-12-06 19:55:03,234]  INFO {org.apache.synapse.transport.passthru.PassThroughHttpSSLListener} -  Starting Pass-through HTTPS Listener... {org.apache.synapse.transport.passthru.PassThroughHttpSSLListener}
TID: [-1234] [] [2017-12-06 19:55:03,275]  INFO {org.apache.synapse.transport.passthru.core.PassThroughListeningIOReactorManager} -  Pass-through HTTPS Listener started on 0:0:0:0:0:0:0:0:8243 {org.apache.synapse.transport.passthru.core.PassThroughListeningIOReactorManager}
TID: [-1234] [] [2017-12-06 19:55:15,202]  INFO {org.wso2.carbon.application.deployer.internal.ApplicationManager} -  Deploying Carbon Application : BulkService_cap_1.0.0.car... {org.wso2.carbon.application.deployer.internal.ApplicationManager}
TID: [-1234] [] [2017-12-06 19:55:34,395]  INFO {org.wso2.carbon.application.deployer.internal.ApplicationManager} -  Successfully Deployed Carbon Application : BulkService_cap_1.0.0 {super-tenant} {org.wso2.carbon.application.deployer.internal.ApplicationManager}
TID: [-1234] [] [2017-12-06 19:55:34,405]  INFO {org.wso2.carbon.application.deployer.internal.ApplicationManager} -  Deploying Carbon Application : GeneralProject_cap_1.0.0.car... {org.wso2.carbon.application.deployer.internal.ApplicationManager}
TID: [-1234] [] [2017-12-06 19:55:34,651]  WARN {org.wso2.carbon.application.deployer.internal.ApplicationManager} -  No artifacts found to be deployed in this server. Ignoring Carbon Application : GeneralProject_cap_1.0.0.car {org.wso2.carbon.application.deployer.internal.ApplicationManager}
TID: [-1234] [] [2017-12-06 19:55:34,652]  INFO {org.wso2.carbon.application.deployer.internal.ApplicationManager} -  Deploying Carbon Application : SCPService_cap_1.0.0.car... {org.wso2.carbon.application.deployer.internal.ApplicationManager}
TID: [-1234] [] [2017-12-06 19:55:36,320]  INFO {org.wso2.carbon.application.deployer.internal.ApplicationManager} -  Successfully Deployed Carbon Application : SCPService_cap_1.0.0 {super-tenant} {org.wso2.carbon.application.deployer.internal.ApplicationManager}
TID: [-1234] [] [2017-12-06 19:55:36,379]  INFO {org.wso2.carbon.application.deployer.internal.ApplicationManager} -  Deploying Carbon Application : SecurityService_cap_1.0.0.car... {org.wso2.carbon.application.deployer.internal.ApplicationManager}
TID: [-1234] [] [2017-12-06 19:55:37,635]  INFO {org.wso2.carbon.application.deployer.internal.ApplicationManager} -  Successfully Deployed Carbon Application : SecurityService_cap_1.0.0 {super-tenant} {org.wso2.carbon.application.deployer.internal.ApplicationManager}
TID: [-1234] [] [2017-12-06 19:55:39,458]  INFO {org.wso2.carbon.databridge.receiver.thrift.ThriftDataReceiver} -  Thrift Server started at 0.0.0.0 {org.wso2.carbon.databridge.receiver.thrift.ThriftDataReceiver}
TID: [-1234] [] [2017-12-06 19:55:40,444]  INFO {org.wso2.carbon.databridge.receiver.thrift.ThriftDataReceiver} -  Thrift SSL port : 7711 {org.wso2.carbon.databridge.receiver.thrift.ThriftDataReceiver}
TID: [-1234] [] [2017-12-06 19:55:40,522]  INFO {org.wso2.carbon.databridge.receiver.thrift.ThriftDataReceiver} -  Thrift port : 7611 {org.wso2.carbon.databridge.receiver.thrift.ThriftDataReceiver}
TID: [-1234] [] [2017-12-06 19:55:40,964]  INFO {org.apache.tomcat.util.net.NioSelectorPool} -  Using a shared selector for servlet write/read {org.apache.tomcat.util.net.NioSelectorPool}
TID: [-1234] [] [2017-12-06 19:55:41,284]  INFO {org.apache.tomcat.util.net.NioSelectorPool} -  Using a shared selector for servlet write/read {org.apache.tomcat.util.net.NioSelectorPool}
TID: [-1234] [] [2017-12-06 19:55:41,854]  INFO {org.wso2.carbon.ntask.core.service.impl.TaskServiceImpl} -  Task service starting in STANDALONE mode... {org.wso2.carbon.ntask.core.service.impl.TaskServiceImpl}
TID: [-1234] [] [2017-12-06 19:55:44,109]  INFO {org.wso2.carbon.registry.eventing.internal.RegistryEventingServiceComponent} -  Successfully Initialized Eventing on Registry {org.wso2.carbon.registry.eventing.internal.RegistryEventingServiceComponent}
TID: [-1234] [] [2017-12-06 19:55:47,199]  INFO {org.wso2.carbon.core.init.JMXServerManager} -  JMX Service URL  : service:jmx:rmi://localhost:11111/jndi/rmi://localhost:9999/jmxrmi {org.wso2.carbon.core.init.JMXServerManager}
TID: [-1234] [] [2017-12-06 19:55:47,202]  INFO {org.wso2.carbon.core.internal.StartupFinalizerServiceComponent} -  Server           :  WSO2 API Manager-2.1.0 {org.wso2.carbon.core.internal.StartupFinalizerServiceComponent}
TID: [-1234] [] [2017-12-06 19:55:47,312]  INFO {org.wso2.carbon.core.internal.StartupFinalizerServiceComponent} -  WSO2 Carbon started in 719 sec {org.wso2.carbon.core.internal.StartupFinalizerServiceComponent}
TID: [-1234] [] [2017-12-06 19:55:53,138]  INFO {org.wso2.carbon.ui.internal.CarbonUIServiceComponent} -  Mgt Console URL  : https://172.16.128.202:9443/carbon/ {org.wso2.carbon.ui.internal.CarbonUIServiceComponent}
TID: [-1234] [] [2017-12-06 19:55:53,139]  INFO {org.wso2.carbon.ui.internal.CarbonUIServiceComponent} -  API Publisher Default Context : https://172.16.128.202:9443/publisher {org.wso2.carbon.ui.internal.CarbonUIServiceComponent}
TID: [-1234] [] [2017-12-06 19:55:53,142]  INFO {org.wso2.carbon.ui.internal.CarbonUIServiceComponent} -  API Store Default Context : https://172.16.128.202:9443/store {org.wso2.carbon.ui.internal.CarbonUIServiceComponent}
TID: [-1] [] [2017-12-06 20:10:01,737]  INFO {org.wso2.andes.kernel.AndesRecoveryTask} -  Running DB sync task. {org.wso2.andes.kernel.AndesRecoveryTask}
TID: [-1] [] [2017-12-06 20:25:01,396]  INFO {org.wso2.andes.kernel.AndesRecoveryTask} -  Running DB sync task. {org.wso2.andes.kernel.AndesRecoveryTask}
TID: [-1234] [] [2017-12-06 20:29:18,322]  INFO {org.wso2.carbon.core.init.CarbonServerManager} -  Shutdown hook triggered.... {org.wso2.carbon.core.init.CarbonServerManager}
TID: [-1234] [] [2017-12-06 20:29:18,854]  INFO {org.wso2.carbon.core.init.CarbonServerManager} -  Gracefully shutting down WSO2 API Manager... {org.wso2.carbon.core.init.CarbonServerManager}
TID: [-1234] [] [2017-12-06 20:29:21,246]  INFO {org.wso2.carbon.core.ServerManagement} -  Starting to switch to maintenance mode... {org.wso2.carbon.core.ServerManagement}
TID: [-1234] [] [2017-12-06 20:29:21,435]  INFO {org.apache.axis2.transport.jms.JMSListener} -  JMS Listener Shutdown {org.apache.axis2.transport.jms.JMSListener}
TID: [-1234] [] [2017-12-06 20:29:21,606]  INFO {org.apache.synapse.transport.passthru.PassThroughHttpListener} -  Stopping Pass-through HTTP Listener.. {org.apache.synapse.transport.passthru.PassThroughHttpListener}
TID: [-1234] [] [2017-12-06 20:29:21,717]  INFO {org.apache.synapse.transport.passthru.core.PassThroughListeningIOReactorManager} -  Shutting down IO Reactor bind for port 8280 {org.apache.synapse.transport.passthru.core.PassThroughListeningIOReactorManager}
TID: [-1] [] [2017-12-06 20:29:22,744]  INFO {org.apache.synapse.transport.passthru.core.PassThroughListeningIOReactorManager} -  HTTP-Listener I/O dispatcher Listener shutdown. {org.apache.synapse.transport.passthru.core.PassThroughListeningIOReactorManager}
TID: [-1234] [] [2017-12-06 20:29:22,939]  INFO {org.apache.synapse.transport.passthru.PassThroughHttpSSLListener} -  Stopping Pass-through HTTPS Listener.. {org.apache.synapse.transport.passthru.PassThroughHttpSSLListener}
TID: [-1234] [] [2017-12-06 20:29:22,941]  INFO {org.apache.synapse.transport.passthru.core.PassThroughListeningIOReactorManager} -  Shutting down IO Reactor bind for port 8243 {org.apache.synapse.transport.passthru.core.PassThroughListeningIOReactorManager}
TID: [-1] [] [2017-12-06 20:29:22,986]  INFO {org.apache.synapse.transport.passthru.core.PassThroughListeningIOReactorManager} -  HTTPS-Listener I/O dispatcher Listener shutdown. {org.apache.synapse.transport.passthru.core.PassThroughListeningIOReactorManager}
TID: [-1234] [] [2017-12-06 20:29:25,033]  INFO {org.wso2.carbon.core.ServerManagement} -  Stopped all transport listeners {org.wso2.carbon.core.ServerManagement}
TID: [-1234] [] [2017-12-06 20:29:25,033]  INFO {org.wso2.carbon.core.ServerManagement} -  Waiting for request service completion... {org.wso2.carbon.core.ServerManagement}
TID: [-1234] [] [2017-12-06 20:29:28,415]  INFO {org.wso2.carbon.core.ServerManagement} -  All requests have been served. {org.wso2.carbon.core.ServerManagement}
TID: [-1234] [] [2017-12-06 20:29:28,416]  INFO {org.wso2.carbon.core.ServerManagement} -  Waiting for deployment completion... {org.wso2.carbon.core.ServerManagement}
TID: [-1234] [] [2017-12-06 20:29:47,581]  INFO {org.wso2.carbon.webapp.mgt.WebApplication} -  Unloaded webapp: StandardEngine[Catalina].StandardHost[localhost].StandardContext[/authenticationendpoint] {org.wso2.carbon.webapp.mgt.WebApplication}
TID: [-1234] [] [2017-12-06 20:30:10,717]  INFO {org.wso2.carbon.webapp.mgt.WebApplication} -  Unloaded webapp: StandardEngine[Catalina].StandardHost[localhost].StandardContext[/throttle/data/v1] {org.wso2.carbon.webapp.mgt.WebApplication}
TID: [-1234] [] [2017-12-06 20:30:20,512]  INFO {org.wso2.carbon.webapp.mgt.WebApplication} -  Unloaded webapp: StandardEngine[Catalina].StandardHost[localhost].StandardContext[/api/am/admin/v0.11] {org.wso2.carbon.webapp.mgt.WebApplication}
TID: [-1234] [] [2017-12-06 20:30:31,351]  INFO {org.wso2.carbon.webapp.mgt.WebApplication} -  Unloaded webapp: StandardEngine[Catalina].StandardHost[localhost].StandardContext[/api/am/publisher/v0.11] {org.wso2.carbon.webapp.mgt.WebApplication}
TID: [-1234] [] [2017-12-06 20:30:45,894]  INFO {org.wso2.carbon.webapp.mgt.WebApplication} -  Unloaded webapp: StandardEngine[Catalina].StandardHost[localhost].StandardContext[/client-registration/v0.11] {org.wso2.carbon.webapp.mgt.WebApplication}
TID: [-1234] [] [2017-12-06 20:30:48,558]  INFO {org.wso2.carbon.webapp.mgt.WebApplication} -  Unloaded webapp: StandardEngine[Catalina].StandardHost[localhost].StandardContext[/am/sample/calculator/v1] {org.wso2.carbon.webapp.mgt.WebApplication}
TID: [-1234] [] [2017-12-06 20:30:51,220]  INFO {org.wso2.carbon.webapp.mgt.WebApplication} -  Unloaded webapp: StandardEngine[Catalina].StandardHost[localhost].StandardContext[/oauth2] {org.wso2.carbon.webapp.mgt.WebApplication}
TID: [-1234] [] [2017-12-06 20:30:53,949]  INFO {org.wso2.carbon.webapp.mgt.WebApplication} -  Unloaded webapp: StandardEngine[Catalina].StandardHost[localhost].StandardContext[/am/sample/pizzashack/v1] {org.wso2.carbon.webapp.mgt.WebApplication}
TID: [-1234] [] [2017-12-06 20:30:59,580]  INFO {org.wso2.carbon.webapp.mgt.WebApplication} -  Unloaded webapp: StandardEngine[Catalina].StandardHost[localhost].StandardContext[/api/am/store/v0.11] {org.wso2.carbon.webapp.mgt.WebApplication}
TID: [-1234] [] [2017-12-06 20:31:11,398]  INFO {org.wso2.carbon.webapp.mgt.WebApplication} -  Unloaded webapp: StandardEngine[Catalina].StandardHost[localhost].StandardContext[/shindig] {org.wso2.carbon.webapp.mgt.WebApplication}
TID: [-1234] [] [2017-12-06 20:31:12,067]  INFO {org.wso2.carbon.webapp.mgt.WebApplication} -  Unloaded webapp: StandardEngine[Catalina].StandardHost[localhost].StandardContext[/admin] {org.wso2.carbon.webapp.mgt.WebApplication}
TID: [-1234] [] [2017-12-06 20:31:12,474]  INFO {org.wso2.carbon.webapp.mgt.WebApplication} -  Unloaded webapp: StandardEngine[Catalina].StandardHost[localhost].StandardContext[/portal] {org.wso2.carbon.webapp.mgt.WebApplication}
TID: [-1234] [] [2017-12-06 20:31:14,201]  INFO {org.wso2.carbon.webapp.mgt.WebApplication} -  Unloaded webapp: StandardEngine[Catalina].StandardHost[localhost].StandardContext[/publisher] {org.wso2.carbon.webapp.mgt.WebApplication}
TID: [-1234] [] [2017-12-06 20:31:14,268]  INFO {org.wso2.carbon.webapp.mgt.WebApplication} -  Unloaded webapp: StandardEngine[Catalina].StandardHost[localhost].StandardContext[/store] {org.wso2.carbon.webapp.mgt.WebApplication}
TID: [-1234] [] [2017-12-06 20:31:14,342]  INFO {org.wso2.carbon.core.ServerManagement} -  All deployment tasks have been completed. {org.wso2.carbon.core.ServerManagement}
TID: [-1234] [] [2017-12-06 20:31:14,343]  INFO {org.wso2.carbon.core.ServerManagement} -  Waiting for server task completion... {org.wso2.carbon.core.ServerManagement}
TID: [-1234] [] [2017-12-06 20:31:23,272]  INFO {org.wso2.carbon.registry.core.internal.RegistryCoreServiceComponent} -  Writing logs  {org.wso2.carbon.registry.core.internal.RegistryCoreServiceComponent}
TID: [-1234] [] [2017-12-06 20:31:23,598]  INFO {org.wso2.andes.kernel.FlowControlManager} -  Prepare channels for shutdown. {org.wso2.andes.kernel.FlowControlManager}
TID: [-1234] [] [2017-12-06 20:31:24,029]  INFO {org.wso2.andes.kernel.MessagingEngine} -  Stopping SlotDelivery Worker. {org.wso2.andes.kernel.MessagingEngine}
TID: [-1234] [] [2017-12-06 20:31:24,084]  INFO {org.wso2.andes.kernel.slot.SlotMessageCounter} -  Stopping slot timeout task executor {org.wso2.andes.kernel.slot.SlotMessageCounter}
TID: [-1234] [] [2017-12-06 20:31:27,058]  INFO {org.wso2.andes.server.registry.ApplicationRegistry} -  Shutting down ApplicationRegistry(org.wso2.andes.server.registry.ConfigurationFileApplicationRegistry@1bde907f) {org.wso2.andes.server.registry.ApplicationRegistry}
TID: [-1234] [] [2017-12-06 20:31:27,059]  INFO {org.wso2.andes.server.registry.ApplicationRegistry} -  Shutting down ApplicationRegistry:org.wso2.andes.server.registry.ConfigurationFileApplicationRegistry@1bde907f {org.wso2.andes.server.registry.ApplicationRegistry}
TID: [-1234] [] [2017-12-06 20:31:28,126]  INFO {org.wso2.andes.server.security.auth.manager.PrincipalDatabaseAuthenticationManager} -  Unregistering UserManagementMBean {org.wso2.andes.server.security.auth.manager.PrincipalDatabaseAuthenticationManager}
TID: [-1234] [] [2017-12-06 20:31:28,541]  INFO {org.wso2.andes.server.cluster.ClusterManager} -  Clearing the Persisted State of Node with ID NODEL-156113697/10.0.75.1 {org.wso2.andes.server.cluster.ClusterManager}
TID: [-1234] [] [2017-12-06 20:31:29,309]  INFO {org.wso2.andes.kernel.AndesKernelBoot} -  Stop syncing exchanges, queues, bindings and subscriptions... {org.wso2.andes.kernel.AndesKernelBoot}
TID: [-1234] [] [2017-12-06 20:31:29,554]  INFO {org.wso2.carbon.core.ServerManagement} -  All server tasks have been completed. {org.wso2.carbon.core.ServerManagement}
TID: [-1234] [] [2017-12-06 20:31:29,554]  INFO {org.wso2.carbon.core.init.CarbonServerManager} -  Shutting down WSO2 API Manager... {org.wso2.carbon.core.init.CarbonServerManager}
TID: [-1234] [] [2017-12-06 20:31:29,767]  INFO {org.wso2.carbon.core.init.CarbonServerManager} -  Shutting down OSGi framework... {org.wso2.carbon.core.init.CarbonServerManager}
TID: [-1234] [] [2017-12-06 20:31:42,766]  INFO {org.wso2.carbon.apimgt.jms.listener.utils.JMSTransportHandler} -  Starting to Shutdown the Listener... {org.wso2.carbon.apimgt.jms.listener.utils.JMSTransportHandler}
TID: [-1234] [] [2017-12-06 20:31:45,006]  INFO {org.apache.synapse.task.SynapseTaskManager} -  Shutting down the task manager {org.apache.synapse.task.SynapseTaskManager}
TID: [-1234] [] [2017-12-06 20:31:46,391]  INFO {org.wso2.carbon.databridge.receiver.binary.internal.BinaryDataReceiverServiceComponent} -  Binary Data Receiver server shutting down... {org.wso2.carbon.databridge.receiver.binary.internal.BinaryDataReceiverServiceComponent}
TID: [-1234] [] [2017-12-06 20:31:46,403]  INFO {org.wso2.carbon.databridge.receiver.binary.internal.BinaryDataReceiver} -  Stopping Binary Server.. {org.wso2.carbon.databridge.receiver.binary.internal.BinaryDataReceiver}
TID: [-1234] [] [2017-12-06 20:31:47,112]  INFO {org.wso2.carbon.databridge.receiver.thrift.internal.ThriftDataReceiverDS} -  Thrift server shutting down... {org.wso2.carbon.databridge.receiver.thrift.internal.ThriftDataReceiverDS}
TID: [-1234] [] [2017-12-06 20:31:49,480]  INFO {org.wso2.carbon.event.receiver.core.EventReceiverDeployer} -  Event Receiver undeployed successfully: throttleWSO2EventReceiver.xml {org.wso2.carbon.event.receiver.core.EventReceiverDeployer}
TID: [-1234] [] [2017-12-06 20:31:51,699]  INFO {org.wso2.carbon.event.receiver.core.EventReceiverDeployer} -  Event receiver deployment held back and in inactive state: throttleWSO2EventReceiver.xml, waiting for Input Event Adapter dependency: wso2event {org.wso2.carbon.event.receiver.core.EventReceiverDeployer}
TID: [-1234] [] [2017-12-06 20:31:51,701]  INFO {org.wso2.carbon.event.receiver.core.internal.CarbonEventReceiverService} -  Event receiver : throttleWSO2EventReceiver in inactive state because dependency could not be found: wso2event {org.wso2.carbon.event.receiver.core.internal.CarbonEventReceiverService}
TID: [-1234] [] [2017-12-06 20:31:52,320]  INFO {org.wso2.carbon.event.publisher.core.EventPublisherDeployer} -  Event Publisher undeployed successfully : jmsEventPublisher.xml {org.wso2.carbon.event.publisher.core.EventPublisherDeployer}
TID: [-1234] [] [2017-12-06 20:31:52,706]  INFO {org.wso2.carbon.event.publisher.core.EventPublisherDeployer} -  Event Publisher deployment held back and in inactive state : jmsEventPublisher.xml, waiting for Output Event Adapter dependency : jms {org.wso2.carbon.event.publisher.core.EventPublisherDeployer}
TID: [-1234] [] [2017-12-06 20:31:52,724]  INFO {org.wso2.carbon.event.publisher.core.internal.CarbonEventPublisherService} -  Event publisher : jmsEventPublisher  is in inactive state because dependency could not be found : jms {org.wso2.carbon.event.publisher.core.internal.CarbonEventPublisherService}
TID: [-1234] [] [2017-12-06 20:31:57,975]  INFO {org.wso2.carbon.event.processor.core.internal.CarbonEventProcessorService} -  Successfully shutdown ExecutionPlans {org.wso2.carbon.event.processor.core.internal.CarbonEventProcessorService}
TID: [-1234] [] [2017-12-06 20:31:58,297]  INFO {org.wso2.carbon.core.init.CarbonServerManager} -  Stopping CarbonServerManager... {org.wso2.carbon.core.init.CarbonServerManager}
TID: [-1234] [] [2017-12-06 20:31:58,867]  INFO {org.apache.axis2.transport.jms.JMSSender} -  JMS Sender Shutdown {org.apache.axis2.transport.jms.JMSSender}
TID: [-1] [] [2017-12-06 20:31:58,888]  INFO {org.apache.synapse.transport.passthru.PassThroughHttpSender} -  HTTP Sender shutdown {org.apache.synapse.transport.passthru.PassThroughHttpSender}
TID: [-1] [] [2017-12-06 20:31:59,014]  INFO {org.apache.synapse.transport.passthru.PassThroughHttpSSLSender} -  HTTPS Sender shutdown {org.apache.synapse.transport.passthru.PassThroughHttpSSLSender}
TID: [-1234] [] [2017-12-06 20:31:59,033]  INFO {org.wso2.carbon.websocket.transport.WebsocketTransportSender} -  WS Sender Shutdown {org.wso2.carbon.websocket.transport.WebsocketTransportSender}
TID: [-1234] [] [2017-12-06 20:31:59,061]  INFO {org.apache.synapse.transport.passthru.PassThroughHttpListener} -  Destroying PassThroughHttpListener {org.apache.synapse.transport.passthru.PassThroughHttpListener}
TID: [-1234] [] [2017-12-06 20:31:59,150]  INFO {org.apache.synapse.transport.passthru.PassThroughHttpSSLListener} -  Destroying PassThroughHttpListener {org.apache.synapse.transport.passthru.PassThroughHttpSSLListener}
TID: [-1234] [] [2017-12-06 20:32:02,611]  INFO {org.wso2.carbon.tomcat.ext.internal.CarbonTomcatServiceComponent} -  Stopping the carbon web-app registered under : / {org.wso2.carbon.tomcat.ext.internal.CarbonTomcatServiceComponent}
TID: [-1234] [] [2017-12-06 20:32:04,473]  INFO {org.wso2.carbon.metrics.impl.reporter.AbstractReporter} -  Stopped JMX reporter for Metrics {org.wso2.carbon.metrics.impl.reporter.AbstractReporter}
TID: [-1234] [] [2017-12-06 20:32:04,480]  INFO {org.wso2.carbon.metrics.impl.reporter.AbstractReporter} -  Stopped JDBC reporter for Metrics {org.wso2.carbon.metrics.impl.reporter.AbstractReporter}
TID: [-1234] [] [2017-12-06 20:32:25,949]  INFO {org.wso2.carbon.core.init.CarbonServerManager} -  Shutdown complete {org.wso2.carbon.core.init.CarbonServerManager}
TID: [-1234] [] [2017-12-06 20:32:25,950]  INFO {org.wso2.carbon.core.init.CarbonServerManager} -  Halting JVM {org.wso2.carbon.core.init.CarbonServerManager}
