!SESSION 2017-11-28 23:05:21.881 -----------------------------------------------
eclipse.buildId=unknown
java.version=1.8.0_131
java.vendor=Oracle Corporation
BootLoader constants: OS=win32, ARCH=x86_64, WS=win32, NL=en_IN

This is a continuation of log file C:\softwares\cluster\wso2-servers-new\wso2is-5.3.0\repository\components\default\configuration\1511886786209.bak_0.log
Created Time: 2017-11-28 23:05:21.881

!ENTRY org.wso2.carbon.claim.mgt 2 0 2017-11-28 23:05:21.889
!MESSAGE [SCR] Exception occurred while getting method 'unsetRegistryService' of class org.wso2.carbon.claim.mgt.internal.ClaimManagementServiceComponent 
	Details:
	Problematic reference = Reference[name = registry.service, interface = org.wso2.carbon.registry.core.service.RegistryService, policy = dynamic, cardinality = 1..1, target = null, bind = setRegistryService, unbind = unsetRegistryService]
	of service component = claim.mgt.component
	component implementation class = org.wso2.carbon.claim.mgt.internal.ClaimManagementServiceComponent
	located in bundle with symbolic name = org.wso2.carbon.claim.mgt
	bundle location = reference:file:../plugins/org.wso2.carbon.claim.mgt_5.7.5.jar
!STACK 0
java.lang.NoClassDefFoundError: org/wso2/carbon/identity/core/util/IdentityCoreInitializedEvent
	at java.lang.Class.getDeclaredMethods0(Native Method)
	at java.lang.Class.privateGetDeclaredMethods(Class.java:2701)
	at java.lang.Class.getDeclaredMethod(Class.java:2128)
	at org.eclipse.equinox.internal.ds.model.ComponentReference.getMethod(ComponentReference.java:161)
	at org.eclipse.equinox.internal.ds.model.ComponentReference.unbind(ComponentReference.java:441)
	at org.eclipse.equinox.internal.ds.model.ServiceComponentProp.unbindReference(ServiceComponentProp.java:617)
	at org.eclipse.equinox.internal.ds.model.ServiceComponentProp.unbind(ServiceComponentProp.java:262)
	at org.eclipse.equinox.internal.ds.model.ServiceComponentProp.dispose(ServiceComponentProp.java:388)
	at org.eclipse.equinox.internal.ds.model.ServiceComponentProp.dispose(ServiceComponentProp.java:102)
	at org.eclipse.equinox.internal.ds.InstanceProcess.disposeInstances(InstanceProcess.java:344)
	at org.eclipse.equinox.internal.ds.InstanceProcess.disposeInstances(InstanceProcess.java:306)
	at org.eclipse.equinox.internal.ds.Resolver.getEligible(Resolver.java:368)
	at org.eclipse.equinox.internal.ds.SCRManager.serviceChanged(SCRManager.java:222)
	at org.eclipse.osgi.internal.serviceregistry.FilteredServiceListener.serviceChanged(FilteredServiceListener.java:107)
	at org.eclipse.osgi.framework.internal.core.BundleContextImpl.dispatchEvent(BundleContextImpl.java:861)
	at org.eclipse.osgi.framework.eventmgr.EventManager.dispatchEvent(EventManager.java:230)
	at org.eclipse.osgi.framework.eventmgr.ListenerQueue.dispatchEventSynchronous(ListenerQueue.java:148)
	at org.eclipse.osgi.internal.serviceregistry.ServiceRegistry.publishServiceEventPrivileged(ServiceRegistry.java:819)
	at org.eclipse.osgi.internal.serviceregistry.ServiceRegistry.publishServiceEvent(ServiceRegistry.java:771)
	at org.eclipse.osgi.internal.serviceregistry.ServiceRegistrationImpl.unregister(ServiceRegistrationImpl.java:225)
	at org.wso2.carbon.registry.core.internal.RegistryCoreServiceComponent.deactivate(RegistryCoreServiceComponent.java:207)
	at sun.reflect.NativeMethodAccessorImpl.invoke0(Native Method)
	at sun.reflect.NativeMethodAccessorImpl.invoke(NativeMethodAccessorImpl.java:62)
	at sun.reflect.DelegatingMethodAccessorImpl.invoke(DelegatingMethodAccessorImpl.java:43)
	at java.lang.reflect.Method.invoke(Method.java:498)
	at org.eclipse.equinox.internal.ds.model.ServiceComponent.deactivate(ServiceComponent.java:387)
	at org.eclipse.equinox.internal.ds.model.ServiceComponentProp.deactivate(ServiceComponentProp.java:161)
	at org.eclipse.equinox.internal.ds.model.ServiceComponentProp.dispose(ServiceComponentProp.java:387)
	at org.eclipse.equinox.internal.ds.model.ServiceComponentProp.dispose(ServiceComponentProp.java:102)
	at org.eclipse.equinox.internal.ds.InstanceProcess.disposeInstances(InstanceProcess.java:344)
	at org.eclipse.equinox.internal.ds.InstanceProcess.disposeInstances(InstanceProcess.java:306)
	at org.eclipse.equinox.internal.ds.Resolver.getEligible(Resolver.java:368)
	at org.eclipse.equinox.internal.ds.SCRManager.serviceChanged(SCRManager.java:222)
	at org.eclipse.osgi.internal.serviceregistry.FilteredServiceListener.serviceChanged(FilteredServiceListener.java:107)
	at org.eclipse.osgi.framework.internal.core.BundleContextImpl.dispatchEvent(BundleContextImpl.java:861)
	at org.eclipse.osgi.framework.eventmgr.EventManager.dispatchEvent(EventManager.java:230)
	at org.eclipse.osgi.framework.eventmgr.ListenerQueue.dispatchEventSynchronous(ListenerQueue.java:148)
	at org.eclipse.osgi.internal.serviceregistry.ServiceRegistry.publishServiceEventPrivileged(ServiceRegistry.java:819)
	at org.eclipse.osgi.internal.serviceregistry.ServiceRegistry.publishServiceEvent(ServiceRegistry.java:771)
	at org.eclipse.osgi.internal.serviceregistry.ServiceRegistrationImpl.unregister(ServiceRegistrationImpl.java:225)
	at org.eclipse.osgi.internal.serviceregistry.ServiceRegistry.unregisterServices(ServiceRegistry.java:635)
	at org.eclipse.osgi.framework.internal.core.BundleContextImpl.close(BundleContextImpl.java:88)
	at org.eclipse.osgi.framework.internal.core.BundleHost.stopWorker(BundleHost.java:514)
	at org.eclipse.osgi.framework.internal.core.AbstractBundle.suspend(AbstractBundle.java:566)
	at org.eclipse.osgi.framework.internal.core.Framework.suspendBundle(Framework.java:1206)
	at org.eclipse.osgi.framework.internal.core.StartLevelManager.decFWSL(StartLevelManager.java:592)
	at org.eclipse.osgi.framework.internal.core.StartLevelManager.doSetStartLevel(StartLevelManager.java:257)
	at org.eclipse.osgi.framework.internal.core.StartLevelManager.shutdown(StartLevelManager.java:215)
	at org.eclipse.osgi.framework.internal.core.InternalSystemBundle.suspend(InternalSystemBundle.java:284)
	at org.eclipse.osgi.framework.internal.core.Framework.shutdown(Framework.java:692)
	at org.eclipse.osgi.framework.internal.core.Framework.close(Framework.java:600)
	at org.eclipse.core.runtime.adaptor.EclipseStarter.shutdown(EclipseStarter.java:400)
	at org.wso2.carbon.core.init.CarbonServerManager.shutdown(CarbonServerManager.java:850)
	at org.wso2.carbon.core.init.CarbonServerManager.shutdownGracefully(CarbonServerManager.java:884)
	at org.wso2.carbon.core.init.CarbonServerManager$4.run(CarbonServerManager.java:902)
Caused by: java.lang.ClassNotFoundException: org.wso2.carbon.identity.core.util.IdentityCoreInitializedEvent cannot be found by org.wso2.carbon.claim.mgt_5.7.5
	at org.eclipse.osgi.internal.loader.BundleLoader.findClassInternal(BundleLoader.java:501)
	at org.eclipse.osgi.internal.loader.BundleLoader.findClass(BundleLoader.java:421)
	at org.eclipse.osgi.internal.loader.BundleLoader.findClass(BundleLoader.java:412)
	at org.eclipse.osgi.internal.baseadaptor.DefaultClassLoader.loadClass(DefaultClassLoader.java:107)
	at java.lang.ClassLoader.loadClass(ClassLoader.java:357)
	... 55 more

!ENTRY org.eclipse.equinox.ds 4 0 2017-11-28 23:05:21.893
!MESSAGE Exception while disposing instances of component ServiceComponentProp[
	name = claim.mgt.component
	state = Unsatisfied
	properties = {service.pid=claim.mgt.component, component.name=claim.mgt.component, component.id=30}]
!STACK 0
java.lang.NoClassDefFoundError: org/wso2/carbon/identity/core/util/IdentityCoreInitializedEvent
	at java.lang.Class.getDeclaredMethods0(Native Method)
	at java.lang.Class.privateGetDeclaredMethods(Class.java:2701)
	at java.lang.Class.getDeclaredMethods(Class.java:1975)
	at org.eclipse.equinox.internal.ds.model.ComponentReference.getMethod(ComponentReference.java:173)
	at org.eclipse.equinox.internal.ds.model.ComponentReference.unbind(ComponentReference.java:441)
	at org.eclipse.equinox.internal.ds.model.ServiceComponentProp.unbindReference(ServiceComponentProp.java:617)
	at org.eclipse.equinox.internal.ds.model.ServiceComponentProp.unbind(ServiceComponentProp.java:262)
	at org.eclipse.equinox.internal.ds.model.ServiceComponentProp.dispose(ServiceComponentProp.java:388)
	at org.eclipse.equinox.internal.ds.model.ServiceComponentProp.dispose(ServiceComponentProp.java:102)
	at org.eclipse.equinox.internal.ds.InstanceProcess.disposeInstances(InstanceProcess.java:344)
	at org.eclipse.equinox.internal.ds.InstanceProcess.disposeInstances(InstanceProcess.java:306)
	at org.eclipse.equinox.internal.ds.Resolver.getEligible(Resolver.java:368)
	at org.eclipse.equinox.internal.ds.SCRManager.serviceChanged(SCRManager.java:222)
	at org.eclipse.osgi.internal.serviceregistry.FilteredServiceListener.serviceChanged(FilteredServiceListener.java:107)
	at org.eclipse.osgi.framework.internal.core.BundleContextImpl.dispatchEvent(BundleContextImpl.java:861)
	at org.eclipse.osgi.framework.eventmgr.EventManager.dispatchEvent(EventManager.java:230)
	at org.eclipse.osgi.framework.eventmgr.ListenerQueue.dispatchEventSynchronous(ListenerQueue.java:148)
	at org.eclipse.osgi.internal.serviceregistry.ServiceRegistry.publishServiceEventPrivileged(ServiceRegistry.java:819)
	at org.eclipse.osgi.internal.serviceregistry.ServiceRegistry.publishServiceEvent(ServiceRegistry.java:771)
	at org.eclipse.osgi.internal.serviceregistry.ServiceRegistrationImpl.unregister(ServiceRegistrationImpl.java:225)
	at org.wso2.carbon.registry.core.internal.RegistryCoreServiceComponent.deactivate(RegistryCoreServiceComponent.java:207)
	at sun.reflect.NativeMethodAccessorImpl.invoke0(Native Method)
	at sun.reflect.NativeMethodAccessorImpl.invoke(NativeMethodAccessorImpl.java:62)
	at sun.reflect.DelegatingMethodAccessorImpl.invoke(DelegatingMethodAccessorImpl.java:43)
	at java.lang.reflect.Method.invoke(Method.java:498)
	at org.eclipse.equinox.internal.ds.model.ServiceComponent.deactivate(ServiceComponent.java:387)
	at org.eclipse.equinox.internal.ds.model.ServiceComponentProp.deactivate(ServiceComponentProp.java:161)
	at org.eclipse.equinox.internal.ds.model.ServiceComponentProp.dispose(ServiceComponentProp.java:387)
	at org.eclipse.equinox.internal.ds.model.ServiceComponentProp.dispose(ServiceComponentProp.java:102)
	at org.eclipse.equinox.internal.ds.InstanceProcess.disposeInstances(InstanceProcess.java:344)
	at org.eclipse.equinox.internal.ds.InstanceProcess.disposeInstances(InstanceProcess.java:306)
	at org.eclipse.equinox.internal.ds.Resolver.getEligible(Resolver.java:368)
	at org.eclipse.equinox.internal.ds.SCRManager.serviceChanged(SCRManager.java:222)
	at org.eclipse.osgi.internal.serviceregistry.FilteredServiceListener.serviceChanged(FilteredServiceListener.java:107)
	at org.eclipse.osgi.framework.internal.core.BundleContextImpl.dispatchEvent(BundleContextImpl.java:861)
	at org.eclipse.osgi.framework.eventmgr.EventManager.dispatchEvent(EventManager.java:230)
	at org.eclipse.osgi.framework.eventmgr.ListenerQueue.dispatchEventSynchronous(ListenerQueue.java:148)
	at org.eclipse.osgi.internal.serviceregistry.ServiceRegistry.publishServiceEventPrivileged(ServiceRegistry.java:819)
	at org.eclipse.osgi.internal.serviceregistry.ServiceRegistry.publishServiceEvent(ServiceRegistry.java:771)
	at org.eclipse.osgi.internal.serviceregistry.ServiceRegistrationImpl.unregister(ServiceRegistrationImpl.java:225)
	at org.eclipse.osgi.internal.serviceregistry.ServiceRegistry.unregisterServices(ServiceRegistry.java:635)
	at org.eclipse.osgi.framework.internal.core.BundleContextImpl.close(BundleContextImpl.java:88)
	at org.eclipse.osgi.framework.internal.core.BundleHost.stopWorker(BundleHost.java:514)
	at org.eclipse.osgi.framework.internal.core.AbstractBundle.suspend(AbstractBundle.java:566)
	at org.eclipse.osgi.framework.internal.core.Framework.suspendBundle(Framework.java:1206)
	at org.eclipse.osgi.framework.internal.core.StartLevelManager.decFWSL(StartLevelManager.java:592)
	at org.eclipse.osgi.framework.internal.core.StartLevelManager.doSetStartLevel(StartLevelManager.java:257)
	at org.eclipse.osgi.framework.internal.core.StartLevelManager.shutdown(StartLevelManager.java:215)
	at org.eclipse.osgi.framework.internal.core.InternalSystemBundle.suspend(InternalSystemBundle.java:284)
	at org.eclipse.osgi.framework.internal.core.Framework.shutdown(Framework.java:692)
	at org.eclipse.osgi.framework.internal.core.Framework.close(Framework.java:600)
	at org.eclipse.core.runtime.adaptor.EclipseStarter.shutdown(EclipseStarter.java:400)
	at org.wso2.carbon.core.init.CarbonServerManager.shutdown(CarbonServerManager.java:850)
	at org.wso2.carbon.core.init.CarbonServerManager.shutdownGracefully(CarbonServerManager.java:884)
	at org.wso2.carbon.core.init.CarbonServerManager$4.run(CarbonServerManager.java:902)
Caused by: java.lang.ClassNotFoundException: org.wso2.carbon.identity.core.util.IdentityCoreInitializedEvent cannot be found by org.wso2.carbon.claim.mgt_5.7.5
	at org.eclipse.osgi.internal.loader.BundleLoader.findClassInternal(BundleLoader.java:501)
	at org.eclipse.osgi.internal.loader.BundleLoader.findClass(BundleLoader.java:421)
	at org.eclipse.osgi.internal.loader.BundleLoader.findClass(BundleLoader.java:412)
	at org.eclipse.osgi.internal.baseadaptor.DefaultClassLoader.loadClass(DefaultClassLoader.java:107)
	at java.lang.ClassLoader.loadClass(ClassLoader.java:357)
	... 55 more

!ENTRY org.eclipse.equinox.ds 4 0 2017-11-28 23:05:21.900
!MESSAGE Exception while disposing instances of component ServiceComponentProp[
	name = claim.mgt.component
	state = Unsatisfied
	properties = {service.pid=claim.mgt.component, component.name=claim.mgt.component, component.id=30}]
!STACK 0
java.lang.NoClassDefFoundError: org/wso2/carbon/identity/core/util/IdentityCoreInitializedEvent
	at java.lang.Class.getDeclaredMethods0(Native Method)
	at java.lang.Class.privateGetDeclaredMethods(Class.java:2701)
	at java.lang.Class.getDeclaredMethods(Class.java:1975)
	at org.eclipse.equinox.internal.ds.model.ComponentReference.getMethod(ComponentReference.java:173)
	at org.eclipse.equinox.internal.ds.model.ComponentReference.unbind(ComponentReference.java:441)
	at org.eclipse.equinox.internal.ds.model.ServiceComponentProp.unbindReference(ServiceComponentProp.java:617)
	at org.eclipse.equinox.internal.ds.model.ServiceComponentProp.unbind(ServiceComponentProp.java:262)
	at org.eclipse.equinox.internal.ds.model.ServiceComponentProp.dispose(ServiceComponentProp.java:388)
	at org.eclipse.equinox.internal.ds.model.ServiceComponentProp.dispose(ServiceComponentProp.java:102)
	at org.eclipse.equinox.internal.ds.InstanceProcess.disposeInstances(InstanceProcess.java:344)
	at org.eclipse.equinox.internal.ds.InstanceProcess.disposeInstances(InstanceProcess.java:306)
	at org.eclipse.equinox.internal.ds.Resolver.getEligible(Resolver.java:368)
	at org.eclipse.equinox.internal.ds.SCRManager.serviceChanged(SCRManager.java:222)
	at org.eclipse.osgi.internal.serviceregistry.FilteredServiceListener.serviceChanged(FilteredServiceListener.java:107)
	at org.eclipse.osgi.framework.internal.core.BundleContextImpl.dispatchEvent(BundleContextImpl.java:861)
	at org.eclipse.osgi.framework.eventmgr.EventManager.dispatchEvent(EventManager.java:230)
	at org.eclipse.osgi.framework.eventmgr.ListenerQueue.dispatchEventSynchronous(ListenerQueue.java:148)
	at org.eclipse.osgi.internal.serviceregistry.ServiceRegistry.publishServiceEventPrivileged(ServiceRegistry.java:819)
	at org.eclipse.osgi.internal.serviceregistry.ServiceRegistry.publishServiceEvent(ServiceRegistry.java:771)
	at org.eclipse.osgi.internal.serviceregistry.ServiceRegistrationImpl.unregister(ServiceRegistrationImpl.java:225)
	at org.wso2.carbon.registry.core.internal.RegistryCoreServiceComponent.deactivate(RegistryCoreServiceComponent.java:207)
	at sun.reflect.NativeMethodAccessorImpl.invoke0(Native Method)
	at sun.reflect.NativeMethodAccessorImpl.invoke(NativeMethodAccessorImpl.java:62)
	at sun.reflect.DelegatingMethodAccessorImpl.invoke(DelegatingMethodAccessorImpl.java:43)
	at java.lang.reflect.Method.invoke(Method.java:498)
	at org.eclipse.equinox.internal.ds.model.ServiceComponent.deactivate(ServiceComponent.java:387)
	at org.eclipse.equinox.internal.ds.model.ServiceComponentProp.deactivate(ServiceComponentProp.java:161)
	at org.eclipse.equinox.internal.ds.model.ServiceComponentProp.dispose(ServiceComponentProp.java:387)
	at org.eclipse.equinox.internal.ds.model.ServiceComponentProp.dispose(ServiceComponentProp.java:102)
	at org.eclipse.equinox.internal.ds.InstanceProcess.disposeInstances(InstanceProcess.java:344)
	at org.eclipse.equinox.internal.ds.InstanceProcess.disposeInstances(InstanceProcess.java:306)
	at org.eclipse.equinox.internal.ds.Resolver.getEligible(Resolver.java:368)
	at org.eclipse.equinox.internal.ds.SCRManager.serviceChanged(SCRManager.java:222)
	at org.eclipse.osgi.internal.serviceregistry.FilteredServiceListener.serviceChanged(FilteredServiceListener.java:107)
	at org.eclipse.osgi.framework.internal.core.BundleContextImpl.dispatchEvent(BundleContextImpl.java:861)
	at org.eclipse.osgi.framework.eventmgr.EventManager.dispatchEvent(EventManager.java:230)
	at org.eclipse.osgi.framework.eventmgr.ListenerQueue.dispatchEventSynchronous(ListenerQueue.java:148)
	at org.eclipse.osgi.internal.serviceregistry.ServiceRegistry.publishServiceEventPrivileged(ServiceRegistry.java:819)
	at org.eclipse.osgi.internal.serviceregistry.ServiceRegistry.publishServiceEvent(ServiceRegistry.java:771)
	at org.eclipse.osgi.internal.serviceregistry.ServiceRegistrationImpl.unregister(ServiceRegistrationImpl.java:225)
	at org.eclipse.osgi.internal.serviceregistry.ServiceRegistry.unregisterServices(ServiceRegistry.java:635)
	at org.eclipse.osgi.framework.internal.core.BundleContextImpl.close(BundleContextImpl.java:88)
	at org.eclipse.osgi.framework.internal.core.BundleHost.stopWorker(BundleHost.java:514)
	at org.eclipse.osgi.framework.internal.core.AbstractBundle.suspend(AbstractBundle.java:566)
	at org.eclipse.osgi.framework.internal.core.Framework.suspendBundle(Framework.java:1206)
	at org.eclipse.osgi.framework.internal.core.StartLevelManager.decFWSL(StartLevelManager.java:592)
	at org.eclipse.osgi.framework.internal.core.StartLevelManager.doSetStartLevel(StartLevelManager.java:257)
	at org.eclipse.osgi.framework.internal.core.StartLevelManager.shutdown(StartLevelManager.java:215)
	at org.eclipse.osgi.framework.internal.core.InternalSystemBundle.suspend(InternalSystemBundle.java:284)
	at org.eclipse.osgi.framework.internal.core.Framework.shutdown(Framework.java:692)
	at org.eclipse.osgi.framework.internal.core.Framework.close(Framework.java:600)
	at org.eclipse.core.runtime.adaptor.EclipseStarter.shutdown(EclipseStarter.java:400)
	at org.wso2.carbon.core.init.CarbonServerManager.shutdown(CarbonServerManager.java:850)
	at org.wso2.carbon.core.init.CarbonServerManager.shutdownGracefully(CarbonServerManager.java:884)
	at org.wso2.carbon.core.init.CarbonServerManager$4.run(CarbonServerManager.java:902)
Caused by: java.lang.ClassNotFoundException: org.wso2.carbon.identity.core.util.IdentityCoreInitializedEvent cannot be found by org.wso2.carbon.claim.mgt_5.7.5
	at org.eclipse.osgi.internal.loader.BundleLoader.findClassInternal(BundleLoader.java:501)
	at org.eclipse.osgi.internal.loader.BundleLoader.findClass(BundleLoader.java:421)
	at org.eclipse.osgi.internal.loader.BundleLoader.findClass(BundleLoader.java:412)
	at org.eclipse.osgi.internal.baseadaptor.DefaultClassLoader.loadClass(DefaultClassLoader.java:107)
	at java.lang.ClassLoader.loadClass(ClassLoader.java:357)
	... 55 more
