127.0.0.1 - - [22/Nov/2017:13:01:04 +0530] "GET /throttle/data/v1/keyTemplates HTTP/1.1" 200 12 "-" "-"
127.0.0.1 - - [22/Nov/2017:13:01:04 +0530] "GET /throttle/data/v1/block HTTP/1.1" 200 68 "-" "-"
0:0:0:0:0:0:0:1 - - [22/Nov/2017:13:02:19 +0530] "GET /carbon/user/user-mgt.jsp HTTP/1.1" 302 - "https://localhost:9444/carbon/userstore/index.jsp?region=region1&item=user_mgt_menu_list" "Mozilla/5.0 (Windows NT 10.0; Win64; x64; rv:57.0) Gecko/20100101 Firefox/57.0"
0:0:0:0:0:0:0:1 - - [22/Nov/2017:13:02:29 +0530] "GET /carbon/admin/login.jsp HTTP/1.1" 200 3429 "https://localhost:9444/carbon/userstore/index.jsp?region=region1&item=user_mgt_menu_list" "Mozilla/5.0 (Windows NT 10.0; Win64; x64; rv:57.0) Gecko/20100101 Firefox/57.0"
0:0:0:0:0:0:0:1 - - [22/Nov/2017:13:02:30 +0530] "GET /carbon/admin/js/csrfPrevention.js HTTP/1.1" 200 4410 "https://localhost:9444/carbon/admin/login.jsp" "Mozilla/5.0 (Windows NT 10.0; Win64; x64; rv:57.0) Gecko/20100101 Firefox/57.0"
0:0:0:0:0:0:0:1 - - [22/Nov/2017:13:02:31 +0530] "GET /carbon/admin/css/global.css HTTP/1.1" 304 - "https://localhost:9444/carbon/admin/login.jsp" "Mozilla/5.0 (Windows NT 10.0; Win64; x64; rv:57.0) Gecko/20100101 Firefox/57.0"
0:0:0:0:0:0:0:1 - - [22/Nov/2017:13:02:31 +0530] "GET /carbon/styles/css/main.css HTTP/1.1" 304 - "https://localhost:9444/carbon/admin/login.jsp" "Mozilla/5.0 (Windows NT 10.0; Win64; x64; rv:57.0) Gecko/20100101 Firefox/57.0"
0:0:0:0:0:0:0:1 - - [22/Nov/2017:13:02:31 +0530] "GET /carbon/dialog/css/dialog.css HTTP/1.1" 304 - "https://localhost:9444/carbon/admin/login.jsp" "Mozilla/5.0 (Windows NT 10.0; Win64; x64; rv:57.0) Gecko/20100101 Firefox/57.0"
0:0:0:0:0:0:0:1 - - [22/Nov/2017:13:02:31 +0530] "GET /carbon/admin/css/carbonFormStyles.css HTTP/1.1" 304 - "https://localhost:9444/carbon/admin/login.jsp" "Mozilla/5.0 (Windows NT 10.0; Win64; x64; rv:57.0) Gecko/20100101 Firefox/57.0"
0:0:0:0:0:0:0:1 - - [22/Nov/2017:13:02:31 +0530] "GET /carbon/admin/js/jquery.form.js HTTP/1.1" 304 - "https://localhost:9444/carbon/admin/login.jsp" "Mozilla/5.0 (Windows NT 10.0; Win64; x64; rv:57.0) Gecko/20100101 Firefox/57.0"
0:0:0:0:0:0:0:1 - - [22/Nov/2017:13:02:31 +0530] "GET /carbon/dialog/js/jqueryui/jquery-ui.min.js HTTP/1.1" 304 - "https://localhost:9444/carbon/admin/login.jsp" "Mozilla/5.0 (Windows NT 10.0; Win64; x64; rv:57.0) Gecko/20100101 Firefox/57.0"
0:0:0:0:0:0:0:1 - - [22/Nov/2017:13:02:31 +0530] "GET /carbon/admin/js/jquery.validate.js HTTP/1.1" 304 - "https://localhost:9444/carbon/admin/login.jsp" "Mozilla/5.0 (Windows NT 10.0; Win64; x64; rv:57.0) Gecko/20100101 Firefox/57.0"
0:0:0:0:0:0:0:1 - - [22/Nov/2017:13:02:31 +0530] "GET /carbon/admin/js/jquery.cookie.js HTTP/1.1" 304 - "https://localhost:9444/carbon/admin/login.jsp" "Mozilla/5.0 (Windows NT 10.0; Win64; x64; rv:57.0) Gecko/20100101 Firefox/57.0"
0:0:0:0:0:0:0:1 - - [22/Nov/2017:13:02:32 +0530] "GET /carbon/admin/js/jquery.ui.core.min.js HTTP/1.1" 304 - "https://localhost:9444/carbon/admin/login.jsp" "Mozilla/5.0 (Windows NT 10.0; Win64; x64; rv:57.0) Gecko/20100101 Firefox/57.0"
0:0:0:0:0:0:0:1 - - [22/Nov/2017:13:02:32 +0530] "GET /carbon/admin/js/jquery.ui.widget.min.js HTTP/1.1" 304 - "https://localhost:9444/carbon/admin/login.jsp" "Mozilla/5.0 (Windows NT 10.0; Win64; x64; rv:57.0) Gecko/20100101 Firefox/57.0"
0:0:0:0:0:0:0:1 - - [22/Nov/2017:13:02:32 +0530] "GET /carbon/admin/js/main.js HTTP/1.1" 304 - "https://localhost:9444/carbon/admin/login.jsp" "Mozilla/5.0 (Windows NT 10.0; Win64; x64; rv:57.0) Gecko/20100101 Firefox/57.0"
0:0:0:0:0:0:0:1 - - [22/Nov/2017:13:02:32 +0530] "GET /carbon/admin/js/WSRequest.js HTTP/1.1" 304 - "https://localhost:9444/carbon/admin/login.jsp" "Mozilla/5.0 (Windows NT 10.0; Win64; x64; rv:57.0) Gecko/20100101 Firefox/57.0"
0:0:0:0:0:0:0:1 - - [22/Nov/2017:13:02:32 +0530] "GET /carbon/admin/js/cookies.js HTTP/1.1" 304 - "https://localhost:9444/carbon/admin/login.jsp" "Mozilla/5.0 (Windows NT 10.0; Win64; x64; rv:57.0) Gecko/20100101 Firefox/57.0"
0:0:0:0:0:0:0:1 - - [22/Nov/2017:13:02:32 +0530] "GET /carbon/admin/js/customControls.js HTTP/1.1" 304 - "https://localhost:9444/carbon/admin/login.jsp" "Mozilla/5.0 (Windows NT 10.0; Win64; x64; rv:57.0) Gecko/20100101 Firefox/57.0"
0:0:0:0:0:0:0:1 - - [22/Nov/2017:13:02:32 +0530] "GET /carbon/dialog/css/jqueryui/jqueryui-themeroller.css HTTP/1.1" 304 - "https://localhost:9444/carbon/admin/login.jsp" "Mozilla/5.0 (Windows NT 10.0; Win64; x64; rv:57.0) Gecko/20100101 Firefox/57.0"
0:0:0:0:0:0:0:1 - - [22/Nov/2017:13:02:32 +0530] "GET /carbon/admin/js/jquery-1.6.3.min.js HTTP/1.1" 304 - "https://localhost:9444/carbon/admin/login.jsp" "Mozilla/5.0 (Windows NT 10.0; Win64; x64; rv:57.0) Gecko/20100101 Firefox/57.0"
0:0:0:0:0:0:0:1 - - [22/Nov/2017:13:02:32 +0530] "GET /carbon/admin/js/jquery.ui.tabs.min.js HTTP/1.1" 304 - "https://localhost:9444/carbon/admin/login.jsp" "Mozilla/5.0 (Windows NT 10.0; Win64; x64; rv:57.0) Gecko/20100101 Firefox/57.0"
0:0:0:0:0:0:0:1 - - [22/Nov/2017:13:02:32 +0530] "GET /carbon/dialog/js/dialog.js HTTP/1.1" 304 - "https://localhost:9444/carbon/admin/login.jsp" "Mozilla/5.0 (Windows NT 10.0; Win64; x64; rv:57.0) Gecko/20100101 Firefox/57.0"
0:0:0:0:0:0:0:1 - - [22/Nov/2017:13:02:32 +0530] "GET /carbon/yui/build/yahoo-dom-event/yahoo-dom-event.js HTTP/1.1" 304 - "https://localhost:9444/carbon/admin/login.jsp" "Mozilla/5.0 (Windows NT 10.0; Win64; x64; rv:57.0) Gecko/20100101 Firefox/57.0"
0:0:0:0:0:0:0:1 - - [22/Nov/2017:13:02:32 +0530] "GET /carbon/yui/build/animation/animation-min.js HTTP/1.1" 304 - "https://localhost:9444/carbon/admin/login.jsp" "Mozilla/5.0 (Windows NT 10.0; Win64; x64; rv:57.0) Gecko/20100101 Firefox/57.0"
0:0:0:0:0:0:0:1 - - [22/Nov/2017:13:02:32 +0530] "GET /carbon/yui/build/yahoo/yahoo-min.js HTTP/1.1" 304 - "https://localhost:9444/carbon/admin/login.jsp" "Mozilla/5.0 (Windows NT 10.0; Win64; x64; rv:57.0) Gecko/20100101 Firefox/57.0"
0:0:0:0:0:0:0:1 - - [22/Nov/2017:13:02:32 +0530] "GET /carbon/yui/build/selector/selector-min.js HTTP/1.1" 304 - "https://localhost:9444/carbon/admin/login.jsp" "Mozilla/5.0 (Windows NT 10.0; Win64; x64; rv:57.0) Gecko/20100101 Firefox/57.0"
0:0:0:0:0:0:0:1 - - [22/Nov/2017:13:02:32 +0530] "GET /carbon/admin/js/template.js HTTP/1.1" 304 - "https://localhost:9444/carbon/admin/login.jsp" "Mozilla/5.0 (Windows NT 10.0; Win64; x64; rv:57.0) Gecko/20100101 Firefox/57.0"
0:0:0:0:0:0:0:1 - - [22/Nov/2017:13:02:32 +0530] "POST /carbon/admin/js/csrfPrevention.js HTTP/1.1" 200 63 "https://localhost:9444/carbon/admin/login.jsp" "Mozilla/5.0 (Windows NT 10.0; Win64; x64; rv:57.0) Gecko/20100101 Firefox/57.0"
0:0:0:0:0:0:0:1 - - [22/Nov/2017:13:02:32 +0530] "GET /carbon/admin/images/user-guide.gif HTTP/1.1" 304 - "https://localhost:9444/carbon/admin/login.jsp" "Mozilla/5.0 (Windows NT 10.0; Win64; x64; rv:57.0) Gecko/20100101 Firefox/57.0"
0:0:0:0:0:0:0:1 - - [22/Nov/2017:13:02:32 +0530] "GET /carbon/admin/images/forum.gif HTTP/1.1" 304 - "https://localhost:9444/carbon/admin/login.jsp" "Mozilla/5.0 (Windows NT 10.0; Win64; x64; rv:57.0) Gecko/20100101 Firefox/57.0"
0:0:0:0:0:0:0:1 - - [22/Nov/2017:13:02:32 +0530] "GET /carbon/admin/images/issue-tracker.gif HTTP/1.1" 304 - "https://localhost:9444/carbon/admin/login.jsp" "Mozilla/5.0 (Windows NT 10.0; Win64; x64; rv:57.0) Gecko/20100101 Firefox/57.0"
0:0:0:0:0:0:0:1 - - [22/Nov/2017:13:02:33 +0530] "GET /carbon/admin/images/mailing-list.gif HTTP/1.1" 304 - "https://localhost:9444/carbon/admin/login.jsp" "Mozilla/5.0 (Windows NT 10.0; Win64; x64; rv:57.0) Gecko/20100101 Firefox/57.0"
0:0:0:0:0:0:0:1 - - [22/Nov/2017:13:02:33 +0530] "POST /samlsso HTTP/1.1" 302 - "https://localhost:9443/publisher/site/pages/login.jag?requestedPage=/publisher/design?name%3DSCPservice%26version%3Dv1%26provider%3DS.COM%2Fadmin%40carbon.super" "Mozilla/5.0 (Windows NT 10.0; Win64; x64; rv:57.0) Gecko/20100101 Firefox/57.0"
0:0:0:0:0:0:0:1 - - [22/Nov/2017:13:02:33 +0530] "GET /carbon/admin/images/1px.gif HTTP/1.1" 304 - "https://localhost:9444/carbon/admin/login.jsp" "Mozilla/5.0 (Windows NT 10.0; Win64; x64; rv:57.0) Gecko/20100101 Firefox/57.0"
0:0:0:0:0:0:0:1 - - [22/Nov/2017:13:02:33 +0530] "GET /carbon/styles/images/back-repeat.png HTTP/1.1" 304 - "https://localhost:9444/carbon/styles/css/main.css" "Mozilla/5.0 (Windows NT 10.0; Win64; x64; rv:57.0) Gecko/20100101 Firefox/57.0"
0:0:0:0:0:0:0:1 - - [22/Nov/2017:13:02:33 +0530] "GET /carbon/styles/images/is-header-bg.png HTTP/1.1" 304 - "https://localhost:9444/carbon/styles/css/main.css" "Mozilla/5.0 (Windows NT 10.0; Win64; x64; rv:57.0) Gecko/20100101 Firefox/57.0"
0:0:0:0:0:0:0:1 - - [22/Nov/2017:13:02:33 +0530] "GET /carbon/styles/images/is-logo.png HTTP/1.1" 304 - "https://localhost:9444/carbon/styles/css/main.css" "Mozilla/5.0 (Windows NT 10.0; Win64; x64; rv:57.0) Gecko/20100101 Firefox/57.0"
0:0:0:0:0:0:0:1 - - [22/Nov/2017:13:02:33 +0530] "GET /carbon/styles/images/menu_header.png HTTP/1.1" 304 - "https://localhost:9444/carbon/styles/css/main.css" "Mozilla/5.0 (Windows NT 10.0; Win64; x64; rv:57.0) Gecko/20100101 Firefox/57.0"
0:0:0:0:0:0:0:1 - - [22/Nov/2017:13:02:33 +0530] "GET /carbon/admin/images/help.gif HTTP/1.1" 304 - "https://localhost:9444/carbon/admin/css/global.css" "Mozilla/5.0 (Windows NT 10.0; Win64; x64; rv:57.0) Gecko/20100101 Firefox/57.0"
0:0:0:0:0:0:0:1 - - [22/Nov/2017:13:02:34 +0530] "GET /authenticationendpoint/login.do?RelayState=2f000465-531b-481f-b4d2-b175892bd152&SSOAuthSessionID=9B24DC9962A99241BF7A5E305D6411EE922E82A7CEF5895DBD8C128C5204AA9C20D793C295E7A1F5C5C42F6A77214D7DD657698BBC39BDE40155F869613354A9A3442BCFECB410E38DF4E75184417A063AB62837205D9F22F7097321721124E898AC237D1E0BE36C4A0CD4F23F83167E483A84964D9A21926D7414CC50C5CE6B&commonAuthCallerPath=%2Fsamlsso&forceAuth=false&passiveAuth=false&tenantDomain=carbon.super&sessionDataKey=2a468b11-165f-41dc-b485-eb943fbdb21c&relyingParty=API_PUBLISHER&type=samlsso&sp=API_PUBLISHER&isSaaSApp=true&authenticators=BasicAuthenticator:LOCAL HTTP/1.1" 200 1755 "https://localhost:9443/publisher/site/pages/login.jag?requestedPage=/publisher/design?name%3DSCPservice%26version%3Dv1%26provider%3DS.COM%2Fadmin%40carbon.super" "Mozilla/5.0 (Windows NT 10.0; Win64; x64; rv:57.0) Gecko/20100101 Firefox/57.0"
0:0:0:0:0:0:0:1 - - [22/Nov/2017:13:02:59 +0530] "POST /samlsso HTTP/1.1" 200 4284 "https://localhost:9444/authenticationendpoint/login.do?RelayState=2f000465-531b-481f-b4d2-b175892bd152&SSOAuthSessionID=9B24DC9962A99241BF7A5E305D6411EE922E82A7CEF5895DBD8C128C5204AA9C20D793C295E7A1F5C5C42F6A77214D7DD657698BBC39BDE40155F869613354A9A3442BCFECB410E38DF4E75184417A063AB62837205D9F22F7097321721124E898AC237D1E0BE36C4A0CD4F23F83167E483A84964D9A21926D7414CC50C5CE6B&commonAuthCallerPath=%2Fsamlsso&forceAuth=false&passiveAuth=false&tenantDomain=carbon.super&sessionDataKey=2a468b11-165f-41dc-b485-eb943fbdb21c&relyingParty=API_PUBLISHER&type=samlsso&sp=API_PUBLISHER&isSaaSApp=true&authenticators=BasicAuthenticator:LOCAL" "Mozilla/5.0 (Windows NT 10.0; Win64; x64; rv:57.0) Gecko/20100101 Firefox/57.0"
127.0.0.1 - - [22/Nov/2017:13:09:17 +0530] "POST /services/AuthenticationAdmin HTTP/1.1" 200 299 "-" "Axis2"
0:0:0:0:0:0:0:1 - - [22/Nov/2017:13:13:22 +0530] "POST /samlsso HTTP/1.1" 200 4670 "https://localhost:9443/store/?requestedPage=/store/site/pages/application.jag?name%3DTFN_REGISTRY" "Mozilla/5.0 (Windows NT 10.0; Win64; x64; rv:57.0) Gecko/20100101 Firefox/57.0"
127.0.0.1 - - [22/Nov/2017:13:13:25 +0530] "POST /services/APIKeyMgtSubscriberService HTTP/1.1" 200 1213 "-" "Axis2"
127.0.0.1 - - [22/Nov/2017:13:13:43 +0530] "POST /services/APIKeyMgtSubscriberService HTTP/1.1" 200 1213 "-" "Axis2"
127.0.0.1 - - [22/Nov/2017:13:13:43 +0530] "POST /services/APIKeyMgtSubscriberService HTTP/1.1" 200 1213 "-" "Axis2"
127.0.0.1 - - [22/Nov/2017:13:13:52 +0530] "POST /services/APIKeyMgtSubscriberService HTTP/1.1" 200 1213 "-" "Axis2"
127.0.0.1 - - [22/Nov/2017:13:14:16 +0530] "POST /oauth2/token HTTP/1.1" 200 168 "-" "Synapse-PT-HttpComponents-NIO"
127.0.0.1 - - [22/Nov/2017:13:15:17 +0530] "POST /thriftAuthenticator HTTP/1.1" 200 67 "-" "Java/THttpClient/HC"
0:0:0:0:0:0:0:1 - - [22/Nov/2017:15:24:41 +0530] "GET /services/UserInformationRecoveryService? HTTP/1.1" 500 213 "-" "Mozilla/5.0 (Windows NT 10.0; Win64; x64; rv:57.0) Gecko/20100101 Firefox/57.0"
0:0:0:0:0:0:0:1 - - [22/Nov/2017:15:24:52 +0530] "GET /services/UserInformationRecoveryService.wsdl? HTTP/1.1" 500 153 "-" "Mozilla/5.0 (Windows NT 10.0; Win64; x64; rv:57.0) Gecko/20100101 Firefox/57.0"
0:0:0:0:0:0:0:1 - - [22/Nov/2017:17:51:06 +0530] "POST /samlsso HTTP/1.1" 200 1875 "https://localhost:9443/store/" "Mozilla/5.0 (Windows NT 10.0; Win64; x64; rv:57.0) Gecko/20100101 Firefox/57.0"
0:0:0:0:0:0:0:1 - - [22/Nov/2017:18:51:23 +0530] "POST /samlsso HTTP/1.1" 200 1875 "https://localhost:9443/store/" "Mozilla/5.0 (Windows NT 10.0; Win64; x64; rv:57.0) Gecko/20100101 Firefox/57.0"
0:0:0:0:0:0:0:1 - - [22/Nov/2017:18:51:24 +0530] "POST /samlsso HTTP/1.1" 200 1875 "https://localhost:9443/store/" "Mozilla/5.0 (Windows NT 10.0; Win64; x64; rv:57.0) Gecko/20100101 Firefox/57.0"
0:0:0:0:0:0:0:1 - - [22/Nov/2017:18:51:26 +0530] "POST /samlsso HTTP/1.1" 200 1875 "https://localhost:9443/store/" "Mozilla/5.0 (Windows NT 10.0; Win64; x64; rv:57.0) Gecko/20100101 Firefox/57.0"
0:0:0:0:0:0:0:1 - - [22/Nov/2017:18:51:27 +0530] "POST /samlsso HTTP/1.1" 200 1875 "https://localhost:9443/store/" "Mozilla/5.0 (Windows NT 10.0; Win64; x64; rv:57.0) Gecko/20100101 Firefox/57.0"
0:0:0:0:0:0:0:1 - - [22/Nov/2017:18:51:28 +0530] "POST /samlsso HTTP/1.1" 200 1875 "https://localhost:9443/store/" "Mozilla/5.0 (Windows NT 10.0; Win64; x64; rv:57.0) Gecko/20100101 Firefox/57.0"
0:0:0:0:0:0:0:1 - - [22/Nov/2017:18:51:29 +0530] "POST /samlsso HTTP/1.1" 200 1875 "https://localhost:9443/store/" "Mozilla/5.0 (Windows NT 10.0; Win64; x64; rv:57.0) Gecko/20100101 Firefox/57.0"
0:0:0:0:0:0:0:1 - - [22/Nov/2017:18:51:30 +0530] "POST /samlsso HTTP/1.1" 200 1875 "https://localhost:9443/store/" "Mozilla/5.0 (Windows NT 10.0; Win64; x64; rv:57.0) Gecko/20100101 Firefox/57.0"
0:0:0:0:0:0:0:1 - - [22/Nov/2017:18:51:32 +0530] "POST /samlsso HTTP/1.1" 200 1875 "https://localhost:9443/store/" "Mozilla/5.0 (Windows NT 10.0; Win64; x64; rv:57.0) Gecko/20100101 Firefox/57.0"
0:0:0:0:0:0:0:1 - - [22/Nov/2017:18:51:33 +0530] "POST /samlsso HTTP/1.1" 200 1875 "https://localhost:9443/store/" "Mozilla/5.0 (Windows NT 10.0; Win64; x64; rv:57.0) Gecko/20100101 Firefox/57.0"
0:0:0:0:0:0:0:1 - - [22/Nov/2017:18:51:34 +0530] "POST /samlsso HTTP/1.1" 200 1875 "https://localhost:9443/store/" "Mozilla/5.0 (Windows NT 10.0; Win64; x64; rv:57.0) Gecko/20100101 Firefox/57.0"
0:0:0:0:0:0:0:1 - - [22/Nov/2017:18:51:35 +0530] "POST /samlsso HTTP/1.1" 200 1875 "https://localhost:9443/store/" "Mozilla/5.0 (Windows NT 10.0; Win64; x64; rv:57.0) Gecko/20100101 Firefox/57.0"
0:0:0:0:0:0:0:1 - - [22/Nov/2017:18:51:36 +0530] "POST /samlsso HTTP/1.1" 200 1875 "https://localhost:9443/store/" "Mozilla/5.0 (Windows NT 10.0; Win64; x64; rv:57.0) Gecko/20100101 Firefox/57.0"
0:0:0:0:0:0:0:1 - - [22/Nov/2017:18:51:38 +0530] "POST /samlsso HTTP/1.1" 200 1875 "https://localhost:9443/store/" "Mozilla/5.0 (Windows NT 10.0; Win64; x64; rv:57.0) Gecko/20100101 Firefox/57.0"
0:0:0:0:0:0:0:1 - - [22/Nov/2017:18:51:39 +0530] "POST /samlsso HTTP/1.1" 200 1875 "https://localhost:9443/store/" "Mozilla/5.0 (Windows NT 10.0; Win64; x64; rv:57.0) Gecko/20100101 Firefox/57.0"
0:0:0:0:0:0:0:1 - - [22/Nov/2017:18:51:40 +0530] "POST /samlsso HTTP/1.1" 200 1875 "https://localhost:9443/store/" "Mozilla/5.0 (Windows NT 10.0; Win64; x64; rv:57.0) Gecko/20100101 Firefox/57.0"
0:0:0:0:0:0:0:1 - - [22/Nov/2017:18:51:41 +0530] "POST /samlsso HTTP/1.1" 200 1875 "https://localhost:9443/store/" "Mozilla/5.0 (Windows NT 10.0; Win64; x64; rv:57.0) Gecko/20100101 Firefox/57.0"
0:0:0:0:0:0:0:1 - - [22/Nov/2017:18:51:41 +0530] "POST /samlsso HTTP/1.1" 200 1875 "https://localhost:9443/store/" "Mozilla/5.0 (Windows NT 10.0; Win64; x64; rv:57.0) Gecko/20100101 Firefox/57.0"
0:0:0:0:0:0:0:1 - - [22/Nov/2017:18:51:42 +0530] "POST /samlsso HTTP/1.1" 200 1875 "https://localhost:9443/store/" "Mozilla/5.0 (Windows NT 10.0; Win64; x64; rv:57.0) Gecko/20100101 Firefox/57.0"
0:0:0:0:0:0:0:1 - - [22/Nov/2017:18:51:43 +0530] "POST /samlsso HTTP/1.1" 200 1875 "https://localhost:9443/store/" "Mozilla/5.0 (Windows NT 10.0; Win64; x64; rv:57.0) Gecko/20100101 Firefox/57.0"
0:0:0:0:0:0:0:1 - - [22/Nov/2017:18:51:44 +0530] "POST /samlsso HTTP/1.1" 200 1875 "https://localhost:9443/store/" "Mozilla/5.0 (Windows NT 10.0; Win64; x64; rv:57.0) Gecko/20100101 Firefox/57.0"
0:0:0:0:0:0:0:1 - - [22/Nov/2017:18:51:45 +0530] "POST /samlsso HTTP/1.1" 200 1875 "https://localhost:9443/store/" "Mozilla/5.0 (Windows NT 10.0; Win64; x64; rv:57.0) Gecko/20100101 Firefox/57.0"
0:0:0:0:0:0:0:1 - - [22/Nov/2017:18:51:46 +0530] "POST /samlsso HTTP/1.1" 200 1875 "https://localhost:9443/store/" "Mozilla/5.0 (Windows NT 10.0; Win64; x64; rv:57.0) Gecko/20100101 Firefox/57.0"
0:0:0:0:0:0:0:1 - - [22/Nov/2017:18:51:46 +0530] "POST /samlsso HTTP/1.1" 200 1875 "https://localhost:9443/store/" "Mozilla/5.0 (Windows NT 10.0; Win64; x64; rv:57.0) Gecko/20100101 Firefox/57.0"
0:0:0:0:0:0:0:1 - - [22/Nov/2017:18:51:47 +0530] "POST /samlsso HTTP/1.1" 200 1875 "https://localhost:9443/store/" "Mozilla/5.0 (Windows NT 10.0; Win64; x64; rv:57.0) Gecko/20100101 Firefox/57.0"
0:0:0:0:0:0:0:1 - - [22/Nov/2017:18:51:48 +0530] "POST /samlsso HTTP/1.1" 200 1875 "https://localhost:9443/store/" "Mozilla/5.0 (Windows NT 10.0; Win64; x64; rv:57.0) Gecko/20100101 Firefox/57.0"
0:0:0:0:0:0:0:1 - - [22/Nov/2017:18:51:49 +0530] "POST /samlsso HTTP/1.1" 200 1875 "https://localhost:9443/store/" "Mozilla/5.0 (Windows NT 10.0; Win64; x64; rv:57.0) Gecko/20100101 Firefox/57.0"
