127.0.0.1 - - [21/Nov/2017:13:53:16 +0530] "GET /throttle/data/v1/block HTTP/1.1" 200 68 "-" "-"
127.0.0.1 - - [21/Nov/2017:13:53:16 +0530] "GET /throttle/data/v1/keyTemplates HTTP/1.1" 200 12 "-" "-"
0:0:0:0:0:0:0:1 - - [21/Nov/2017:15:28:46 +0530] "POST /samlsso HTTP/1.1" 302 - "https://localhost:9443/publisher/site/pages/login.jag?requestedPage=/publisher/" "Mozilla/5.0 (Windows NT 10.0; Win64; x64; rv:57.0) Gecko/20100101 Firefox/57.0"
0:0:0:0:0:0:0:1 - - [21/Nov/2017:15:28:47 +0530] "GET /authenticationendpoint/login.do;jsessionid=D132F80A08B3A04904677AB08883CF8F?RelayState=71d82adb-f699-4039-8854-a687d8880a70&SSOAuthSessionID=6BBF04E0B12E3D2C7F385D251A6B75B91953C254898E5B4669368A586383AAFBA2843D4E1FB8DB4DAEE463696380A648E8C99EA290CE40E7E672CC435C11F5DA6484CB990E783A94B4BCB0267951CC07BCCFFC3D80D3A4D1E278AD82196252CCA3A78A64ABC094EBB10F1D966C365D4E6F4FB063CE952AA456855746C1B18225&commonAuthCallerPath=%2Fsamlsso&forceAuth=false&passiveAuth=false&tenantDomain=carbon.super&sessionDataKey=e6f8f928-d3cd-410f-804f-7d30d04ed1c3&relyingParty=API_PUBLISHER&type=samlsso&sp=API_PUBLISHER&isSaaSApp=true&authenticators=BasicAuthenticator:LOCAL HTTP/1.1" 200 1754 "https://localhost:9443/publisher/site/pages/login.jag?requestedPage=/publisher/" "Mozilla/5.0 (Windows NT 10.0; Win64; x64; rv:57.0) Gecko/20100101 Firefox/57.0"
0:0:0:0:0:0:0:1 - - [21/Nov/2017:15:28:48 +0530] "GET /authenticationendpoint/libs/bootstrap_3.3.5/css/bootstrap.min.css HTTP/1.1" 200 20162 "https://localhost:9444/authenticationendpoint/login.do;jsessionid=D132F80A08B3A04904677AB08883CF8F?RelayState=71d82adb-f699-4039-8854-a687d8880a70&SSOAuthSessionID=6BBF04E0B12E3D2C7F385D251A6B75B91953C254898E5B4669368A586383AAFBA2843D4E1FB8DB4DAEE463696380A648E8C99EA290CE40E7E672CC435C11F5DA6484CB990E783A94B4BCB0267951CC07BCCFFC3D80D3A4D1E278AD82196252CCA3A78A64ABC094EBB10F1D966C365D4E6F4FB063CE952AA456855746C1B18225&commonAuthCallerPath=%2Fsamlsso&forceAuth=false&passiveAuth=false&tenantDomain=carbon.super&sessionDataKey=e6f8f928-d3cd-410f-804f-7d30d04ed1c3&relyingParty=API_PUBLISHER&type=samlsso&sp=API_PUBLISHER&isSaaSApp=true&authenticators=BasicAuthenticator:LOCAL" "Mozilla/5.0 (Windows NT 10.0; Win64; x64; rv:57.0) Gecko/20100101 Firefox/57.0"
0:0:0:0:0:0:0:1 - - [21/Nov/2017:15:28:48 +0530] "GET /authenticationendpoint/css/Roboto.css HTTP/1.1" 200 301 "https://localhost:9444/authenticationendpoint/login.do;jsessionid=D132F80A08B3A04904677AB08883CF8F?RelayState=71d82adb-f699-4039-8854-a687d8880a70&SSOAuthSessionID=6BBF04E0B12E3D2C7F385D251A6B75B91953C254898E5B4669368A586383AAFBA2843D4E1FB8DB4DAEE463696380A648E8C99EA290CE40E7E672CC435C11F5DA6484CB990E783A94B4BCB0267951CC07BCCFFC3D80D3A4D1E278AD82196252CCA3A78A64ABC094EBB10F1D966C365D4E6F4FB063CE952AA456855746C1B18225&commonAuthCallerPath=%2Fsamlsso&forceAuth=false&passiveAuth=false&tenantDomain=carbon.super&sessionDataKey=e6f8f928-d3cd-410f-804f-7d30d04ed1c3&relyingParty=API_PUBLISHER&type=samlsso&sp=API_PUBLISHER&isSaaSApp=true&authenticators=BasicAuthenticator:LOCAL" "Mozilla/5.0 (Windows NT 10.0; Win64; x64; rv:57.0) Gecko/20100101 Firefox/57.0"
0:0:0:0:0:0:0:1 - - [21/Nov/2017:15:28:48 +0530] "GET /authenticationendpoint/css/custom-common.css HTTP/1.1" 200 1075 "https://localhost:9444/authenticationendpoint/login.do;jsessionid=D132F80A08B3A04904677AB08883CF8F?RelayState=71d82adb-f699-4039-8854-a687d8880a70&SSOAuthSessionID=6BBF04E0B12E3D2C7F385D251A6B75B91953C254898E5B4669368A586383AAFBA2843D4E1FB8DB4DAEE463696380A648E8C99EA290CE40E7E672CC435C11F5DA6484CB990E783A94B4BCB0267951CC07BCCFFC3D80D3A4D1E278AD82196252CCA3A78A64ABC094EBB10F1D966C365D4E6F4FB063CE952AA456855746C1B18225&commonAuthCallerPath=%2Fsamlsso&forceAuth=false&passiveAuth=false&tenantDomain=carbon.super&sessionDataKey=e6f8f928-d3cd-410f-804f-7d30d04ed1c3&relyingParty=API_PUBLISHER&type=samlsso&sp=API_PUBLISHER&isSaaSApp=true&authenticators=BasicAuthenticator:LOCAL" "Mozilla/5.0 (Windows NT 10.0; Win64; x64; rv:57.0) Gecko/20100101 Firefox/57.0"
0:0:0:0:0:0:0:1 - - [21/Nov/2017:15:28:48 +0530] "GET /authenticationendpoint/libs/bootstrap_3.3.5/js/bootstrap.min.js HTTP/1.1" 200 9891 "https://localhost:9444/authenticationendpoint/login.do;jsessionid=D132F80A08B3A04904677AB08883CF8F?RelayState=71d82adb-f699-4039-8854-a687d8880a70&SSOAuthSessionID=6BBF04E0B12E3D2C7F385D251A6B75B91953C254898E5B4669368A586383AAFBA2843D4E1FB8DB4DAEE463696380A648E8C99EA290CE40E7E672CC435C11F5DA6484CB990E783A94B4BCB0267951CC07BCCFFC3D80D3A4D1E278AD82196252CCA3A78A64ABC094EBB10F1D966C365D4E6F4FB063CE952AA456855746C1B18225&commonAuthCallerPath=%2Fsamlsso&forceAuth=false&passiveAuth=false&tenantDomain=carbon.super&sessionDataKey=e6f8f928-d3cd-410f-804f-7d30d04ed1c3&relyingParty=API_PUBLISHER&type=samlsso&sp=API_PUBLISHER&isSaaSApp=true&authenticators=BasicAuthenticator:LOCAL" "Mozilla/5.0 (Windows NT 10.0; Win64; x64; rv:57.0) Gecko/20100101 Firefox/57.0"
0:0:0:0:0:0:0:1 - - [21/Nov/2017:15:28:48 +0530] "GET /authenticationendpoint/images/logo-inverse.svg HTTP/1.1" 200 4663 "https://localhost:9444/authenticationendpoint/login.do;jsessionid=D132F80A08B3A04904677AB08883CF8F?RelayState=71d82adb-f699-4039-8854-a687d8880a70&SSOAuthSessionID=6BBF04E0B12E3D2C7F385D251A6B75B91953C254898E5B4669368A586383AAFBA2843D4E1FB8DB4DAEE463696380A648E8C99EA290CE40E7E672CC435C11F5DA6484CB990E783A94B4BCB0267951CC07BCCFFC3D80D3A4D1E278AD82196252CCA3A78A64ABC094EBB10F1D966C365D4E6F4FB063CE952AA456855746C1B18225&commonAuthCallerPath=%2Fsamlsso&forceAuth=false&passiveAuth=false&tenantDomain=carbon.super&sessionDataKey=e6f8f928-d3cd-410f-804f-7d30d04ed1c3&relyingParty=API_PUBLISHER&type=samlsso&sp=API_PUBLISHER&isSaaSApp=true&authenticators=BasicAuthenticator:LOCAL" "Mozilla/5.0 (Windows NT 10.0; Win64; x64; rv:57.0) Gecko/20100101 Firefox/57.0"
0:0:0:0:0:0:0:1 - - [21/Nov/2017:15:28:48 +0530] "GET /authenticationendpoint/images/favicon.png HTTP/1.1" 200 1923 "-" "Mozilla/5.0 (Windows NT 10.0; Win64; x64; rv:57.0) Gecko/20100101 Firefox/57.0"
0:0:0:0:0:0:0:1 - - [21/Nov/2017:15:28:48 +0530] "GET /authenticationendpoint/libs/jquery_1.11.3/jquery-1.11.3.js HTTP/1.1" 200 86118 "https://localhost:9444/authenticationendpoint/login.do;jsessionid=D132F80A08B3A04904677AB08883CF8F?RelayState=71d82adb-f699-4039-8854-a687d8880a70&SSOAuthSessionID=6BBF04E0B12E3D2C7F385D251A6B75B91953C254898E5B4669368A586383AAFBA2843D4E1FB8DB4DAEE463696380A648E8C99EA290CE40E7E672CC435C11F5DA6484CB990E783A94B4BCB0267951CC07BCCFFC3D80D3A4D1E278AD82196252CCA3A78A64ABC094EBB10F1D966C365D4E6F4FB063CE952AA456855746C1B18225&commonAuthCallerPath=%2Fsamlsso&forceAuth=false&passiveAuth=false&tenantDomain=carbon.super&sessionDataKey=e6f8f928-d3cd-410f-804f-7d30d04ed1c3&relyingParty=API_PUBLISHER&type=samlsso&sp=API_PUBLISHER&isSaaSApp=true&authenticators=BasicAuthenticator:LOCAL" "Mozilla/5.0 (Windows NT 10.0; Win64; x64; rv:57.0) Gecko/20100101 Firefox/57.0"
0:0:0:0:0:0:0:1 - - [21/Nov/2017:15:28:55 +0530] "POST /samlsso HTTP/1.1" 200 4288 "https://localhost:9444/authenticationendpoint/login.do;jsessionid=D132F80A08B3A04904677AB08883CF8F?RelayState=71d82adb-f699-4039-8854-a687d8880a70&SSOAuthSessionID=6BBF04E0B12E3D2C7F385D251A6B75B91953C254898E5B4669368A586383AAFBA2843D4E1FB8DB4DAEE463696380A648E8C99EA290CE40E7E672CC435C11F5DA6484CB990E783A94B4BCB0267951CC07BCCFFC3D80D3A4D1E278AD82196252CCA3A78A64ABC094EBB10F1D966C365D4E6F4FB063CE952AA456855746C1B18225&commonAuthCallerPath=%2Fsamlsso&forceAuth=false&passiveAuth=false&tenantDomain=carbon.super&sessionDataKey=e6f8f928-d3cd-410f-804f-7d30d04ed1c3&relyingParty=API_PUBLISHER&type=samlsso&sp=API_PUBLISHER&isSaaSApp=true&authenticators=BasicAuthenticator:LOCAL" "Mozilla/5.0 (Windows NT 10.0; Win64; x64; rv:57.0) Gecko/20100101 Firefox/57.0"
0:0:0:0:0:0:0:1 - - [21/Nov/2017:15:28:56 +0530] "GET /favicon.ico HTTP/1.1" 405 832 "-" "Mozilla/5.0 (Windows NT 10.0; Win64; x64; rv:57.0) Gecko/20100101 Firefox/57.0"
0:0:0:0:0:0:0:1 - - [21/Nov/2017:15:29:01 +0530] "POST /samlsso HTTP/1.1" 200 1875 "https://localhost:9443/store/" "Mozilla/5.0 (Windows NT 10.0; Win64; x64; rv:57.0) Gecko/20100101 Firefox/57.0"
0:0:0:0:0:0:0:1 - - [21/Nov/2017:15:29:04 +0530] "POST /samlsso HTTP/1.1" 200 1875 "https://localhost:9443/store/" "Mozilla/5.0 (Windows NT 10.0; Win64; x64; rv:57.0) Gecko/20100101 Firefox/57.0"
0:0:0:0:0:0:0:1 - - [21/Nov/2017:15:29:06 +0530] "POST /samlsso HTTP/1.1" 200 1875 "https://localhost:9443/store/" "Mozilla/5.0 (Windows NT 10.0; Win64; x64; rv:57.0) Gecko/20100101 Firefox/57.0"
0:0:0:0:0:0:0:1 - - [21/Nov/2017:15:29:09 +0530] "POST /samlsso HTTP/1.1" 200 1875 "https://localhost:9443/store/" "Mozilla/5.0 (Windows NT 10.0; Win64; x64; rv:57.0) Gecko/20100101 Firefox/57.0"
0:0:0:0:0:0:0:1 - - [21/Nov/2017:15:29:10 +0530] "POST /samlsso HTTP/1.1" 200 1875 "https://localhost:9443/store/" "Mozilla/5.0 (Windows NT 10.0; Win64; x64; rv:57.0) Gecko/20100101 Firefox/57.0"
0:0:0:0:0:0:0:1 - - [21/Nov/2017:15:29:12 +0530] "POST /samlsso HTTP/1.1" 200 1875 "https://localhost:9443/store/" "Mozilla/5.0 (Windows NT 10.0; Win64; x64; rv:57.0) Gecko/20100101 Firefox/57.0"
0:0:0:0:0:0:0:1 - - [21/Nov/2017:15:29:13 +0530] "POST /samlsso HTTP/1.1" 200 1875 "https://localhost:9443/store/" "Mozilla/5.0 (Windows NT 10.0; Win64; x64; rv:57.0) Gecko/20100101 Firefox/57.0"
0:0:0:0:0:0:0:1 - - [21/Nov/2017:15:29:14 +0530] "POST /samlsso HTTP/1.1" 200 1875 "https://localhost:9443/store/" "Mozilla/5.0 (Windows NT 10.0; Win64; x64; rv:57.0) Gecko/20100101 Firefox/57.0"
0:0:0:0:0:0:0:1 - - [21/Nov/2017:15:29:16 +0530] "POST /samlsso HTTP/1.1" 200 1875 "https://localhost:9443/store/" "Mozilla/5.0 (Windows NT 10.0; Win64; x64; rv:57.0) Gecko/20100101 Firefox/57.0"
0:0:0:0:0:0:0:1 - - [21/Nov/2017:15:29:17 +0530] "POST /samlsso HTTP/1.1" 200 1875 "https://localhost:9443/store/" "Mozilla/5.0 (Windows NT 10.0; Win64; x64; rv:57.0) Gecko/20100101 Firefox/57.0"
0:0:0:0:0:0:0:1 - - [21/Nov/2017:15:29:19 +0530] "POST /samlsso HTTP/1.1" 200 1875 "https://localhost:9443/store/" "Mozilla/5.0 (Windows NT 10.0; Win64; x64; rv:57.0) Gecko/20100101 Firefox/57.0"
0:0:0:0:0:0:0:1 - - [21/Nov/2017:15:29:20 +0530] "POST /samlsso HTTP/1.1" 200 1875 "https://localhost:9443/store/" "Mozilla/5.0 (Windows NT 10.0; Win64; x64; rv:57.0) Gecko/20100101 Firefox/57.0"
0:0:0:0:0:0:0:1 - - [21/Nov/2017:15:29:21 +0530] "POST /samlsso HTTP/1.1" 200 1875 "https://localhost:9443/store/" "Mozilla/5.0 (Windows NT 10.0; Win64; x64; rv:57.0) Gecko/20100101 Firefox/57.0"
0:0:0:0:0:0:0:1 - - [21/Nov/2017:15:29:23 +0530] "POST /samlsso HTTP/1.1" 200 1875 "https://localhost:9443/store/" "Mozilla/5.0 (Windows NT 10.0; Win64; x64; rv:57.0) Gecko/20100101 Firefox/57.0"
0:0:0:0:0:0:0:1 - - [21/Nov/2017:15:29:24 +0530] "POST /samlsso HTTP/1.1" 200 1875 "https://localhost:9443/store/" "Mozilla/5.0 (Windows NT 10.0; Win64; x64; rv:57.0) Gecko/20100101 Firefox/57.0"
0:0:0:0:0:0:0:1 - - [21/Nov/2017:15:29:25 +0530] "POST /samlsso HTTP/1.1" 200 1875 "https://localhost:9443/store/" "Mozilla/5.0 (Windows NT 10.0; Win64; x64; rv:57.0) Gecko/20100101 Firefox/57.0"
0:0:0:0:0:0:0:1 - - [21/Nov/2017:15:29:26 +0530] "POST /samlsso HTTP/1.1" 200 1875 "https://localhost:9443/store/" "Mozilla/5.0 (Windows NT 10.0; Win64; x64; rv:57.0) Gecko/20100101 Firefox/57.0"
0:0:0:0:0:0:0:1 - - [21/Nov/2017:15:29:27 +0530] "POST /samlsso HTTP/1.1" 200 1875 "https://localhost:9443/store/" "Mozilla/5.0 (Windows NT 10.0; Win64; x64; rv:57.0) Gecko/20100101 Firefox/57.0"
127.0.0.1 - - [21/Nov/2017:15:38:20 +0530] "POST /services/AuthenticationAdmin HTTP/1.1" 200 299 "-" "Axis2"
127.0.0.1 - - [21/Nov/2017:16:16:41 +0530] "POST /services/UserInformationRecoveryService.UserInformationRecoveryServiceHttpsSoap11Endpoint/ HTTP/1.1" 401 35 "-" "Apache-HttpClient/4.1.1 (java 1.5)"
127.0.0.1 - - [21/Nov/2017:16:16:43 +0530] "POST /services/UserInformationRecoveryService.UserInformationRecoveryServiceHttpsSoap11Endpoint/ HTTP/1.1" 200 982 "-" "Apache-HttpClient/4.1.1 (java 1.5)"
0:0:0:0:0:0:0:1 - - [21/Nov/2017:16:17:56 +0530] "GET /carbon/admin/login.jsp HTTP/1.1" 200 3428 "-" "Mozilla/5.0 (Windows NT 10.0; Win64; x64; rv:57.0) Gecko/20100101 Firefox/57.0"
0:0:0:0:0:0:0:1 - - [21/Nov/2017:16:17:56 +0530] "GET /carbon/admin/css/global.css HTTP/1.1" 200 5311 "https://localhost:9444/carbon/admin/login.jsp" "Mozilla/5.0 (Windows NT 10.0; Win64; x64; rv:57.0) Gecko/20100101 Firefox/57.0"
0:0:0:0:0:0:0:1 - - [21/Nov/2017:16:17:56 +0530] "GET /carbon/styles/css/main.css HTTP/1.1" 200 1361 "https://localhost:9444/carbon/admin/login.jsp" "Mozilla/5.0 (Windows NT 10.0; Win64; x64; rv:57.0) Gecko/20100101 Firefox/57.0"
0:0:0:0:0:0:0:1 - - [21/Nov/2017:16:17:56 +0530] "GET /carbon/admin/js/jquery.form.js HTTP/1.1" 200 6750 "https://localhost:9444/carbon/admin/login.jsp" "Mozilla/5.0 (Windows NT 10.0; Win64; x64; rv:57.0) Gecko/20100101 Firefox/57.0"
0:0:0:0:0:0:0:1 - - [21/Nov/2017:16:17:56 +0530] "GET /carbon/admin/js/jquery-1.6.3.min.js HTTP/1.1" 200 32564 "https://localhost:9444/carbon/admin/login.jsp" "Mozilla/5.0 (Windows NT 10.0; Win64; x64; rv:57.0) Gecko/20100101 Firefox/57.0"
0:0:0:0:0:0:0:1 - - [21/Nov/2017:16:17:56 +0530] "GET /carbon/dialog/css/jqueryui/jqueryui-themeroller.css HTTP/1.1" 200 4020 "https://localhost:9444/carbon/admin/login.jsp" "Mozilla/5.0 (Windows NT 10.0; Win64; x64; rv:57.0) Gecko/20100101 Firefox/57.0"
0:0:0:0:0:0:0:1 - - [21/Nov/2017:16:17:56 +0530] "GET /carbon/dialog/css/dialog.css HTTP/1.1" 200 556 "https://localhost:9444/carbon/admin/login.jsp" "Mozilla/5.0 (Windows NT 10.0; Win64; x64; rv:57.0) Gecko/20100101 Firefox/57.0"
0:0:0:0:0:0:0:1 - - [21/Nov/2017:16:17:56 +0530] "GET /carbon/admin/css/carbonFormStyles.css HTTP/1.1" 200 2050 "https://localhost:9444/carbon/admin/login.jsp" "Mozilla/5.0 (Windows NT 10.0; Win64; x64; rv:57.0) Gecko/20100101 Firefox/57.0"
0:0:0:0:0:0:0:1 - - [21/Nov/2017:16:17:56 +0530] "GET /carbon/admin/js/csrfPrevention.js HTTP/1.1" 200 4410 "https://localhost:9444/carbon/admin/login.jsp" "Mozilla/5.0 (Windows NT 10.0; Win64; x64; rv:57.0) Gecko/20100101 Firefox/57.0"
0:0:0:0:0:0:0:1 - - [21/Nov/2017:16:17:57 +0530] "GET /carbon/admin/js/jquery.validate.js HTTP/1.1" 200 10290 "https://localhost:9444/carbon/admin/login.jsp" "Mozilla/5.0 (Windows NT 10.0; Win64; x64; rv:57.0) Gecko/20100101 Firefox/57.0"
0:0:0:0:0:0:0:1 - - [21/Nov/2017:16:17:57 +0530] "GET /carbon/admin/js/jquery.ui.core.min.js HTTP/1.1" 200 1996 "https://localhost:9444/carbon/admin/login.jsp" "Mozilla/5.0 (Windows NT 10.0; Win64; x64; rv:57.0) Gecko/20100101 Firefox/57.0"
0:0:0:0:0:0:0:1 - - [21/Nov/2017:16:17:57 +0530] "GET /carbon/admin/js/jquery.ui.widget.min.js HTTP/1.1" 200 1344 "https://localhost:9444/carbon/admin/login.jsp" "Mozilla/5.0 (Windows NT 10.0; Win64; x64; rv:57.0) Gecko/20100101 Firefox/57.0"
0:0:0:0:0:0:0:1 - - [21/Nov/2017:16:17:57 +0530] "GET /carbon/admin/js/jquery.cookie.js HTTP/1.1" 200 1529 "https://localhost:9444/carbon/admin/login.jsp" "Mozilla/5.0 (Windows NT 10.0; Win64; x64; rv:57.0) Gecko/20100101 Firefox/57.0"
0:0:0:0:0:0:0:1 - - [21/Nov/2017:16:17:57 +0530] "GET /carbon/dialog/js/jqueryui/jquery-ui.min.js HTTP/1.1" 200 25705 "https://localhost:9444/carbon/admin/login.jsp" "Mozilla/5.0 (Windows NT 10.0; Win64; x64; rv:57.0) Gecko/20100101 Firefox/57.0"
0:0:0:0:0:0:0:1 - - [21/Nov/2017:16:17:57 +0530] "GET /carbon/admin/js/jquery.ui.tabs.min.js HTTP/1.1" 200 3594 "https://localhost:9444/carbon/admin/login.jsp" "Mozilla/5.0 (Windows NT 10.0; Win64; x64; rv:57.0) Gecko/20100101 Firefox/57.0"
0:0:0:0:0:0:0:1 - - [21/Nov/2017:16:17:57 +0530] "GET /carbon/admin/js/main.js HTTP/1.1" 200 15376 "https://localhost:9444/carbon/admin/login.jsp" "Mozilla/5.0 (Windows NT 10.0; Win64; x64; rv:57.0) Gecko/20100101 Firefox/57.0"
0:0:0:0:0:0:0:1 - - [21/Nov/2017:16:17:57 +0530] "GET /carbon/admin/js/cookies.js HTTP/1.1" 200 1136 "https://localhost:9444/carbon/admin/login.jsp" "Mozilla/5.0 (Windows NT 10.0; Win64; x64; rv:57.0) Gecko/20100101 Firefox/57.0"
0:0:0:0:0:0:0:1 - - [21/Nov/2017:16:17:57 +0530] "GET /carbon/admin/js/WSRequest.js HTTP/1.1" 200 12981 "https://localhost:9444/carbon/admin/login.jsp" "Mozilla/5.0 (Windows NT 10.0; Win64; x64; rv:57.0) Gecko/20100101 Firefox/57.0"
0:0:0:0:0:0:0:1 - - [21/Nov/2017:16:17:57 +0530] "GET /carbon/admin/js/customControls.js HTTP/1.1" 200 1193 "https://localhost:9444/carbon/admin/login.jsp" "Mozilla/5.0 (Windows NT 10.0; Win64; x64; rv:57.0) Gecko/20100101 Firefox/57.0"
0:0:0:0:0:0:0:1 - - [21/Nov/2017:16:17:57 +0530] "GET /carbon/dialog/js/dialog.js HTTP/1.1" 200 2206 "https://localhost:9444/carbon/admin/login.jsp" "Mozilla/5.0 (Windows NT 10.0; Win64; x64; rv:57.0) Gecko/20100101 Firefox/57.0"
0:0:0:0:0:0:0:1 - - [21/Nov/2017:16:17:57 +0530] "GET /carbon/yui/build/animation/animation-min.js HTTP/1.1" 200 4768 "https://localhost:9444/carbon/admin/login.jsp" "Mozilla/5.0 (Windows NT 10.0; Win64; x64; rv:57.0) Gecko/20100101 Firefox/57.0"
0:0:0:0:0:0:0:1 - - [21/Nov/2017:16:17:57 +0530] "GET /carbon/yui/build/yahoo-dom-event/yahoo-dom-event.js HTTP/1.1" 200 10684 "https://localhost:9444/carbon/admin/login.jsp" "Mozilla/5.0 (Windows NT 10.0; Win64; x64; rv:57.0) Gecko/20100101 Firefox/57.0"
0:0:0:0:0:0:0:1 - - [21/Nov/2017:16:17:57 +0530] "GET /carbon/admin/js/template.js HTTP/1.1" 200 3390 "https://localhost:9444/carbon/admin/login.jsp" "Mozilla/5.0 (Windows NT 10.0; Win64; x64; rv:57.0) Gecko/20100101 Firefox/57.0"
0:0:0:0:0:0:0:1 - - [21/Nov/2017:16:17:57 +0530] "GET /carbon/yui/build/yahoo/yahoo-min.js HTTP/1.1" 200 2523 "https://localhost:9444/carbon/admin/login.jsp" "Mozilla/5.0 (Windows NT 10.0; Win64; x64; rv:57.0) Gecko/20100101 Firefox/57.0"
0:0:0:0:0:0:0:1 - - [21/Nov/2017:16:17:57 +0530] "GET /carbon/yui/build/selector/selector-min.js HTTP/1.1" 200 2895 "https://localhost:9444/carbon/admin/login.jsp" "Mozilla/5.0 (Windows NT 10.0; Win64; x64; rv:57.0) Gecko/20100101 Firefox/57.0"
0:0:0:0:0:0:0:1 - - [21/Nov/2017:16:17:57 +0530] "GET /carbon/admin/images/1px.gif HTTP/1.1" 200 43 "https://localhost:9444/carbon/admin/login.jsp" "Mozilla/5.0 (Windows NT 10.0; Win64; x64; rv:57.0) Gecko/20100101 Firefox/57.0"
0:0:0:0:0:0:0:1 - - [21/Nov/2017:16:17:57 +0530] "POST /carbon/admin/js/csrfPrevention.js HTTP/1.1" 200 63 "https://localhost:9444/carbon/admin/login.jsp" "Mozilla/5.0 (Windows NT 10.0; Win64; x64; rv:57.0) Gecko/20100101 Firefox/57.0"
0:0:0:0:0:0:0:1 - - [21/Nov/2017:16:17:57 +0530] "GET /carbon/admin/images/user-guide.gif HTTP/1.1" 200 2228 "https://localhost:9444/carbon/admin/login.jsp" "Mozilla/5.0 (Windows NT 10.0; Win64; x64; rv:57.0) Gecko/20100101 Firefox/57.0"
0:0:0:0:0:0:0:1 - - [21/Nov/2017:16:17:57 +0530] "GET /carbon/admin/images/forum.gif HTTP/1.1" 200 1977 "https://localhost:9444/carbon/admin/login.jsp" "Mozilla/5.0 (Windows NT 10.0; Win64; x64; rv:57.0) Gecko/20100101 Firefox/57.0"
0:0:0:0:0:0:0:1 - - [21/Nov/2017:16:17:57 +0530] "GET /carbon/admin/images/issue-tracker.gif HTTP/1.1" 200 1821 "https://localhost:9444/carbon/admin/login.jsp" "Mozilla/5.0 (Windows NT 10.0; Win64; x64; rv:57.0) Gecko/20100101 Firefox/57.0"
0:0:0:0:0:0:0:1 - - [21/Nov/2017:16:17:57 +0530] "GET /carbon/admin/images/mailing-list.gif HTTP/1.1" 200 2131 "https://localhost:9444/carbon/admin/login.jsp" "Mozilla/5.0 (Windows NT 10.0; Win64; x64; rv:57.0) Gecko/20100101 Firefox/57.0"
0:0:0:0:0:0:0:1 - - [21/Nov/2017:16:17:57 +0530] "GET /carbon/admin/images/favicon.ico HTTP/1.1" 200 9889 "-" "Mozilla/5.0 (Windows NT 10.0; Win64; x64; rv:57.0) Gecko/20100101 Firefox/57.0"
0:0:0:0:0:0:0:1 - - [21/Nov/2017:16:17:57 +0530] "GET /carbon/styles/images/back-repeat.png HTTP/1.1" 200 198 "https://localhost:9444/carbon/styles/css/main.css" "Mozilla/5.0 (Windows NT 10.0; Win64; x64; rv:57.0) Gecko/20100101 Firefox/57.0"
0:0:0:0:0:0:0:1 - - [21/Nov/2017:16:17:57 +0530] "GET /carbon/styles/images/is-header-bg.png HTTP/1.1" 200 16404 "https://localhost:9444/carbon/styles/css/main.css" "Mozilla/5.0 (Windows NT 10.0; Win64; x64; rv:57.0) Gecko/20100101 Firefox/57.0"
0:0:0:0:0:0:0:1 - - [21/Nov/2017:16:17:57 +0530] "GET /carbon/styles/images/is-logo.png HTTP/1.1" 200 4498 "https://localhost:9444/carbon/styles/css/main.css" "Mozilla/5.0 (Windows NT 10.0; Win64; x64; rv:57.0) Gecko/20100101 Firefox/57.0"
0:0:0:0:0:0:0:1 - - [21/Nov/2017:16:17:57 +0530] "GET /carbon/styles/images/menu_header.png HTTP/1.1" 200 203 "https://localhost:9444/carbon/styles/css/main.css" "Mozilla/5.0 (Windows NT 10.0; Win64; x64; rv:57.0) Gecko/20100101 Firefox/57.0"
0:0:0:0:0:0:0:1 - - [21/Nov/2017:16:17:57 +0530] "GET /carbon/admin/images/help.gif HTTP/1.1" 200 411 "https://localhost:9444/carbon/admin/css/global.css" "Mozilla/5.0 (Windows NT 10.0; Win64; x64; rv:57.0) Gecko/20100101 Firefox/57.0"
0:0:0:0:0:0:0:1 - - [21/Nov/2017:16:18:10 +0530] "POST /carbon/admin/login_action.jsp HTTP/1.1" 302 - "https://localhost:9444/carbon/admin/login.jsp" "Mozilla/5.0 (Windows NT 10.0; Win64; x64; rv:57.0) Gecko/20100101 Firefox/57.0"
0:0:0:0:0:0:0:1 - - [21/Nov/2017:16:18:10 +0530] "GET /carbon/admin/index.jsp?loginStatus=true HTTP/1.1" 200 4614 "https://localhost:9444/carbon/admin/login.jsp" "Mozilla/5.0 (Windows NT 10.0; Win64; x64; rv:57.0) Gecko/20100101 Firefox/57.0"
0:0:0:0:0:0:0:1 - - [21/Nov/2017:16:18:10 +0530] "GET /carbon/admin/js/csrfPrevention.js HTTP/1.1" 200 4410 "https://localhost:9444/carbon/admin/index.jsp?loginStatus=true" "Mozilla/5.0 (Windows NT 10.0; Win64; x64; rv:57.0) Gecko/20100101 Firefox/57.0"
0:0:0:0:0:0:0:1 - - [21/Nov/2017:16:18:11 +0530] "GET /carbon/admin/jsp/registry_styles_ajaxprocessor.jsp HTTP/1.1" 200 123 "https://localhost:9444/carbon/admin/index.jsp?loginStatus=true" "Mozilla/5.0 (Windows NT 10.0; Win64; x64; rv:57.0) Gecko/20100101 Firefox/57.0"
0:0:0:0:0:0:0:1 - - [21/Nov/2017:16:18:11 +0530] "GET /carbon/admin/images/up-arrow.gif HTTP/1.1" 200 615 "https://localhost:9444/carbon/admin/index.jsp?loginStatus=true" "Mozilla/5.0 (Windows NT 10.0; Win64; x64; rv:57.0) Gecko/20100101 Firefox/57.0"
0:0:0:0:0:0:0:1 - - [21/Nov/2017:16:18:11 +0530] "POST /carbon/admin/js/csrfPrevention.js HTTP/1.1" 200 63 "https://localhost:9444/carbon/admin/index.jsp?loginStatus=true" "Mozilla/5.0 (Windows NT 10.0; Win64; x64; rv:57.0) Gecko/20100101 Firefox/57.0"
0:0:0:0:0:0:0:1 - - [21/Nov/2017:16:18:11 +0530] "GET /carbon/styles/images/is-server-menu-header.png HTTP/1.1" 200 204 "https://localhost:9444/carbon/styles/css/main.css" "Mozilla/5.0 (Windows NT 10.0; Win64; x64; rv:57.0) Gecko/20100101 Firefox/57.0"
0:0:0:0:0:0:0:1 - - [21/Nov/2017:16:18:11 +0530] "GET /carbon/userstore/images/user-store.gif HTTP/1.1" 200 617 "https://localhost:9444/carbon/admin/index.jsp?loginStatus=true" "Mozilla/5.0 (Windows NT 10.0; Win64; x64; rv:57.0) Gecko/20100101 Firefox/57.0"
0:0:0:0:0:0:0:1 - - [21/Nov/2017:16:18:11 +0530] "GET /carbon/userstore/images/add.gif HTTP/1.1" 200 407 "https://localhost:9444/carbon/admin/index.jsp?loginStatus=true" "Mozilla/5.0 (Windows NT 10.0; Win64; x64; rv:57.0) Gecko/20100101 Firefox/57.0"
0:0:0:0:0:0:0:1 - - [21/Nov/2017:16:18:11 +0530] "GET /carbon/userstore/images/list.gif HTTP/1.1" 200 216 "https://localhost:9444/carbon/admin/index.jsp?loginStatus=true" "Mozilla/5.0 (Windows NT 10.0; Win64; x64; rv:57.0) Gecko/20100101 Firefox/57.0"
0:0:0:0:0:0:0:1 - - [21/Nov/2017:16:18:11 +0530] "GET /carbon/userstore_config/images/multiple-user-stores.png HTTP/1.1" 200 783 "https://localhost:9444/carbon/admin/index.jsp?loginStatus=true" "Mozilla/5.0 (Windows NT 10.0; Win64; x64; rv:57.0) Gecko/20100101 Firefox/57.0"
0:0:0:0:0:0:0:1 - - [21/Nov/2017:16:18:11 +0530] "GET /carbon/userstore_config/images/add.gif HTTP/1.1" 200 407 "https://localhost:9444/carbon/admin/index.jsp?loginStatus=true" "Mozilla/5.0 (Windows NT 10.0; Win64; x64; rv:57.0) Gecko/20100101 Firefox/57.0"
0:0:0:0:0:0:0:1 - - [21/Nov/2017:16:18:11 +0530] "GET /carbon/userstore_config/images/list.gif HTTP/1.1" 200 216 "https://localhost:9444/carbon/admin/index.jsp?loginStatus=true" "Mozilla/5.0 (Windows NT 10.0; Win64; x64; rv:57.0) Gecko/20100101 Firefox/57.0"
0:0:0:0:0:0:0:1 - - [21/Nov/2017:16:18:11 +0530] "GET /carbon/identity-claim-mgt/images/claims.gif HTTP/1.1" 200 1046 "https://localhost:9444/carbon/admin/index.jsp?loginStatus=true" "Mozilla/5.0 (Windows NT 10.0; Win64; x64; rv:57.0) Gecko/20100101 Firefox/57.0"
0:0:0:0:0:0:0:1 - - [21/Nov/2017:16:18:11 +0530] "GET /carbon/identity-claim-mgt/images/add.gif HTTP/1.1" 200 407 "https://localhost:9444/carbon/admin/index.jsp?loginStatus=true" "Mozilla/5.0 (Windows NT 10.0; Win64; x64; rv:57.0) Gecko/20100101 Firefox/57.0"
0:0:0:0:0:0:0:1 - - [21/Nov/2017:16:18:11 +0530] "GET /carbon/identity-claim-mgt/images/list.gif HTTP/1.1" 200 216 "https://localhost:9444/carbon/admin/index.jsp?loginStatus=true" "Mozilla/5.0 (Windows NT 10.0; Win64; x64; rv:57.0) Gecko/20100101 Firefox/57.0"
0:0:0:0:0:0:0:1 - - [21/Nov/2017:16:18:11 +0530] "GET /carbon/application/images/service-provider.png HTTP/1.1" 200 670 "https://localhost:9444/carbon/admin/index.jsp?loginStatus=true" "Mozilla/5.0 (Windows NT 10.0; Win64; x64; rv:57.0) Gecko/20100101 Firefox/57.0"
0:0:0:0:0:0:0:1 - - [21/Nov/2017:16:18:11 +0530] "GET /carbon/application/images/add.png HTTP/1.1" 200 639 "https://localhost:9444/carbon/admin/index.jsp?loginStatus=true" "Mozilla/5.0 (Windows NT 10.0; Win64; x64; rv:57.0) Gecko/20100101 Firefox/57.0"
0:0:0:0:0:0:0:1 - - [21/Nov/2017:16:18:11 +0530] "GET /carbon/application/images/list.png HTTP/1.1" 200 216 "https://localhost:9444/carbon/admin/index.jsp?loginStatus=true" "Mozilla/5.0 (Windows NT 10.0; Win64; x64; rv:57.0) Gecko/20100101 Firefox/57.0"
0:0:0:0:0:0:0:1 - - [21/Nov/2017:16:18:11 +0530] "GET /carbon/application/images/local-sp.png HTTP/1.1" 200 576 "https://localhost:9444/carbon/admin/index.jsp?loginStatus=true" "Mozilla/5.0 (Windows NT 10.0; Win64; x64; rv:57.0) Gecko/20100101 Firefox/57.0"
0:0:0:0:0:0:0:1 - - [21/Nov/2017:16:18:11 +0530] "GET /carbon/idpmgt/images/trust.png HTTP/1.1" 200 775 "https://localhost:9444/carbon/admin/index.jsp?loginStatus=true" "Mozilla/5.0 (Windows NT 10.0; Win64; x64; rv:57.0) Gecko/20100101 Firefox/57.0"
0:0:0:0:0:0:0:1 - - [21/Nov/2017:16:18:11 +0530] "GET /carbon/idpmgt/images/add.gif HTTP/1.1" 200 407 "https://localhost:9444/carbon/admin/index.jsp?loginStatus=true" "Mozilla/5.0 (Windows NT 10.0; Win64; x64; rv:57.0) Gecko/20100101 Firefox/57.0"
0:0:0:0:0:0:0:1 - - [21/Nov/2017:16:18:11 +0530] "GET /carbon/idpmgt/images/resident-idp.png HTTP/1.1" 200 576 "https://localhost:9444/carbon/admin/index.jsp?loginStatus=true" "Mozilla/5.0 (Windows NT 10.0; Win64; x64; rv:57.0) Gecko/20100101 Firefox/57.0"
0:0:0:0:0:0:0:1 - - [21/Nov/2017:16:18:11 +0530] "GET /carbon/idpmgt/images/list.gif HTTP/1.1" 200 216 "https://localhost:9444/carbon/admin/index.jsp?loginStatus=true" "Mozilla/5.0 (Windows NT 10.0; Win64; x64; rv:57.0) Gecko/20100101 Firefox/57.0"
0:0:0:0:0:0:0:1 - - [21/Nov/2017:16:18:11 +0530] "GET /carbon/entitlement/images/policy.gif HTTP/1.1" 200 1017 "https://localhost:9444/carbon/admin/index.jsp?loginStatus=true" "Mozilla/5.0 (Windows NT 10.0; Win64; x64; rv:57.0) Gecko/20100101 Firefox/57.0"
0:0:0:0:0:0:0:1 - - [21/Nov/2017:16:18:11 +0530] "GET /carbon/entitlement/images/policies.gif HTTP/1.1" 200 387 "https://localhost:9444/carbon/admin/index.jsp?loginStatus=true" "Mozilla/5.0 (Windows NT 10.0; Win64; x64; rv:57.0) Gecko/20100101 Firefox/57.0"
0:0:0:0:0:0:0:1 - - [21/Nov/2017:16:18:11 +0530] "GET /carbon/entitlement/images/config.gif HTTP/1.1" 200 1006 "https://localhost:9444/carbon/admin/index.jsp?loginStatus=true" "Mozilla/5.0 (Windows NT 10.0; Win64; x64; rv:57.0) Gecko/20100101 Firefox/57.0"
0:0:0:0:0:0:0:1 - - [21/Nov/2017:16:18:11 +0530] "GET /carbon/entitlement/images/search-top.png HTTP/1.1" 200 785 "https://localhost:9444/carbon/admin/index.jsp?loginStatus=true" "Mozilla/5.0 (Windows NT 10.0; Win64; x64; rv:57.0) Gecko/20100101 Firefox/57.0"
0:0:0:0:0:0:0:1 - - [21/Nov/2017:16:18:11 +0530] "GET /carbon/feature-mgt/images/comp-manager.gif HTTP/1.1" 200 580 "https://localhost:9444/carbon/admin/index.jsp?loginStatus=true" "Mozilla/5.0 (Windows NT 10.0; Win64; x64; rv:57.0) Gecko/20100101 Firefox/57.0"
0:0:0:0:0:0:0:1 - - [21/Nov/2017:16:18:11 +0530] "GET /carbon/workflow-impl/images/wf-profile.gif HTTP/1.1" 200 347 "https://localhost:9444/carbon/admin/index.jsp?loginStatus=true" "Mozilla/5.0 (Windows NT 10.0; Win64; x64; rv:57.0) Gecko/20100101 Firefox/57.0"
0:0:0:0:0:0:0:1 - - [21/Nov/2017:16:18:11 +0530] "GET /carbon/roles-mgt/images/server-role.gif HTTP/1.1" 200 1073 "https://localhost:9444/carbon/admin/index.jsp?loginStatus=true" "Mozilla/5.0 (Windows NT 10.0; Win64; x64; rv:57.0) Gecko/20100101 Firefox/57.0"
0:0:0:0:0:0:0:1 - - [21/Nov/2017:16:18:11 +0530] "GET /carbon/log-admin/images/log.gif HTTP/1.1" 200 596 "https://localhost:9444/carbon/admin/index.jsp?loginStatus=true" "Mozilla/5.0 (Windows NT 10.0; Win64; x64; rv:57.0) Gecko/20100101 Firefox/57.0"
0:0:0:0:0:0:0:1 - - [21/Nov/2017:16:18:11 +0530] "GET /carbon/workflow-mgt/images/add.png HTTP/1.1" 200 639 "https://localhost:9444/carbon/admin/index.jsp?loginStatus=true" "Mozilla/5.0 (Windows NT 10.0; Win64; x64; rv:57.0) Gecko/20100101 Firefox/57.0"
0:0:0:0:0:0:0:1 - - [21/Nov/2017:16:18:12 +0530] "GET /carbon/tenant-mgt/images/multi_tenancy.png HTTP/1.1" 200 768 "https://localhost:9444/carbon/admin/index.jsp?loginStatus=true" "Mozilla/5.0 (Windows NT 10.0; Win64; x64; rv:57.0) Gecko/20100101 Firefox/57.0"
0:0:0:0:0:0:0:1 - - [21/Nov/2017:16:18:12 +0530] "GET /carbon/tenant-mgt/images/services.gif HTTP/1.1" 200 604 "https://localhost:9444/carbon/admin/index.jsp?loginStatus=true" "Mozilla/5.0 (Windows NT 10.0; Win64; x64; rv:57.0) Gecko/20100101 Firefox/57.0"
0:0:0:0:0:0:0:1 - - [21/Nov/2017:16:18:12 +0530] "GET /carbon/workflow-mgt/images/list.png HTTP/1.1" 200 216 "https://localhost:9444/carbon/admin/index.jsp?loginStatus=true" "Mozilla/5.0 (Windows NT 10.0; Win64; x64; rv:57.0) Gecko/20100101 Firefox/57.0"
0:0:0:0:0:0:0:1 - - [21/Nov/2017:16:18:12 +0530] "GET /carbon/tenant-mgt/images/services1.gif HTTP/1.1" 200 608 "https://localhost:9444/carbon/admin/index.jsp?loginStatus=true" "Mozilla/5.0 (Windows NT 10.0; Win64; x64; rv:57.0) Gecko/20100101 Firefox/57.0"
0:0:0:0:0:0:0:1 - - [21/Nov/2017:16:18:12 +0530] "GET /carbon/workflow-mgt/images/engagement.gif HTTP/1.1" 200 376 "https://localhost:9444/carbon/admin/index.jsp?loginStatus=true" "Mozilla/5.0 (Windows NT 10.0; Win64; x64; rv:57.0) Gecko/20100101 Firefox/57.0"
0:0:0:0:0:0:0:1 - - [21/Nov/2017:16:18:12 +0530] "GET /carbon/workflow-mgt/images/workflow.gif HTTP/1.1" 200 233 "https://localhost:9444/carbon/admin/index.jsp?loginStatus=true" "Mozilla/5.0 (Windows NT 10.0; Win64; x64; rv:57.0) Gecko/20100101 Firefox/57.0"
0:0:0:0:0:0:0:1 - - [21/Nov/2017:16:18:12 +0530] "GET /carbon/recovery-mgt/images/keys.gif HTTP/1.1" 200 969 "https://localhost:9444/carbon/admin/index.jsp?loginStatus=true" "Mozilla/5.0 (Windows NT 10.0; Win64; x64; rv:57.0) Gecko/20100101 Firefox/57.0"
0:0:0:0:0:0:0:1 - - [21/Nov/2017:16:18:12 +0530] "GET /carbon/email-mgt/images/i18nemail-template.png HTTP/1.1" 200 602 "https://localhost:9444/carbon/admin/index.jsp?loginStatus=true" "Mozilla/5.0 (Windows NT 10.0; Win64; x64; rv:57.0) Gecko/20100101 Firefox/57.0"
0:0:0:0:0:0:0:1 - - [21/Nov/2017:16:18:12 +0530] "GET /carbon/email-mgt/images/add_email.gif HTTP/1.1" 200 407 "https://localhost:9444/carbon/admin/index.jsp?loginStatus=true" "Mozilla/5.0 (Windows NT 10.0; Win64; x64; rv:57.0) Gecko/20100101 Firefox/57.0"
0:0:0:0:0:0:0:1 - - [21/Nov/2017:16:18:12 +0530] "GET /carbon/recovery-mgt/images/list.gif HTTP/1.1" 200 216 "https://localhost:9444/carbon/admin/index.jsp?loginStatus=true" "Mozilla/5.0 (Windows NT 10.0; Win64; x64; rv:57.0) Gecko/20100101 Firefox/57.0"
0:0:0:0:0:0:0:1 - - [21/Nov/2017:16:18:12 +0530] "GET /carbon/recovery-mgt/images/add.gif HTTP/1.1" 200 407 "https://localhost:9444/carbon/admin/index.jsp?loginStatus=true" "Mozilla/5.0 (Windows NT 10.0; Win64; x64; rv:57.0) Gecko/20100101 Firefox/57.0"
0:0:0:0:0:0:0:1 - - [21/Nov/2017:16:18:12 +0530] "GET /carbon/email-mgt/images/edit_email.gif HTTP/1.1" 200 1036 "https://localhost:9444/carbon/admin/index.jsp?loginStatus=true" "Mozilla/5.0 (Windows NT 10.0; Win64; x64; rv:57.0) Gecko/20100101 Firefox/57.0"
0:0:0:0:0:0:0:1 - - [21/Nov/2017:16:18:12 +0530] "GET /carbon/keystoremgt/images/keystore.gif HTTP/1.1" 200 604 "https://localhost:9444/carbon/admin/index.jsp?loginStatus=true" "Mozilla/5.0 (Windows NT 10.0; Win64; x64; rv:57.0) Gecko/20100101 Firefox/57.0"
0:0:0:0:0:0:0:1 - - [21/Nov/2017:16:18:12 +0530] "GET /carbon/admin/jsp/session-validate.jsp HTTP/1.1" 200 4024 "https://localhost:9444/carbon/admin/index.jsp?loginStatus=true" "Mozilla/5.0 (Windows NT 10.0; Win64; x64; rv:57.0) Gecko/20100101 Firefox/57.0"
0:0:0:0:0:0:0:1 - - [21/Nov/2017:16:18:12 +0530] "GET /carbon/server-admin/images/restart.gif HTTP/1.1" 200 631 "https://localhost:9444/carbon/admin/index.jsp?loginStatus=true" "Mozilla/5.0 (Windows NT 10.0; Win64; x64; rv:57.0) Gecko/20100101 Firefox/57.0"
0:0:0:0:0:0:0:1 - - [21/Nov/2017:16:18:12 +0530] "GET /carbon/metrics-view/images/icon_monitor_pc.gif HTTP/1.1" 200 274 "https://localhost:9444/carbon/admin/index.jsp?loginStatus=true" "Mozilla/5.0 (Windows NT 10.0; Win64; x64; rv:57.0) Gecko/20100101 Firefox/57.0"
0:0:0:0:0:0:0:1 - - [21/Nov/2017:16:18:12 +0530] "GET /carbon/search/images/search-top.png HTTP/1.1" 200 785 "https://localhost:9444/carbon/admin/index.jsp?loginStatus=true" "Mozilla/5.0 (Windows NT 10.0; Win64; x64; rv:57.0) Gecko/20100101 Firefox/57.0"
0:0:0:0:0:0:0:1 - - [21/Nov/2017:16:18:12 +0530] "GET /carbon/keystoremgt/images/add.gif HTTP/1.1" 200 407 "https://localhost:9444/carbon/admin/index.jsp?loginStatus=true" "Mozilla/5.0 (Windows NT 10.0; Win64; x64; rv:57.0) Gecko/20100101 Firefox/57.0"
0:0:0:0:0:0:0:1 - - [21/Nov/2017:16:18:12 +0530] "GET /carbon/resources/images/resources.gif HTTP/1.1" 200 1028 "https://localhost:9444/carbon/admin/index.jsp?loginStatus=true" "Mozilla/5.0 (Windows NT 10.0; Win64; x64; rv:57.0) Gecko/20100101 Firefox/57.0"
0:0:0:0:0:0:0:1 - - [21/Nov/2017:16:18:12 +0530] "GET /carbon/keystoremgt/images/list.gif HTTP/1.1" 200 216 "https://localhost:9444/carbon/admin/index.jsp?loginStatus=true" "Mozilla/5.0 (Windows NT 10.0; Win64; x64; rv:57.0) Gecko/20100101 Firefox/57.0"
0:0:0:0:0:0:0:1 - - [21/Nov/2017:16:18:12 +0530] "GET /carbon/metrics-view/images/icon_hierarchy.png HTTP/1.1" 200 601 "https://localhost:9444/carbon/admin/index.jsp?loginStatus=true" "Mozilla/5.0 (Windows NT 10.0; Win64; x64; rv:57.0) Gecko/20100101 Firefox/57.0"
0:0:0:0:0:0:0:1 - - [21/Nov/2017:16:18:12 +0530] "GET /carbon/statistics/images/chart_bar.gif HTTP/1.1" 200 1040 "https://localhost:9444/carbon/admin/index.jsp?loginStatus=true" "Mozilla/5.0 (Windows NT 10.0; Win64; x64; rv:57.0) Gecko/20100101 Firefox/57.0"
0:0:0:0:0:0:0:1 - - [21/Nov/2017:16:18:12 +0530] "GET /carbon/workflow-mgt/images/request-list.gif HTTP/1.1" 200 614 "https://localhost:9444/carbon/admin/index.jsp?loginStatus=true" "Mozilla/5.0 (Windows NT 10.0; Win64; x64; rv:57.0) Gecko/20100101 Firefox/57.0"
0:0:0:0:0:0:0:1 - - [21/Nov/2017:16:18:12 +0530] "GET /carbon/log-view/images/script_gear.gif HTTP/1.1" 200 1082 "https://localhost:9444/carbon/admin/index.jsp?loginStatus=true" "Mozilla/5.0 (Windows NT 10.0; Win64; x64; rv:57.0) Gecko/20100101 Firefox/57.0"
0:0:0:0:0:0:0:1 - - [21/Nov/2017:16:18:12 +0530] "GET /carbon/tracer/images/tracer.gif HTTP/1.1" 200 1058 "https://localhost:9444/carbon/admin/index.jsp?loginStatus=true" "Mozilla/5.0 (Windows NT 10.0; Win64; x64; rv:57.0) Gecko/20100101 Firefox/57.0"
0:0:0:0:0:0:0:1 - - [21/Nov/2017:16:18:12 +0530] "GET /carbon/tools-saml/images/lock_blue.png HTTP/1.1" 200 592 "https://localhost:9444/carbon/admin/index.jsp?loginStatus=true" "Mozilla/5.0 (Windows NT 10.0; Win64; x64; rv:57.0) Gecko/20100101 Firefox/57.0"
0:0:0:0:0:0:0:1 - - [21/Nov/2017:16:18:12 +0530] "GET /carbon/tools-saml/images/validate_r.png HTTP/1.1" 200 819 "https://localhost:9444/carbon/admin/index.jsp?loginStatus=true" "Mozilla/5.0 (Windows NT 10.0; Win64; x64; rv:57.0) Gecko/20100101 Firefox/57.0"
0:0:0:0:0:0:0:1 - - [21/Nov/2017:16:18:12 +0530] "GET /carbon/tools-saml/images/response_gen.gif HTTP/1.1" 200 1082 "https://localhost:9444/carbon/admin/index.jsp?loginStatus=true" "Mozilla/5.0 (Windows NT 10.0; Win64; x64; rv:57.0) Gecko/20100101 Firefox/57.0"
0:0:0:0:0:0:0:1 - - [21/Nov/2017:16:18:12 +0530] "GET /carbon/entitlement/images/evaluate.png HTTP/1.1" 200 714 "https://localhost:9444/carbon/admin/index.jsp?loginStatus=true" "Mozilla/5.0 (Windows NT 10.0; Win64; x64; rv:57.0) Gecko/20100101 Firefox/57.0"
0:0:0:0:0:0:0:1 - - [21/Nov/2017:16:18:12 +0530] "GET /carbon/admin/images/leftRightSlider-dark.png HTTP/1.1" 200 1421 "https://localhost:9444/carbon/admin/css/global.css" "Mozilla/5.0 (Windows NT 10.0; Win64; x64; rv:57.0) Gecko/20100101 Firefox/57.0"
0:0:0:0:0:0:0:1 - - [21/Nov/2017:16:18:13 +0530] "GET /carbon/server-admin/system_status_ajaxprocessor.jsp HTTP/1.1" 200 1253 "https://localhost:9444/carbon/admin/index.jsp?loginStatus=true" "Mozilla/5.0 (Windows NT 10.0; Win64; x64; rv:57.0) Gecko/20100101 Firefox/57.0"
0:0:0:0:0:0:0:1 - - [21/Nov/2017:16:18:13 +0530] "GET /carbon/admin/images/table-header.gif HTTP/1.1" 200 873 "https://localhost:9444/carbon/admin/css/global.css" "Mozilla/5.0 (Windows NT 10.0; Win64; x64; rv:57.0) Gecko/20100101 Firefox/57.0"
0:0:0:0:0:0:0:1 - - [21/Nov/2017:16:18:14 +0530] "GET /carbon/userstore/index.jsp?region=region1&item=user_mgt_menu_list HTTP/1.1" 200 4592 "https://localhost:9444/carbon/admin/index.jsp?loginStatus=true" "Mozilla/5.0 (Windows NT 10.0; Win64; x64; rv:57.0) Gecko/20100101 Firefox/57.0"
0:0:0:0:0:0:0:1 - - [21/Nov/2017:16:18:14 +0530] "GET /carbon/admin/jsp/registry_styles_ajaxprocessor.jsp HTTP/1.1" 200 123 "https://localhost:9444/carbon/userstore/index.jsp?region=region1&item=user_mgt_menu_list" "Mozilla/5.0 (Windows NT 10.0; Win64; x64; rv:57.0) Gecko/20100101 Firefox/57.0"
0:0:0:0:0:0:0:1 - - [21/Nov/2017:16:18:14 +0530] "GET /carbon/admin/js/csrfPrevention.js HTTP/1.1" 200 4410 "https://localhost:9444/carbon/userstore/index.jsp?region=region1&item=user_mgt_menu_list" "Mozilla/5.0 (Windows NT 10.0; Win64; x64; rv:57.0) Gecko/20100101 Firefox/57.0"
0:0:0:0:0:0:0:1 - - [21/Nov/2017:16:18:14 +0530] "GET /carbon/userstore/extensions/core/js/vui.js HTTP/1.1" 404 823 "https://localhost:9444/carbon/userstore/index.jsp?region=region1&item=user_mgt_menu_list" "Mozilla/5.0 (Windows NT 10.0; Win64; x64; rv:57.0) Gecko/20100101 Firefox/57.0"
0:0:0:0:0:0:0:1 - - [21/Nov/2017:16:18:14 +0530] "POST /carbon/admin/js/csrfPrevention.js HTTP/1.1" 200 63 "https://localhost:9444/carbon/userstore/index.jsp?region=region1&item=user_mgt_menu_list" "Mozilla/5.0 (Windows NT 10.0; Win64; x64; rv:57.0) Gecko/20100101 Firefox/57.0"
0:0:0:0:0:0:0:1 - - [21/Nov/2017:16:18:14 +0530] "GET /carbon/userstore/extensions/core/js/vui.js HTTP/1.1" 404 823 "https://localhost:9444/carbon/userstore/index.jsp?region=region1&item=user_mgt_menu_list" "Mozilla/5.0 (Windows NT 10.0; Win64; x64; rv:57.0) Gecko/20100101 Firefox/57.0"
0:0:0:0:0:0:0:1 - - [21/Nov/2017:16:18:15 +0530] "GET /carbon/userstore/images/users.gif HTTP/1.1" 200 1027 "https://localhost:9444/carbon/userstore/index.jsp?region=region1&item=user_mgt_menu_list" "Mozilla/5.0 (Windows NT 10.0; Win64; x64; rv:57.0) Gecko/20100101 Firefox/57.0"
0:0:0:0:0:0:0:1 - - [21/Nov/2017:16:18:15 +0530] "GET /carbon/userstore/images/user-roles.gif HTTP/1.1" 200 1048 "https://localhost:9444/carbon/userstore/index.jsp?region=region1&item=user_mgt_menu_list" "Mozilla/5.0 (Windows NT 10.0; Win64; x64; rv:57.0) Gecko/20100101 Firefox/57.0"
0:0:0:0:0:0:0:1 - - [21/Nov/2017:16:18:15 +0530] "GET /carbon/userstore/images/keys.gif HTTP/1.1" 200 969 "https://localhost:9444/carbon/userstore/index.jsp?region=region1&item=user_mgt_menu_list" "Mozilla/5.0 (Windows NT 10.0; Win64; x64; rv:57.0) Gecko/20100101 Firefox/57.0"
0:0:0:0:0:0:0:1 - - [21/Nov/2017:16:18:17 +0530] "GET /carbon/user/user-mgt.jsp HTTP/1.1" 200 5843 "https://localhost:9444/carbon/userstore/index.jsp?region=region1&item=user_mgt_menu_list" "Mozilla/5.0 (Windows NT 10.0; Win64; x64; rv:57.0) Gecko/20100101 Firefox/57.0"
0:0:0:0:0:0:0:1 - - [21/Nov/2017:16:18:17 +0530] "GET /carbon/admin/jsp/registry_styles_ajaxprocessor.jsp HTTP/1.1" 200 123 "https://localhost:9444/carbon/user/user-mgt.jsp" "Mozilla/5.0 (Windows NT 10.0; Win64; x64; rv:57.0) Gecko/20100101 Firefox/57.0"
0:0:0:0:0:0:0:1 - - [21/Nov/2017:16:18:17 +0530] "GET /carbon/admin/js/csrfPrevention.js HTTP/1.1" 200 4410 "https://localhost:9444/carbon/user/user-mgt.jsp" "Mozilla/5.0 (Windows NT 10.0; Win64; x64; rv:57.0) Gecko/20100101 Firefox/57.0"
0:0:0:0:0:0:0:1 - - [21/Nov/2017:16:18:17 +0530] "GET /carbon/userstore/extensions/js/vui.js HTTP/1.1" 200 1044 "https://localhost:9444/carbon/user/user-mgt.jsp" "Mozilla/5.0 (Windows NT 10.0; Win64; x64; rv:57.0) Gecko/20100101 Firefox/57.0"
0:0:0:0:0:0:0:1 - - [21/Nov/2017:16:18:17 +0530] "GET /carbon/identity/validation/js/identity-validate.js HTTP/1.1" 200 2741 "https://localhost:9444/carbon/user/user-mgt.jsp" "Mozilla/5.0 (Windows NT 10.0; Win64; x64; rv:57.0) Gecko/20100101 Firefox/57.0"
0:0:0:0:0:0:0:1 - - [21/Nov/2017:16:18:17 +0530] "POST /carbon/admin/js/csrfPrevention.js HTTP/1.1" 200 63 "https://localhost:9444/carbon/user/user-mgt.jsp" "Mozilla/5.0 (Windows NT 10.0; Win64; x64; rv:57.0) Gecko/20100101 Firefox/57.0"
0:0:0:0:0:0:0:1 - - [21/Nov/2017:16:18:18 +0530] "GET /carbon/admin/images/edit.gif HTTP/1.1" 200 1041 "https://localhost:9444/carbon/user/user-mgt.jsp" "Mozilla/5.0 (Windows NT 10.0; Win64; x64; rv:57.0) Gecko/20100101 Firefox/57.0"
0:0:0:0:0:0:0:1 - - [21/Nov/2017:16:18:18 +0530] "GET /carbon/user/images/view.gif HTTP/1.1" 200 596 "https://localhost:9444/carbon/user/user-mgt.jsp" "Mozilla/5.0 (Windows NT 10.0; Win64; x64; rv:57.0) Gecko/20100101 Firefox/57.0"
0:0:0:0:0:0:0:1 - - [21/Nov/2017:16:18:18 +0530] "GET /carbon/user/images/delete.gif HTTP/1.1" 200 555 "https://localhost:9444/carbon/user/user-mgt.jsp" "Mozilla/5.0 (Windows NT 10.0; Win64; x64; rv:57.0) Gecko/20100101 Firefox/57.0"
0:0:0:0:0:0:0:1 - - [21/Nov/2017:16:18:18 +0530] "GET /carbon/userprofile/images/my-prof.gif HTTP/1.1" 200 1018 "https://localhost:9444/carbon/user/user-mgt.jsp" "Mozilla/5.0 (Windows NT 10.0; Win64; x64; rv:57.0) Gecko/20100101 Firefox/57.0"
0:0:0:0:0:0:0:1 - - [21/Nov/2017:16:18:25 +0530] "POST /samlsso HTTP/1.1" 200 1875 "https://localhost:9443/store/" "Mozilla/5.0 (Windows NT 10.0; Win64; x64; rv:57.0) Gecko/20100101 Firefox/57.0"
0:0:0:0:0:0:0:1 - - [21/Nov/2017:16:18:26 +0530] "POST /samlsso HTTP/1.1" 200 1875 "https://localhost:9443/store/" "Mozilla/5.0 (Windows NT 10.0; Win64; x64; rv:57.0) Gecko/20100101 Firefox/57.0"
0:0:0:0:0:0:0:1 - - [21/Nov/2017:16:18:27 +0530] "POST /samlsso HTTP/1.1" 200 1875 "https://localhost:9443/store/" "Mozilla/5.0 (Windows NT 10.0; Win64; x64; rv:57.0) Gecko/20100101 Firefox/57.0"
0:0:0:0:0:0:0:1 - - [21/Nov/2017:16:18:27 +0530] "POST /samlsso HTTP/1.1" 200 1875 "https://localhost:9443/store/" "Mozilla/5.0 (Windows NT 10.0; Win64; x64; rv:57.0) Gecko/20100101 Firefox/57.0"
0:0:0:0:0:0:0:1 - - [21/Nov/2017:16:18:29 +0530] "POST /samlsso HTTP/1.1" 200 1875 "https://localhost:9443/store/" "Mozilla/5.0 (Windows NT 10.0; Win64; x64; rv:57.0) Gecko/20100101 Firefox/57.0"
0:0:0:0:0:0:0:1 - - [21/Nov/2017:16:18:29 +0530] "POST /samlsso HTTP/1.1" 200 1875 "https://localhost:9443/store/" "Mozilla/5.0 (Windows NT 10.0; Win64; x64; rv:57.0) Gecko/20100101 Firefox/57.0"
0:0:0:0:0:0:0:1 - - [21/Nov/2017:16:18:30 +0530] "POST /samlsso HTTP/1.1" 200 1875 "https://localhost:9443/store/" "Mozilla/5.0 (Windows NT 10.0; Win64; x64; rv:57.0) Gecko/20100101 Firefox/57.0"
0:0:0:0:0:0:0:1 - - [21/Nov/2017:16:18:31 +0530] "POST /samlsso HTTP/1.1" 200 1875 "https://localhost:9443/store/" "Mozilla/5.0 (Windows NT 10.0; Win64; x64; rv:57.0) Gecko/20100101 Firefox/57.0"
0:0:0:0:0:0:0:1 - - [21/Nov/2017:16:18:32 +0530] "POST /samlsso HTTP/1.1" 200 1875 "https://localhost:9443/store/" "Mozilla/5.0 (Windows NT 10.0; Win64; x64; rv:57.0) Gecko/20100101 Firefox/57.0"
0:0:0:0:0:0:0:1 - - [21/Nov/2017:16:18:33 +0530] "POST /samlsso HTTP/1.1" 200 1875 "https://localhost:9443/store/" "Mozilla/5.0 (Windows NT 10.0; Win64; x64; rv:57.0) Gecko/20100101 Firefox/57.0"
0:0:0:0:0:0:0:1 - - [21/Nov/2017:16:18:34 +0530] "POST /samlsso HTTP/1.1" 200 1875 "https://localhost:9443/store/" "Mozilla/5.0 (Windows NT 10.0; Win64; x64; rv:57.0) Gecko/20100101 Firefox/57.0"
0:0:0:0:0:0:0:1 - - [21/Nov/2017:16:18:34 +0530] "POST /samlsso HTTP/1.1" 200 1875 "https://localhost:9443/store/" "Mozilla/5.0 (Windows NT 10.0; Win64; x64; rv:57.0) Gecko/20100101 Firefox/57.0"
0:0:0:0:0:0:0:1 - - [21/Nov/2017:16:18:35 +0530] "POST /samlsso HTTP/1.1" 200 1875 "https://localhost:9443/store/" "Mozilla/5.0 (Windows NT 10.0; Win64; x64; rv:57.0) Gecko/20100101 Firefox/57.0"
0:0:0:0:0:0:0:1 - - [21/Nov/2017:16:18:36 +0530] "POST /samlsso HTTP/1.1" 200 1875 "https://localhost:9443/store/" "Mozilla/5.0 (Windows NT 10.0; Win64; x64; rv:57.0) Gecko/20100101 Firefox/57.0"
0:0:0:0:0:0:0:1 - - [21/Nov/2017:16:18:37 +0530] "POST /samlsso HTTP/1.1" 200 1875 "https://localhost:9443/store/" "Mozilla/5.0 (Windows NT 10.0; Win64; x64; rv:57.0) Gecko/20100101 Firefox/57.0"
0:0:0:0:0:0:0:1 - - [21/Nov/2017:16:18:38 +0530] "POST /samlsso HTTP/1.1" 200 1875 "https://localhost:9443/store/" "Mozilla/5.0 (Windows NT 10.0; Win64; x64; rv:57.0) Gecko/20100101 Firefox/57.0"
0:0:0:0:0:0:0:1 - - [21/Nov/2017:16:18:39 +0530] "POST /samlsso HTTP/1.1" 200 1875 "https://localhost:9443/store/" "Mozilla/5.0 (Windows NT 10.0; Win64; x64; rv:57.0) Gecko/20100101 Firefox/57.0"
0:0:0:0:0:0:0:1 - - [21/Nov/2017:16:18:40 +0530] "POST /samlsso HTTP/1.1" 200 1875 "https://localhost:9443/store/" "Mozilla/5.0 (Windows NT 10.0; Win64; x64; rv:57.0) Gecko/20100101 Firefox/57.0"
0:0:0:0:0:0:0:1 - - [21/Nov/2017:16:18:41 +0530] "POST /samlsso HTTP/1.1" 200 1875 "https://localhost:9443/store/" "Mozilla/5.0 (Windows NT 10.0; Win64; x64; rv:57.0) Gecko/20100101 Firefox/57.0"
0:0:0:0:0:0:0:1 - - [21/Nov/2017:16:18:41 +0530] "POST /samlsso HTTP/1.1" 200 1875 "https://localhost:9443/store/" "Mozilla/5.0 (Windows NT 10.0; Win64; x64; rv:57.0) Gecko/20100101 Firefox/57.0"
0:0:0:0:0:0:0:1 - - [21/Nov/2017:16:18:42 +0530] "POST /samlsso HTTP/1.1" 200 1875 "https://localhost:9443/store/" "Mozilla/5.0 (Windows NT 10.0; Win64; x64; rv:57.0) Gecko/20100101 Firefox/57.0"
0:0:0:0:0:0:0:1 - - [21/Nov/2017:16:18:43 +0530] "POST /samlsso HTTP/1.1" 200 1875 "https://localhost:9443/store/" "Mozilla/5.0 (Windows NT 10.0; Win64; x64; rv:57.0) Gecko/20100101 Firefox/57.0"
0:0:0:0:0:0:0:1 - - [21/Nov/2017:16:18:44 +0530] "POST /samlsso HTTP/1.1" 200 1875 "https://localhost:9443/store/" "Mozilla/5.0 (Windows NT 10.0; Win64; x64; rv:57.0) Gecko/20100101 Firefox/57.0"
0:0:0:0:0:0:0:1 - - [21/Nov/2017:16:18:45 +0530] "POST /samlsso HTTP/1.1" 200 1875 "https://localhost:9443/store/" "Mozilla/5.0 (Windows NT 10.0; Win64; x64; rv:57.0) Gecko/20100101 Firefox/57.0"
0:0:0:0:0:0:0:1 - - [21/Nov/2017:16:18:46 +0530] "POST /samlsso HTTP/1.1" 200 1875 "https://localhost:9443/store/" "Mozilla/5.0 (Windows NT 10.0; Win64; x64; rv:57.0) Gecko/20100101 Firefox/57.0"
0:0:0:0:0:0:0:1 - - [21/Nov/2017:16:18:47 +0530] "POST /samlsso HTTP/1.1" 200 1875 "https://localhost:9443/store/" "Mozilla/5.0 (Windows NT 10.0; Win64; x64; rv:57.0) Gecko/20100101 Firefox/57.0"
0:0:0:0:0:0:0:1 - - [21/Nov/2017:16:18:48 +0530] "POST /samlsso HTTP/1.1" 200 1875 "https://localhost:9443/store/" "Mozilla/5.0 (Windows NT 10.0; Win64; x64; rv:57.0) Gecko/20100101 Firefox/57.0"
0:0:0:0:0:0:0:1 - - [21/Nov/2017:16:18:48 +0530] "POST /samlsso HTTP/1.1" 200 1875 "https://localhost:9443/store/" "Mozilla/5.0 (Windows NT 10.0; Win64; x64; rv:57.0) Gecko/20100101 Firefox/57.0"
0:0:0:0:0:0:0:1 - - [21/Nov/2017:16:18:49 +0530] "POST /samlsso HTTP/1.1" 200 1875 "https://localhost:9443/store/" "Mozilla/5.0 (Windows NT 10.0; Win64; x64; rv:57.0) Gecko/20100101 Firefox/57.0"
0:0:0:0:0:0:0:1 - - [21/Nov/2017:16:18:50 +0530] "POST /samlsso HTTP/1.1" 200 1875 "https://localhost:9443/store/" "Mozilla/5.0 (Windows NT 10.0; Win64; x64; rv:57.0) Gecko/20100101 Firefox/57.0"
0:0:0:0:0:0:0:1 - - [21/Nov/2017:16:18:51 +0530] "POST /samlsso HTTP/1.1" 200 1875 "https://localhost:9443/store/" "Mozilla/5.0 (Windows NT 10.0; Win64; x64; rv:57.0) Gecko/20100101 Firefox/57.0"
0:0:0:0:0:0:0:1 - - [21/Nov/2017:16:18:52 +0530] "POST /samlsso HTTP/1.1" 200 1875 "https://localhost:9443/store/" "Mozilla/5.0 (Windows NT 10.0; Win64; x64; rv:57.0) Gecko/20100101 Firefox/57.0"
0:0:0:0:0:0:0:1 - - [21/Nov/2017:16:18:53 +0530] "POST /samlsso HTTP/1.1" 200 1875 "https://localhost:9443/store/" "Mozilla/5.0 (Windows NT 10.0; Win64; x64; rv:57.0) Gecko/20100101 Firefox/57.0"
0:0:0:0:0:0:0:1 - - [21/Nov/2017:17:13:26 +0530] "POST /samlsso HTTP/1.1" 302 - "https://localhost:9443/publisher/site/pages/login.jag?requestedPage=/publisher/info?name%3DSCPservice%26version%3Dv1%26provider%3DS.COM%252Fadmin%2540carbon.super" "Mozilla/5.0 (Windows NT 10.0; Win64; x64; rv:57.0) Gecko/20100101 Firefox/57.0"
0:0:0:0:0:0:0:1 - - [21/Nov/2017:17:13:26 +0530] "GET /authenticationendpoint/login.do?RelayState=7004821b-a553-4ccd-ab23-ced249edfa7a&SSOAuthSessionID=FEA448CED63DE4085D245F675C24FA7E82C2165031624629239697F9CAE33EA049EC68D69B6D17EB4CEDB81F815EEA5FC4DF4AA412AE5BD262B0739A27250D444996E1A194219346466EC4FAE02C50EB350B9CB56ACC3EC53D2DFDC7AB8672A660F8E671E74FA7CEC60A7E30DCB9BA4EA6D0F0F8290FE257F07D572E8501594B&commonAuthCallerPath=%2Fsamlsso&forceAuth=false&passiveAuth=false&tenantDomain=carbon.super&sessionDataKey=d58b5ce2-a46b-4898-a510-17a7a05b430a&relyingParty=API_PUBLISHER&type=samlsso&sp=API_PUBLISHER&isSaaSApp=true&authenticators=BasicAuthenticator:LOCAL HTTP/1.1" 200 1756 "https://localhost:9443/publisher/site/pages/login.jag?requestedPage=/publisher/info?name%3DSCPservice%26version%3Dv1%26provider%3DS.COM%252Fadmin%2540carbon.super" "Mozilla/5.0 (Windows NT 10.0; Win64; x64; rv:57.0) Gecko/20100101 Firefox/57.0"
0:0:0:0:0:0:0:1 - - [21/Nov/2017:17:13:32 +0530] "POST /samlsso HTTP/1.1" 200 4275 "https://localhost:9444/authenticationendpoint/login.do?RelayState=7004821b-a553-4ccd-ab23-ced249edfa7a&SSOAuthSessionID=FEA448CED63DE4085D245F675C24FA7E82C2165031624629239697F9CAE33EA049EC68D69B6D17EB4CEDB81F815EEA5FC4DF4AA412AE5BD262B0739A27250D444996E1A194219346466EC4FAE02C50EB350B9CB56ACC3EC53D2DFDC7AB8672A660F8E671E74FA7CEC60A7E30DCB9BA4EA6D0F0F8290FE257F07D572E8501594B&commonAuthCallerPath=%2Fsamlsso&forceAuth=false&passiveAuth=false&tenantDomain=carbon.super&sessionDataKey=d58b5ce2-a46b-4898-a510-17a7a05b430a&relyingParty=API_PUBLISHER&type=samlsso&sp=API_PUBLISHER&isSaaSApp=true&authenticators=BasicAuthenticator:LOCAL" "Mozilla/5.0 (Windows NT 10.0; Win64; x64; rv:57.0) Gecko/20100101 Firefox/57.0"
127.0.0.1 - - [21/Nov/2017:17:17:12 +0530] "POST /services/AuthenticationAdmin HTTP/1.1" 200 299 "-" "Axis2"
0:0:0:0:0:0:0:1 - - [21/Nov/2017:17:18:35 +0530] "POST /samlsso HTTP/1.1" 200 1875 "https://localhost:9443/store/" "Mozilla/5.0 (Windows NT 10.0; Win64; x64; rv:57.0) Gecko/20100101 Firefox/57.0"
0:0:0:0:0:0:0:1 - - [21/Nov/2017:17:18:36 +0530] "POST /samlsso HTTP/1.1" 200 1875 "https://localhost:9443/store/" "Mozilla/5.0 (Windows NT 10.0; Win64; x64; rv:57.0) Gecko/20100101 Firefox/57.0"
0:0:0:0:0:0:0:1 - - [21/Nov/2017:17:18:38 +0530] "POST /samlsso HTTP/1.1" 200 1875 "https://localhost:9443/store/" "Mozilla/5.0 (Windows NT 10.0; Win64; x64; rv:57.0) Gecko/20100101 Firefox/57.0"
0:0:0:0:0:0:0:1 - - [21/Nov/2017:17:18:40 +0530] "POST /samlsso HTTP/1.1" 200 1875 "https://localhost:9443/store/" "Mozilla/5.0 (Windows NT 10.0; Win64; x64; rv:57.0) Gecko/20100101 Firefox/57.0"
0:0:0:0:0:0:0:1 - - [21/Nov/2017:17:18:41 +0530] "POST /samlsso HTTP/1.1" 200 1875 "https://localhost:9443/store/" "Mozilla/5.0 (Windows NT 10.0; Win64; x64; rv:57.0) Gecko/20100101 Firefox/57.0"
0:0:0:0:0:0:0:1 - - [21/Nov/2017:17:18:42 +0530] "POST /samlsso HTTP/1.1" 200 1875 "https://localhost:9443/store/" "Mozilla/5.0 (Windows NT 10.0; Win64; x64; rv:57.0) Gecko/20100101 Firefox/57.0"
0:0:0:0:0:0:0:1 - - [21/Nov/2017:17:18:43 +0530] "POST /samlsso HTTP/1.1" 200 1875 "https://localhost:9443/store/" "Mozilla/5.0 (Windows NT 10.0; Win64; x64; rv:57.0) Gecko/20100101 Firefox/57.0"
0:0:0:0:0:0:0:1 - - [21/Nov/2017:17:18:44 +0530] "POST /samlsso HTTP/1.1" 200 1875 "https://localhost:9443/store/" "Mozilla/5.0 (Windows NT 10.0; Win64; x64; rv:57.0) Gecko/20100101 Firefox/57.0"
0:0:0:0:0:0:0:1 - - [21/Nov/2017:17:18:45 +0530] "POST /samlsso HTTP/1.1" 200 1875 "https://localhost:9443/store/" "Mozilla/5.0 (Windows NT 10.0; Win64; x64; rv:57.0) Gecko/20100101 Firefox/57.0"
0:0:0:0:0:0:0:1 - - [21/Nov/2017:17:18:46 +0530] "POST /samlsso HTTP/1.1" 200 1875 "https://localhost:9443/store/" "Mozilla/5.0 (Windows NT 10.0; Win64; x64; rv:57.0) Gecko/20100101 Firefox/57.0"
0:0:0:0:0:0:0:1 - - [21/Nov/2017:17:18:47 +0530] "POST /samlsso HTTP/1.1" 200 1875 "https://localhost:9443/store/" "Mozilla/5.0 (Windows NT 10.0; Win64; x64; rv:57.0) Gecko/20100101 Firefox/57.0"
0:0:0:0:0:0:0:1 - - [21/Nov/2017:17:18:47 +0530] "POST /samlsso HTTP/1.1" 200 1875 "https://localhost:9443/store/" "Mozilla/5.0 (Windows NT 10.0; Win64; x64; rv:57.0) Gecko/20100101 Firefox/57.0"
0:0:0:0:0:0:0:1 - - [21/Nov/2017:17:18:48 +0530] "POST /samlsso HTTP/1.1" 200 1875 "https://localhost:9443/store/" "Mozilla/5.0 (Windows NT 10.0; Win64; x64; rv:57.0) Gecko/20100101 Firefox/57.0"
0:0:0:0:0:0:0:1 - - [21/Nov/2017:17:18:49 +0530] "POST /samlsso HTTP/1.1" 200 1875 "https://localhost:9443/store/" "Mozilla/5.0 (Windows NT 10.0; Win64; x64; rv:57.0) Gecko/20100101 Firefox/57.0"
0:0:0:0:0:0:0:1 - - [21/Nov/2017:17:18:51 +0530] "POST /samlsso HTTP/1.1" 200 1875 "https://localhost:9443/store/" "Mozilla/5.0 (Windows NT 10.0; Win64; x64; rv:57.0) Gecko/20100101 Firefox/57.0"
0:0:0:0:0:0:0:1 - - [21/Nov/2017:17:18:52 +0530] "POST /samlsso HTTP/1.1" 200 1875 "https://localhost:9443/store/" "Mozilla/5.0 (Windows NT 10.0; Win64; x64; rv:57.0) Gecko/20100101 Firefox/57.0"
0:0:0:0:0:0:0:1 - - [21/Nov/2017:17:18:54 +0530] "POST /samlsso HTTP/1.1" 200 1875 "https://localhost:9443/store/" "Mozilla/5.0 (Windows NT 10.0; Win64; x64; rv:57.0) Gecko/20100101 Firefox/57.0"
0:0:0:0:0:0:0:1 - - [21/Nov/2017:17:18:55 +0530] "POST /samlsso HTTP/1.1" 200 1875 "https://localhost:9443/store/" "Mozilla/5.0 (Windows NT 10.0; Win64; x64; rv:57.0) Gecko/20100101 Firefox/57.0"
0:0:0:0:0:0:0:1 - - [21/Nov/2017:17:18:56 +0530] "POST /samlsso HTTP/1.1" 200 1875 "https://localhost:9443/store/" "Mozilla/5.0 (Windows NT 10.0; Win64; x64; rv:57.0) Gecko/20100101 Firefox/57.0"
0:0:0:0:0:0:0:1 - - [21/Nov/2017:17:18:58 +0530] "POST /samlsso HTTP/1.1" 200 1875 "https://localhost:9443/store/" "Mozilla/5.0 (Windows NT 10.0; Win64; x64; rv:57.0) Gecko/20100101 Firefox/57.0"
0:0:0:0:0:0:0:1 - - [21/Nov/2017:17:18:59 +0530] "POST /samlsso HTTP/1.1" 200 1875 "https://localhost:9443/store/" "Mozilla/5.0 (Windows NT 10.0; Win64; x64; rv:57.0) Gecko/20100101 Firefox/57.0"
0:0:0:0:0:0:0:1 - - [21/Nov/2017:17:19:01 +0530] "POST /samlsso HTTP/1.1" 200 1875 "https://localhost:9443/store/" "Mozilla/5.0 (Windows NT 10.0; Win64; x64; rv:57.0) Gecko/20100101 Firefox/57.0"
0:0:0:0:0:0:0:1 - - [21/Nov/2017:17:19:02 +0530] "POST /samlsso HTTP/1.1" 200 1875 "https://localhost:9443/store/" "Mozilla/5.0 (Windows NT 10.0; Win64; x64; rv:57.0) Gecko/20100101 Firefox/57.0"
0:0:0:0:0:0:0:1 - - [21/Nov/2017:17:19:02 +0530] "POST /samlsso HTTP/1.1" 200 1875 "https://localhost:9443/store/" "Mozilla/5.0 (Windows NT 10.0; Win64; x64; rv:57.0) Gecko/20100101 Firefox/57.0"
0:0:0:0:0:0:0:1 - - [21/Nov/2017:17:19:33 +0530] "GET /carbon/admin/login.jsp HTTP/1.1" 200 3427 "-" "Mozilla/5.0 (Windows NT 10.0; Win64; x64; rv:57.0) Gecko/20100101 Firefox/57.0"
0:0:0:0:0:0:0:1 - - [21/Nov/2017:17:19:33 +0530] "GET /carbon/admin/css/global.css HTTP/1.1" 200 5311 "https://localhost:9444/carbon/admin/login.jsp" "Mozilla/5.0 (Windows NT 10.0; Win64; x64; rv:57.0) Gecko/20100101 Firefox/57.0"
0:0:0:0:0:0:0:1 - - [21/Nov/2017:17:19:33 +0530] "GET /carbon/styles/css/main.css HTTP/1.1" 200 1361 "https://localhost:9444/carbon/admin/login.jsp" "Mozilla/5.0 (Windows NT 10.0; Win64; x64; rv:57.0) Gecko/20100101 Firefox/57.0"
0:0:0:0:0:0:0:1 - - [21/Nov/2017:17:19:33 +0530] "GET /carbon/admin/js/jquery.form.js HTTP/1.1" 200 6750 "https://localhost:9444/carbon/admin/login.jsp" "Mozilla/5.0 (Windows NT 10.0; Win64; x64; rv:57.0) Gecko/20100101 Firefox/57.0"
0:0:0:0:0:0:0:1 - - [21/Nov/2017:17:19:33 +0530] "GET /carbon/dialog/css/jqueryui/jqueryui-themeroller.css HTTP/1.1" 200 4020 "https://localhost:9444/carbon/admin/login.jsp" "Mozilla/5.0 (Windows NT 10.0; Win64; x64; rv:57.0) Gecko/20100101 Firefox/57.0"
0:0:0:0:0:0:0:1 - - [21/Nov/2017:17:19:33 +0530] "GET /carbon/dialog/css/dialog.css HTTP/1.1" 200 556 "https://localhost:9444/carbon/admin/login.jsp" "Mozilla/5.0 (Windows NT 10.0; Win64; x64; rv:57.0) Gecko/20100101 Firefox/57.0"
0:0:0:0:0:0:0:1 - - [21/Nov/2017:17:19:33 +0530] "GET /carbon/admin/css/carbonFormStyles.css HTTP/1.1" 200 2050 "https://localhost:9444/carbon/admin/login.jsp" "Mozilla/5.0 (Windows NT 10.0; Win64; x64; rv:57.0) Gecko/20100101 Firefox/57.0"
0:0:0:0:0:0:0:1 - - [21/Nov/2017:17:19:33 +0530] "GET /carbon/admin/js/csrfPrevention.js HTTP/1.1" 200 4410 "https://localhost:9444/carbon/admin/login.jsp" "Mozilla/5.0 (Windows NT 10.0; Win64; x64; rv:57.0) Gecko/20100101 Firefox/57.0"
0:0:0:0:0:0:0:1 - - [21/Nov/2017:17:19:33 +0530] "GET /carbon/admin/js/jquery-1.6.3.min.js HTTP/1.1" 200 32564 "https://localhost:9444/carbon/admin/login.jsp" "Mozilla/5.0 (Windows NT 10.0; Win64; x64; rv:57.0) Gecko/20100101 Firefox/57.0"
0:0:0:0:0:0:0:1 - - [21/Nov/2017:17:19:33 +0530] "GET /carbon/dialog/js/jqueryui/jquery-ui.min.js HTTP/1.1" 200 25705 "https://localhost:9444/carbon/admin/login.jsp" "Mozilla/5.0 (Windows NT 10.0; Win64; x64; rv:57.0) Gecko/20100101 Firefox/57.0"
0:0:0:0:0:0:0:1 - - [21/Nov/2017:17:19:33 +0530] "GET /carbon/admin/js/jquery.validate.js HTTP/1.1" 200 10290 "https://localhost:9444/carbon/admin/login.jsp" "Mozilla/5.0 (Windows NT 10.0; Win64; x64; rv:57.0) Gecko/20100101 Firefox/57.0"
0:0:0:0:0:0:0:1 - - [21/Nov/2017:17:19:33 +0530] "GET /carbon/admin/js/jquery.cookie.js HTTP/1.1" 200 1529 "https://localhost:9444/carbon/admin/login.jsp" "Mozilla/5.0 (Windows NT 10.0; Win64; x64; rv:57.0) Gecko/20100101 Firefox/57.0"
0:0:0:0:0:0:0:1 - - [21/Nov/2017:17:19:33 +0530] "GET /carbon/admin/js/jquery.ui.core.min.js HTTP/1.1" 200 1996 "https://localhost:9444/carbon/admin/login.jsp" "Mozilla/5.0 (Windows NT 10.0; Win64; x64; rv:57.0) Gecko/20100101 Firefox/57.0"
0:0:0:0:0:0:0:1 - - [21/Nov/2017:17:19:33 +0530] "GET /carbon/admin/js/jquery.ui.widget.min.js HTTP/1.1" 200 1344 "https://localhost:9444/carbon/admin/login.jsp" "Mozilla/5.0 (Windows NT 10.0; Win64; x64; rv:57.0) Gecko/20100101 Firefox/57.0"
0:0:0:0:0:0:0:1 - - [21/Nov/2017:17:19:33 +0530] "GET /carbon/admin/js/jquery.ui.tabs.min.js HTTP/1.1" 200 3594 "https://localhost:9444/carbon/admin/login.jsp" "Mozilla/5.0 (Windows NT 10.0; Win64; x64; rv:57.0) Gecko/20100101 Firefox/57.0"
0:0:0:0:0:0:0:1 - - [21/Nov/2017:17:19:33 +0530] "GET /carbon/admin/js/main.js HTTP/1.1" 200 15376 "https://localhost:9444/carbon/admin/login.jsp" "Mozilla/5.0 (Windows NT 10.0; Win64; x64; rv:57.0) Gecko/20100101 Firefox/57.0"
0:0:0:0:0:0:0:1 - - [21/Nov/2017:17:19:33 +0530] "GET /carbon/admin/js/WSRequest.js HTTP/1.1" 200 12981 "https://localhost:9444/carbon/admin/login.jsp" "Mozilla/5.0 (Windows NT 10.0; Win64; x64; rv:57.0) Gecko/20100101 Firefox/57.0"
0:0:0:0:0:0:0:1 - - [21/Nov/2017:17:19:33 +0530] "GET /carbon/admin/js/cookies.js HTTP/1.1" 200 1136 "https://localhost:9444/carbon/admin/login.jsp" "Mozilla/5.0 (Windows NT 10.0; Win64; x64; rv:57.0) Gecko/20100101 Firefox/57.0"
0:0:0:0:0:0:0:1 - - [21/Nov/2017:17:19:33 +0530] "GET /carbon/admin/js/customControls.js HTTP/1.1" 200 1193 "https://localhost:9444/carbon/admin/login.jsp" "Mozilla/5.0 (Windows NT 10.0; Win64; x64; rv:57.0) Gecko/20100101 Firefox/57.0"
0:0:0:0:0:0:0:1 - - [21/Nov/2017:17:19:33 +0530] "GET /carbon/dialog/js/dialog.js HTTP/1.1" 200 2206 "https://localhost:9444/carbon/admin/login.jsp" "Mozilla/5.0 (Windows NT 10.0; Win64; x64; rv:57.0) Gecko/20100101 Firefox/57.0"
0:0:0:0:0:0:0:1 - - [21/Nov/2017:17:19:33 +0530] "GET /carbon/yui/build/yahoo-dom-event/yahoo-dom-event.js HTTP/1.1" 200 10684 "https://localhost:9444/carbon/admin/login.jsp" "Mozilla/5.0 (Windows NT 10.0; Win64; x64; rv:57.0) Gecko/20100101 Firefox/57.0"
0:0:0:0:0:0:0:1 - - [21/Nov/2017:17:19:33 +0530] "GET /carbon/yui/build/animation/animation-min.js HTTP/1.1" 200 4768 "https://localhost:9444/carbon/admin/login.jsp" "Mozilla/5.0 (Windows NT 10.0; Win64; x64; rv:57.0) Gecko/20100101 Firefox/57.0"
0:0:0:0:0:0:0:1 - - [21/Nov/2017:17:19:33 +0530] "GET /carbon/admin/js/template.js HTTP/1.1" 200 3390 "https://localhost:9444/carbon/admin/login.jsp" "Mozilla/5.0 (Windows NT 10.0; Win64; x64; rv:57.0) Gecko/20100101 Firefox/57.0"
0:0:0:0:0:0:0:1 - - [21/Nov/2017:17:19:33 +0530] "GET /carbon/yui/build/yahoo/yahoo-min.js HTTP/1.1" 200 2523 "https://localhost:9444/carbon/admin/login.jsp" "Mozilla/5.0 (Windows NT 10.0; Win64; x64; rv:57.0) Gecko/20100101 Firefox/57.0"
0:0:0:0:0:0:0:1 - - [21/Nov/2017:17:19:33 +0530] "GET /carbon/yui/build/selector/selector-min.js HTTP/1.1" 200 2895 "https://localhost:9444/carbon/admin/login.jsp" "Mozilla/5.0 (Windows NT 10.0; Win64; x64; rv:57.0) Gecko/20100101 Firefox/57.0"
0:0:0:0:0:0:0:1 - - [21/Nov/2017:17:19:33 +0530] "POST /carbon/admin/js/csrfPrevention.js HTTP/1.1" 200 63 "https://localhost:9444/carbon/admin/login.jsp" "Mozilla/5.0 (Windows NT 10.0; Win64; x64; rv:57.0) Gecko/20100101 Firefox/57.0"
0:0:0:0:0:0:0:1 - - [21/Nov/2017:17:19:33 +0530] "GET /carbon/admin/images/1px.gif HTTP/1.1" 200 43 "https://localhost:9444/carbon/admin/login.jsp" "Mozilla/5.0 (Windows NT 10.0; Win64; x64; rv:57.0) Gecko/20100101 Firefox/57.0"
0:0:0:0:0:0:0:1 - - [21/Nov/2017:17:19:33 +0530] "GET /carbon/admin/images/user-guide.gif HTTP/1.1" 200 2228 "https://localhost:9444/carbon/admin/login.jsp" "Mozilla/5.0 (Windows NT 10.0; Win64; x64; rv:57.0) Gecko/20100101 Firefox/57.0"
0:0:0:0:0:0:0:1 - - [21/Nov/2017:17:19:33 +0530] "GET /carbon/admin/images/forum.gif HTTP/1.1" 200 1977 "https://localhost:9444/carbon/admin/login.jsp" "Mozilla/5.0 (Windows NT 10.0; Win64; x64; rv:57.0) Gecko/20100101 Firefox/57.0"
0:0:0:0:0:0:0:1 - - [21/Nov/2017:17:19:34 +0530] "GET /carbon/admin/images/issue-tracker.gif HTTP/1.1" 200 1821 "https://localhost:9444/carbon/admin/login.jsp" "Mozilla/5.0 (Windows NT 10.0; Win64; x64; rv:57.0) Gecko/20100101 Firefox/57.0"
0:0:0:0:0:0:0:1 - - [21/Nov/2017:17:19:34 +0530] "GET /carbon/admin/images/mailing-list.gif HTTP/1.1" 200 2131 "https://localhost:9444/carbon/admin/login.jsp" "Mozilla/5.0 (Windows NT 10.0; Win64; x64; rv:57.0) Gecko/20100101 Firefox/57.0"
0:0:0:0:0:0:0:1 - - [21/Nov/2017:17:19:34 +0530] "GET /carbon/styles/images/back-repeat.png HTTP/1.1" 200 198 "https://localhost:9444/carbon/styles/css/main.css" "Mozilla/5.0 (Windows NT 10.0; Win64; x64; rv:57.0) Gecko/20100101 Firefox/57.0"
0:0:0:0:0:0:0:1 - - [21/Nov/2017:17:19:34 +0530] "GET /carbon/styles/images/is-header-bg.png HTTP/1.1" 200 16404 "https://localhost:9444/carbon/styles/css/main.css" "Mozilla/5.0 (Windows NT 10.0; Win64; x64; rv:57.0) Gecko/20100101 Firefox/57.0"
0:0:0:0:0:0:0:1 - - [21/Nov/2017:17:19:34 +0530] "GET /carbon/styles/images/is-logo.png HTTP/1.1" 200 4498 "https://localhost:9444/carbon/styles/css/main.css" "Mozilla/5.0 (Windows NT 10.0; Win64; x64; rv:57.0) Gecko/20100101 Firefox/57.0"
0:0:0:0:0:0:0:1 - - [21/Nov/2017:17:19:34 +0530] "GET /carbon/styles/images/menu_header.png HTTP/1.1" 200 203 "https://localhost:9444/carbon/styles/css/main.css" "Mozilla/5.0 (Windows NT 10.0; Win64; x64; rv:57.0) Gecko/20100101 Firefox/57.0"
0:0:0:0:0:0:0:1 - - [21/Nov/2017:17:19:34 +0530] "GET /carbon/admin/images/help.gif HTTP/1.1" 200 411 "https://localhost:9444/carbon/admin/css/global.css" "Mozilla/5.0 (Windows NT 10.0; Win64; x64; rv:57.0) Gecko/20100101 Firefox/57.0"
0:0:0:0:0:0:0:1 - - [21/Nov/2017:17:27:57 +0530] "POST /samlsso HTTP/1.1" 200 4663 "https://localhost:9443/store/" "Mozilla/5.0 (Windows NT 10.0; Win64; x64; rv:57.0) Gecko/20100101 Firefox/57.0"
127.0.0.1 - - [21/Nov/2017:17:28:07 +0530] "POST /services/APIKeyMgtSubscriberService HTTP/1.1" 200 1213 "-" "Axis2"
127.0.0.1 - - [21/Nov/2017:17:28:08 +0530] "POST /services/APIKeyMgtSubscriberService HTTP/1.1" 200 1213 "-" "Axis2"
0:0:0:0:0:0:0:1 - - [21/Nov/2017:17:31:18 +0530] "POST /samlsso HTTP/1.1" 200 1875 "https://localhost:9443/store/" "Mozilla/5.0 (Windows NT 10.0; Win64; x64; rv:57.0) Gecko/20100101 Firefox/57.0"
0:0:0:0:0:0:0:1 - - [21/Nov/2017:17:31:19 +0530] "POST /samlsso HTTP/1.1" 200 1875 "https://localhost:9443/store/" "Mozilla/5.0 (Windows NT 10.0; Win64; x64; rv:57.0) Gecko/20100101 Firefox/57.0"
0:0:0:0:0:0:0:1 - - [21/Nov/2017:17:31:20 +0530] "POST /samlsso HTTP/1.1" 200 1875 "https://localhost:9443/store/" "Mozilla/5.0 (Windows NT 10.0; Win64; x64; rv:57.0) Gecko/20100101 Firefox/57.0"
0:0:0:0:0:0:0:1 - - [21/Nov/2017:17:31:21 +0530] "POST /samlsso HTTP/1.1" 200 1875 "https://localhost:9443/store/" "Mozilla/5.0 (Windows NT 10.0; Win64; x64; rv:57.0) Gecko/20100101 Firefox/57.0"
0:0:0:0:0:0:0:1 - - [21/Nov/2017:17:31:22 +0530] "POST /samlsso HTTP/1.1" 200 1875 "https://localhost:9443/store/" "Mozilla/5.0 (Windows NT 10.0; Win64; x64; rv:57.0) Gecko/20100101 Firefox/57.0"
0:0:0:0:0:0:0:1 - - [21/Nov/2017:17:31:23 +0530] "POST /samlsso HTTP/1.1" 200 1875 "https://localhost:9443/store/" "Mozilla/5.0 (Windows NT 10.0; Win64; x64; rv:57.0) Gecko/20100101 Firefox/57.0"
0:0:0:0:0:0:0:1 - - [21/Nov/2017:17:31:24 +0530] "POST /samlsso HTTP/1.1" 200 1875 "https://localhost:9443/store/" "Mozilla/5.0 (Windows NT 10.0; Win64; x64; rv:57.0) Gecko/20100101 Firefox/57.0"
0:0:0:0:0:0:0:1 - - [21/Nov/2017:17:31:25 +0530] "POST /samlsso HTTP/1.1" 200 1875 "https://localhost:9443/store/" "Mozilla/5.0 (Windows NT 10.0; Win64; x64; rv:57.0) Gecko/20100101 Firefox/57.0"
0:0:0:0:0:0:0:1 - - [21/Nov/2017:17:31:26 +0530] "POST /samlsso HTTP/1.1" 200 1875 "https://localhost:9443/store/" "Mozilla/5.0 (Windows NT 10.0; Win64; x64; rv:57.0) Gecko/20100101 Firefox/57.0"
0:0:0:0:0:0:0:1 - - [21/Nov/2017:17:31:27 +0530] "POST /samlsso HTTP/1.1" 200 1875 "https://localhost:9443/store/" "Mozilla/5.0 (Windows NT 10.0; Win64; x64; rv:57.0) Gecko/20100101 Firefox/57.0"
0:0:0:0:0:0:0:1 - - [21/Nov/2017:17:31:28 +0530] "POST /samlsso HTTP/1.1" 200 1875 "https://localhost:9443/store/" "Mozilla/5.0 (Windows NT 10.0; Win64; x64; rv:57.0) Gecko/20100101 Firefox/57.0"
0:0:0:0:0:0:0:1 - - [21/Nov/2017:17:31:29 +0530] "POST /samlsso HTTP/1.1" 200 1875 "https://localhost:9443/store/" "Mozilla/5.0 (Windows NT 10.0; Win64; x64; rv:57.0) Gecko/20100101 Firefox/57.0"
0:0:0:0:0:0:0:1 - - [21/Nov/2017:17:31:30 +0530] "POST /samlsso HTTP/1.1" 200 1875 "https://localhost:9443/store/" "Mozilla/5.0 (Windows NT 10.0; Win64; x64; rv:57.0) Gecko/20100101 Firefox/57.0"
0:0:0:0:0:0:0:1 - - [21/Nov/2017:17:31:30 +0530] "POST /samlsso HTTP/1.1" 200 1875 "https://localhost:9443/store/" "Mozilla/5.0 (Windows NT 10.0; Win64; x64; rv:57.0) Gecko/20100101 Firefox/57.0"
0:0:0:0:0:0:0:1 - - [21/Nov/2017:17:31:31 +0530] "POST /samlsso HTTP/1.1" 200 1875 "https://localhost:9443/store/" "Mozilla/5.0 (Windows NT 10.0; Win64; x64; rv:57.0) Gecko/20100101 Firefox/57.0"
0:0:0:0:0:0:0:1 - - [21/Nov/2017:17:31:32 +0530] "POST /samlsso HTTP/1.1" 200 1875 "https://localhost:9443/store/" "Mozilla/5.0 (Windows NT 10.0; Win64; x64; rv:57.0) Gecko/20100101 Firefox/57.0"
0:0:0:0:0:0:0:1 - - [21/Nov/2017:17:31:33 +0530] "POST /samlsso HTTP/1.1" 200 1875 "https://localhost:9443/store/" "Mozilla/5.0 (Windows NT 10.0; Win64; x64; rv:57.0) Gecko/20100101 Firefox/57.0"
0:0:0:0:0:0:0:1 - - [21/Nov/2017:17:31:33 +0530] "POST /samlsso HTTP/1.1" 200 1875 "https://localhost:9443/store/" "Mozilla/5.0 (Windows NT 10.0; Win64; x64; rv:57.0) Gecko/20100101 Firefox/57.0"
0:0:0:0:0:0:0:1 - - [21/Nov/2017:17:31:34 +0530] "POST /samlsso HTTP/1.1" 200 1875 "https://localhost:9443/store/" "Mozilla/5.0 (Windows NT 10.0; Win64; x64; rv:57.0) Gecko/20100101 Firefox/57.0"
0:0:0:0:0:0:0:1 - - [21/Nov/2017:17:31:35 +0530] "POST /samlsso HTTP/1.1" 200 1875 "https://localhost:9443/store/" "Mozilla/5.0 (Windows NT 10.0; Win64; x64; rv:57.0) Gecko/20100101 Firefox/57.0"
0:0:0:0:0:0:0:1 - - [21/Nov/2017:17:31:36 +0530] "POST /samlsso HTTP/1.1" 200 1875 "https://localhost:9443/store/" "Mozilla/5.0 (Windows NT 10.0; Win64; x64; rv:57.0) Gecko/20100101 Firefox/57.0"
0:0:0:0:0:0:0:1 - - [21/Nov/2017:17:31:37 +0530] "POST /samlsso HTTP/1.1" 200 1875 "https://localhost:9443/store/" "Mozilla/5.0 (Windows NT 10.0; Win64; x64; rv:57.0) Gecko/20100101 Firefox/57.0"
0:0:0:0:0:0:0:1 - - [21/Nov/2017:17:31:38 +0530] "POST /samlsso HTTP/1.1" 200 1875 "https://localhost:9443/store/" "Mozilla/5.0 (Windows NT 10.0; Win64; x64; rv:57.0) Gecko/20100101 Firefox/57.0"
0:0:0:0:0:0:0:1 - - [21/Nov/2017:17:31:39 +0530] "POST /samlsso HTTP/1.1" 200 1875 "https://localhost:9443/store/" "Mozilla/5.0 (Windows NT 10.0; Win64; x64; rv:57.0) Gecko/20100101 Firefox/57.0"
0:0:0:0:0:0:0:1 - - [21/Nov/2017:17:31:40 +0530] "POST /samlsso HTTP/1.1" 200 1875 "https://localhost:9443/store/" "Mozilla/5.0 (Windows NT 10.0; Win64; x64; rv:57.0) Gecko/20100101 Firefox/57.0"
0:0:0:0:0:0:0:1 - - [21/Nov/2017:17:31:41 +0530] "POST /samlsso HTTP/1.1" 200 1875 "https://localhost:9443/store/" "Mozilla/5.0 (Windows NT 10.0; Win64; x64; rv:57.0) Gecko/20100101 Firefox/57.0"
0:0:0:0:0:0:0:1 - - [21/Nov/2017:17:31:41 +0530] "POST /samlsso HTTP/1.1" 200 1875 "https://localhost:9443/store/" "Mozilla/5.0 (Windows NT 10.0; Win64; x64; rv:57.0) Gecko/20100101 Firefox/57.0"
0:0:0:0:0:0:0:1 - - [21/Nov/2017:17:31:42 +0530] "POST /samlsso HTTP/1.1" 200 1875 "https://localhost:9443/store/" "Mozilla/5.0 (Windows NT 10.0; Win64; x64; rv:57.0) Gecko/20100101 Firefox/57.0"
0:0:0:0:0:0:0:1 - - [21/Nov/2017:17:31:43 +0530] "POST /samlsso HTTP/1.1" 200 1875 "https://localhost:9443/store/" "Mozilla/5.0 (Windows NT 10.0; Win64; x64; rv:57.0) Gecko/20100101 Firefox/57.0"
0:0:0:0:0:0:0:1 - - [21/Nov/2017:17:31:43 +0530] "POST /samlsso HTTP/1.1" 200 1875 "https://localhost:9443/store/" "Mozilla/5.0 (Windows NT 10.0; Win64; x64; rv:57.0) Gecko/20100101 Firefox/57.0"
0:0:0:0:0:0:0:1 - - [21/Nov/2017:17:31:44 +0530] "POST /samlsso HTTP/1.1" 200 1875 "https://localhost:9443/store/" "Mozilla/5.0 (Windows NT 10.0; Win64; x64; rv:57.0) Gecko/20100101 Firefox/57.0"
0:0:0:0:0:0:0:1 - - [21/Nov/2017:17:31:45 +0530] "POST /samlsso HTTP/1.1" 200 1875 "https://localhost:9443/store/" "Mozilla/5.0 (Windows NT 10.0; Win64; x64; rv:57.0) Gecko/20100101 Firefox/57.0"
0:0:0:0:0:0:0:1 - - [21/Nov/2017:17:31:46 +0530] "POST /samlsso HTTP/1.1" 200 1875 "https://localhost:9443/store/" "Mozilla/5.0 (Windows NT 10.0; Win64; x64; rv:57.0) Gecko/20100101 Firefox/57.0"
127.0.0.1 - - [21/Nov/2017:17:49:30 +0530] "POST /services/APIKeyMgtSubscriberService HTTP/1.1" 200 1213 "-" "Axis2"
127.0.0.1 - - [21/Nov/2017:17:49:51 +0530] "POST /services/APIKeyMgtSubscriberService HTTP/1.1" 200 1213 "-" "Axis2"
127.0.0.1 - - [21/Nov/2017:17:49:51 +0530] "POST /services/APIKeyMgtSubscriberService HTTP/1.1" 200 1213 "-" "Axis2"
127.0.0.1 - - [21/Nov/2017:17:50:28 +0530] "POST /services/APIKeyMgtSubscriberService HTTP/1.1" 200 1213 "-" "Axis2"
127.0.0.1 - - [21/Nov/2017:17:50:28 +0530] "POST /services/APIKeyMgtSubscriberService HTTP/1.1" 200 1213 "-" "Axis2"
127.0.0.1 - - [21/Nov/2017:17:50:36 +0530] "POST /services/APIKeyMgtSubscriberService HTTP/1.1" 200 1213 "-" "Axis2"
127.0.0.1 - - [21/Nov/2017:17:50:37 +0530] "POST /services/APIKeyMgtSubscriberService HTTP/1.1" 200 1213 "-" "Axis2"
127.0.0.1 - - [21/Nov/2017:17:50:38 +0530] "POST /services/APIKeyMgtSubscriberService HTTP/1.1" 200 1213 "-" "Axis2"
127.0.0.1 - - [21/Nov/2017:17:52:59 +0530] "POST /oauth2/token HTTP/1.1" 200 168 "-" "Synapse-PT-HttpComponents-NIO"
127.0.0.1 - - [21/Nov/2017:17:54:35 +0530] "POST /thriftAuthenticator HTTP/1.1" 200 67 "-" "Java/THttpClient/HC"
127.0.0.1 - - [21/Nov/2017:18:16:39 +0530] "GET /throttle/data/v1/keyTemplates HTTP/1.1" 200 12 "-" "-"
127.0.0.1 - - [21/Nov/2017:18:16:39 +0530] "GET /throttle/data/v1/block HTTP/1.1" 200 68 "-" "-"
127.0.0.1 - - [21/Nov/2017:18:21:53 +0530] "POST /thriftAuthenticator HTTP/1.1" 200 67 "-" "Java/THttpClient/HC"
0:0:0:0:0:0:0:1 - - [21/Nov/2017:18:28:29 +0530] "POST /samlsso HTTP/1.1" 200 1875 "https://localhost:9443/store/" "Mozilla/5.0 (Windows NT 10.0; Win64; x64; rv:57.0) Gecko/20100101 Firefox/57.0"
0:0:0:0:0:0:0:1 - - [21/Nov/2017:18:28:30 +0530] "POST /samlsso HTTP/1.1" 200 1875 "https://localhost:9443/store/" "Mozilla/5.0 (Windows NT 10.0; Win64; x64; rv:57.0) Gecko/20100101 Firefox/57.0"
0:0:0:0:0:0:0:1 - - [21/Nov/2017:18:28:31 +0530] "POST /samlsso HTTP/1.1" 200 1875 "https://localhost:9443/store/" "Mozilla/5.0 (Windows NT 10.0; Win64; x64; rv:57.0) Gecko/20100101 Firefox/57.0"
0:0:0:0:0:0:0:1 - - [21/Nov/2017:18:28:32 +0530] "POST /samlsso HTTP/1.1" 200 1875 "https://localhost:9443/store/" "Mozilla/5.0 (Windows NT 10.0; Win64; x64; rv:57.0) Gecko/20100101 Firefox/57.0"
0:0:0:0:0:0:0:1 - - [21/Nov/2017:18:28:34 +0530] "POST /samlsso HTTP/1.1" 200 1875 "https://localhost:9443/store/" "Mozilla/5.0 (Windows NT 10.0; Win64; x64; rv:57.0) Gecko/20100101 Firefox/57.0"
0:0:0:0:0:0:0:1 - - [21/Nov/2017:18:28:35 +0530] "POST /samlsso HTTP/1.1" 200 1875 "https://localhost:9443/store/" "Mozilla/5.0 (Windows NT 10.0; Win64; x64; rv:57.0) Gecko/20100101 Firefox/57.0"
0:0:0:0:0:0:0:1 - - [21/Nov/2017:18:28:36 +0530] "POST /samlsso HTTP/1.1" 200 1875 "https://localhost:9443/store/" "Mozilla/5.0 (Windows NT 10.0; Win64; x64; rv:57.0) Gecko/20100101 Firefox/57.0"
0:0:0:0:0:0:0:1 - - [21/Nov/2017:18:28:37 +0530] "POST /samlsso HTTP/1.1" 200 1875 "https://localhost:9443/store/" "Mozilla/5.0 (Windows NT 10.0; Win64; x64; rv:57.0) Gecko/20100101 Firefox/57.0"
0:0:0:0:0:0:0:1 - - [21/Nov/2017:18:28:38 +0530] "POST /samlsso HTTP/1.1" 200 1875 "https://localhost:9443/store/" "Mozilla/5.0 (Windows NT 10.0; Win64; x64; rv:57.0) Gecko/20100101 Firefox/57.0"
0:0:0:0:0:0:0:1 - - [21/Nov/2017:18:28:38 +0530] "POST /samlsso HTTP/1.1" 200 1875 "https://localhost:9443/store/" "Mozilla/5.0 (Windows NT 10.0; Win64; x64; rv:57.0) Gecko/20100101 Firefox/57.0"
0:0:0:0:0:0:0:1 - - [21/Nov/2017:18:28:39 +0530] "POST /samlsso HTTP/1.1" 200 1875 "https://localhost:9443/store/" "Mozilla/5.0 (Windows NT 10.0; Win64; x64; rv:57.0) Gecko/20100101 Firefox/57.0"
0:0:0:0:0:0:0:1 - - [21/Nov/2017:18:28:40 +0530] "POST /samlsso HTTP/1.1" 200 1875 "https://localhost:9443/store/" "Mozilla/5.0 (Windows NT 10.0; Win64; x64; rv:57.0) Gecko/20100101 Firefox/57.0"
0:0:0:0:0:0:0:1 - - [21/Nov/2017:18:28:41 +0530] "POST /samlsso HTTP/1.1" 200 1875 "https://localhost:9443/store/" "Mozilla/5.0 (Windows NT 10.0; Win64; x64; rv:57.0) Gecko/20100101 Firefox/57.0"
0:0:0:0:0:0:0:1 - - [21/Nov/2017:18:28:42 +0530] "POST /samlsso HTTP/1.1" 200 1875 "https://localhost:9443/store/" "Mozilla/5.0 (Windows NT 10.0; Win64; x64; rv:57.0) Gecko/20100101 Firefox/57.0"
0:0:0:0:0:0:0:1 - - [21/Nov/2017:18:28:43 +0530] "POST /samlsso HTTP/1.1" 200 1875 "https://localhost:9443/store/" "Mozilla/5.0 (Windows NT 10.0; Win64; x64; rv:57.0) Gecko/20100101 Firefox/57.0"
0:0:0:0:0:0:0:1 - - [21/Nov/2017:18:28:44 +0530] "POST /samlsso HTTP/1.1" 200 1875 "https://localhost:9443/store/" "Mozilla/5.0 (Windows NT 10.0; Win64; x64; rv:57.0) Gecko/20100101 Firefox/57.0"
0:0:0:0:0:0:0:1 - - [21/Nov/2017:18:28:45 +0530] "POST /samlsso HTTP/1.1" 200 1875 "https://localhost:9443/store/" "Mozilla/5.0 (Windows NT 10.0; Win64; x64; rv:57.0) Gecko/20100101 Firefox/57.0"
0:0:0:0:0:0:0:1 - - [21/Nov/2017:18:28:46 +0530] "POST /samlsso HTTP/1.1" 200 1875 "https://localhost:9443/store/" "Mozilla/5.0 (Windows NT 10.0; Win64; x64; rv:57.0) Gecko/20100101 Firefox/57.0"
0:0:0:0:0:0:0:1 - - [21/Nov/2017:18:28:48 +0530] "POST /samlsso HTTP/1.1" 200 1875 "https://localhost:9443/store/" "Mozilla/5.0 (Windows NT 10.0; Win64; x64; rv:57.0) Gecko/20100101 Firefox/57.0"
0:0:0:0:0:0:0:1 - - [21/Nov/2017:18:28:49 +0530] "POST /samlsso HTTP/1.1" 200 1875 "https://localhost:9443/store/" "Mozilla/5.0 (Windows NT 10.0; Win64; x64; rv:57.0) Gecko/20100101 Firefox/57.0"
0:0:0:0:0:0:0:1 - - [21/Nov/2017:18:28:51 +0530] "POST /samlsso HTTP/1.1" 200 1875 "https://localhost:9443/store/" "Mozilla/5.0 (Windows NT 10.0; Win64; x64; rv:57.0) Gecko/20100101 Firefox/57.0"
127.0.0.1 - - [21/Nov/2017:18:37:46 +0530] "POST /oauth2/token HTTP/1.1" 200 167 "-" "Synapse-PT-HttpComponents-NIO"
127.0.0.1 - - [21/Nov/2017:19:13:12 +0530] "POST /thriftAuthenticator HTTP/1.1" 200 67 "-" "Java/THttpClient/HC"
127.0.0.1 - - [21/Nov/2017:19:13:19 +0530] "POST /oauth2/token HTTP/1.1" 200 168 "-" "Synapse-PT-HttpComponents-NIO"
