TID: [-1] [] [2017-12-06 19:31:39,452]  WARN {org.apache.axiom.util.stax.dialect.StAXDialectDetector} -  Unable to determine dialect of the StAX implementation at bundleresource://14.fwk909295153/ 
TID: [-1] [] [2017-12-06 19:31:39,355]  WARN {org.apache.axiom.util.stax.dialect.StAXDialectDetector} -  Unable to determine dialect of the StAX implementation at bundleresource://14.fwk909295153/ 
TID: [-1234] [] [2017-12-06 19:31:44,060]  INFO {org.wso2.carbon.core.internal.CarbonCoreActivator} -  Starting WSO2 Carbon... 
TID: [-1234] [] [2017-12-06 19:31:44,067]  INFO {org.wso2.carbon.core.internal.CarbonCoreActivator} -  Operating System : Windows 10 10.0, amd64 
TID: [-1234] [] [2017-12-06 19:31:44,069]  INFO {org.wso2.carbon.core.internal.CarbonCoreActivator} -  Java Home        : C:\Program Files\Java\jdk1.8.0_131\jre 
TID: [-1234] [] [2017-12-06 19:31:44,070]  INFO {org.wso2.carbon.core.internal.CarbonCoreActivator} -  Java Version     : 1.8.0_131 
TID: [-1234] [] [2017-12-06 19:31:44,071]  INFO {org.wso2.carbon.core.internal.CarbonCoreActivator} -  Java VM          : Java HotSpot(TM) 64-Bit Server VM 25.131-b11,Oracle Corporation 
TID: [-1234] [] [2017-12-06 19:31:44,072]  INFO {org.wso2.carbon.core.internal.CarbonCoreActivator} -  Carbon Home      : C:\softwares\bitbucket-clones\wso2_VL\wso2_stuff\wso2is-5.3.0\bin\.. 
TID: [-1234] [] [2017-12-06 19:31:44,072]  INFO {org.wso2.carbon.core.internal.CarbonCoreActivator} -  Java Temp Dir    : C:\softwares\bitbucket-clones\wso2_VL\wso2_stuff\wso2is-5.3.0\bin\..\tmp 
TID: [-1234] [] [2017-12-06 19:31:44,073]  INFO {org.wso2.carbon.core.internal.CarbonCoreActivator} -  User             : VI375893, en-IN, Asia/Calcutta 
TID: [-1234] [] [2017-12-06 19:31:46,156]  WARN {org.wso2.carbon.core.bootup.validator.util.ValidationResultPrinter} -  The running OS : Windows 10 is not a tested Operating System for running WSO2 Carbon 
TID: [-1234] [] [2017-12-06 19:31:46,158]  WARN {org.wso2.carbon.core.bootup.validator.util.ValidationResultPrinter} -  Carbon is configured to use the default keystore (wso2carbon.jks). To maximize security when deploying to a production environment, configure a new keystore with a unique password in the production server profile. 
TID: [-1] [] [2017-12-06 19:31:47,094]  INFO {org.wso2.carbon.event.output.adapter.kafka.internal.ds.KafkaEventAdapterServiceDS} -  Successfully deployed the Kafka output event adaptor service 
TID: [-1] [] [2017-12-06 19:31:47,469]  INFO {org.wso2.carbon.event.processor.manager.core.internal.util.ManagementModeConfigurationLoader} -  CEP started in Single node mode 
TID: [-1234] [] [2017-12-06 19:31:57,719]  INFO {org.wso2.carbon.ldap.server.DirectoryActivator} -  Embedded LDAP is disabled. 
TID: [-1] [] [2017-12-06 19:31:57,954]  INFO {org.wso2.carbon.mex.internal.Office365SupportMexComponent} -  Office365Support MexServiceComponent bundle activated successfully.. 
TID: [-1] [] [2017-12-06 19:31:57,974]  INFO {org.wso2.carbon.mex2.internal.DynamicCRMCustomMexComponent} -  DynamicCRMSupport MexServiceComponent bundle activated successfully. 
TID: [-1234] [] [2017-12-06 19:32:31,090]  INFO {org.wso2.carbon.registry.core.jdbc.EmbeddedRegistryService} -  Configured Registry in 874ms 
TID: [-1234] [] [2017-12-06 19:32:31,472]  INFO {org.wso2.carbon.registry.core.internal.RegistryCoreServiceComponent} -  Registry Mode    : READ-WRITE 
TID: [-1] [] [2017-12-06 19:32:31,582]  INFO {org.wso2.carbon.attachment.mgt.server.internal.AttachmentServiceComponent} -  Initialising Attachment Server 
TID: [-1] [] [2017-12-06 19:32:33,874]  INFO {org.wso2.carbon.attachment.mgt.core.dao.impl.jpa.AbstractJPAVendorAdapter} -  [Attachment-Mgt OpenJPA] DB Dictionary: h2 
TID: [-1] [] [2017-12-06 19:32:33,877]  INFO {org.wso2.carbon.attachment.mgt.core.dao.impl.jpa.AbstractJPAVendorAdapter} -  [Attachment-Mgt OpenJPA] Generate DDL Enabled. 
TID: [-1] [] [2017-12-06 19:32:36,056]  INFO {org.wso2.carbon.attachment.mgt.server.internal.AttachmentServiceComponent} -  Registering AttachmentServerService 
TID: [-1] [] [2017-12-06 19:32:38,532]  INFO {org.wso2.carbon.bpel.core.internal.BPELServiceComponent} -  Initializing BPEL Engine........ 
TID: [-1] [] [2017-12-06 19:32:38,767]  INFO {org.apache.ode.il.EmbeddedGeronimoFactory} -  Using embedded Geronimo transaction manager 
TID: [-1] [] [2017-12-06 19:32:38,833]  INFO {org.apache.ode.il.dbutil.Database} -  ODE using external DataSource "bpsds". 
TID: [-1] [] [2017-12-06 19:32:38,834]  INFO {org.wso2.carbon.bpel.core.ode.integration.BPELServerImpl} -  Using DAO Connection Factory class: org.apache.ode.dao.jpa.BPELDAOConnectionFactoryImpl 
TID: [-1] [] [2017-12-06 19:32:38,835]  INFO {org.apache.ode.il.dbutil.Database} -  Using DAO Connection Factory class org.apache.ode.dao.jpa.BPELDAOConnectionFactoryImpl. 
TID: [-1] [] [2017-12-06 19:32:39,312]  INFO {org.apache.ode.store.jpa.DbConfStoreConnectionFactory} -  ProcessStore initializing transaction manager using org.apache.ode.il.EmbeddedGeronimoFactory 
TID: [-1] [] [2017-12-06 19:32:39,312]  INFO {org.apache.ode.il.EmbeddedGeronimoFactory} -  Using embedded Geronimo transaction manager 
TID: [-1] [] [2017-12-06 19:32:39,451]  INFO {org.apache.ode.scheduler.simple.JdbcDelegate} -  Using database H2 major version 1 
TID: [-1] [] [2017-12-06 19:32:39,451]  INFO {org.apache.ode.scheduler.simple.JdbcDelegate} -  Using database dialect: H2 
TID: [-1] [] [2017-12-06 19:32:40,036]  INFO {org.wso2.carbon.bpel.core.ode.integration.BPELServerImpl} -  Registering E4X Extension... 
TID: [-1] [] [2017-12-06 19:32:40,072]  INFO {org.wso2.carbon.bpel.core.ode.integration.BPELServerImpl} -  Registering B4P Extension... 
TID: [-1] [] [2017-12-06 19:32:40,147]  INFO {org.wso2.carbon.bpel.core.ode.integration.BPELServerImpl} -  Registering B4P Filter... 
TID: [-1] [] [2017-12-06 19:32:40,214]  INFO {org.apache.ode.bpel.engine.BpelServerImpl} -  BPEL Server Started. 
TID: [-1] [] [2017-12-06 19:32:40,214]  INFO {org.wso2.carbon.bpel.core.ode.integration.BPELServerImpl} -  Registering MBeans 
TID: [-1] [] [2017-12-06 19:32:40,405]  INFO {org.wso2.carbon.humantask.core.internal.HumanTaskServiceComponent} -  Initialising HumanTask Server 
TID: [-1] [] [2017-12-06 19:32:40,469]  INFO {org.apache.ode.il.EmbeddedGeronimoFactory} -  Using embedded Geronimo transaction manager 
TID: [-1] [] [2017-12-06 19:32:40,475]  INFO {org.wso2.carbon.humantask.core.dao.jpa.AbstractJPAVendorAdapter} -  [HT OpenJPA] DB Dictionary: h2 
TID: [-1] [] [2017-12-06 19:32:40,476]  INFO {org.wso2.carbon.humantask.core.dao.jpa.AbstractJPAVendorAdapter} -  [HT OpenJPA] Generate DDL Enabled. 
TID: [-1] [] [2017-12-06 19:32:40,659]  INFO {org.wso2.carbon.humantask.core.internal.HumanTaskServiceComponent} -  Registering Axis2ConfigurationContextObserver 
TID: [-1] [] [2017-12-06 19:32:40,727]  INFO {org.wso2.carbon.humantask.core.internal.HumanTaskServiceComponent} -  Registering HT related MBeans 
TID: [-1] [] [2017-12-06 19:32:40,738]  INFO {org.wso2.carbon.humantask.core.internal.HumanTaskServiceComponent} -  MXBean for Human tasks registered successfully 
TID: [-1234] [] [2017-12-06 19:32:41,606]  INFO {org.wso2.carbon.metrics.impl.util.JDBCReporterBuilder} -  Creating JDBC reporter for Metrics with source 'L-156113697', data source 'jdbc/WSO2MetricsDB' and 60 seconds polling period 
TID: [-1234] [] [2017-12-06 19:32:41,609]  INFO {org.wso2.carbon.metrics.impl.util.JmxReporterBuilder} -  Creating JMX reporter for Metrics with domain 'org.wso2.carbon.metrics' 
TID: [-1234] [] [2017-12-06 19:32:41,735]  INFO {org.wso2.carbon.metrics.impl.reporter.AbstractReporter} -  Started JDBC reporter for Metrics 
TID: [-1234] [] [2017-12-06 19:32:41,737]  INFO {org.wso2.carbon.metrics.impl.reporter.AbstractReporter} -  Started JMX reporter for Metrics 
TID: [-1234] [] [2017-12-06 19:33:57,580]  INFO {org.wso2.carbon.registry.indexing.solr.SolrClient} -  Default Embedded Solr Server Initialized 
TID: [-1234] [] [2017-12-06 19:34:00,035]  INFO {org.wso2.carbon.user.core.internal.UserStoreMgtDSComponent} -  Carbon UserStoreMgtDSComponent activated successfully. 
TID: [-1] [] [2017-12-06 19:34:29,440]  INFO {org.apache.catalina.startup.TaglibUriRule} -  TLD skipped. URI: http://tiles.apache.org/tags-tiles is already defined 
TID: [-1234] [] [2017-12-06 19:34:36,001]  INFO {org.apache.axis2.deployment.ClusterBuilder} -  Clustering has been disabled 
TID: [-1234] [] [2017-12-06 19:34:36,844]  INFO {org.wso2.carbon.identity.user.store.configuration.deployer.UserStoreConfigurationDeployer} -  User Store Configuration Deployer initiated. 
TID: [-1234] [] [2017-12-06 19:34:36,845]  INFO {org.wso2.carbon.identity.user.store.configuration.deployer.UserStoreConfigurationDeployer} -  User Store Configuration Deployer initiated. 
TID: [-1234] [] [2017-12-06 19:34:37,178]  INFO {org.wso2.carbon.bpel.deployer.BPELDeployer} -  Initializing BPEL Deployer for tenant -1234. 
TID: [-1234] [] [2017-12-06 19:34:37,325]  INFO {org.wso2.carbon.humantask.deployer.HumanTaskDeployer} -  Initializing HumanTask Deployer for tenant -1234. 
TID: [-1234] [] [2017-12-06 19:34:40,323]  INFO {org.apache.axis2.deployment.ModuleDeployer} -  Deploying module: addressing-1.6.1-wso2v20 - file:/C:/softwares/bitbucket-clones/wso2_VL/wso2_stuff/wso2is-5.3.0/bin/../repository/deployment/client/modules/addressing-1.6.1-wso2v20.mar 
TID: [-1234] [] [2017-12-06 19:34:40,551]  INFO {org.apache.axis2.deployment.ModuleDeployer} -  Deploying module: rampart-1.6.1-wso2v23 - file:/C:/softwares/bitbucket-clones/wso2_VL/wso2_stuff/wso2is-5.3.0/bin/../repository/deployment/client/modules/rampart-1.6.1-wso2v23.mar 
TID: [-1234] [] [2017-12-06 19:34:43,220]  INFO {org.wso2.carbon.core.deployment.DeploymentInterceptor} -  Deploying Axis2 service: I18nEmailMgtConfigService {super-tenant} 
TID: [-1234] [] [2017-12-06 19:34:43,221]  INFO {org.apache.axis2.deployment.DeploymentEngine} -  Deploying Web service: org.wso2.carbon.email.mgt-1.0.0 -  
TID: [-1234] [] [2017-12-06 19:34:44,791]  INFO {org.apache.axis2.deployment.DeploymentEngine} -  Deploying Web service: org.wso2.carbon.identity.application.authentication.framework-5.7.5 -  
TID: [-1234] [] [2017-12-06 19:34:47,198]  INFO {org.apache.axis2.deployment.DeploymentEngine} -  Deploying Web service: org.wso2.carbon.identity.discovery-5.3.4 -  
TID: [-1234] [] [2017-12-06 19:34:47,353]  INFO {org.apache.axis2.deployment.DeploymentEngine} -  Deploying Web service: org.wso2.carbon.identity.governance-1.0.2 -  
TID: [-1234] [] [2017-12-06 19:34:47,760]  INFO {org.wso2.carbon.core.deployment.DeploymentInterceptor} -  Deploying Axis2 service: AccountCredentialMgtConfigService {super-tenant} 
TID: [-1234] [] [2017-12-06 19:34:47,762]  INFO {org.wso2.carbon.core.deployment.DeploymentInterceptor} -  Deploying Axis2 service: UserIdentityManagementAdminService {super-tenant} 
TID: [-1234] [] [2017-12-06 19:34:47,763]  INFO {org.wso2.carbon.core.deployment.DeploymentInterceptor} -  Deploying Axis2 service: UserInformationRecoveryService {super-tenant} 
TID: [-1234] [] [2017-12-06 19:34:47,763]  INFO {org.apache.axis2.deployment.DeploymentEngine} -  Deploying Web service: org.wso2.carbon.identity.mgt-5.7.5 -  
TID: [-1234] [] [2017-12-06 19:34:48,361]  INFO {org.wso2.carbon.core.deployment.DeploymentInterceptor} -  Deploying Axis2 service: SAMLQueryService {super-tenant} 
TID: [-1234] [] [2017-12-06 19:34:48,361]  INFO {org.apache.axis2.deployment.DeploymentEngine} -  Deploying Web service: org.wso2.carbon.identity.query.saml-5.3.0 -  
TID: [-1234] [] [2017-12-06 19:34:48,393]  INFO {org.apache.axis2.deployment.DeploymentEngine} -  Deploying Web service: org.wso2.carbon.identity.recovery-1.0.2 -  
TID: [-1234] [] [2017-12-06 19:34:48,824]  INFO {org.apache.axis2.deployment.DeploymentEngine} -  Deploying Web service: org.wso2.carbon.identity.webfinger-5.3.4 -  
TID: [-1234] [] [2017-12-06 19:34:49,528]  INFO {org.wso2.carbon.core.deployment.DeploymentInterceptor} -  Deploying Axis2 service: mex-ut {super-tenant} 
TID: [-1234] [] [2017-12-06 19:34:49,529]  INFO {org.apache.axis2.deployment.DeploymentEngine} -  Deploying Web service: org.wso2.carbon.mex-5.2.1 -  
TID: [-1234] [] [2017-12-06 19:34:49,539]  INFO {org.wso2.carbon.core.deployment.DeploymentInterceptor} -  Deploying Axis2 service: mex-ut2 {super-tenant} 
TID: [-1234] [] [2017-12-06 19:34:49,539]  INFO {org.apache.axis2.deployment.DeploymentEngine} -  Deploying Web service: org.wso2.carbon.mex2-5.2.1 -  
TID: [-1234] [] [2017-12-06 19:34:50,514]  INFO {org.wso2.carbon.core.deployment.DeploymentInterceptor} -  Deploying Axis2 service: wso2carbon-sts {super-tenant} 
TID: [-1234] [] [2017-12-06 19:34:50,592]  INFO {org.apache.axis2.deployment.DeploymentEngine} -  Deploying Web service: org.wso2.carbon.sts-5.2.1 -  
TID: [-1234] [] [2017-12-06 19:34:51,352]  INFO {org.wso2.carbon.core.init.CarbonServerManager} -  Repository       : C:\softwares\bitbucket-clones\wso2_VL\wso2_stuff\wso2is-5.3.0\bin\../repository/deployment/server/ 
TID: [-1234] [] [2017-12-06 19:34:51,620]  INFO {org.wso2.carbon.apimgt.impl.internal.APIManagerComponent} -  No RXTs Found. 
TID: [-1234] [] [2017-12-06 19:34:51,621]  INFO {org.wso2.carbon.apimgt.impl.internal.APIManagerComponent} -  Default tier policies not found in : C:\softwares\bitbucket-clones\wso2_VL\wso2_stuff\wso2is-5.3.0\bin\..\repository\resources\default-tiers\default-tiers.xml 
TID: [-1234] [] [2017-12-06 19:34:51,626]  INFO {org.wso2.carbon.apimgt.impl.internal.APIManagerComponent} -  Default tier policies not found in : C:\softwares\bitbucket-clones\wso2_VL\wso2_stuff\wso2is-5.3.0\bin\..\repository\resources\default-tiers\default-app-tiers.xml 
TID: [-1234] [] [2017-12-06 19:34:51,628]  INFO {org.wso2.carbon.apimgt.impl.internal.APIManagerComponent} -  Default tier policies not found in : C:\softwares\bitbucket-clones\wso2_VL\wso2_stuff\wso2is-5.3.0\bin\..\repository\resources\default-tiers\default-res-tiers.xml 
TID: [-1234] [] [2017-12-06 19:34:54,165]  INFO {org.wso2.carbon.core.multitenancy.eager.TenantLoadingConfig} -  Using tenant lazy loading policy... 
TID: [-1234] [] [2017-12-06 19:34:54,223]  INFO {org.wso2.carbon.core.internal.permission.update.PermissionUpdater} -  Permission cache updated for tenant -1234 
TID: [-1234] [] [2017-12-06 19:34:55,334]  INFO {org.wso2.carbon.apimgt.keymgt.handlers.DefaultKeyValidationHandler} -  org.wso2.carbon.apimgt.keymgt.handlers.DefaultKeyValidationHandler Initialised 
TID: [-1234] [] [2017-12-06 19:34:55,335]  INFO {org.wso2.carbon.apimgt.keymgt.service.APIKeyValidationService} -  Initialised KeyValidationHandler instance successfully 
TID: [-1234] [] [2017-12-06 19:34:55,559]  INFO {org.wso2.carbon.apimgt.keymgt.internal.APIKeyMgtServiceComponent} -  Started thrift key mgt service at port:10397 
TID: [-1234] [] [2017-12-06 19:34:57,279]  INFO {org.wso2.carbon.user.core.internal.UserStoreMgtDSComponent} -  Claim manager set for class org.wso2.carbon.user.core.common.DefaultRealm 
TID: [-1234] [] [2017-12-06 19:34:57,282]  INFO {org.wso2.carbon.user.core.internal.UserStoreMgtDSComponent} -  Claim manager set for class org.wso2.carbon.user.core.jdbc.JDBCUserStoreManager 
TID: [-1] [] [2017-12-06 19:34:58,717]  INFO {org.wso2.carbon.identity.entitlement.internal.SchemaBuilder} -  XACML policy schema loaded successfully. 
TID: [-1234] [] [2017-12-06 19:34:59,554]  INFO {org.wso2.carbon.identity.oauth2.internal.OAuth2ServiceComponent} -  PKCE Support enabled. 
TID: [-1234] [] [2017-12-06 19:35:09,059]  INFO {org.wso2.carbon.identity.sso.saml.admin.FileBasedConfigManager} -  A SSO Service Provider is registered for : wso2.my.dashboard 
TID: [-1234] [] [2017-12-06 19:35:09,198]  INFO {org.wso2.carbon.core.transports.http.HttpTransportListener} -  HTTP port        : 9764 
TID: [-1234] [] [2017-12-06 19:35:09,200]  INFO {org.wso2.carbon.core.transports.http.HttpsTransportListener} -  HTTPS port       : 9444 
TID: [-1234] [] [2017-12-06 19:35:09,286]  INFO {org.wso2.carbon.bpel.core.ode.integration.BPELSchedulerInitializer} -  Starting BPS Scheduler 
TID: [-1234] [] [2017-12-06 19:35:09,395]  INFO {openjpa.Runtime} -  Starting OpenJPA 2.2.0-wso2v1 
TID: [-1234] [] [2017-12-06 19:35:10,400]  INFO {openjpa.jdbc.JDBC} -  Using dictionary class "org.apache.openjpa.jdbc.sql.H2Dictionary" (H2 1.3.175 (2014-01-18) ,H2 JDBC Driver 1.3.175 (2014-01-18)). 
TID: [-1234] [] [2017-12-06 19:35:11,039]  INFO {org.wso2.carbon.humantask.core.HumanTaskSchedulerInitializer} -  Starting HumanTasks Scheduler 
TID: [-1234] [] [2017-12-06 19:35:11,044]  INFO {openjpa.Runtime} -  Starting OpenJPA 2.2.0-wso2v1 
TID: [-1234] [] [2017-12-06 19:35:11,045]  INFO {openjpa.jdbc.JDBC} -  Using dictionary class "org.apache.openjpa.jdbc.sql.H2Dictionary". 
TID: [-1234] [] [2017-12-06 19:35:21,286]  INFO {org.wso2.carbon.event.publisher.core.EventPublisherDeployer} -  Event Publisher deployment held back and in inactive state :EmailPublisher.xml, Stream validation exception : Stream id_gov_notify_stream:1.0.0 does not exist 
TID: [-1234] [] [2017-12-06 19:35:21,305]  INFO {org.wso2.carbon.event.publisher.core.EventPublisherDeployer} -  Event Publisher deployment held back and in inactive state :IsAnalytics-Publisher-wso2event-AuthenticationData.xml, Stream validation exception : Stream org.wso2.is.analytics.stream.OverallAuthentication:1.0.0 does not exist 
TID: [-1234] [] [2017-12-06 19:35:21,328]  INFO {org.wso2.carbon.event.publisher.core.EventPublisherDeployer} -  Event Publisher deployment held back and in inactive state :IsAnalytics-Publisher-wso2event-OauthTokenIssueRefresh.xml, Stream validation exception : Stream org.wso2.is.analytics.stream.OauthTokenIssuance:1.0.0 does not exist 
TID: [-1234] [] [2017-12-06 19:35:21,352]  INFO {org.wso2.carbon.event.publisher.core.EventPublisherDeployer} -  Event Publisher deployment held back and in inactive state :IsAnalytics-Publisher-wso2event-OauthTokenRevocation.xml, Stream validation exception : Stream org.wso2.is.analytics.stream.OauthTokenRevocation:1.0.0 does not exist 
TID: [-1234] [] [2017-12-06 19:35:21,366]  INFO {org.wso2.carbon.event.publisher.core.EventPublisherDeployer} -  Event Publisher deployment held back and in inactive state :IsAnalytics-Publisher-wso2event-OauthTokenValidation.xml, Stream validation exception : Stream org.wso2.is.analytics.stream.OauthTokenValidation:1.0.0 does not exist 
TID: [-1234] [] [2017-12-06 19:35:21,395]  INFO {org.wso2.carbon.event.publisher.core.EventPublisherDeployer} -  Event Publisher deployment held back and in inactive state :IsAnalytics-Publisher-wso2event-RoleData.xml, Stream validation exception : Stream org.wso2.is.analytics.stream.OverallRoleData:1.0.0 does not exist 
TID: [-1234] [] [2017-12-06 19:35:21,411]  INFO {org.wso2.carbon.event.publisher.core.EventPublisherDeployer} -  Event Publisher deployment held back and in inactive state :IsAnalytics-Publisher-wso2event-SessionData.xml, Stream validation exception : Stream org.wso2.is.analytics.stream.OverallSession:1.0.0 does not exist 
TID: [-1234] [] [2017-12-06 19:35:21,426]  INFO {org.wso2.carbon.event.publisher.core.EventPublisherDeployer} -  Event Publisher deployment held back and in inactive state :IsAnalytics-Publisher-wso2event-UserData.xml, Stream validation exception : Stream org.wso2.is.analytics.stream.OverallUserData:1.0.0 does not exist 
TID: [-1234] [] [2017-12-06 19:35:21,607]  INFO {org.wso2.carbon.event.publisher.core.EventPublisherDeployer} -  Event Publisher undeployed successfully : EmailPublisher.xml 
TID: [-1234] [] [2017-12-06 19:35:21,657]  INFO {org.wso2.carbon.event.stream.core.internal.EventJunction} -  WSO2EventConsumer added to the junction. Stream:id_gov_notify_stream:1.0.0 
TID: [-1234] [] [2017-12-06 19:35:21,720]  INFO {org.wso2.carbon.event.publisher.core.EventPublisherDeployer} -  Event Publisher configuration successfully deployed and in active state : EmailPublisher 
TID: [-1234] [] [2017-12-06 19:35:21,721]  INFO {org.wso2.carbon.event.stream.core.EventStreamDeployer} -  Stream definition is deployed successfully  : id_gov_notify_stream:1.0.0 
TID: [-1234] [] [2017-12-06 19:35:21,747]  INFO {org.wso2.carbon.event.publisher.core.EventPublisherDeployer} -  Event Publisher undeployed successfully : IsAnalytics-Publisher-wso2event-OauthTokenIssueRefresh.xml 
TID: [-1234] [] [2017-12-06 19:35:21,762]  INFO {org.wso2.carbon.event.stream.core.internal.EventJunction} -  WSO2EventConsumer added to the junction. Stream:org.wso2.is.analytics.stream.OauthTokenIssuance:1.0.0 
TID: [-1234] [] [2017-12-06 19:35:21,811]  INFO {org.wso2.carbon.event.publisher.core.EventPublisherDeployer} -  Event Publisher configuration successfully deployed and in active state : IsAnalytics-Publisher-wso2event-OauthTokenIssueRefresh 
TID: [-1234] [] [2017-12-06 19:35:21,811]  INFO {org.wso2.carbon.event.stream.core.EventStreamDeployer} -  Stream definition is deployed successfully  : org.wso2.is.analytics.stream.OauthTokenIssuance:1.0.0 
TID: [-1234] [] [2017-12-06 19:35:21,826]  INFO {org.wso2.carbon.event.publisher.core.EventPublisherDeployer} -  Event Publisher undeployed successfully : IsAnalytics-Publisher-wso2event-OauthTokenRevocation.xml 
TID: [-1234] [] [2017-12-06 19:35:21,833]  INFO {org.wso2.carbon.event.stream.core.internal.EventJunction} -  WSO2EventConsumer added to the junction. Stream:org.wso2.is.analytics.stream.OauthTokenRevocation:1.0.0 
TID: [-1234] [] [2017-12-06 19:35:21,835]  INFO {org.wso2.carbon.event.publisher.core.EventPublisherDeployer} -  Event Publisher configuration successfully deployed and in active state : IsAnalytics-Publisher-wso2event-OauthTokenRevocation 
TID: [-1234] [] [2017-12-06 19:35:21,838]  INFO {org.wso2.carbon.event.stream.core.EventStreamDeployer} -  Stream definition is deployed successfully  : org.wso2.is.analytics.stream.OauthTokenRevocation:1.0.0 
TID: [-1234] [] [2017-12-06 19:35:21,853]  INFO {org.wso2.carbon.event.publisher.core.EventPublisherDeployer} -  Event Publisher undeployed successfully : IsAnalytics-Publisher-wso2event-OauthTokenValidation.xml 
TID: [-1234] [] [2017-12-06 19:35:21,860]  INFO {org.wso2.carbon.event.stream.core.internal.EventJunction} -  WSO2EventConsumer added to the junction. Stream:org.wso2.is.analytics.stream.OauthTokenValidation:1.0.0 
TID: [-1234] [] [2017-12-06 19:35:21,860]  INFO {org.wso2.carbon.event.publisher.core.EventPublisherDeployer} -  Event Publisher configuration successfully deployed and in active state : IsAnalytics-Publisher-wso2event-OauthTokenValidation 
TID: [-1234] [] [2017-12-06 19:35:21,862]  INFO {org.wso2.carbon.event.stream.core.EventStreamDeployer} -  Stream definition is deployed successfully  : org.wso2.is.analytics.stream.OauthTokenValidation:1.0.0 
TID: [-1234] [] [2017-12-06 19:35:21,884]  INFO {org.wso2.carbon.event.publisher.core.EventPublisherDeployer} -  Event Publisher undeployed successfully : IsAnalytics-Publisher-wso2event-AuthenticationData.xml 
TID: [-1234] [] [2017-12-06 19:35:21,891]  INFO {org.wso2.carbon.event.stream.core.internal.EventJunction} -  WSO2EventConsumer added to the junction. Stream:org.wso2.is.analytics.stream.OverallAuthentication:1.0.0 
TID: [-1234] [] [2017-12-06 19:35:21,892]  INFO {org.wso2.carbon.event.publisher.core.EventPublisherDeployer} -  Event Publisher configuration successfully deployed and in active state : IsAnalytics-Publisher-wso2event-AuthenticationData 
TID: [-1234] [] [2017-12-06 19:35:21,894]  INFO {org.wso2.carbon.event.stream.core.EventStreamDeployer} -  Stream definition is deployed successfully  : org.wso2.is.analytics.stream.OverallAuthentication:1.0.0 
TID: [-1234] [] [2017-12-06 19:35:21,928]  INFO {org.wso2.carbon.event.publisher.core.EventPublisherDeployer} -  Event Publisher undeployed successfully : IsAnalytics-Publisher-wso2event-RoleData.xml 
TID: [-1234] [] [2017-12-06 19:35:21,934]  INFO {org.wso2.carbon.event.stream.core.internal.EventJunction} -  WSO2EventConsumer added to the junction. Stream:org.wso2.is.analytics.stream.OverallRoleData:1.0.0 
TID: [-1234] [] [2017-12-06 19:35:21,935]  INFO {org.wso2.carbon.event.publisher.core.EventPublisherDeployer} -  Event Publisher configuration successfully deployed and in active state : IsAnalytics-Publisher-wso2event-RoleData 
TID: [-1234] [] [2017-12-06 19:35:21,938]  INFO {org.wso2.carbon.event.stream.core.EventStreamDeployer} -  Stream definition is deployed successfully  : org.wso2.is.analytics.stream.OverallRoleData:1.0.0 
TID: [-1234] [] [2017-12-06 19:35:21,964]  INFO {org.wso2.carbon.event.publisher.core.EventPublisherDeployer} -  Event Publisher undeployed successfully : IsAnalytics-Publisher-wso2event-SessionData.xml 
TID: [-1234] [] [2017-12-06 19:35:21,969]  INFO {org.wso2.carbon.event.stream.core.internal.EventJunction} -  WSO2EventConsumer added to the junction. Stream:org.wso2.is.analytics.stream.OverallSession:1.0.0 
TID: [-1234] [] [2017-12-06 19:35:21,971]  INFO {org.wso2.carbon.event.publisher.core.EventPublisherDeployer} -  Event Publisher configuration successfully deployed and in active state : IsAnalytics-Publisher-wso2event-SessionData 
TID: [-1234] [] [2017-12-06 19:35:21,973]  INFO {org.wso2.carbon.event.stream.core.EventStreamDeployer} -  Stream definition is deployed successfully  : org.wso2.is.analytics.stream.OverallSession:1.0.0 
TID: [-1234] [] [2017-12-06 19:35:21,988]  INFO {org.wso2.carbon.event.publisher.core.EventPublisherDeployer} -  Event Publisher undeployed successfully : IsAnalytics-Publisher-wso2event-UserData.xml 
TID: [-1234] [] [2017-12-06 19:35:21,994]  INFO {org.wso2.carbon.event.stream.core.internal.EventJunction} -  WSO2EventConsumer added to the junction. Stream:org.wso2.is.analytics.stream.OverallUserData:1.0.0 
TID: [-1234] [] [2017-12-06 19:35:21,995]  INFO {org.wso2.carbon.event.publisher.core.EventPublisherDeployer} -  Event Publisher configuration successfully deployed and in active state : IsAnalytics-Publisher-wso2event-UserData 
TID: [-1234] [] [2017-12-06 19:35:21,997]  INFO {org.wso2.carbon.event.stream.core.EventStreamDeployer} -  Stream definition is deployed successfully  : org.wso2.is.analytics.stream.OverallUserData:1.0.0 
TID: [-1234] [] [2017-12-06 19:35:22,730]  INFO {org.wso2.carbon.webapp.mgt.TomcatGenericWebappsDeployer} -  Deployed webapp: StandardEngine[Catalina].StandardHost[localhost].StandardContext[/STRATOS_ROOT].File[C:\softwares\bitbucket-clones\wso2_VL\wso2_stuff\wso2is-5.3.0\bin\..\repository\deployment\server\webapps\STRATOS_ROOT] 
TID: [-1234] [] [2017-12-06 19:35:52,906]  INFO {org.wso2.carbon.webapp.mgt.TomcatGenericWebappsDeployer} -  Deployed webapp: StandardEngine[Catalina].StandardHost[localhost].StandardContext[/accountrecoveryendpoint].File[C:\softwares\bitbucket-clones\wso2_VL\wso2_stuff\wso2is-5.3.0\bin\..\repository\deployment\server\webapps\accountrecoveryendpoint.war] 
TID: [-1234] [] [2017-12-06 19:36:13,690]  INFO {org.wso2.carbon.webapp.mgt.TomcatGenericWebappsDeployer} -  Deployed webapp: StandardEngine[Catalina].StandardHost[localhost].StandardContext[/api/identity/entitlement].File[C:\softwares\bitbucket-clones\wso2_VL\wso2_stuff\wso2is-5.3.0\bin\..\repository\deployment\server\webapps\api#identity#entitlement.war] 
TID: [-1234] [] [2017-12-06 19:36:25,668]  INFO {org.apache.cxf.endpoint.ServerImpl} -  Setting the server's publish address to be / 
TID: [-1234] [] [2017-12-06 19:36:25,917]  INFO {org.wso2.carbon.webapp.mgt.TomcatGenericWebappsDeployer} -  Deployed webapp: StandardEngine[Catalina].StandardHost[localhost].StandardContext[/api/identity/recovery/v0.9].File[C:\softwares\bitbucket-clones\wso2_VL\wso2_stuff\wso2is-5.3.0\bin\..\repository\deployment\server\webapps\api#identity#recovery#v0.9.war] 
TID: [-1234] [] [2017-12-06 19:36:44,819]  INFO {org.apache.cxf.endpoint.ServerImpl} -  Setting the server's publish address to be / 
TID: [-1234] [] [2017-12-06 19:36:44,982]  INFO {org.wso2.carbon.webapp.mgt.TomcatGenericWebappsDeployer} -  Deployed webapp: StandardEngine[Catalina].StandardHost[localhost].StandardContext[/api/identity/user/v0.9].File[C:\softwares\bitbucket-clones\wso2_VL\wso2_stuff\wso2is-5.3.0\bin\..\repository\deployment\server\webapps\api#identity#user#v0.9.war] 
TID: [-1234] [] [2017-12-06 19:36:53,515]  INFO {org.wso2.carbon.identity.application.authentication.endpoint.util.TenantDataManager} -  EndpointConfig.properties file loaded from ./repository/conf/identity/EndpointConfig.properties 
TID: [-1234] [] [2017-12-06 19:36:55,091]  INFO {org.apache.jasper.compiler.TldLocationsCache} -  At least one JAR was scanned for TLDs yet contained no TLDs. Enable debug logging for this logger for a complete list of JARs that were scanned but no TLDs were found in them. Skipping unneeded JARs during scanning can improve startup time and JSP compilation time. 
TID: [-1234] [] [2017-12-06 19:37:00,431]  INFO {org.wso2.carbon.webapp.mgt.TomcatGenericWebappsDeployer} -  Deployed webapp: StandardEngine[Catalina].StandardHost[localhost].StandardContext[/authenticationendpoint].File[C:\softwares\bitbucket-clones\wso2_VL\wso2_stuff\wso2is-5.3.0\bin\..\repository\deployment\server\webapps\authenticationendpoint.war] 
TID: [-1234] [] [2017-12-06 19:37:03,781]  INFO {org.wso2.carbon.webapp.mgt.TomcatGenericWebappsDeployer} -  Deployed webapp: StandardEngine[Catalina].StandardHost[localhost].StandardContext[/emailotpauthenticationendpoint].File[C:\softwares\bitbucket-clones\wso2_VL\wso2_stuff\wso2is-5.3.0\bin\..\repository\deployment\server\webapps\emailotpauthenticationendpoint.war] 
TID: [-1234] [] [2017-12-06 19:37:03,835]  INFO {org.wso2.carbon.webapp.mgt.TomcatGenericWebappsDeployer} -  Deployed webapp: StandardEngine[Catalina].StandardHost[localhost].StandardContext[/mex].File[C:\softwares\bitbucket-clones\wso2_VL\wso2_stuff\wso2is-5.3.0\bin\..\repository\deployment\server\webapps\mex] 
TID: [-1234] [] [2017-12-06 19:37:07,601]  INFO {org.apache.cxf.endpoint.ServerImpl} -  Setting the server's publish address to be / 
TID: [-1234] [] [2017-12-06 19:37:07,761]  INFO {org.wso2.carbon.webapp.mgt.TomcatGenericWebappsDeployer} -  Deployed webapp: StandardEngine[Catalina].StandardHost[localhost].StandardContext[/mexut].File[C:\softwares\bitbucket-clones\wso2_VL\wso2_stuff\wso2is-5.3.0\bin\..\repository\deployment\server\webapps\mexut.war] 
TID: [-1234] [] [2017-12-06 19:37:13,286]  INFO {org.apache.cxf.endpoint.ServerImpl} -  Setting the server's publish address to be / 
TID: [-1234] [] [2017-12-06 19:37:13,467]  INFO {org.wso2.carbon.webapp.mgt.TomcatGenericWebappsDeployer} -  Deployed webapp: StandardEngine[Catalina].StandardHost[localhost].StandardContext[/oauth2].File[C:\softwares\bitbucket-clones\wso2_VL\wso2_stuff\wso2is-5.3.0\bin\..\repository\deployment\server\webapps\oauth2.war] 
TID: [-1234] [] [2017-12-06 19:37:27,544]  INFO {org.apache.shindig.gadgets.features.FeatureRegistry} -  Resources from res:features/features.txt are loading. 
TID: [-1234] [] [2017-12-06 19:37:27,574]  INFO {org.apache.shindig.common.xml.XmlUtil} -  The XML processor being used does not support secure parsing. 
TID: [-1234] [] [2017-12-06 19:37:27,578]  INFO {org.apache.shindig.common.xml.XmlUtil} -  Document builders are being reused. 
TID: [-1234] [] [2017-12-06 19:37:28,638]  INFO {org.apache.shindig.gadgets.features.FeatureRegistry} -  Resources from res:features-extras/features.txt are loading. 
TID: [-1234] [] [2017-12-06 19:37:28,936]  INFO {org.apache.shindig.config.JsonContainerConfigLoader} -  Resources from containers/default/container.js are loading. 
TID: [-1234] [] [2017-12-06 19:37:28,940]  INFO {org.apache.shindig.config.JsonContainerConfigLoader} -  Container configuration containers/default/container.js is being read. 
TID: [-1234] [] [2017-12-06 19:37:29,767]  INFO {org.apache.shindig.gadgets.oauth2.logger.FilteredLogger} -  Using random key for OAuth2 client-side state encryption 
TID: [-1234] [] [2017-12-06 19:37:29,771]  INFO {org.apache.shindig.gadgets.oauth2.logger.FilteredLogger} -  OAuth2CrypterProvider constructor 
TID: [-1234] [] [2017-12-06 19:37:29,788]  INFO {org.apache.shindig.gadgets.oauth.OAuthModule$OAuthCrypterProvider} -  Using random key for OAuth client-side state encryption 
TID: [-1234] [] [2017-12-06 19:37:29,790]  INFO {org.apache.shindig.gadgets.oauth.OAuthModule} -  A random key for OAuth client-side state encryption is being used. 
TID: [-1234] [] [2017-12-06 19:37:29,795]  INFO {org.apache.shindig.gadgets.oauth.OAuthModule} -  The OAuth signing key from res://wso2carbon.pem is loading. 
TID: [-1234] [] [2017-12-06 19:37:30,245]  INFO {org.apache.shiro.realm.AuthorizingRealm} -  No cache or cacheManager properties have been set.  Authorization cache cannot be obtained. 
TID: [-1234] [] [2017-12-06 19:37:30,246]  INFO {org.apache.shiro.config.IniSecurityManagerFactory} -  Realms have been explicitly set on the SecurityManager instance - auto-setting of realms will not occur. 
TID: [-1234] [] [2017-12-06 19:37:30,277]  INFO {org.wso2.carbon.webapp.mgt.TomcatGenericWebappsDeployer} -  Deployed webapp: StandardEngine[Catalina].StandardHost[localhost].StandardContext[/shindig].File[C:\softwares\bitbucket-clones\wso2_VL\wso2_stuff\wso2is-5.3.0\bin\..\repository\deployment\server\webapps\shindig.war] 
TID: [-1234] [] [2017-12-06 19:37:33,508]  INFO {org.wso2.carbon.webapp.mgt.TomcatGenericWebappsDeployer} -  Deployed webapp: StandardEngine[Catalina].StandardHost[localhost].StandardContext[/smsotpauthenticationendpoint].File[C:\softwares\bitbucket-clones\wso2_VL\wso2_stuff\wso2is-5.3.0\bin\..\repository\deployment\server\webapps\smsotpauthenticationendpoint.war] 
TID: [-1234] [] [2017-12-06 19:37:44,797]  INFO {org.apache.cxf.endpoint.ServerImpl} -  Setting the server's publish address to be / 
TID: [-1234] [] [2017-12-06 19:37:44,992]  INFO {org.wso2.carbon.webapp.mgt.TomcatGenericWebappsDeployer} -  Deployed webapp: StandardEngine[Catalina].StandardHost[localhost].StandardContext[/throttle/data/v1].File[C:\softwares\bitbucket-clones\wso2_VL\wso2_stuff\wso2is-5.3.0\bin\..\repository\deployment\server\webapps\throttle#data#v1.war] 
TID: [-1234] [] [2017-12-06 19:37:47,605]  INFO {org.wso2.carbon.identity.application.authentication.endpoint.util.TenantDataManager} -  EndpointConfig.properties file loaded from ./repository/conf/identity/EndpointConfig.properties 
TID: [-1234] [] [2017-12-06 19:37:47,684]  INFO {org.wso2.carbon.webapp.mgt.TomcatGenericWebappsDeployer} -  Deployed webapp: StandardEngine[Catalina].StandardHost[localhost].StandardContext[/totpauthenticationendpoint].File[C:\softwares\bitbucket-clones\wso2_VL\wso2_stuff\wso2is-5.3.0\bin\..\repository\deployment\server\webapps\totpauthenticationendpoint.war] 
TID: [-1234] [] [2017-12-06 19:37:54,585]  INFO {org.apache.cxf.endpoint.ServerImpl} -  Setting the server's publish address to be /Users 
TID: [-1234] [] [2017-12-06 19:37:54,768]  INFO {org.apache.cxf.endpoint.ServerImpl} -  Setting the server's publish address to be /Groups 
TID: [-1234] [] [2017-12-06 19:37:54,771]  INFO {org.apache.cxf.endpoint.ServerImpl} -  Setting the server's publish address to be /Bulk 
TID: [-1234] [] [2017-12-06 19:37:54,863]  INFO {org.wso2.carbon.webapp.mgt.TomcatGenericWebappsDeployer} -  Deployed webapp: StandardEngine[Catalina].StandardHost[localhost].StandardContext[/wso2].File[C:\softwares\bitbucket-clones\wso2_VL\wso2_stuff\wso2is-5.3.0\bin\..\repository\deployment\server\webapps\wso2.war] 
TID: [-1234] [] [2017-12-06 19:38:12,992]  INFO {JAGGERY.app:js} -  server url was not found under jaggery.conf file. Therefore connecting to the services same as the deployed carbon server 
TID: [-1234] [] [2017-12-06 19:38:14,875]  INFO {org.jaggeryjs.jaggery.app.mgt.TomcatJaggeryWebappsDeployer} -  Deployed webapp: StandardEngine[Catalina].StandardHost[localhost].StandardContext[/dashboard].File[C:\softwares\bitbucket-clones\wso2_VL\wso2_stuff\wso2is-5.3.0\bin\..\repository\deployment\server\jaggeryapps\dashboard] 
TID: [-1234] [] [2017-12-06 19:38:15,975]  INFO {org.jaggeryjs.jaggery.app.mgt.TomcatJaggeryWebappsDeployer} -  Deployed webapp: StandardEngine[Catalina].StandardHost[localhost].StandardContext[/portal].File[C:\softwares\bitbucket-clones\wso2_VL\wso2_stuff\wso2is-5.3.0\bin\..\repository\deployment\server\jaggeryapps\portal] 
TID: [-1234] [] [2017-12-06 19:38:17,346]  INFO {org.apache.tomcat.util.net.NioSelectorPool} -  Using a shared selector for servlet write/read 
TID: [-1234] [] [2017-12-06 19:38:18,714]  INFO {org.apache.tomcat.util.net.NioSelectorPool} -  Using a shared selector for servlet write/read 
TID: [-1234] [] [2017-12-06 19:38:22,267]  INFO {org.wso2.carbon.core.init.JMXServerManager} -  JMX Service URL  : service:jmx:rmi://localhost:11112/jndi/rmi://localhost:10000/jmxrmi 
TID: [-1234] [] [2017-12-06 19:38:22,269]  INFO {org.wso2.carbon.core.internal.StartupFinalizerServiceComponent} -  Server           :  WSO2 Identity Server-5.3.0 
TID: [-1234] [] [2017-12-06 19:38:22,273]  INFO {org.wso2.carbon.core.internal.StartupFinalizerServiceComponent} -  WSO2 Carbon started in 475 sec 
TID: [-1234] [] [2017-12-06 19:38:49,506]  INFO {org.wso2.carbon.ui.internal.CarbonUIServiceComponent} -  Mgt Console URL  : https://localhost:9444/carbon/ 
TID: [-1234] [] [2017-12-06 19:38:49,791]  INFO {org.wso2.carbon.identity.authenticator.x509Certificate.internal.X509CertificateServiceComponent} -  X509 Certificate Servlet activated successfully.. 
TID: [-1234] [] [2017-12-06 20:30:33,263]  INFO {org.wso2.carbon.core.init.CarbonServerManager} -  Shutdown hook triggered.... 
TID: [-1] [] [2017-12-06 20:30:33,286]  INFO {org.wso2.carbon.bpel.core.internal.BPELServiceComponent} -  Shutting down BPEL Server........ 
TID: [-1234] [] [2017-12-06 20:30:34,831]  INFO {org.wso2.carbon.core.init.CarbonServerManager} -  Gracefully shutting down WSO2 Identity Server... 
TID: [-1] [] [2017-12-06 20:30:35,913]  INFO {org.apache.ode.bpel.engine.BpelServerImpl} -  BPEL Server Stopped. 
TID: [-1234] [] [2017-12-06 20:30:36,275]  INFO {org.wso2.carbon.core.ServerManagement} -  Starting to switch to maintenance mode... 
TID: [-1234] [] [2017-12-06 20:30:36,762]  INFO {org.wso2.carbon.core.ServerManagement} -  Stopped all transport listeners 
TID: [-1234] [] [2017-12-06 20:30:36,763]  INFO {org.wso2.carbon.core.ServerManagement} -  Waiting for request service completion... 
TID: [-1] [] [2017-12-06 20:30:38,196]  INFO {org.wso2.carbon.bpel.core.ode.integration.BPELServerImpl} -  BPEL Server shutdown completed. 
TID: [-1234] [] [2017-12-06 20:31:04,436]  INFO {org.wso2.carbon.core.ServerManagement} -  All requests have been served. 
TID: [-1234] [] [2017-12-06 20:31:04,437]  INFO {org.wso2.carbon.core.ServerManagement} -  Waiting for deployment completion... 
TID: [-1234] [] [2017-12-06 20:31:20,684]  INFO {org.wso2.carbon.webapp.mgt.WebApplication} -  Unloaded webapp: StandardEngine[Catalina].StandardHost[localhost].StandardContext[/mex] 
TID: [-1234] [] [2017-12-06 20:31:20,858]  INFO {org.wso2.carbon.webapp.mgt.WebApplication} -  Unloaded webapp: StandardEngine[Catalina].StandardHost[localhost].StandardContext[/STRATOS_ROOT] 
TID: [-1234] [] [2017-12-06 20:31:22,431]  INFO {org.wso2.carbon.webapp.mgt.WebApplication} -  Unloaded webapp: StandardEngine[Catalina].StandardHost[localhost].StandardContext[/mexut] 
TID: [-1234] [] [2017-12-06 20:31:34,398]  INFO {org.wso2.carbon.webapp.mgt.WebApplication} -  Unloaded webapp: StandardEngine[Catalina].StandardHost[localhost].StandardContext[/api/identity/recovery/v0.9] 
TID: [-1234] [] [2017-12-06 20:31:36,085]  INFO {org.wso2.carbon.webapp.mgt.WebApplication} -  Unloaded webapp: StandardEngine[Catalina].StandardHost[localhost].StandardContext[/authenticationendpoint] 
TID: [-1234] [] [2017-12-06 20:31:38,070]  INFO {org.wso2.carbon.webapp.mgt.WebApplication} -  Unloaded webapp: StandardEngine[Catalina].StandardHost[localhost].StandardContext[/oauth2] 
TID: [-1234] [] [2017-12-06 20:31:47,655]  INFO {org.wso2.carbon.webapp.mgt.WebApplication} -  Unloaded webapp: StandardEngine[Catalina].StandardHost[localhost].StandardContext[/api/identity/user/v0.9] 
TID: [-1234] [] [2017-12-06 20:32:06,135]  INFO {org.wso2.carbon.webapp.mgt.WebApplication} -  Unloaded webapp: StandardEngine[Catalina].StandardHost[localhost].StandardContext[/shindig] 
TID: [-1234] [] [2017-12-06 20:32:08,886]  INFO {org.wso2.carbon.webapp.mgt.WebApplication} -  Unloaded webapp: StandardEngine[Catalina].StandardHost[localhost].StandardContext[/smsotpauthenticationendpoint] 
TID: [-1234] [] [2017-12-06 20:32:14,160]  INFO {org.wso2.carbon.webapp.mgt.WebApplication} -  Unloaded webapp: StandardEngine[Catalina].StandardHost[localhost].StandardContext[/accountrecoveryendpoint] 
TID: [-1234] [] [2017-12-06 20:32:20,334]  INFO {org.wso2.carbon.webapp.mgt.WebApplication} -  Unloaded webapp: StandardEngine[Catalina].StandardHost[localhost].StandardContext[/emailotpauthenticationendpoint] 
TID: [-1234] [] [2017-12-06 20:32:29,990]  INFO {org.wso2.carbon.webapp.mgt.WebApplication} -  Unloaded webapp: StandardEngine[Catalina].StandardHost[localhost].StandardContext[/throttle/data/v1] 
TID: [-1234] [] [2017-12-06 20:32:36,494]  INFO {org.wso2.carbon.webapp.mgt.WebApplication} -  Unloaded webapp: StandardEngine[Catalina].StandardHost[localhost].StandardContext[/api/identity/entitlement] 
TID: [-1234] [] [2017-12-06 20:32:37,916]  INFO {org.wso2.carbon.webapp.mgt.WebApplication} -  Unloaded webapp: StandardEngine[Catalina].StandardHost[localhost].StandardContext[/totpauthenticationendpoint] 
TID: [-1234] [] [2017-12-06 20:32:38,582]  INFO {org.wso2.carbon.webapp.mgt.WebApplication} -  Unloaded webapp: StandardEngine[Catalina].StandardHost[localhost].StandardContext[/wso2] 
TID: [-1234] [] [2017-12-06 20:32:38,995]  INFO {org.wso2.carbon.webapp.mgt.WebApplication} -  Unloaded webapp: StandardEngine[Catalina].StandardHost[localhost].StandardContext[/dashboard] 
TID: [-1234] [] [2017-12-06 20:32:39,023]  INFO {org.wso2.carbon.webapp.mgt.WebApplication} -  Unloaded webapp: StandardEngine[Catalina].StandardHost[localhost].StandardContext[/portal] 
TID: [-1234] [] [2017-12-06 20:32:39,120]  INFO {org.wso2.carbon.core.ServerManagement} -  All deployment tasks have been completed. 
TID: [-1234] [] [2017-12-06 20:32:39,121]  INFO {org.wso2.carbon.core.ServerManagement} -  Waiting for server task completion... 
TID: [-1234] [] [2017-12-06 20:32:39,385]  INFO {org.wso2.carbon.humantask.core.HumanTaskServerShutdown} -  Shutting down human task scheduler 
TID: [-1234] [] [2017-12-06 20:32:39,487]  INFO {org.wso2.carbon.core.ServerManagement} -  All server tasks have been completed. 
TID: [-1234] [] [2017-12-06 20:32:39,488]  INFO {org.wso2.carbon.core.init.CarbonServerManager} -  Shutting down WSO2 Identity Server... 
TID: [-1234] [] [2017-12-06 20:32:39,508]  INFO {org.wso2.carbon.core.init.CarbonServerManager} -  Shutting down OSGi framework... 
TID: [-1234] [] [2017-12-06 20:32:51,257]  INFO {org.wso2.carbon.event.publisher.core.EventPublisherDeployer} -  Event Publisher undeployed successfully : EmailPublisher.xml 
TID: [-1234] [] [2017-12-06 20:32:52,532]  INFO {org.wso2.carbon.event.publisher.core.EventPublisherDeployer} -  Event Publisher deployment held back and in inactive state : EmailPublisher.xml, waiting for Output Event Adapter dependency : email 
TID: [-1234] [] [2017-12-06 20:32:52,655]  INFO {org.wso2.carbon.event.publisher.core.internal.CarbonEventPublisherService} -  Event publisher : EmailPublisher  is in inactive state because dependency could not be found : email 
TID: [-1234] [] [2017-12-06 20:32:52,697]  INFO {org.wso2.carbon.event.publisher.core.EventPublisherDeployer} -  Event Publisher undeployed successfully : IsAnalytics-Publisher-wso2event-SessionData.xml 
TID: [-1234] [] [2017-12-06 20:32:52,808]  INFO {org.wso2.carbon.event.publisher.core.EventPublisherDeployer} -  Event Publisher deployment held back and in inactive state : IsAnalytics-Publisher-wso2event-SessionData.xml, waiting for Output Event Adapter dependency : wso2event 
TID: [-1234] [] [2017-12-06 20:32:52,818]  INFO {org.wso2.carbon.event.publisher.core.internal.CarbonEventPublisherService} -  Event publisher : IsAnalytics-Publisher-wso2event-SessionData  is in inactive state because dependency could not be found : wso2event 
TID: [-1234] [] [2017-12-06 20:32:52,823]  INFO {org.wso2.carbon.event.publisher.core.EventPublisherDeployer} -  Event Publisher undeployed successfully : IsAnalytics-Publisher-wso2event-AuthenticationData.xml 
TID: [-1234] [] [2017-12-06 20:32:52,902]  INFO {org.wso2.carbon.event.publisher.core.EventPublisherDeployer} -  Event Publisher deployment held back and in inactive state : IsAnalytics-Publisher-wso2event-AuthenticationData.xml, waiting for Output Event Adapter dependency : wso2event 
TID: [-1234] [] [2017-12-06 20:32:52,908]  INFO {org.wso2.carbon.event.publisher.core.internal.CarbonEventPublisherService} -  Event publisher : IsAnalytics-Publisher-wso2event-AuthenticationData  is in inactive state because dependency could not be found : wso2event 
TID: [-1234] [] [2017-12-06 20:32:52,909]  INFO {org.wso2.carbon.event.publisher.core.EventPublisherDeployer} -  Event Publisher undeployed successfully : IsAnalytics-Publisher-wso2event-UserData.xml 
TID: [-1234] [] [2017-12-06 20:32:52,949]  INFO {org.wso2.carbon.event.publisher.core.EventPublisherDeployer} -  Event Publisher deployment held back and in inactive state : IsAnalytics-Publisher-wso2event-UserData.xml, waiting for Output Event Adapter dependency : wso2event 
TID: [-1234] [] [2017-12-06 20:32:53,006]  INFO {org.wso2.carbon.event.publisher.core.internal.CarbonEventPublisherService} -  Event publisher : IsAnalytics-Publisher-wso2event-UserData  is in inactive state because dependency could not be found : wso2event 
TID: [-1234] [] [2017-12-06 20:32:53,025]  INFO {org.wso2.carbon.event.publisher.core.EventPublisherDeployer} -  Event Publisher undeployed successfully : IsAnalytics-Publisher-wso2event-OauthTokenIssueRefresh.xml 
TID: [-1234] [] [2017-12-06 20:32:53,101]  INFO {org.wso2.carbon.event.publisher.core.EventPublisherDeployer} -  Event Publisher deployment held back and in inactive state : IsAnalytics-Publisher-wso2event-OauthTokenIssueRefresh.xml, waiting for Output Event Adapter dependency : wso2event 
TID: [-1234] [] [2017-12-06 20:32:53,143]  INFO {org.wso2.carbon.event.publisher.core.internal.CarbonEventPublisherService} -  Event publisher : IsAnalytics-Publisher-wso2event-OauthTokenIssueRefresh  is in inactive state because dependency could not be found : wso2event 
TID: [-1234] [] [2017-12-06 20:32:53,193]  INFO {org.wso2.carbon.event.publisher.core.EventPublisherDeployer} -  Event Publisher undeployed successfully : IsAnalytics-Publisher-wso2event-OauthTokenValidation.xml 
TID: [-1234] [] [2017-12-06 20:32:53,244]  INFO {org.wso2.carbon.event.publisher.core.EventPublisherDeployer} -  Event Publisher deployment held back and in inactive state : IsAnalytics-Publisher-wso2event-OauthTokenValidation.xml, waiting for Output Event Adapter dependency : wso2event 
TID: [-1234] [] [2017-12-06 20:32:53,252]  INFO {org.wso2.carbon.event.publisher.core.internal.CarbonEventPublisherService} -  Event publisher : IsAnalytics-Publisher-wso2event-OauthTokenValidation  is in inactive state because dependency could not be found : wso2event 
TID: [-1234] [] [2017-12-06 20:32:53,268]  INFO {org.wso2.carbon.event.publisher.core.EventPublisherDeployer} -  Event Publisher undeployed successfully : IsAnalytics-Publisher-wso2event-OauthTokenRevocation.xml 
TID: [-1234] [] [2017-12-06 20:32:53,368]  INFO {org.wso2.carbon.event.publisher.core.EventPublisherDeployer} -  Event Publisher deployment held back and in inactive state : IsAnalytics-Publisher-wso2event-OauthTokenRevocation.xml, waiting for Output Event Adapter dependency : wso2event 
TID: [-1234] [] [2017-12-06 20:32:53,448]  INFO {org.wso2.carbon.event.publisher.core.internal.CarbonEventPublisherService} -  Event publisher : IsAnalytics-Publisher-wso2event-OauthTokenRevocation  is in inactive state because dependency could not be found : wso2event 
TID: [-1234] [] [2017-12-06 20:32:53,484]  INFO {org.wso2.carbon.event.publisher.core.EventPublisherDeployer} -  Event Publisher undeployed successfully : IsAnalytics-Publisher-wso2event-RoleData.xml 
TID: [-1234] [] [2017-12-06 20:32:53,646]  INFO {org.wso2.carbon.event.publisher.core.EventPublisherDeployer} -  Event Publisher deployment held back and in inactive state : IsAnalytics-Publisher-wso2event-RoleData.xml, waiting for Output Event Adapter dependency : wso2event 
TID: [-1234] [] [2017-12-06 20:32:53,662]  INFO {org.wso2.carbon.event.publisher.core.internal.CarbonEventPublisherService} -  Event publisher : IsAnalytics-Publisher-wso2event-RoleData  is in inactive state because dependency could not be found : wso2event 
TID: [-1234] [] [2017-12-06 20:32:54,189]  INFO {org.wso2.carbon.core.init.CarbonServerManager} -  Stopping CarbonServerManager... 
TID: [-1234] [] [2017-12-06 20:32:58,754]  INFO {org.wso2.carbon.tomcat.ext.internal.CarbonTomcatServiceComponent} -  Stopping the carbon web-app registered under : / 
TID: [-1234] [] [2017-12-06 20:32:59,185]  INFO {org.wso2.carbon.metrics.impl.reporter.AbstractReporter} -  Stopped JDBC reporter for Metrics 
TID: [-1234] [] [2017-12-06 20:32:59,198]  INFO {org.wso2.carbon.metrics.impl.reporter.AbstractReporter} -  Stopped JMX reporter for Metrics 
TID: [-1234] [] [2017-12-06 20:32:59,753]  INFO {org.wso2.carbon.attachment.mgt.server.internal.AttachmentServiceComponent} -  org.wso2.carbon.attachment.mgt.server.internal.AttachmentServiceComponent.deactivate 
TID: [-1234] [] [2017-12-06 20:33:12,815]  INFO {org.wso2.carbon.core.init.CarbonServerManager} -  Shutdown complete 
TID: [-1234] [] [2017-12-06 20:33:12,827]  INFO {org.wso2.carbon.core.init.CarbonServerManager} -  Halting JVM 
