2017-12-07 21:55:33,125 [-] [Start Level Event Dispatcher]  WARN ValidationResultPrinter The running OS : Windows 10 is not a tested Operating System for running WSO2 Carbon
2017-12-07 21:55:33,130 [-] [Start Level Event Dispatcher]  WARN ValidationResultPrinter Carbon is configured to use the default keystore (wso2carbon.jks). To maximize security when deploying to a production environment, configure a new keystore with a unique password in the production server profile.
2017-12-07 21:58:13,713 [-] [Timer-6]  WARN AppDeployerServiceComponent Waiting for required OSGi services: org.wso2.carbon.application.deployer.synapse.service.SynapseAppDeployerService,org.wso2.carbon.mediation.initializer.services.SynapseEnvironmentService,
2017-12-07 21:58:13,816 [-] [Timer-7]  WARN StartupFinalizerServiceComponent Waiting for required OSGi services: org.wso2.carbon.application.deployer.service.CappDeploymentService,org.wso2.carbon.server.admin.common.IServerAdmin,org.wso2.carbon.throttling.agent.ThrottlingAgent,
2017-12-07 21:58:14,989 [-] [Timer-5]  WARN KeyTemplateRetriever Failed retrieving throttling data from remote endpoint: Connection refused: connect. Retrying after 15 seconds...
2017-12-07 21:58:14,989 [-] [Timer-4]  WARN BlockingConditionRetriever Failed retrieving Blocking Conditions from remote endpoint: Connection refused: connect. Retrying after 15 seconds...
2017-12-07 21:58:32,089 [-] [Timer-4]  WARN BlockingConditionRetriever Failed retrieving Blocking Conditions from remote endpoint: Connection refused: connect. Retrying after 15 seconds...
2017-12-07 21:58:32,186 [-] [Timer-5]  WARN KeyTemplateRetriever Failed retrieving throttling data from remote endpoint: Connection refused: connect. Retrying after 15 seconds...
2017-12-07 21:58:49,098 [-] [Timer-4]  WARN BlockingConditionRetriever Failed retrieving Blocking Conditions from remote endpoint: Connection refused: connect. Retrying after 15 seconds...
2017-12-07 21:58:49,194 [-] [Timer-5]  WARN KeyTemplateRetriever Failed retrieving throttling data from remote endpoint: Connection refused: connect. Retrying after 15 seconds...
2017-12-07 21:59:06,150 [-] [Timer-4]  WARN BlockingConditionRetriever Failed retrieving Blocking Conditions from remote endpoint: Connection refused: connect. Retrying after 15 seconds...
2017-12-07 21:59:06,326 [-] [Timer-5]  WARN KeyTemplateRetriever Failed retrieving throttling data from remote endpoint: Connection refused: connect. Retrying after 15 seconds...
2017-12-07 21:59:13,713 [-] [Timer-6]  WARN AppDeployerServiceComponent Waiting for required OSGi services: org.wso2.carbon.application.deployer.synapse.service.SynapseAppDeployerService,org.wso2.carbon.mediation.initializer.services.SynapseEnvironmentService,
2017-12-07 21:59:13,815 [-] [Timer-7]  WARN StartupFinalizerServiceComponent Waiting for required OSGi services: org.wso2.carbon.application.deployer.service.CappDeploymentService,org.wso2.carbon.server.admin.common.IServerAdmin,org.wso2.carbon.throttling.agent.ThrottlingAgent,
2017-12-07 21:59:23,162 [-] [Timer-4]  WARN BlockingConditionRetriever Failed retrieving Blocking Conditions from remote endpoint: Connection refused: connect. Retrying after 15 seconds...
2017-12-07 21:59:23,335 [-] [Timer-5]  WARN KeyTemplateRetriever Failed retrieving throttling data from remote endpoint: Connection refused: connect. Retrying after 15 seconds...
2017-12-07 21:59:24,021 [-] [localhost-startStop-1]  WARN AndesConfigurationManager Error when trying to read property : transaction/maxWaitTimeout. Switching to default value : 30
2017-12-07 21:59:24,941 [-] [localhost-startStop-1]  WARN QpidServiceComponent MQTT Transport is disabled as per configuration.
2017-12-07 21:59:35,122 [-] [Thread-45]  WARN JMSListener Polling tasks on destination : throttleData of type topic for listener Siddhi-JMS-Consumer#throttleData have not yet started after 3 seconds ..
2017-12-07 21:59:36,952 [-] [JMSThreads3acb2bcf-eafc-48a5-b1b7-b82d9ed8c53f-1]  WARN JMSUtils Cannot locate destination : throttleData
2017-12-07 22:00:09,520 [-] [http-nio-9443-exec-8] ERROR WebAppManager org.mozilla.javascript.WrappedException: Wrapped java.lang.IllegalStateException: isNew: Session already invalidated (/publisher/jagg/jagg.jag#53)
org.jaggeryjs.scriptengine.exceptions.ScriptException: org.mozilla.javascript.WrappedException: Wrapped java.lang.IllegalStateException: isNew: Session already invalidated (/publisher/jagg/jagg.jag#53)
	at org.jaggeryjs.scriptengine.engine.RhinoEngine.execScript(RhinoEngine.java:571)
	at org.jaggeryjs.scriptengine.engine.RhinoEngine.exec(RhinoEngine.java:273)
	at org.jaggeryjs.jaggery.core.manager.WebAppManager.exec(WebAppManager.java:588)
	at org.jaggeryjs.jaggery.core.manager.WebAppManager.execute(WebAppManager.java:508)
	at org.jaggeryjs.jaggery.core.JaggeryServlet.doPost(JaggeryServlet.java:29)
	at javax.servlet.http.HttpServlet.service(HttpServlet.java:650)
	at javax.servlet.http.HttpServlet.service(HttpServlet.java:731)
	at org.apache.catalina.core.ApplicationFilterChain.internalDoFilter(ApplicationFilterChain.java:303)
	at org.apache.catalina.core.ApplicationFilterChain.doFilter(ApplicationFilterChain.java:208)
	at org.apache.catalina.core.ApplicationDispatcher.invoke(ApplicationDispatcher.java:747)
	at org.apache.catalina.core.ApplicationDispatcher.processRequest(ApplicationDispatcher.java:485)
	at org.apache.catalina.core.ApplicationDispatcher.doForward(ApplicationDispatcher.java:377)
	at org.apache.catalina.core.ApplicationDispatcher.forward(ApplicationDispatcher.java:337)
	at org.jaggeryjs.jaggery.core.JaggeryFilter.doFilter(JaggeryFilter.java:21)
	at org.apache.catalina.core.ApplicationFilterChain.internalDoFilter(ApplicationFilterChain.java:241)
	at org.apache.catalina.core.ApplicationFilterChain.doFilter(ApplicationFilterChain.java:208)
	at org.wso2.carbon.ui.filters.cache.ContentTypeBasedCachePreventionFilter.doFilter(ContentTypeBasedCachePreventionFilter.java:53)
	at org.apache.catalina.core.ApplicationFilterChain.internalDoFilter(ApplicationFilterChain.java:241)
	at org.apache.catalina.core.ApplicationFilterChain.doFilter(ApplicationFilterChain.java:208)
	at org.apache.catalina.filters.HttpHeaderSecurityFilter.doFilter(HttpHeaderSecurityFilter.java:120)
	at org.apache.catalina.core.ApplicationFilterChain.internalDoFilter(ApplicationFilterChain.java:241)
	at org.apache.catalina.core.ApplicationFilterChain.doFilter(ApplicationFilterChain.java:208)
	at org.apache.catalina.core.StandardWrapperValve.invoke(StandardWrapperValve.java:218)
	at org.apache.catalina.core.StandardContextValve.invoke(StandardContextValve.java:122)
	at org.apache.catalina.authenticator.AuthenticatorBase.invoke(AuthenticatorBase.java:505)
	at org.apache.catalina.core.StandardHostValve.invoke(StandardHostValve.java:169)
	at org.apache.catalina.valves.ErrorReportValve.invoke(ErrorReportValve.java:103)
	at org.wso2.carbon.tomcat.ext.valves.CompositeValve.continueInvocation(CompositeValve.java:99)
	at org.wso2.carbon.tomcat.ext.valves.CarbonTomcatValve$1.invoke(CarbonTomcatValve.java:47)
	at org.wso2.carbon.webapp.mgt.TenantLazyLoaderValve.invoke(TenantLazyLoaderValve.java:57)
	at org.wso2.carbon.event.receiver.core.internal.tenantmgt.TenantLazyLoaderValve.invoke(TenantLazyLoaderValve.java:48)
	at org.wso2.carbon.tomcat.ext.valves.TomcatValveContainer.invokeValves(TomcatValveContainer.java:47)
	at org.wso2.carbon.tomcat.ext.valves.CompositeValve.invoke(CompositeValve.java:62)
	at org.wso2.carbon.tomcat.ext.valves.CarbonStuckThreadDetectionValve.invoke(CarbonStuckThreadDetectionValve.java:159)
	at org.apache.catalina.valves.AccessLogValve.invoke(AccessLogValve.java:958)
	at org.wso2.carbon.tomcat.ext.valves.CarbonContextCreatorValve.invoke(CarbonContextCreatorValve.java:57)
	at org.apache.catalina.core.StandardEngineValve.invoke(StandardEngineValve.java:116)
	at org.apache.catalina.connector.CoyoteAdapter.service(CoyoteAdapter.java:452)
	at org.apache.coyote.http11.AbstractHttp11Processor.process(AbstractHttp11Processor.java:1087)
	at org.apache.coyote.AbstractProtocol$AbstractConnectionHandler.process(AbstractProtocol.java:637)
	at org.apache.tomcat.util.net.NioEndpoint$SocketProcessor.doRun(NioEndpoint.java:1756)
	at org.apache.tomcat.util.net.NioEndpoint$SocketProcessor.run(NioEndpoint.java:1715)
	at java.util.concurrent.ThreadPoolExecutor.runWorker(ThreadPoolExecutor.java:1142)
	at java.util.concurrent.ThreadPoolExecutor$Worker.run(ThreadPoolExecutor.java:617)
	at org.apache.tomcat.util.threads.TaskThread$WrappingRunnable.run(TaskThread.java:61)
	at java.lang.Thread.run(Thread.java:748)
Caused by: org.mozilla.javascript.WrappedException: Wrapped java.lang.IllegalStateException: isNew: Session already invalidated (/publisher/jagg/jagg.jag#53)
	at org.mozilla.javascript.Context.throwAsScriptRuntimeEx(Context.java:1754)
	at org.mozilla.javascript.MemberBox.invoke(MemberBox.java:148)
	at org.mozilla.javascript.FunctionObject.call(FunctionObject.java:386)
	at org.mozilla.javascript.optimizer.OptRuntime.callProp0(OptRuntime.java:85)
	at org.jaggeryjs.rhino.publisher.jagg.c0._c_anonymous_8(/publisher/jagg/jagg.jag:53)
	at org.jaggeryjs.rhino.publisher.jagg.c0.call(/publisher/jagg/jagg.jag)
	at org.mozilla.javascript.optimizer.OptRuntime.call1(OptRuntime.java:32)
	at org.jaggeryjs.rhino.publisher.modules.user.c1._c_anonymous_1(/publisher/modules/user/login.jag:39)
	at org.jaggeryjs.rhino.publisher.modules.user.c1.call(/publisher/modules/user/login.jag)
	at org.mozilla.javascript.ScriptRuntime.applyOrCall(ScriptRuntime.java:2430)
	at org.mozilla.javascript.BaseFunction.execIdCall(BaseFunction.java:269)
	at org.mozilla.javascript.IdFunctionObject.call(IdFunctionObject.java:97)
	at org.mozilla.javascript.optimizer.OptRuntime.call2(OptRuntime.java:42)
	at org.jaggeryjs.rhino.publisher.modules.user.c0._c_anonymous_1(/publisher/modules/user/module.jag:5)
	at org.jaggeryjs.rhino.publisher.modules.user.c0.call(/publisher/modules/user/module.jag)
	at org.mozilla.javascript.optimizer.OptRuntime.callN(OptRuntime.java:52)
	at org.jaggeryjs.rhino.publisher.site.blocks.user.login.ajax.c0._c_anonymous_1(/publisher/site/blocks/user/login/ajax/login.jag:26)
	at org.jaggeryjs.rhino.publisher.site.blocks.user.login.ajax.c0.call(/publisher/site/blocks/user/login/ajax/login.jag)
	at org.mozilla.javascript.optimizer.OptRuntime.call0(OptRuntime.java:23)
	at org.jaggeryjs.rhino.publisher.site.blocks.user.login.ajax.c0._c_script_0(/publisher/site/blocks/user/login/ajax/login.jag:5)
	at org.jaggeryjs.rhino.publisher.site.blocks.user.login.ajax.c0.call(/publisher/site/blocks/user/login/ajax/login.jag)
	at org.mozilla.javascript.ContextFactory.doTopCall(ContextFactory.java:394)
	at org.mozilla.javascript.ScriptRuntime.doTopCall(ScriptRuntime.java:3091)
	at org.jaggeryjs.rhino.publisher.site.blocks.user.login.ajax.c0.call(/publisher/site/blocks/user/login/ajax/login.jag)
	at org.jaggeryjs.rhino.publisher.site.blocks.user.login.ajax.c0.exec(/publisher/site/blocks/user/login/ajax/login.jag)
	at org.jaggeryjs.scriptengine.engine.RhinoEngine.execScript(RhinoEngine.java:567)
	... 45 more
Caused by: java.lang.IllegalStateException: isNew: Session already invalidated
	at org.apache.catalina.session.StandardSession.isNew(StandardSession.java:1283)
	at org.apache.catalina.session.StandardSessionFacade.isNew(StandardSessionFacade.java:189)
	at org.jaggeryjs.hostobjects.web.SessionHostObject.jsFunction_isNew(SessionHostObject.java:110)
	at sun.reflect.NativeMethodAccessorImpl.invoke0(Native Method)
	at sun.reflect.NativeMethodAccessorImpl.invoke(NativeMethodAccessorImpl.java:62)
	at sun.reflect.DelegatingMethodAccessorImpl.invoke(DelegatingMethodAccessorImpl.java:43)
	at java.lang.reflect.Method.invoke(Method.java:498)
	at org.mozilla.javascript.MemberBox.invoke(MemberBox.java:126)
	... 69 more
2017-12-07 22:04:23,437 [-] [Start Level Event Dispatcher]  WARN ValidationResultPrinter The running OS : Windows 10 is not a tested Operating System for running WSO2 Carbon
2017-12-07 22:04:23,443 [-] [Start Level Event Dispatcher]  WARN ValidationResultPrinter Carbon is configured to use the default keystore (wso2carbon.jks). To maximize security when deploying to a production environment, configure a new keystore with a unique password in the production server profile.
2017-12-07 22:06:37,945 [-] [Timer-6]  WARN AppDeployerServiceComponent Waiting for required OSGi services: org.wso2.carbon.application.deployer.synapse.service.SynapseAppDeployerService,org.wso2.carbon.mediation.initializer.services.SynapseEnvironmentService,
2017-12-07 22:06:38,003 [-] [Timer-7]  WARN StartupFinalizerServiceComponent Waiting for required OSGi services: org.wso2.carbon.application.deployer.service.CappDeploymentService,org.wso2.carbon.server.admin.common.IServerAdmin,org.wso2.carbon.throttling.agent.ThrottlingAgent,
2017-12-07 22:06:39,727 [-] [Timer-4]  WARN BlockingConditionRetriever Failed retrieving Blocking Conditions from remote endpoint: Connection refused: connect. Retrying after 15 seconds...
2017-12-07 22:06:39,727 [-] [Timer-5]  WARN KeyTemplateRetriever Failed retrieving throttling data from remote endpoint: Connection refused: connect. Retrying after 15 seconds...
2017-12-07 22:06:55,177 [-] [localhost-startStop-1]  WARN AndesConfigurationManager Error when trying to read property : transaction/maxWaitTimeout. Switching to default value : 30
2017-12-07 22:06:55,600 [-] [localhost-startStop-1]  WARN AndesRecoveryTask Recovering node. Adding queue [DeadLetterChannel] OW=admin/X=false/Dtrue/LPT0
2017-12-07 22:06:55,952 [-] [localhost-startStop-1]  WARN QpidServiceComponent MQTT Transport is disabled as per configuration.
2017-12-07 22:06:56,735 [-] [Timer-4]  WARN BlockingConditionRetriever Failed retrieving Blocking Conditions from remote endpoint: Connection refused: connect. Retrying after 15 seconds...
2017-12-07 22:06:56,740 [-] [Timer-5]  WARN KeyTemplateRetriever Failed retrieving throttling data from remote endpoint: Connection refused: connect. Retrying after 15 seconds...
2017-12-07 22:07:04,748 [-] [Thread-40]  WARN JMSListener Polling tasks on destination : throttleData of type topic for listener Siddhi-JMS-Consumer#throttleData have not yet started after 3 seconds ..
2017-12-07 22:07:06,593 [-] [JMSThreads81a98ee2-563e-4bff-b75f-26dcace5e570-1]  WARN JMSUtils Cannot locate destination : throttleData
2017-12-07 22:21:55,267 [-] [Start Level Event Dispatcher]  WARN ValidationResultPrinter The running OS : Windows 10 is not a tested Operating System for running WSO2 Carbon
2017-12-07 22:21:55,270 [-] [Start Level Event Dispatcher]  WARN ValidationResultPrinter Carbon is configured to use the default keystore (wso2carbon.jks). To maximize security when deploying to a production environment, configure a new keystore with a unique password in the production server profile.
2017-12-07 22:24:21,285 [-] [Timer-6]  WARN AppDeployerServiceComponent Waiting for required OSGi services: org.wso2.carbon.application.deployer.synapse.service.SynapseAppDeployerService,org.wso2.carbon.mediation.initializer.services.SynapseEnvironmentService,
2017-12-07 22:24:21,328 [-] [Timer-7]  WARN StartupFinalizerServiceComponent Waiting for required OSGi services: org.wso2.carbon.application.deployer.service.CappDeploymentService,org.wso2.carbon.server.admin.common.IServerAdmin,org.wso2.carbon.throttling.agent.ThrottlingAgent,
2017-12-07 22:24:22,837 [-] [Timer-5]  WARN KeyTemplateRetriever Failed retrieving throttling data from remote endpoint: Connection refused: connect. Retrying after 15 seconds...
2017-12-07 22:24:22,845 [-] [Timer-4]  WARN BlockingConditionRetriever Failed retrieving Blocking Conditions from remote endpoint: Connection refused: connect. Retrying after 15 seconds...
2017-12-07 22:24:39,844 [-] [Timer-5]  WARN KeyTemplateRetriever Failed retrieving throttling data from remote endpoint: Connection refused: connect. Retrying after 15 seconds...
2017-12-07 22:24:39,851 [-] [Timer-4]  WARN BlockingConditionRetriever Failed retrieving Blocking Conditions from remote endpoint: Connection refused: connect. Retrying after 15 seconds...
2017-12-07 22:24:55,482 [-] [localhost-startStop-1]  WARN AndesConfigurationManager Error when trying to read property : transaction/maxWaitTimeout. Switching to default value : 30
2017-12-07 22:24:55,815 [-] [localhost-startStop-1]  WARN AndesRecoveryTask Recovering node. Adding queue [DeadLetterChannel] OW=admin/X=false/Dtrue/LPT0
2017-12-07 22:24:56,029 [-] [localhost-startStop-1]  WARN QpidServiceComponent MQTT Transport is disabled as per configuration.
2017-12-07 22:24:56,853 [-] [Timer-5]  WARN KeyTemplateRetriever Failed retrieving throttling data from remote endpoint: Connection refused: connect. Retrying after 15 seconds...
2017-12-07 22:24:56,862 [-] [Timer-4]  WARN BlockingConditionRetriever Failed retrieving Blocking Conditions from remote endpoint: Connection refused: connect. Retrying after 15 seconds...
2017-12-07 22:25:04,786 [-] [Thread-41]  WARN JMSListener Polling tasks on destination : throttleData of type topic for listener Siddhi-JMS-Consumer#throttleData have not yet started after 3 seconds ..
2017-12-07 22:25:06,416 [-] [JMSThreadsfbce95cb-820c-47de-bd86-f3827a96d268-1]  WARN JMSUtils Cannot locate destination : throttleData
2017-12-07 22:30:28,923 [-] [Start Level Event Dispatcher]  WARN ValidationResultPrinter The running OS : Windows 10 is not a tested Operating System for running WSO2 Carbon
2017-12-07 22:30:28,927 [-] [Start Level Event Dispatcher]  WARN ValidationResultPrinter Carbon is configured to use the default keystore (wso2carbon.jks). To maximize security when deploying to a production environment, configure a new keystore with a unique password in the production server profile.
2017-12-07 22:32:47,804 [-] [Timer-6]  WARN AppDeployerServiceComponent Waiting for required OSGi services: org.wso2.carbon.application.deployer.synapse.service.SynapseAppDeployerService,org.wso2.carbon.mediation.initializer.services.SynapseEnvironmentService,
2017-12-07 22:32:47,900 [-] [Timer-7]  WARN StartupFinalizerServiceComponent Waiting for required OSGi services: org.wso2.carbon.application.deployer.service.CappDeploymentService,org.wso2.carbon.server.admin.common.IServerAdmin,org.wso2.carbon.throttling.agent.ThrottlingAgent,
2017-12-07 22:32:49,563 [-] [Timer-5]  WARN KeyTemplateRetriever Failed retrieving throttling data from remote endpoint: Connection refused: connect. Retrying after 15 seconds...
2017-12-07 22:32:49,579 [-] [Timer-4]  WARN BlockingConditionRetriever Failed retrieving Blocking Conditions from remote endpoint: Connection refused: connect. Retrying after 15 seconds...
2017-12-07 22:32:58,137 [-] [localhost-startStop-1]  WARN AndesConfigurationManager Error when trying to read property : transaction/maxWaitTimeout. Switching to default value : 30
2017-12-07 22:32:58,406 [-] [localhost-startStop-1]  WARN AndesRecoveryTask Recovering node. Adding queue [DeadLetterChannel] OW=admin/X=false/Dtrue/LPT0
2017-12-07 22:32:58,667 [-] [localhost-startStop-1]  WARN QpidServiceComponent MQTT Transport is disabled as per configuration.
2017-12-07 22:33:07,322 [-] [Thread-40]  WARN JMSListener Polling tasks on destination : throttleData of type topic for listener Siddhi-JMS-Consumer#throttleData have not yet started after 3 seconds ..
2017-12-07 22:33:08,959 [-] [JMSThreads90318890-37a5-4262-b440-899d78ff038a-1]  WARN JMSUtils Cannot locate destination : throttleData
2017-12-07 22:41:07,986 [-] [Start Level Event Dispatcher]  WARN ValidationResultPrinter The running OS : Windows 10 is not a tested Operating System for running WSO2 Carbon
2017-12-07 22:41:07,994 [-] [Start Level Event Dispatcher]  WARN ValidationResultPrinter Carbon is configured to use the default keystore (wso2carbon.jks). To maximize security when deploying to a production environment, configure a new keystore with a unique password in the production server profile.
2017-12-07 22:43:11,909 [-] [Timer-6]  WARN AppDeployerServiceComponent Waiting for required OSGi services: org.wso2.carbon.application.deployer.synapse.service.SynapseAppDeployerService,org.wso2.carbon.mediation.initializer.services.SynapseEnvironmentService,
2017-12-07 22:43:12,000 [-] [Timer-7]  WARN StartupFinalizerServiceComponent Waiting for required OSGi services: org.wso2.carbon.application.deployer.service.CappDeploymentService,org.wso2.carbon.server.admin.common.IServerAdmin,org.wso2.carbon.throttling.agent.ThrottlingAgent,
2017-12-07 22:43:13,581 [-] [Timer-5]  WARN KeyTemplateRetriever Failed retrieving throttling data from remote endpoint: Connection refused: connect. Retrying after 15 seconds...
2017-12-07 22:43:13,584 [-] [Timer-4]  WARN BlockingConditionRetriever Failed retrieving Blocking Conditions from remote endpoint: Connection refused: connect. Retrying after 15 seconds...
2017-12-07 22:43:30,595 [-] [Timer-4]  WARN BlockingConditionRetriever Failed retrieving Blocking Conditions from remote endpoint: Connection refused: connect. Retrying after 15 seconds...
2017-12-07 22:43:30,597 [-] [Timer-5]  WARN KeyTemplateRetriever Failed retrieving throttling data from remote endpoint: Connection refused: connect. Retrying after 15 seconds...
2017-12-07 22:43:40,170 [-] [localhost-startStop-1]  WARN AndesConfigurationManager Error when trying to read property : transaction/maxWaitTimeout. Switching to default value : 30
2017-12-07 22:43:40,334 [-] [localhost-startStop-1]  WARN AndesRecoveryTask Recovering node. Adding queue [DeadLetterChannel] OW=admin/X=false/Dtrue/LPT0
2017-12-07 22:43:40,550 [-] [localhost-startStop-1]  WARN QpidServiceComponent MQTT Transport is disabled as per configuration.
2017-12-07 22:43:49,084 [-] [Thread-40]  WARN JMSListener Polling tasks on destination : throttleData of type topic for listener Siddhi-JMS-Consumer#throttleData have not yet started after 3 seconds ..
2017-12-07 22:43:50,816 [-] [JMSThreads90d39ded-34be-4789-80f3-5f3c3be546aa-1]  WARN JMSUtils Cannot locate destination : throttleData
2017-12-07 23:06:11,012 [-] [Start Level Event Dispatcher]  WARN ValidationResultPrinter The running OS : Windows 10 is not a tested Operating System for running WSO2 Carbon
2017-12-07 23:06:11,027 [-] [Start Level Event Dispatcher]  WARN ValidationResultPrinter Carbon is configured to use the default keystore (wso2carbon.jks). To maximize security when deploying to a production environment, configure a new keystore with a unique password in the production server profile.
2017-12-07 23:08:21,206 [-] [Timer-4]  WARN BlockingConditionRetriever Failed retrieving Blocking Conditions from remote endpoint: Connection refused: connect. Retrying after 15 seconds...
2017-12-07 23:08:21,201 [-] [Timer-5]  WARN KeyTemplateRetriever Failed retrieving throttling data from remote endpoint: Connection refused: connect. Retrying after 15 seconds...
2017-12-07 23:08:19,445 [-] [Timer-7]  WARN StartupFinalizerServiceComponent Waiting for required OSGi services: org.wso2.carbon.application.deployer.service.CappDeploymentService,org.wso2.carbon.server.admin.common.IServerAdmin,org.wso2.carbon.throttling.agent.ThrottlingAgent,
2017-12-07 23:08:19,415 [-] [Timer-6]  WARN AppDeployerServiceComponent Waiting for required OSGi services: org.wso2.carbon.application.deployer.synapse.service.SynapseAppDeployerService,org.wso2.carbon.mediation.initializer.services.SynapseEnvironmentService,
2017-12-07 23:09:13,589 [-] [Timer-4]  WARN BlockingConditionRetriever Failed retrieving Blocking Conditions from remote endpoint: Connection refused: connect. Retrying after 15 seconds...
2017-12-07 23:09:13,598 [-] [Timer-5]  WARN KeyTemplateRetriever Failed retrieving throttling data from remote endpoint: Connection refused: connect. Retrying after 15 seconds...
2017-12-07 23:09:19,416 [-] [Timer-6]  WARN AppDeployerServiceComponent Waiting for required OSGi services: org.wso2.carbon.application.deployer.synapse.service.SynapseAppDeployerService,org.wso2.carbon.mediation.initializer.services.SynapseEnvironmentService,
2017-12-07 23:09:19,446 [-] [Timer-7]  WARN StartupFinalizerServiceComponent Waiting for required OSGi services: org.wso2.carbon.application.deployer.service.CappDeploymentService,org.wso2.carbon.server.admin.common.IServerAdmin,org.wso2.carbon.throttling.agent.ThrottlingAgent,
2017-12-07 23:09:30,608 [-] [Timer-5]  WARN KeyTemplateRetriever Failed retrieving throttling data from remote endpoint: Connection refused: connect. Retrying after 15 seconds...
2017-12-07 23:09:30,620 [-] [Timer-4]  WARN BlockingConditionRetriever Failed retrieving Blocking Conditions from remote endpoint: Connection refused: connect. Retrying after 15 seconds...
2017-12-07 23:09:47,623 [-] [Timer-5]  WARN KeyTemplateRetriever Failed retrieving throttling data from remote endpoint: Connection refused: connect. Retrying after 15 seconds...
2017-12-07 23:09:47,740 [-] [Timer-4]  WARN BlockingConditionRetriever Failed retrieving Blocking Conditions from remote endpoint: Connection refused: connect. Retrying after 15 seconds...
2017-12-07 23:09:54,502 [-] [localhost-startStop-1]  WARN AndesConfigurationManager Error when trying to read property : transaction/maxWaitTimeout. Switching to default value : 30
2017-12-07 23:09:54,671 [-] [localhost-startStop-1]  WARN AndesRecoveryTask Recovering node. Adding queue [DeadLetterChannel] OW=admin/X=false/Dtrue/LPT0
2017-12-07 23:09:54,889 [-] [localhost-startStop-1]  WARN QpidServiceComponent MQTT Transport is disabled as per configuration.
2017-12-07 23:10:03,150 [-] [Thread-42]  WARN JMSListener Polling tasks on destination : throttleData of type topic for listener Siddhi-JMS-Consumer#throttleData have not yet started after 3 seconds ..
2017-12-07 23:10:04,763 [-] [JMSThreads44428280-ff1c-4bec-b829-ffb4024efa93-1]  WARN JMSUtils Cannot locate destination : throttleData
2017-12-07 23:17:40,160 [-] [CacheExpirySchedulerThread-71] ERROR DataHolder Before activating javax caching  bundle, an instance of ServerConfigurationService should be in existence
2017-12-07 23:18:37,283 [-] [Start Level Event Dispatcher]  WARN ValidationResultPrinter The running OS : Windows 10 is not a tested Operating System for running WSO2 Carbon
2017-12-07 23:18:37,287 [-] [Start Level Event Dispatcher]  WARN ValidationResultPrinter Carbon is configured to use the default keystore (wso2carbon.jks). To maximize security when deploying to a production environment, configure a new keystore with a unique password in the production server profile.
2017-12-07 23:20:46,253 [-] [Timer-6]  WARN AppDeployerServiceComponent Waiting for required OSGi services: org.wso2.carbon.application.deployer.synapse.service.SynapseAppDeployerService,org.wso2.carbon.mediation.initializer.services.SynapseEnvironmentService,
2017-12-07 23:20:46,320 [-] [Timer-7]  WARN StartupFinalizerServiceComponent Waiting for required OSGi services: org.wso2.carbon.application.deployer.service.CappDeploymentService,org.wso2.carbon.server.admin.common.IServerAdmin,org.wso2.carbon.throttling.agent.ThrottlingAgent,
2017-12-07 23:20:48,029 [-] [Timer-4]  WARN BlockingConditionRetriever Failed retrieving Blocking Conditions from remote endpoint: Connection refused: connect. Retrying after 15 seconds...
2017-12-07 23:20:48,030 [-] [Timer-5]  WARN KeyTemplateRetriever Failed retrieving throttling data from remote endpoint: Connection refused: connect. Retrying after 15 seconds...
2017-12-07 23:21:05,041 [-] [Timer-4]  WARN BlockingConditionRetriever Failed retrieving Blocking Conditions from remote endpoint: Connection refused: connect. Retrying after 15 seconds...
2017-12-07 23:21:05,047 [-] [Timer-5]  WARN KeyTemplateRetriever Failed retrieving throttling data from remote endpoint: Connection refused: connect. Retrying after 15 seconds...
2017-12-07 23:21:22,048 [-] [Timer-4]  WARN BlockingConditionRetriever Failed retrieving Blocking Conditions from remote endpoint: Connection refused: connect. Retrying after 15 seconds...
2017-12-07 23:21:22,052 [-] [Timer-5]  WARN KeyTemplateRetriever Failed retrieving throttling data from remote endpoint: Connection refused: connect. Retrying after 15 seconds...
2017-12-07 23:21:22,775 [-] [localhost-startStop-1]  WARN AndesConfigurationManager Error when trying to read property : transaction/maxWaitTimeout. Switching to default value : 30
2017-12-07 23:21:23,097 [-] [localhost-startStop-1]  WARN AndesRecoveryTask Recovering node. Adding queue [DeadLetterChannel] OW=admin/X=false/Dtrue/LPT0
2017-12-07 23:21:23,360 [-] [localhost-startStop-1]  WARN QpidServiceComponent MQTT Transport is disabled as per configuration.
2017-12-07 23:21:32,325 [-] [Thread-40]  WARN JMSListener Polling tasks on destination : throttleData of type topic for listener Siddhi-JMS-Consumer#throttleData have not yet started after 3 seconds ..
2017-12-07 23:21:34,100 [-] [JMSThreads34a96495-8d26-48f5-abb7-7d28cb49067d-1]  WARN JMSUtils Cannot locate destination : throttleData
